Setting output directory /Users/prerana/Desktop/morpheus/run_3_Carpenter2024_clean_20250426_021835
Initializing from file model.xml
AutoFix: Moved 1 element(s)  matching /MorpheusModel/CellTypes/CellType/System/DiffEqn/Expression to /MorpheusModel/CellTypes/CellType/System/DiffEqn/Reaction
Applied 1 patches to update MorpheusML version to internal v5!
Time/RandomSeed not specified, using arbitray seed (based on time).
Intitalize Thread 0 with seed 1769524428
Intitalize Thread Intitalize Thread Intitalize Thread 6 with seed 5 with seed 2411819243
Intitalize Thread Intitalize Thread 4 with seed 3182876125
8 with seed 35140960913 with seed 1978512253
3432544016

Intitalize Thread Intitalize Thread 1 with seed 7 with seed 605799390
Intitalize Thread 1540027270
Intitalize Thread 29 with seed 1429923392
 with seed 3561230530
Registering Symbol time of linktype TimeLink in Scope root
Intitalize Thread 8 with seed 4226128334
Intitalize Thread Intitalize Thread 3 with seed 4 with seed 4068791613
1386903166
Intitalize Thread 1 with seed 2256526400
Intitalize Thread Intitalize Thread 5 with seed 3850189868
Intitalize Thread 2 with seed 256824811
7 with seed 2342964264
Intitalize Thread 9 with seed 2111863253
Intitalize Thread 6 with seed 1320940964
Intitalize Thread 0 with seed 123
Registering Symbol space of linktype LocationLink in Scope root
Registering Symbol space.x of linktype VectorComponentLink in Scope root
Registering Symbol space.y of linktype VectorComponentLink in Scope root
Registering Symbol space.z of linktype VectorComponentLink in Scope root
Registering Symbol space.phi of linktype VectorComponentLink in Scope root
Registering Symbol space.theta of linktype VectorComponentLink in Scope root
Registering Symbol space.abs of linktype VectorComponentLink in Scope root
Creating lattice
getXMLAttribute: seeking for Lattice->class: square
getXMLAttribute: seeking for Size->value: 300, 300, 0
getXMLAttribute: seeking for Size->symbol: size
Loading [4] Global Plugins
getXMLAttribute: seeking for Variable->name: Total cell count
getXMLAttribute: seeking for Variable->symbol: total_cells
getXMLAttribute: seeking for Variable->value: 0
getXMLAttribute: seeking for Variable->notation .. not found
Registering Symbol total_cells of linktype VariableLink in Scope root
getXMLAttribute: seeking for Variable->name: Average local density
getXMLAttribute: seeking for Variable->symbol: avg_density
getXMLAttribute: seeking for Variable->value: 0
getXMLAttribute: seeking for Variable->notation .. not found
Registering Symbol avg_density of linktype VariableLink in Scope root
getXMLAttribute: seeking for Constant->name: Density threshold for contact inhibition
getXMLAttribute: seeking for Constant->symbol: proliferation_threshold
getXMLAttribute: seeking for Constant->value: 4.0
getXMLAttribute: seeking for Constant->notation .. not found
Registering Symbol proliferation_threshold of linktype ConstantLink in Scope root
getXMLAttribute: seeking for Constant->name: Cell cycle duration
getXMLAttribute: seeking for Constant->symbol: division_time
getXMLAttribute: seeking for Constant->value: 48
getXMLAttribute: seeking for Constant->notation .. not found
Registering Symbol division_time of linktype ConstantLink in Scope root
Creating subscope CellType[cancer_cell] in scope root
Registering Symbol cell.type of linktype PrimitiveConstant in Scope CellType[cancer_cell]
Registering Symbol cell.type of linktype CompositeLink in Scope root
Registering Symbol cell.id of linktype CellIDLink in Scope CellType[cancer_cell]
Registering Symbol cell.id of linktype CompositeLink in Scope root
Registering Symbol cell.center of linktype CellCenterLink in Scope CellType[cancer_cell]
Registering Symbol cell.center of linktype CompositeLink in Scope root
Registering Symbol cell.center.x of linktype VectorComponentLink in Scope root
Registering Symbol cell.center.y of linktype VectorComponentLink in Scope root
Registering Symbol cell.center.z of linktype VectorComponentLink in Scope root
Registering Symbol cell.center.phi of linktype VectorComponentLink in Scope root
Registering Symbol cell.center.theta of linktype VectorComponentLink in Scope root
Registering Symbol cell.center.abs of linktype VectorComponentLink in Scope root
Registering Symbol cell.center.x of linktype VectorComponentLink in Scope CellType[cancer_cell]
Registering Symbol cell.center.y of linktype VectorComponentLink in Scope CellType[cancer_cell]
Registering Symbol cell.center.z of linktype VectorComponentLink in Scope CellType[cancer_cell]
Registering Symbol cell.center.phi of linktype VectorComponentLink in Scope CellType[cancer_cell]
Registering Symbol cell.center.theta of linktype VectorComponentLink in Scope CellType[cancer_cell]
Registering Symbol cell.center.abs of linktype VectorComponentLink in Scope CellType[cancer_cell]
Registering Symbol cell.volume of linktype CellVolumeLink in Scope CellType[cancer_cell]
Registering Symbol cell.volume of linktype CompositeLink in Scope root
Registering Symbol cell.length of linktype CellLengthLink in Scope CellType[cancer_cell]
Registering Symbol cell.length of linktype CompositeLink in Scope root
Registering Symbol cell.surface of linktype CellInterfaceLengthLink in Scope CellType[cancer_cell]
Registering Symbol cell.surface of linktype CompositeLink in Scope root
Registering Symbol cell.orientation of linktype CellOrientationLink in Scope CellType[cancer_cell]
Registering Symbol cell.orientation of linktype CompositeLink in Scope root
Registering Symbol cell.orientation.x of linktype VectorComponentLink in Scope root
Registering Symbol cell.orientation.y of linktype VectorComponentLink in Scope root
Registering Symbol cell.orientation.z of linktype VectorComponentLink in Scope root
Registering Symbol cell.orientation.phi of linktype VectorComponentLink in Scope root
Registering Symbol cell.orientation.theta of linktype VectorComponentLink in Scope root
Registering Symbol cell.orientation.abs of linktype VectorComponentLink in Scope root
Registering Symbol cell.orientation.x of linktype VectorComponentLink in Scope CellType[cancer_cell]
Registering Symbol cell.orientation.y of linktype VectorComponentLink in Scope CellType[cancer_cell]
Registering Symbol cell.orientation.z of linktype VectorComponentLink in Scope CellType[cancer_cell]
Registering Symbol cell.orientation.phi of linktype VectorComponentLink in Scope CellType[cancer_cell]
Registering Symbol cell.orientation.theta of linktype VectorComponentLink in Scope CellType[cancer_cell]
Registering Symbol cell.orientation.abs of linktype VectorComponentLink in Scope CellType[cancer_cell]
Registering Symbol celltype.cancer_cell.id of linktype PrimitiveConstant in Scope root
Registering Symbol celltype.cancer_cell.size of linktype CellPopulationSizeLink in Scope root
Creating subscope CellType[medium] in scope root
Registering Symbol cell.type of linktype PrimitiveConstant in Scope CellType[medium]
Registering Symbol cell.id of linktype CellIDLink in Scope CellType[medium]
Registering Symbol cell.center of linktype CellCenterLink in Scope CellType[medium]
Registering Symbol cell.center.x of linktype VectorComponentLink in Scope CellType[medium]
Registering Symbol cell.center.y of linktype VectorComponentLink in Scope CellType[medium]
Registering Symbol cell.center.z of linktype VectorComponentLink in Scope CellType[medium]
Registering Symbol cell.center.phi of linktype VectorComponentLink in Scope CellType[medium]
Registering Symbol cell.center.theta of linktype VectorComponentLink in Scope CellType[medium]
Registering Symbol cell.center.abs of linktype VectorComponentLink in Scope CellType[medium]
Registering Symbol cell.volume of linktype CellVolumeLink in Scope CellType[medium]
Registering Symbol celltype.medium.id of linktype PrimitiveConstant in Scope root
Registering Symbol celltype.medium.size of linktype CellPopulationSizeLink in Scope root
getXMLAttribute: seeking for VolumeConstraint->target: 200
getXMLAttribute: seeking for VolumeConstraint->strength: 1.0
getXMLAttribute: seeking for SurfaceConstraint->target: 1.0
getXMLAttribute: seeking for SurfaceConstraint->strength: 0.5
getXMLAttribute: seeking for SurfaceConstraint->mode: aspherity
getXMLAttribute: seeking for SurfaceConstraint->exponent .. not found
getXMLAttribute: seeking for Property->name: Number of neighboring cells
getXMLAttribute: seeking for Property->symbol: local_density
getXMLAttribute: seeking for Property->value: 0.0
getXMLAttribute: seeking for Property->notation .. not found
Registering Symbol local_density of linktype CellPropertyLink in Scope CellType[cancer_cell]
Registering Symbol local_density of linktype CompositeLink in Scope root
getXMLAttribute: seeking for Input->scaling: cell
getXMLAttribute: seeking for Input->value: cell.type == celltype.cancer_cell.id
getXMLAttribute: seeking for Input->noflux-cell-medium .. not found
getXMLAttribute: seeking for Output[0]->mapping: sum
getXMLAttribute: seeking for Output[0]->symbol-ref: local_density
getXMLAttribute: seeking for Property->name: Division permission (1=yes, 0=no)
getXMLAttribute: seeking for Property->symbol: can_divide
getXMLAttribute: seeking for Property->value: 1.0
getXMLAttribute: seeking for Property->notation .. not found
Registering Symbol can_divide of linktype CellPropertyLink in Scope CellType[cancer_cell]
Registering Symbol can_divide of linktype CompositeLink in Scope root
getXMLAttribute: seeking for System->time-step: 1.0
Creating subscope System in scope CellType[cancer_cell]
getXMLAttribute: seeking for System->solver: Euler [fixed, O(1)]
getXMLAttribute: seeking for System->solver-eps .. not found
getXMLAttribute: seeking for Rule->symbol-ref: can_divide
getXMLAttribute: seeking for Expression->text: if(local_density < proliferation_threshold, 1.0, 0.0)
getXMLAttribute: seeking for Property->name .. not found
getXMLAttribute: seeking for Property->symbol: cell_age
getXMLAttribute: seeking for Property->value: 0.0
getXMLAttribute: seeking for Property->notation .. not found
Registering Symbol cell_age of linktype CellPropertyLink in Scope CellType[cancer_cell]
Registering Symbol cell_age of linktype CompositeLink in Scope root
getXMLAttribute: seeking for System->time-step: 1.0
Creating subscope System in scope CellType[cancer_cell]
getXMLAttribute: seeking for System->solver: Euler [fixed, O(1)]
getXMLAttribute: seeking for System->solver-eps .. not found
getXMLAttribute: seeking for DiffEqn->symbol-ref: cell_age
getXMLAttribute: seeking for Reaction->text: 1.0
getXMLAttribute: seeking for Advection->text .. not found
getXMLAttribute: seeking for Diffusion->text .. not found
getXMLAttribute: seeking for Diffusion->well-mixed .. not found
getXMLAttribute: seeking for Condition->text: cell_age > division_time and can_divide > 0.5 and time > 10
getXMLAttribute: seeking for CellDivision->division-plane: random
getXMLAttribute: seeking for CellDivision->orientation .. not found
getXMLAttribute: seeking for CellDivision->write-log .. not found
getXMLAttribute: seeking for CellDivision->trigger .. not found
getXMLAttribute: seeking for Event->delay .. not found
getXMLAttribute: seeking for Event->compute-time .. not found
getXMLAttribute: seeking for Event->trigger: when-true
getXMLAttribute: seeking for Condition->history .. not found
getXMLAttribute: seeking for Event->persistent .. not found
getXMLAttribute: seeking for Event->time-step: 1.0
Scope: Creating Accessor for symbol 'time' from Scope root
Creating subscope System in scope CellType[cancer_cell]
getXMLAttribute: seeking for Rule->symbol-ref: cell_age
getXMLAttribute: seeking for Expression->text: 0.0
CellTypes defined: 'cancer_cell' 'medium' 
getXMLAttribute: seeking for MonteCarloSampler/MCSDuration->value: 1
getXMLAttribute: seeking for MonteCarloSampler->stepper: edgelist
getXMLAttribute: seeking for MonteCarloSampler/MetropolisKinetics->temperature: 5
getXMLAttribute: seeking for MonteCarloSampler/MetropolisKinetics->yield .. not found
getXMLAttribute: seeking for Contact->value: 10
getXMLAttribute: seeking for Contact->value: 14
Registering Symbol size of linktype PrimitiveConstant in Scope root
Registering Symbol size.x of linktype VectorComponentLink in Scope root
Registering Symbol size.y of linktype VectorComponentLink in Scope root
Registering Symbol size.z of linktype VectorComponentLink in Scope root
Registering Symbol size.phi of linktype VectorComponentLink in Scope root
Registering Symbol size.theta of linktype VectorComponentLink in Scope root
Registering Symbol size.abs of linktype VectorComponentLink in Scope root
Setting boundary neighborhood to order 2
Assigning Shape Neighborhood of size 3 -> 28 neighbors.
Setting boundary neighborhood to order 6
Creating cell layer of size 2.5 MB
with initial state set to CellType 'medium'
Initializing celltype 'cancer_cell'
Scope: Creating Accessor for symbol 'cell.type' from Scope root
Scope: Creating Accessor for symbol 'celltype.cancer_cell.id' from Scope root
Scope: Creating Accessor for symbol 'local_density' from Scope CellType[cancer_cell]
Plugin NeighborhoodReporter: Registered input symbol dependencies cell.type [root] ,celltype.cancer_cell.id [root] ,
PluginNeighborhoodReporter: Registered output symbol dependencies local_density [CellType[cancer_cell]] ,
Scope: Creating Accessor for symbol 'cell.center' from Scope CellType[cancer_cell]
noflux_cell_medium_interface.isDefined()
Scope: Creating Accessor for symbol 'can_divide' from Scope CellType[cancer_cell]
Scope: Creating Accessor for symbol 'local_density' from Scope CellType[cancer_cell]
Scope: Creating Accessor for symbol 'proliferation_threshold' from Scope root
System::init: Reordering Initializers ...
Scope: Creating Accessor for symbol 'cell_age' from Scope CellType[cancer_cell]
System::init: Reordering Initializers ...
Scope: Creating Accessor for symbol 'cell_age' from Scope CellType[cancer_cell]
Scope: Creating Accessor for symbol 'division_time' from Scope root
Scope: Creating Accessor for symbol 'can_divide' from Scope CellType[cancer_cell]
Scope: Creating Accessor for symbol 'time' from Scope root
Plugin CellDivision: Registered input symbol dependencies time [root] ,division_time [root] ,can_divide [CellType[cancer_cell]] ,cell_age [CellType[cancer_cell]] ,
Scope: Creating Accessor for symbol 'cell.center' from Scope CellType[cancer_cell]
Plugin Event: Registered input symbol dependencies time [root] ,
Scope: Creating Accessor for symbol 'cell_age' from Scope CellType[cancer_cell]
System::init: Reordering Initializers ...
Scope: Creating Accessor for symbol 'cell_age' from Scope CellType[cancer_cell]
Scope: Creating Accessor for symbol 'division_time' from Scope root
Scope: Creating Accessor for symbol 'can_divide' from Scope CellType[cancer_cell]
Initializing celltype 'medium'
Scope: Creating Accessor for symbol 'cell.center' from Scope root
Scope: Creating Accessor for symbol 'cell.volume' from Scope root
Scope: Creating Accessor for symbol 'cell.surface' from Scope root
Scope: Creating Accessor for symbol 'cell.length' from Scope root
Scope: Creating Accessor for symbol 'cell.type' from Scope root
CPM: InteractionEnergy has 28 neighbors
CPM: InteractionEnergy was initialized with  IA_COLLAPSE 
Loading Analysis tools [6]
getXMLAttribute: seeking for Input->value: celltype.cancer_cell.size
getXMLAttribute: seeking for Polarity->symbol-ref .. not found
getXMLAttribute: seeking for Output[0]->mapping: set
getXMLAttribute: seeking for ModelGraph->format .. not found
getXMLAttribute: seeking for ModelGraph->reduced .. not found
getXMLAttribute: seeking for ModelGraph->exclude-symbols .. not found
getXMLAttribute: seeking for ModelGraph->include-tags .. not found
No support for graph rendering. Falling back to dot output.
Generated symbol dependency graph. Exiting.
