Setting output directory /Users/prerana/Desktop/morpheus/20260128_112347_da73e5f2
Initializing from file model.xml
Applied 0 patches to update MorpheusML version to internal v5!
Time/RandomSeed not specified, using arbitray seed (based on time).
Intitalize Thread 0 with seed 1769596073
Intitalize Thread Intitalize Thread 6Intitalize Thread 4 with seed 83171781629Intitalize Thread  with seed 2 with seed  with seed 42814235384280951658

842677041Intitalize Thread Intitalize Thread Intitalize Thread Intitalize Thread 5 with seed 2346532780
Intitalize Thread 3 with seed 1
9 with seed 73186451821
 with seed 982831395
1426441932

 with seed 2367325016
Registering Symbol time of linktype TimeLink in Scope root
Intitalize Thread Intitalize Thread 8 with seed 0 with seed 182327624
123456Intitalize Thread Intitalize Thread Intitalize Thread Intitalize Thread 4 with seed 1478800323
7 with seed 731583164

1 with seed 4101907064Intitalize Thread 5 with seed 63437831566 with seed Intitalize Thread 1377427627

Intitalize Thread 9 with seed Intitalize Thread 11392288
3 with seed 569136865

2 with seed 3238203750
Registering Symbol space of linktype LocationLink in Scope root
Registering Symbol space.x of linktype VectorComponentLink in Scope root
Registering Symbol space.y of linktype VectorComponentLink in Scope root
Registering Symbol space.z of linktype VectorComponentLink in Scope root
Registering Symbol space.phi of linktype VectorComponentLink in Scope root
Registering Symbol space.theta of linktype VectorComponentLink in Scope root
Registering Symbol space.abs of linktype VectorComponentLink in Scope root
Creating lattice
getXMLAttribute: seeking for Lattice->class: cubic
getXMLAttribute: seeking for Size->value: 100, 40, 40
getXMLAttribute: seeking for Size->symbol: size
Loading [3] Global Plugins
getXMLAttribute: seeking for Variable->name: Total germ cell count
getXMLAttribute: seeking for Variable->symbol: total_germ_cells
getXMLAttribute: seeking for Variable->value: 0
getXMLAttribute: seeking for Variable->notation .. not found
Registering Symbol total_germ_cells of linktype VariableLink in Scope root
getXMLAttribute: seeking for Variable->name: Proliferative cell count
getXMLAttribute: seeking for Variable->symbol: proliferative_cells
getXMLAttribute: seeking for Variable->value: 0
getXMLAttribute: seeking for Variable->notation .. not found
Registering Symbol proliferative_cells of linktype VariableLink in Scope root
getXMLAttribute: seeking for Variable->name: Meiotic cell count
getXMLAttribute: seeking for Variable->symbol: meiotic_cells
getXMLAttribute: seeking for Variable->value: 0
getXMLAttribute: seeking for Variable->notation .. not found
Registering Symbol meiotic_cells of linktype VariableLink in Scope root
Creating subscope CellType[medium] in scope root
Registering Symbol cell.type of linktype PrimitiveConstant in Scope CellType[medium]
Registering Symbol cell.type of linktype CompositeLink in Scope root
Registering Symbol cell.id of linktype CellIDLink in Scope CellType[medium]
Registering Symbol cell.id of linktype CompositeLink in Scope root
Registering Symbol cell.center of linktype CellCenterLink in Scope CellType[medium]
Registering Symbol cell.center of linktype CompositeLink in Scope root
Registering Symbol cell.center.x of linktype VectorComponentLink in Scope root
Registering Symbol cell.center.y of linktype VectorComponentLink in Scope root
Registering Symbol cell.center.z of linktype VectorComponentLink in Scope root
Registering Symbol cell.center.phi of linktype VectorComponentLink in Scope root
Registering Symbol cell.center.theta of linktype VectorComponentLink in Scope root
Registering Symbol cell.center.abs of linktype VectorComponentLink in Scope root
Registering Symbol cell.center.x of linktype VectorComponentLink in Scope CellType[medium]
Registering Symbol cell.center.y of linktype VectorComponentLink in Scope CellType[medium]
Registering Symbol cell.center.z of linktype VectorComponentLink in Scope CellType[medium]
Registering Symbol cell.center.phi of linktype VectorComponentLink in Scope CellType[medium]
Registering Symbol cell.center.theta of linktype VectorComponentLink in Scope CellType[medium]
Registering Symbol cell.center.abs of linktype VectorComponentLink in Scope CellType[medium]
Registering Symbol cell.volume of linktype CellVolumeLink in Scope CellType[medium]
Registering Symbol cell.volume of linktype CompositeLink in Scope root
Registering Symbol celltype.medium.id of linktype PrimitiveConstant in Scope root
Registering Symbol celltype.medium.size of linktype CellPopulationSizeLink in Scope root
Creating subscope CellType[DTC] in scope root
Registering Symbol cell.type of linktype PrimitiveConstant in Scope CellType[DTC]
Registering Symbol cell.id of linktype CellIDLink in Scope CellType[DTC]
Registering Symbol cell.center of linktype CellCenterLink in Scope CellType[DTC]
Registering Symbol cell.center.x of linktype VectorComponentLink in Scope CellType[DTC]
Registering Symbol cell.center.y of linktype VectorComponentLink in Scope CellType[DTC]
Registering Symbol cell.center.z of linktype VectorComponentLink in Scope CellType[DTC]
Registering Symbol cell.center.phi of linktype VectorComponentLink in Scope CellType[DTC]
Registering Symbol cell.center.theta of linktype VectorComponentLink in Scope CellType[DTC]
Registering Symbol cell.center.abs of linktype VectorComponentLink in Scope CellType[DTC]
Registering Symbol cell.volume of linktype CellVolumeLink in Scope CellType[DTC]
Registering Symbol cell.length of linktype CellLengthLink in Scope CellType[DTC]
Registering Symbol cell.length of linktype CompositeLink in Scope root
Registering Symbol cell.surface of linktype CellInterfaceLengthLink in Scope CellType[DTC]
Registering Symbol cell.surface of linktype CompositeLink in Scope root
Registering Symbol cell.orientation of linktype CellOrientationLink in Scope CellType[DTC]
Registering Symbol cell.orientation of linktype CompositeLink in Scope root
Registering Symbol cell.orientation.x of linktype VectorComponentLink in Scope root
Registering Symbol cell.orientation.y of linktype VectorComponentLink in Scope root
Registering Symbol cell.orientation.z of linktype VectorComponentLink in Scope root
Registering Symbol cell.orientation.phi of linktype VectorComponentLink in Scope root
Registering Symbol cell.orientation.theta of linktype VectorComponentLink in Scope root
Registering Symbol cell.orientation.abs of linktype VectorComponentLink in Scope root
Registering Symbol cell.orientation.x of linktype VectorComponentLink in Scope CellType[DTC]
Registering Symbol cell.orientation.y of linktype VectorComponentLink in Scope CellType[DTC]
Registering Symbol cell.orientation.z of linktype VectorComponentLink in Scope CellType[DTC]
Registering Symbol cell.orientation.phi of linktype VectorComponentLink in Scope CellType[DTC]
Registering Symbol cell.orientation.theta of linktype VectorComponentLink in Scope CellType[DTC]
Registering Symbol cell.orientation.abs of linktype VectorComponentLink in Scope CellType[DTC]
Registering Symbol celltype.DTC.id of linktype PrimitiveConstant in Scope root
Registering Symbol celltype.DTC.size of linktype CellPopulationSizeLink in Scope root
Creating subscope CellType[proliferative_germ] in scope root
Registering Symbol cell.type of linktype PrimitiveConstant in Scope CellType[proliferative_germ]
Registering Symbol cell.id of linktype CellIDLink in Scope CellType[proliferative_germ]
Registering Symbol cell.center of linktype CellCenterLink in Scope CellType[proliferative_germ]
Registering Symbol cell.center.x of linktype VectorComponentLink in Scope CellType[proliferative_germ]
Registering Symbol cell.center.y of linktype VectorComponentLink in Scope CellType[proliferative_germ]
Registering Symbol cell.center.z of linktype VectorComponentLink in Scope CellType[proliferative_germ]
Registering Symbol cell.center.phi of linktype VectorComponentLink in Scope CellType[proliferative_germ]
Registering Symbol cell.center.theta of linktype VectorComponentLink in Scope CellType[proliferative_germ]
Registering Symbol cell.center.abs of linktype VectorComponentLink in Scope CellType[proliferative_germ]
Registering Symbol cell.volume of linktype CellVolumeLink in Scope CellType[proliferative_germ]
Registering Symbol cell.length of linktype CellLengthLink in Scope CellType[proliferative_germ]
Registering Symbol cell.surface of linktype CellInterfaceLengthLink in Scope CellType[proliferative_germ]
Registering Symbol cell.orientation of linktype CellOrientationLink in Scope CellType[proliferative_germ]
Registering Symbol cell.orientation.x of linktype VectorComponentLink in Scope CellType[proliferative_germ]
Registering Symbol cell.orientation.y of linktype VectorComponentLink in Scope CellType[proliferative_germ]
Registering Symbol cell.orientation.z of linktype VectorComponentLink in Scope CellType[proliferative_germ]
Registering Symbol cell.orientation.phi of linktype VectorComponentLink in Scope CellType[proliferative_germ]
Registering Symbol cell.orientation.theta of linktype VectorComponentLink in Scope CellType[proliferative_germ]
Registering Symbol cell.orientation.abs of linktype VectorComponentLink in Scope CellType[proliferative_germ]
Registering Symbol celltype.proliferative_germ.id of linktype PrimitiveConstant in Scope root
Registering Symbol celltype.proliferative_germ.size of linktype CellPopulationSizeLink in Scope root
Creating subscope CellType[meiotic_germ] in scope root
Registering Symbol cell.type of linktype PrimitiveConstant in Scope CellType[meiotic_germ]
Registering Symbol cell.id of linktype CellIDLink in Scope CellType[meiotic_germ]
Registering Symbol cell.center of linktype CellCenterLink in Scope CellType[meiotic_germ]
Registering Symbol cell.center.x of linktype VectorComponentLink in Scope CellType[meiotic_germ]
Registering Symbol cell.center.y of linktype VectorComponentLink in Scope CellType[meiotic_germ]
Registering Symbol cell.center.z of linktype VectorComponentLink in Scope CellType[meiotic_germ]
Registering Symbol cell.center.phi of linktype VectorComponentLink in Scope CellType[meiotic_germ]
Registering Symbol cell.center.theta of linktype VectorComponentLink in Scope CellType[meiotic_germ]
Registering Symbol cell.center.abs of linktype VectorComponentLink in Scope CellType[meiotic_germ]
Registering Symbol cell.volume of linktype CellVolumeLink in Scope CellType[meiotic_germ]
Registering Symbol cell.length of linktype CellLengthLink in Scope CellType[meiotic_germ]
Registering Symbol cell.surface of linktype CellInterfaceLengthLink in Scope CellType[meiotic_germ]
Registering Symbol cell.orientation of linktype CellOrientationLink in Scope CellType[meiotic_germ]
Registering Symbol cell.orientation.x of linktype VectorComponentLink in Scope CellType[meiotic_germ]
Registering Symbol cell.orientation.y of linktype VectorComponentLink in Scope CellType[meiotic_germ]
Registering Symbol cell.orientation.z of linktype VectorComponentLink in Scope CellType[meiotic_germ]
Registering Symbol cell.orientation.phi of linktype VectorComponentLink in Scope CellType[meiotic_germ]
Registering Symbol cell.orientation.theta of linktype VectorComponentLink in Scope CellType[meiotic_germ]
Registering Symbol cell.orientation.abs of linktype VectorComponentLink in Scope CellType[meiotic_germ]
Registering Symbol celltype.meiotic_germ.id of linktype PrimitiveConstant in Scope root
Registering Symbol celltype.meiotic_germ.size of linktype CellPopulationSizeLink in Scope root
getXMLAttribute: seeking for VolumeConstraint->target: 350
getXMLAttribute: seeking for VolumeConstraint->strength: 1
getXMLAttribute: seeking for SurfaceConstraint->target: 1.0
getXMLAttribute: seeking for SurfaceConstraint->strength: 0.5
getXMLAttribute: seeking for SurfaceConstraint->mode: aspherity
getXMLAttribute: seeking for SurfaceConstraint->exponent .. not found
getXMLAttribute: seeking for Property->name .. not found
getXMLAttribute: seeking for Property->symbol: distance_from_DTC
getXMLAttribute: seeking for Property->value: 0.0
getXMLAttribute: seeking for Property->notation .. not found
Registering Symbol distance_from_DTC of linktype CellPropertyLink in Scope CellType[proliferative_germ]
Registering Symbol distance_from_DTC of linktype CompositeLink in Scope root
getXMLAttribute: seeking for VolumeConstraint->target: 200
getXMLAttribute: seeking for VolumeConstraint->strength: 1
getXMLAttribute: seeking for SurfaceConstraint->target: 1.0
getXMLAttribute: seeking for SurfaceConstraint->strength: 1
getXMLAttribute: seeking for SurfaceConstraint->mode: aspherity
getXMLAttribute: seeking for SurfaceConstraint->exponent .. not found
getXMLAttribute: seeking for Condition->text: rand_uni(0,1) < 0.005 and cell.volume > 180
getXMLAttribute: seeking for CellDivision->division-plane: random
getXMLAttribute: seeking for CellDivision->orientation .. not found
getXMLAttribute: seeking for CellDivision->write-log .. not found
getXMLAttribute: seeking for CellDivision->trigger .. not found
getXMLAttribute: seeking for Input->value: 1
getXMLAttribute: seeking for Polarity->symbol-ref .. not found
getXMLAttribute: seeking for Output[0]->mapping: sum
getXMLAttribute: seeking for Output[0]->symbol-ref: proliferative_cells
getXMLAttribute: seeking for VolumeConstraint->target: 250
getXMLAttribute: seeking for VolumeConstraint->strength: 1
getXMLAttribute: seeking for SurfaceConstraint->target: 1.1
getXMLAttribute: seeking for SurfaceConstraint->strength: 0.8
getXMLAttribute: seeking for SurfaceConstraint->mode: aspherity
getXMLAttribute: seeking for SurfaceConstraint->exponent .. not found
getXMLAttribute: seeking for Input->value: 1
getXMLAttribute: seeking for Polarity->symbol-ref .. not found
getXMLAttribute: seeking for Output[0]->mapping: sum
getXMLAttribute: seeking for Output[0]->symbol-ref: meiotic_cells
CellTypes defined: 'DTC' 'medium' 'meiotic_germ' 'proliferative_germ' 
getXMLAttribute: seeking for MonteCarloSampler/MCSDuration->value: 1
getXMLAttribute: seeking for MonteCarloSampler->stepper: edgelist
getXMLAttribute: seeking for MonteCarloSampler/MetropolisKinetics->temperature: 2.5
getXMLAttribute: seeking for MonteCarloSampler/MetropolisKinetics->yield .. not found
getXMLAttribute: seeking for Contact->value: 8
getXMLAttribute: seeking for Contact->value: -5
getXMLAttribute: seeking for Contact->value: 10
getXMLAttribute: seeking for Contact->value: -2
getXMLAttribute: seeking for Contact->value: 2
getXMLAttribute: seeking for Contact->value: 12
getXMLAttribute: seeking for Contact->value: 0
Registering Symbol size of linktype PrimitiveConstant in Scope root
Registering Symbol size.x of linktype VectorComponentLink in Scope root
Registering Symbol size.y of linktype VectorComponentLink in Scope root
Registering Symbol size.z of linktype VectorComponentLink in Scope root
Registering Symbol size.phi of linktype VectorComponentLink in Scope root
Registering Symbol size.theta of linktype VectorComponentLink in Scope root
Registering Symbol size.abs of linktype VectorComponentLink in Scope root
Setting boundary neighborhood to order 2
Assigning Shape Neighborhood of size 2.44949 -> 80 neighbors.
Setting boundary neighborhood to order 6
Creating cell layer of size 0.855469 MB
with initial state set to CellType 'medium'
Initializing celltype 'medium'
Initializing celltype 'DTC'
Initializing celltype 'proliferative_germ'
Scope: Creating Accessor for symbol 'cell.volume' from Scope CellType[proliferative_germ]
Plugin CellDivision: Registered input symbol dependencies cell.volume [CellType[proliferative_germ]] ,
Scope: Creating Accessor for symbol 'cell.center' from Scope CellType[proliferative_germ]
Scope: Creating Accessor for symbol 'proliferative_cells' from Scope root
PluginMapper: Registered output symbol dependencies proliferative_cells [root] ,
Scope: Creating Accessor for symbol 'cell.center' from Scope CellType[proliferative_germ]
Initializing celltype 'meiotic_germ'
Scope: Creating Accessor for symbol 'meiotic_cells' from Scope root
PluginMapper: Registered output symbol dependencies meiotic_cells [root] ,
Scope: Creating Accessor for symbol 'cell.center' from Scope CellType[meiotic_germ]
Scope: Creating Accessor for symbol 'cell.center' from Scope root
Scope: Creating Accessor for symbol 'cell.volume' from Scope root
Scope: Creating Accessor for symbol 'cell.surface' from Scope root
Scope: Creating Accessor for symbol 'cell.length' from Scope root
Scope: Creating Accessor for symbol 'cell.type' from Scope root
CPM: InteractionEnergy has 80 neighbors
CPM: InteractionEnergy was initialized with  IA_COLLAPSE 
Loading Analysis tools [3]
getXMLAttribute: seeking for Gnuplotter->file-numbering .. not found
getXMLAttribute: seeking for Terminal->name: png
getXMLAttribute: seeking for Terminal->size .. not found
getXMLAttribute: seeking for Gnuplotter->time-step: 30
getXMLAttribute: seeking for Cells->value: cell.type
getXMLAttribute: seeking for Input/Symbol[0]->symbol-ref: time
getXMLAttribute: seeking for Input/Symbol[1]->symbol-ref: proliferative_cells
getXMLAttribute: seeking for Input/Symbol[2]->symbol-ref: meiotic_cells
getXMLAttribute: seeking for Input/Symbol[3]->symbol-ref: celltype.proliferative_germ.size
getXMLAttribute: seeking for Input/Symbol[4]->symbol-ref: celltype.meiotic_germ.size
getXMLAttribute: seeking for Input/Symbol[5]->symbol-ref: celltype.DTC.size
getXMLAttribute: seeking for Restriction/Slice->value .. not found
getXMLAttribute: seeking for Restriction/Slice->axis .. not found
getXMLAttribute: seeking for Restriction/Celltype->celltype .. not found
getXMLAttribute: seeking for Restriction/Cells->cell-ids .. not found
getXMLAttribute: seeking for Restriction->domain-only .. not found
getXMLAttribute: seeking for Restriction->condition .. not found
getXMLAttribute: seeking for Input->force-node-granularity .. not found
getXMLAttribute: seeking for Input->include-boundary .. not found
getXMLAttribute: seeking for Restriction->exclude-medium .. not found
getXMLAttribute: seeking for Output/TextOutput->header .. not found
getXMLAttribute: seeking for Output/TextOutput->header-guarding .. not found
getXMLAttribute: seeking for Output/TextOutput->separator .. not found
getXMLAttribute: seeking for Output/TextOutput->file-name .. not found
getXMLAttribute: seeking for Output/TextOutput->file-numbering .. not found
getXMLAttribute: seeking for Output/TextOutput->file-separation .. not found
getXMLAttribute: seeking for Output/TextOutput->file-format .. not found
getXMLAttribute: seeking for Plots/Plot[0]->time-step .. not found
getXMLAttribute: seeking for Plots/Plot[0]->title: Cell Type Populations Over Time
getXMLAttribute: seeking for Plots/Plot[0]->log-commands .. not found
getXMLAttribute: seeking for Plots/Plot[0]/Terminal->terminal: png
getXMLAttribute: seeking for Plots/Plot[0]/Terminal->plot-size .. not found
getXMLAttribute: seeking for Plots/Plot[0]->file-numbering .. not found
getXMLAttribute: seeking for Plots/Plot[0]/Range/Time->mode .. not found
getXMLAttribute: seeking for Plots/Plot[0]/Range/Time->history .. not found
getXMLAttribute: seeking for Plots/Plot[0]/Range/Data->first-line .. not found
getXMLAttribute: seeking for Plots/Plot[0]/Range/Data->last-line .. not found
getXMLAttribute: seeking for Plots/Plot[0]/Range/Data->increment .. not found
getXMLAttribute: seeking for Plots/Plot[0]/Style->style: linespoints
getXMLAttribute: seeking for Plots/Plot[0]/Style->decorate .. not found
getXMLAttribute: seeking for Plots/Plot[0]/Style->point-size .. not found
getXMLAttribute: seeking for Plots/Plot[0]/Style->line-width: 2
getXMLAttribute: seeking for Plots/Plot[0]/Style->grid: true
getXMLAttribute: seeking for Plots/Plot[0]/X-axis/Symbol->symbol-ref: time
getXMLAttribute: seeking for Plots/Plot[0]/X-axis->minimum .. not found
getXMLAttribute: seeking for Plots/Plot[0]/X-axis->maximum .. not found
getXMLAttribute: seeking for Plots/Plot[0]/X-axis->logarithmic .. not found
getXMLAttribute: seeking for Plots/Plot[0]/Y-axis/Symbol[0]->symbol-ref: celltype.proliferative_germ.size
getXMLAttribute: seeking for Plots/Plot[0]/Y-axis/Symbol[1]->symbol-ref: celltype.meiotic_germ.size
getXMLAttribute: seeking for Plots/Plot[0]/Y-axis/Symbol[2]->symbol-ref .. not found
getXMLAttribute: seeking for Plots/Plot[0]/Y-axis/Symbol[3]->symbol-ref .. not found
getXMLAttribute: seeking for Plots/Plot[0]/Y-axis/Symbol[4]->symbol-ref .. not found
getXMLAttribute: seeking for Plots/Plot[0]/Y-axis/Symbol[5]->symbol-ref .. not found
getXMLAttribute: seeking for Plots/Plot[0]/Y-axis/Symbol[6]->symbol-ref .. not found
getXMLAttribute: seeking for Plots/Plot[0]/Y-axis/Symbol[7]->symbol-ref .. not found
getXMLAttribute: seeking for Plots/Plot[0]/Y-axis/Symbol[8]->symbol-ref .. not found
getXMLAttribute: seeking for Plots/Plot[0]/Y-axis/Symbol[9]->symbol-ref .. not found
getXMLAttribute: seeking for Plots/Plot[0]/Y-axis->minimum .. not found
getXMLAttribute: seeking for Plots/Plot[0]/Y-axis->maximum .. not found
getXMLAttribute: seeking for Plots/Plot[0]/Y-axis->logarithmic .. not found
getXMLAttribute: seeking for Plots/Plot[0]/Color-bar/Symbol->symbol-ref .. not found
getXMLAttribute: seeking for Plots/Plot[0]/Color-bar->minimum .. not found
getXMLAttribute: seeking for Plots/Plot[0]/Color-bar->maximum .. not found
getXMLAttribute: seeking for Plots/Plot[0]/Color-bar->logarithmic .. not found
getXMLAttribute: seeking for Plots/Plot[0]/Color-bar->palette .. not found
getXMLAttribute: seeking for Plots/Plot[0]/Color-bar->reverse-palette .. not found
getXMLAttribute: seeking for Logger->time-step: 30
getXMLAttribute: seeking for ModelGraph->format: dot
getXMLAttribute: seeking for ModelGraph->reduced: false
getXMLAttribute: seeking for ModelGraph->exclude-symbols .. not found
getXMLAttribute: seeking for ModelGraph->include-tags: #untagged
Scope: Creating Accessor for symbol 'cell.type' from Scope root
Scope: Creating Accessor for symbol 'time' from Scope root
Scope: Creating Accessor for symbol 'proliferative_cells' from Scope root
Scope: Creating Accessor for symbol 'meiotic_cells' from Scope root
Scope: Creating Accessor for symbol 'celltype.proliferative_germ.size' from Scope root
Scope: Creating Accessor for symbol 'celltype.meiotic_germ.size' from Scope root
Scope: Creating Accessor for symbol 'celltype.DTC.size' from Scope root
Plugin Logger: Registered input symbol dependencies time [root] ,celltype.DTC.size [root] ,celltype.proliferative_germ.size [root] ,celltype.meiotic_germ.size [root] ,proliferative_cells [root] ,meiotic_cells [root] ,
Scope: Creating Accessor for symbol 'time' from Scope root
Scope: Creating Accessor for symbol 'proliferative_cells' from Scope root
Scope: Creating Accessor for symbol 'meiotic_cells' from Scope root
Scope: Creating Accessor for symbol 'celltype.proliferative_germ.size' from Scope root
Scope: Creating Accessor for symbol 'celltype.meiotic_germ.size' from Scope root
Scope: Creating Accessor for symbol 'celltype.DTC.size' from Scope root
Logger range:
-> size 1
-> dataAxes 
-> data.sizes: 1, 
-> file separation: None
Scope: Creating Accessor for symbol 'time' from Scope root
Scope: Creating Accessor for symbol 'time' from Scope root
CellDivision
Mapper
Mapper
CPM
Gnuplotter
Logger
ModelGraph

 TimeStepListener "CellDivision" propagates its time step 1

 TimeStepListener "CPM" propagates its time step 1

 TimeStepListener "Gnuplotter" propagates its time step 30

 TimeStepListener "Logger" propagates its time step 30

 TimeStepListener "ModelGraph" propagates its time step 3000
TimeScheduler::init: Ordering instantaneous processes for sequential update ...
Trying to remove unregistered symbol "cell.center" from unresolved_symbols. 
======================================================
 Time Schedule
======================================================
 Time precision patch is 0.001

=====|    Phase I     |===============================
-----. CPM .------------------------------------
  + 1 => CPM [] -> [cell.center,cell.length,cell.surface,cell.type,cell.volume]

=====|    Phase II    |===============================
-----. Reporters and Instantaneous Processes.---------
  + 1 => CellDivision [cell.volume] -> [cell.center]
  + 30 => Mapper [count_proliferative] [cell.center] -> [proliferative_cells]
  + 30 => Mapper [count_meiotic] [cell.center] -> [meiotic_cells]

=====|    Phase III   |===============================
-----. Analysis .-------------------------------------
  + 30 => Gnuplotter [cell.type] 
  + 30 => Logger [celltype.DTC.size,celltype.meiotic_germ.size,celltype.proliferative_germ.size,meiotic_cells,proliferative_cells,time] 
  + 3000 => ModelGraph [] 
------------------------------------------------------
======================================================

model is up
Generated symbol dependency graph. Exiting.
