Setting output directory /Users/prerana/Desktop/morpheus/run_1737672066953
Initializing from file model.xml
Applied 0 patches to update MorpheusML version to internal v5!
Time/RandomSeed not specified, using arbitray seed (based on time).
Intitalize Thread 8 with seed 2918803177
Intitalize Thread Intitalize Thread 09 with seed 1307786741
 with seed Intitalize Thread 1769514627
Intitalize Thread 2 with seed 1568234271Intitalize Thread Intitalize Thread 3 with seed Intitalize Thread 5 with seed 3684802123
Intitalize Thread 
Intitalize Thread 46 with seed 952667231
1466392060 with seed 2638776752
1 with seed 7 with seed 4166098026
1864056737

Registering Symbol time of linktype TimeLink in Scope root
Intitalize Thread 8 with seed 1166165736
Intitalize Thread 9 with seed 1868579686
Intitalize Thread Intitalize Thread 15 with seed 3410091070
Intitalize Thread Intitalize Thread Intitalize Thread 6 with seed Intitalize Thread 23 with seed 990324140
 with seed  with seed Intitalize Thread 4029868217
4250921454Intitalize Thread 10444455794 with seed 
3471047918
7 with seed 
0 with seed 0
69919023
Registering Symbol l of linktype LocationLink in Scope root
Registering Symbol l.x of linktype VectorComponentLink in Scope root
Registering Symbol l.y of linktype VectorComponentLink in Scope root
Registering Symbol l.z of linktype VectorComponentLink in Scope root
Registering Symbol l.phi of linktype VectorComponentLink in Scope root
Registering Symbol l.theta of linktype VectorComponentLink in Scope root
Registering Symbol l.abs of linktype VectorComponentLink in Scope root
Creating lattice
getXMLAttribute: seeking for Lattice->class: square
getXMLAttribute: seeking for Size->value: 200, 200, 0
getXMLAttribute: seeking for Size->symbol: size
Loading [1] Global Plugins
getXMLAttribute: seeking for Variable->name .. not found
getXMLAttribute: seeking for Variable->symbol: avg_constriction
getXMLAttribute: seeking for Variable->value: 0.0
getXMLAttribute: seeking for Variable->notation .. not found
Registering Symbol avg_constriction of linktype VariableLink in Scope root
Creating subscope CellType[neural] in scope root
Registering Symbol cell.type of linktype PrimitiveConstant in Scope CellType[neural]
Registering Symbol cell.type of linktype CompositeLink in Scope root
Registering Symbol cell.id of linktype CellIDLink in Scope CellType[neural]
Registering Symbol cell.id of linktype CompositeLink in Scope root
Registering Symbol cell.center of linktype CellCenterLink in Scope CellType[neural]
Registering Symbol cell.center of linktype CompositeLink in Scope root
Registering Symbol cell.center.x of linktype VectorComponentLink in Scope root
Registering Symbol cell.center.y of linktype VectorComponentLink in Scope root
Registering Symbol cell.center.z of linktype VectorComponentLink in Scope root
Registering Symbol cell.center.phi of linktype VectorComponentLink in Scope root
Registering Symbol cell.center.theta of linktype VectorComponentLink in Scope root
Registering Symbol cell.center.abs of linktype VectorComponentLink in Scope root
Registering Symbol cell.center.x of linktype VectorComponentLink in Scope CellType[neural]
Registering Symbol cell.center.y of linktype VectorComponentLink in Scope CellType[neural]
Registering Symbol cell.center.z of linktype VectorComponentLink in Scope CellType[neural]
Registering Symbol cell.center.phi of linktype VectorComponentLink in Scope CellType[neural]
Registering Symbol cell.center.theta of linktype VectorComponentLink in Scope CellType[neural]
Registering Symbol cell.center.abs of linktype VectorComponentLink in Scope CellType[neural]
Registering Symbol cell.volume of linktype CellVolumeLink in Scope CellType[neural]
Registering Symbol cell.volume of linktype CompositeLink in Scope root
Registering Symbol cell.length of linktype CellLengthLink in Scope CellType[neural]
Registering Symbol cell.length of linktype CompositeLink in Scope root
Registering Symbol cell.surface of linktype CellInterfaceLengthLink in Scope CellType[neural]
Registering Symbol cell.surface of linktype CompositeLink in Scope root
Registering Symbol cell.orientation of linktype CellOrientationLink in Scope CellType[neural]
Registering Symbol cell.orientation of linktype CompositeLink in Scope root
Registering Symbol cell.orientation.x of linktype VectorComponentLink in Scope root
Registering Symbol cell.orientation.y of linktype VectorComponentLink in Scope root
Registering Symbol cell.orientation.z of linktype VectorComponentLink in Scope root
Registering Symbol cell.orientation.phi of linktype VectorComponentLink in Scope root
Registering Symbol cell.orientation.theta of linktype VectorComponentLink in Scope root
Registering Symbol cell.orientation.abs of linktype VectorComponentLink in Scope root
Registering Symbol cell.orientation.x of linktype VectorComponentLink in Scope CellType[neural]
Registering Symbol cell.orientation.y of linktype VectorComponentLink in Scope CellType[neural]
Registering Symbol cell.orientation.z of linktype VectorComponentLink in Scope CellType[neural]
Registering Symbol cell.orientation.phi of linktype VectorComponentLink in Scope CellType[neural]
Registering Symbol cell.orientation.theta of linktype VectorComponentLink in Scope CellType[neural]
Registering Symbol cell.orientation.abs of linktype VectorComponentLink in Scope CellType[neural]
Registering Symbol celltype.neural.id of linktype PrimitiveConstant in Scope root
Registering Symbol celltype.neural.size of linktype CellPopulationSizeLink in Scope root
Creating subscope CellType[mesenchyme] in scope root
Registering Symbol cell.type of linktype PrimitiveConstant in Scope CellType[mesenchyme]
Registering Symbol cell.id of linktype CellIDLink in Scope CellType[mesenchyme]
Registering Symbol cell.center of linktype CellCenterLink in Scope CellType[mesenchyme]
Registering Symbol cell.center.x of linktype VectorComponentLink in Scope CellType[mesenchyme]
Registering Symbol cell.center.y of linktype VectorComponentLink in Scope CellType[mesenchyme]
Registering Symbol cell.center.z of linktype VectorComponentLink in Scope CellType[mesenchyme]
Registering Symbol cell.center.phi of linktype VectorComponentLink in Scope CellType[mesenchyme]
Registering Symbol cell.center.theta of linktype VectorComponentLink in Scope CellType[mesenchyme]
Registering Symbol cell.center.abs of linktype VectorComponentLink in Scope CellType[mesenchyme]
Registering Symbol cell.volume of linktype CellVolumeLink in Scope CellType[mesenchyme]
Registering Symbol cell.length of linktype CellLengthLink in Scope CellType[mesenchyme]
Registering Symbol cell.surface of linktype CellInterfaceLengthLink in Scope CellType[mesenchyme]
Registering Symbol cell.orientation of linktype CellOrientationLink in Scope CellType[mesenchyme]
Registering Symbol cell.orientation.x of linktype VectorComponentLink in Scope CellType[mesenchyme]
Registering Symbol cell.orientation.y of linktype VectorComponentLink in Scope CellType[mesenchyme]
Registering Symbol cell.orientation.z of linktype VectorComponentLink in Scope CellType[mesenchyme]
Registering Symbol cell.orientation.phi of linktype VectorComponentLink in Scope CellType[mesenchyme]
Registering Symbol cell.orientation.theta of linktype VectorComponentLink in Scope CellType[mesenchyme]
Registering Symbol cell.orientation.abs of linktype VectorComponentLink in Scope CellType[mesenchyme]
Registering Symbol celltype.mesenchyme.id of linktype PrimitiveConstant in Scope root
Registering Symbol celltype.mesenchyme.size of linktype CellPopulationSizeLink in Scope root
Creating subscope CellType[medium] in scope root
Registering Symbol cell.type of linktype PrimitiveConstant in Scope CellType[medium]
Registering Symbol cell.id of linktype CellIDLink in Scope CellType[medium]
Registering Symbol cell.center of linktype CellCenterLink in Scope CellType[medium]
Registering Symbol cell.center.x of linktype VectorComponentLink in Scope CellType[medium]
Registering Symbol cell.center.y of linktype VectorComponentLink in Scope CellType[medium]
Registering Symbol cell.center.z of linktype VectorComponentLink in Scope CellType[medium]
Registering Symbol cell.center.phi of linktype VectorComponentLink in Scope CellType[medium]
Registering Symbol cell.center.theta of linktype VectorComponentLink in Scope CellType[medium]
Registering Symbol cell.center.abs of linktype VectorComponentLink in Scope CellType[medium]
Registering Symbol cell.volume of linktype CellVolumeLink in Scope CellType[medium]
Registering Symbol celltype.medium.id of linktype PrimitiveConstant in Scope root
Registering Symbol celltype.medium.size of linktype CellPopulationSizeLink in Scope root
getXMLAttribute: seeking for Property->name .. not found
getXMLAttribute: seeking for Property->symbol: constriction
getXMLAttribute: seeking for Property->value: 0.0
getXMLAttribute: seeking for Property->notation .. not found
Registering Symbol constriction of linktype CellPropertyLink in Scope CellType[neural]
Registering Symbol constriction of linktype CompositeLink in Scope root
getXMLAttribute: seeking for VolumeConstraint->target: 200
getXMLAttribute: seeking for VolumeConstraint->strength: 1
getXMLAttribute: seeking for Input->value: constriction
getXMLAttribute: seeking for Polarity->symbol-ref .. not found
getXMLAttribute: seeking for Output[0]->mapping: average
getXMLAttribute: seeking for Output[0]->symbol-ref: avg_constriction
getXMLAttribute: seeking for VolumeConstraint->target: 200
getXMLAttribute: seeking for VolumeConstraint->strength: 1
CellTypes defined: 'medium' 'mesenchyme' 'neural' 
getXMLAttribute: seeking for MonteCarloSampler/MCSDuration->value: 1
getXMLAttribute: seeking for MonteCarloSampler->stepper: edgelist
getXMLAttribute: seeking for MonteCarloSampler/MetropolisKinetics->temperature: 2
getXMLAttribute: seeking for MonteCarloSampler/MetropolisKinetics->yield .. not found
getXMLAttribute: seeking for Contact->value: 12
getXMLAttribute: seeking for Contact->value: 6
getXMLAttribute: seeking for Contact->value: 6
getXMLAttribute: seeking for Contact->value: 6
getXMLAttribute: seeking for Contact->value: 16
Registering Symbol size of linktype PrimitiveConstant in Scope root
Registering Symbol size.x of linktype VectorComponentLink in Scope root
Registering Symbol size.y of linktype VectorComponentLink in Scope root
Registering Symbol size.z of linktype VectorComponentLink in Scope root
Registering Symbol size.phi of linktype VectorComponentLink in Scope root
Registering Symbol size.theta of linktype VectorComponentLink in Scope root
Registering Symbol size.abs of linktype VectorComponentLink in Scope root
Setting boundary neighborhood to order 2
Assigning Shape Neighborhood of size 3 -> 28 neighbors.
Setting boundary neighborhood to order 6
Creating cell layer of size 1.13281 MB
with initial state set to CellType 'medium'
Initializing celltype 'neural'
Scope: Creating Accessor for symbol 'constriction' from Scope CellType[neural]
Scope: Creating Accessor for symbol 'avg_constriction' from Scope root
Plugin Mapper: Registered input symbol dependencies constriction [CellType[neural]] ,
PluginMapper: Registered output symbol dependencies avg_constriction [root] ,
Scope: Creating Accessor for symbol 'cell.center' from Scope CellType[neural]
Initializing celltype 'mesenchyme'
Initializing celltype 'medium'
Scope: Creating Accessor for symbol 'cell.center' from Scope root
Scope: Creating Accessor for symbol 'cell.volume' from Scope root
Scope: Creating Accessor for symbol 'cell.surface' from Scope root
Scope: Creating Accessor for symbol 'cell.length' from Scope root
Scope: Creating Accessor for symbol 'cell.type' from Scope root
CPM: InteractionEnergy has 28 neighbors
CPM: InteractionEnergy was initialized with  IA_COLLAPSE 
Loading Analysis tools [2]
getXMLAttribute: seeking for Gnuplotter->file-numbering .. not found
getXMLAttribute: seeking for Terminal->name: png
getXMLAttribute: seeking for Terminal->size .. not found
getXMLAttribute: seeking for Gnuplotter->time-step: 100
getXMLAttribute: seeking for Cells->value: cell.type
getXMLAttribute: seeking for Input/Symbol[0]->symbol-ref: celltype.neural.size
getXMLAttribute: seeking for Input/Symbol[1]->symbol-ref: celltype.mesenchyme.size
getXMLAttribute: seeking for Input/Symbol[2]->symbol-ref: avg_constriction
getXMLAttribute: seeking for Restriction/Slice->value .. not found
getXMLAttribute: seeking for Restriction/Slice->axis .. not found
getXMLAttribute: seeking for Restriction/Celltype->celltype .. not found
getXMLAttribute: seeking for Restriction/Cells->cell-ids .. not found
getXMLAttribute: seeking for Restriction->domain-only .. not found
getXMLAttribute: seeking for Restriction->condition .. not found
getXMLAttribute: seeking for Input->force-node-granularity .. not found
getXMLAttribute: seeking for Input->include-boundary .. not found
getXMLAttribute: seeking for Restriction->exclude-medium .. not found
getXMLAttribute: seeking for Plots/Plot[0]->time-step: 200
getXMLAttribute: seeking for Plots/Plot[0]->title .. not found
getXMLAttribute: seeking for Plots/Plot[0]->log-commands .. not found
getXMLAttribute: seeking for Plots/Plot[0]/Terminal->terminal: png
getXMLAttribute: seeking for Plots/Plot[0]/Terminal->plot-size .. not found
getXMLAttribute: seeking for Plots/Plot[0]->file-numbering .. not found
getXMLAttribute: seeking for Plots/Plot[0]/Range/Time->mode .. not found
getXMLAttribute: seeking for Plots/Plot[0]/Range/Time->history .. not found
getXMLAttribute: seeking for Plots/Plot[0]/Range/Data->first-line .. not found
getXMLAttribute: seeking for Plots/Plot[0]/Range/Data->last-line .. not found
getXMLAttribute: seeking for Plots/Plot[0]/Range/Data->increment .. not found
getXMLAttribute: seeking for Plots/Plot[0]/Style->style: linespoints
getXMLAttribute: seeking for Plots/Plot[0]/Style->decorate .. not found
getXMLAttribute: seeking for Plots/Plot[0]/Style->point-size .. not found
getXMLAttribute: seeking for Plots/Plot[0]/Style->line-width .. not found
getXMLAttribute: seeking for Plots/Plot[0]/Style->grid .. not found
getXMLAttribute: seeking for Plots/Plot[0]/X-axis/Symbol->symbol-ref: time
getXMLAttribute: seeking for Plots/Plot[0]/X-axis->minimum .. not found
getXMLAttribute: seeking for Plots/Plot[0]/X-axis->maximum .. not found
getXMLAttribute: seeking for Plots/Plot[0]/X-axis->logarithmic .. not found
getXMLAttribute: seeking for Plots/Plot[0]/Y-axis/Symbol[0]->symbol-ref: celltype.neural.size
getXMLAttribute: seeking for Plots/Plot[0]/Y-axis/Symbol[1]->symbol-ref: celltype.mesenchyme.size
getXMLAttribute: seeking for Plots/Plot[0]/Y-axis/Symbol[2]->symbol-ref .. not found
getXMLAttribute: seeking for Plots/Plot[0]/Y-axis/Symbol[3]->symbol-ref .. not found
getXMLAttribute: seeking for Plots/Plot[0]/Y-axis/Symbol[4]->symbol-ref .. not found
getXMLAttribute: seeking for Plots/Plot[0]/Y-axis/Symbol[5]->symbol-ref .. not found
getXMLAttribute: seeking for Plots/Plot[0]/Y-axis/Symbol[6]->symbol-ref .. not found
getXMLAttribute: seeking for Plots/Plot[0]/Y-axis/Symbol[7]->symbol-ref .. not found
getXMLAttribute: seeking for Plots/Plot[0]/Y-axis/Symbol[8]->symbol-ref .. not found
getXMLAttribute: seeking for Plots/Plot[0]/Y-axis/Symbol[9]->symbol-ref .. not found
getXMLAttribute: seeking for Plots/Plot[0]/Y-axis->minimum .. not found
getXMLAttribute: seeking for Plots/Plot[0]/Y-axis->maximum .. not found
getXMLAttribute: seeking for Plots/Plot[0]/Y-axis->logarithmic .. not found
getXMLAttribute: seeking for Plots/Plot[0]/Color-bar/Symbol->symbol-ref .. not found
getXMLAttribute: seeking for Plots/Plot[0]/Color-bar->minimum .. not found
getXMLAttribute: seeking for Plots/Plot[0]/Color-bar->maximum .. not found
getXMLAttribute: seeking for Plots/Plot[0]/Color-bar->logarithmic .. not found
getXMLAttribute: seeking for Plots/Plot[0]/Color-bar->palette .. not found
getXMLAttribute: seeking for Plots/Plot[0]/Color-bar->reverse-palette .. not found
getXMLAttribute: seeking for Logger->time-step: 10.0
Scope: Creating Accessor for symbol 'cell.type' from Scope root
Scope: Creating Accessor for symbol 'celltype.neural.size' from Scope root
Scope: Creating Accessor for symbol 'celltype.mesenchyme.size' from Scope root
Scope: Creating Accessor for symbol 'avg_constriction' from Scope root
Plugin Logger: Registered input symbol dependencies avg_constriction [root] ,celltype.neural.size [root] ,celltype.mesenchyme.size [root] ,
Scope: Creating Accessor for symbol 'celltype.neural.size' from Scope root
Scope: Creating Accessor for symbol 'celltype.mesenchyme.size' from Scope root
Scope: Creating Accessor for symbol 'avg_constriction' from Scope root
Logger range:
-> size 1
-> dataAxes 
-> data.sizes: 1, 
-> file separation: None
Scope: Creating Accessor for symbol 'time' from Scope root
Scope: Creating Accessor for symbol 'time' from Scope root
Mapper
CPM
Gnuplotter
Logger

 TimeStepListener "CPM" propagates its time step 1

 TimeStepListener "Gnuplotter" propagates its time step 100

 TimeStepListener "Logger" propagates its time step 10
TimeScheduler::init: Ordering instantaneous processes for sequential update ...
 
======================================================
 Time Schedule
======================================================
 Time precision patch is 0.001

=====|    Phase I     |===============================
-----. CPM .------------------------------------
  + 1 => CPM [] -> [cell.center,cell.length,cell.surface,cell.type,cell.volume]

=====|    Phase II    |===============================
-----. Reporters and Instantaneous Processes.---------
  + 10 => Mapper [cell.center,constriction] -> [avg_constriction]

=====|    Phase III   |===============================
-----. Analysis .-------------------------------------
  + 100 => Gnuplotter [cell.type] 
  + 10 => Logger [avg_constriction,celltype.mesenchyme.size,celltype.neural.size,time] 
------------------------------------------------------
======================================================

model is up
getXMLAttribute: seeking for ModelGraph->format .. not found
getXMLAttribute: seeking for ModelGraph->reduced .. not found
getXMLAttribute: seeking for ModelGraph->exclude-symbols .. not found
getXMLAttribute: seeking for ModelGraph->include-tags .. not found
No support for graph rendering. Falling back to dot output.
Generated symbol dependency graph. Exiting.
