Initializing from file model.xml
AutoFix: Moved 2 element(s)  matching /MorpheusModel/CellTypes/CellType/System/DiffEqn/Expression to /MorpheusModel/CellTypes/CellType/System/DiffEqn/Reaction
Applied 2 patches to update MorpheusML version to internal v5!
Time/RandomSeed not specified, using arbitray seed (based on time).
Intitalize Thread 8 with seed 3794944219
Intitalize Thread 4 with seed 1041547281
Intitalize Thread 2 with seed 3600683856
Intitalize Thread Intitalize Thread 5 with seed 2936634234
0 with seed 1767919197
Intitalize Thread 3 with seed 91623362
Intitalize Thread 9 with seed 3993336837
Intitalize Thread 1 with seed 1623098779
Intitalize Thread 6 with seed 1353005081
Intitalize Thread 7 with seed 1611366915
Registering Symbol time of linktype TimeLink in Scope root
Intitalize Thread 8 with seed 468798217
Intitalize Thread Intitalize Thread Intitalize Thread 12Intitalize Thread  with seed 3144183656
 with seed 588839502Intitalize Thread 0 with seed 1
4Intitalize Thread 67Intitalize Thread Intitalize Thread 9 with seed 3 with seed 1693737216
2061911450 with seed 2438713780
 with seed 2033565838

Intitalize Thread 5 with seed 3975964472
 with seed 
3113445449
Registering Symbol space of linktype LocationLink in Scope root
Registering Symbol space.x of linktype VectorComponentLink in Scope root
Registering Symbol space.y of linktype VectorComponentLink in Scope root
Registering Symbol space.z of linktype VectorComponentLink in Scope root
Registering Symbol space.phi of linktype VectorComponentLink in Scope root
Registering Symbol space.theta of linktype VectorComponentLink in Scope root
Registering Symbol space.abs of linktype VectorComponentLink in Scope root
Creating lattice
getXMLAttribute: seeking for Lattice->class: hexagonal
getXMLAttribute: seeking for Size->value: 14, 14, 0
getXMLAttribute: seeking for Size->symbol: size
Creating subscope CellType[medium] in scope root
Registering Symbol cell.type of linktype PrimitiveConstant in Scope CellType[medium]
Registering Symbol cell.type of linktype CompositeLink in Scope root
Registering Symbol cell.id of linktype CellIDLink in Scope CellType[medium]
Registering Symbol cell.id of linktype CompositeLink in Scope root
Registering Symbol cell.center of linktype CellCenterLink in Scope CellType[medium]
Registering Symbol cell.center of linktype CompositeLink in Scope root
Registering Symbol cell.center.x of linktype VectorComponentLink in Scope root
Registering Symbol cell.center.y of linktype VectorComponentLink in Scope root
Registering Symbol cell.center.z of linktype VectorComponentLink in Scope root
Registering Symbol cell.center.phi of linktype VectorComponentLink in Scope root
Registering Symbol cell.center.theta of linktype VectorComponentLink in Scope root
Registering Symbol cell.center.abs of linktype VectorComponentLink in Scope root
Registering Symbol cell.center.x of linktype VectorComponentLink in Scope CellType[medium]
Registering Symbol cell.center.y of linktype VectorComponentLink in Scope CellType[medium]
Registering Symbol cell.center.z of linktype VectorComponentLink in Scope CellType[medium]
Registering Symbol cell.center.phi of linktype VectorComponentLink in Scope CellType[medium]
Registering Symbol cell.center.theta of linktype VectorComponentLink in Scope CellType[medium]
Registering Symbol cell.center.abs of linktype VectorComponentLink in Scope CellType[medium]
Registering Symbol cell.volume of linktype CellVolumeLink in Scope CellType[medium]
Registering Symbol cell.volume of linktype CompositeLink in Scope root
Registering Symbol celltype.medium.id of linktype PrimitiveConstant in Scope root
Registering Symbol celltype.medium.size of linktype CellPopulationSizeLink in Scope root
Creating subscope CellType[cell] in scope root
Registering Symbol cell.type of linktype PrimitiveConstant in Scope CellType[cell]
Registering Symbol cell.id of linktype CellIDLink in Scope CellType[cell]
Registering Symbol cell.center of linktype CellCenterLink in Scope CellType[cell]
Registering Symbol cell.center.x of linktype VectorComponentLink in Scope CellType[cell]
Registering Symbol cell.center.y of linktype VectorComponentLink in Scope CellType[cell]
Registering Symbol cell.center.z of linktype VectorComponentLink in Scope CellType[cell]
Registering Symbol cell.center.phi of linktype VectorComponentLink in Scope CellType[cell]
Registering Symbol cell.center.theta of linktype VectorComponentLink in Scope CellType[cell]
Registering Symbol cell.center.abs of linktype VectorComponentLink in Scope CellType[cell]
Registering Symbol cell.volume of linktype CellVolumeLink in Scope CellType[cell]
Registering Symbol cell.length of linktype CellLengthLink in Scope CellType[cell]
Registering Symbol cell.length of linktype CompositeLink in Scope root
Registering Symbol cell.surface of linktype CellInterfaceLengthLink in Scope CellType[cell]
Registering Symbol cell.surface of linktype CompositeLink in Scope root
Registering Symbol cell.orientation of linktype CellOrientationLink in Scope CellType[cell]
Registering Symbol cell.orientation of linktype CompositeLink in Scope root
Registering Symbol cell.orientation.x of linktype VectorComponentLink in Scope root
Registering Symbol cell.orientation.y of linktype VectorComponentLink in Scope root
Registering Symbol cell.orientation.z of linktype VectorComponentLink in Scope root
Registering Symbol cell.orientation.phi of linktype VectorComponentLink in Scope root
Registering Symbol cell.orientation.theta of linktype VectorComponentLink in Scope root
Registering Symbol cell.orientation.abs of linktype VectorComponentLink in Scope root
Registering Symbol cell.orientation.x of linktype VectorComponentLink in Scope CellType[cell]
Registering Symbol cell.orientation.y of linktype VectorComponentLink in Scope CellType[cell]
Registering Symbol cell.orientation.z of linktype VectorComponentLink in Scope CellType[cell]
Registering Symbol cell.orientation.phi of linktype VectorComponentLink in Scope CellType[cell]
Registering Symbol cell.orientation.theta of linktype VectorComponentLink in Scope CellType[cell]
Registering Symbol cell.orientation.abs of linktype VectorComponentLink in Scope CellType[cell]
Registering Symbol celltype.cell.id of linktype PrimitiveConstant in Scope root
Registering Symbol celltype.cell.size of linktype CellPopulationSizeLink in Scope root
getXMLAttribute: seeking for Property->name: Notch
getXMLAttribute: seeking for Property->symbol: n
getXMLAttribute: seeking for Property->value: 0.744
getXMLAttribute: seeking for Property->notation .. not found
Registering Symbol n of linktype CellPropertyLink in Scope CellType[cell]
Registering Symbol n of linktype CompositeLink in Scope root
getXMLAttribute: seeking for Property->name: Delta
getXMLAttribute: seeking for Property->symbol: d
getXMLAttribute: seeking for Property->value: 0.055
getXMLAttribute: seeking for Property->notation .. not found
Registering Symbol d of linktype CellPropertyLink in Scope CellType[cell]
Registering Symbol d of linktype CompositeLink in Scope root
getXMLAttribute: seeking for Property->name: NeighborDelta
getXMLAttribute: seeking for Property->symbol: d_avg
getXMLAttribute: seeking for Property->value: 0.055
getXMLAttribute: seeking for Property->notation .. not found
Registering Symbol d_avg of linktype CellPropertyLink in Scope CellType[cell]
Registering Symbol d_avg of linktype CompositeLink in Scope root
getXMLAttribute: seeking for System->time-step: 0.1
Creating subscope System in scope CellType[cell]
getXMLAttribute: seeking for System->solver: Runge-Kutta [fixed, O(4)]
getXMLAttribute: seeking for System->solver-eps .. not found
getXMLAttribute: seeking for Constant->name .. not found
getXMLAttribute: seeking for Constant->symbol: h
getXMLAttribute: seeking for Constant->value: 6
getXMLAttribute: seeking for Constant->notation .. not found
Registering Symbol h of linktype ConstantLink in Scope System
getXMLAttribute: seeking for Constant->name .. not found
getXMLAttribute: seeking for Constant->symbol: k
getXMLAttribute: seeking for Constant->value: 6
getXMLAttribute: seeking for Constant->notation .. not found
Registering Symbol k of linktype ConstantLink in Scope System
getXMLAttribute: seeking for Constant->name .. not found
getXMLAttribute: seeking for Constant->symbol: a
getXMLAttribute: seeking for Constant->value: 1e8
getXMLAttribute: seeking for Constant->notation .. not found
Registering Symbol a of linktype ConstantLink in Scope System
getXMLAttribute: seeking for Constant->name .. not found
getXMLAttribute: seeking for Constant->symbol: b
getXMLAttribute: seeking for Constant->value: 100
getXMLAttribute: seeking for Constant->notation .. not found
Registering Symbol b of linktype ConstantLink in Scope System
getXMLAttribute: seeking for Constant->name .. not found
getXMLAttribute: seeking for Constant->symbol: nu
getXMLAttribute: seeking for Constant->value: 1.0
getXMLAttribute: seeking for Constant->notation .. not found
Registering Symbol nu of linktype ConstantLink in Scope System
getXMLAttribute: seeking for DiffEqn->symbol-ref: n
getXMLAttribute: seeking for Reaction->text: (d_avg^k) / (a + d_avg^k) - n
getXMLAttribute: seeking for Advection->text .. not found
getXMLAttribute: seeking for Diffusion->text .. not found
getXMLAttribute: seeking for Diffusion->well-mixed .. not found
getXMLAttribute: seeking for DiffEqn->symbol-ref: d
getXMLAttribute: seeking for Reaction->text: nu * (1 / (1 + b * n^h) - d)
getXMLAttribute: seeking for Advection->text .. not found
getXMLAttribute: seeking for Diffusion->text .. not found
getXMLAttribute: seeking for Diffusion->well-mixed .. not found
getXMLAttribute: seeking for Input->scaling: cell
getXMLAttribute: seeking for Input->value: d
getXMLAttribute: seeking for Input->noflux-cell-medium .. not found
getXMLAttribute: seeking for Output[0]->mapping: average
getXMLAttribute: seeking for Output[0]->symbol-ref: d_avg
CellTypes defined: 'cell' 'medium' 
Registering Symbol size of linktype PrimitiveConstant in Scope root
Registering Symbol size.x of linktype VectorComponentLink in Scope root
Registering Symbol size.y of linktype VectorComponentLink in Scope root
Registering Symbol size.z of linktype VectorComponentLink in Scope root
Registering Symbol size.phi of linktype VectorComponentLink in Scope root
Registering Symbol size.theta of linktype VectorComponentLink in Scope root
Registering Symbol size.abs of linktype VectorComponentLink in Scope root
Setting boundary neighborhood to order 1
Creating cell layer of size 0.00976562 MB
with initial state set to CellType 'medium'
Initializing celltype 'medium'
Initializing celltype 'cell'
Scope: Creating Accessor for symbol 'n' from Scope CellType[cell]
Scope: Creating Accessor for symbol 'd' from Scope CellType[cell]
Scope: Creating Accessor for symbol 'd_avg' from Scope CellType[cell]
Scope: Creating Accessor for symbol 'k' from Scope System
Scope: Creating Accessor for symbol 'a' from Scope System
Scope: Creating Accessor for symbol 'nu' from Scope System
Scope: Creating Accessor for symbol 'b' from Scope System
Scope: Creating Accessor for symbol 'h' from Scope System
System::init: Reordering Initializers ...
Scope: Creating Accessor for symbol 'd' from Scope root
EvaluatorCache::registerSymbol(): Symbol d is not defined in all spatial scopes (CellTypes) of scope root!
