
multiplot> set colorbox; set cbtics; set clabel;
                                         ^
           line 0: unrecognized option - see 'help set'.


multiplot> set colorbox; set cbtics; set clabel;
                                         ^
           line 1049: unrecognized option - see 'help set'.

           line 1201: warning: Skipping data file with no valid points

multiplot> set colorbox; set cbtics; set clabel;
                                         ^
           line 1201: unrecognized option - see 'help set'.


multiplot> set colorbox; set cbtics; set clabel;
                                         ^
           line 1201: unrecognized option - see 'help set'.


multiplot> set colorbox; set cbtics; set clabel;
                                         ^
           line 11408: unrecognized option - see 'help set'.


multiplot> set colorbox; set cbtics; set clabel;
                                         ^
           line 11560: unrecognized option - see 'help set'.


multiplot> set colorbox; set cbtics; set clabel;
                                         ^
           line 11560: unrecognized option - see 'help set'.


multiplot> set colorbox; set cbtics; set clabel;
                                         ^
           line 21807: unrecognized option - see 'help set'.


multiplot> set colorbox; set cbtics; set clabel;
                                         ^
           line 21959: unrecognized option - see 'help set'.


multiplot> set colorbox; set cbtics; set clabel;
                                         ^
           line 21959: unrecognized option - see 'help set'.


multiplot> set colorbox; set cbtics; set clabel;
                                         ^
           line 32200: unrecognized option - see 'help set'.


multiplot> set colorbox; set cbtics; set clabel;
                                         ^
           line 32352: unrecognized option - see 'help set'.


multiplot> set colorbox; set cbtics; set clabel;
                                         ^
           line 32352: unrecognized option - see 'help set'.


multiplot> set colorbox; set cbtics; set clabel;
                                         ^
           line 42773: unrecognized option - see 'help set'.


multiplot> set colorbox; set cbtics; set clabel;
                                         ^
           line 42925: unrecognized option - see 'help set'.


multiplot> set colorbox; set cbtics; set clabel;
                                         ^
           line 42925: unrecognized option - see 'help set'.


multiplot> set colorbox; set cbtics; set clabel;
                                         ^
           line 53434: unrecognized option - see 'help set'.


multiplot> set colorbox; set cbtics; set clabel;
                                         ^
           line 53586: unrecognized option - see 'help set'.


multiplot> set colorbox; set cbtics; set clabel;
                                         ^
           line 53586: unrecognized option - see 'help set'.


multiplot> set colorbox; set cbtics; set clabel;
                                         ^
           line 64152: unrecognized option - see 'help set'.


multiplot> set colorbox; set cbtics; set clabel;
                                         ^
           line 64304: unrecognized option - see 'help set'.


multiplot> set colorbox; set cbtics; set clabel;
                                         ^
           line 64304: unrecognized option - see 'help set'.


multiplot> set colorbox; set cbtics; set clabel;
                                         ^
           line 75050: unrecognized option - see 'help set'.


multiplot> set colorbox; set cbtics; set clabel;
                                         ^
           line 75202: unrecognized option - see 'help set'.


multiplot> set colorbox; set cbtics; set clabel;
                                         ^
           line 75202: unrecognized option - see 'help set'.


multiplot> set colorbox; set cbtics; set clabel;
                                         ^
           line 85961: unrecognized option - see 'help set'.


multiplot> set colorbox; set cbtics; set clabel;
                                         ^
           line 86113: unrecognized option - see 'help set'.


multiplot> set colorbox; set cbtics; set clabel;
                                         ^
           line 86113: unrecognized option - see 'help set'.


multiplot> set colorbox; set cbtics; set clabel;
                                         ^
           line 97095: unrecognized option - see 'help set'.


multiplot> set colorbox; set cbtics; set clabel;
                                         ^
           line 97247: unrecognized option - see 'help set'.


multiplot> set colorbox; set cbtics; set clabel;
                                         ^
           line 97247: unrecognized option - see 'help set'.


multiplot> set colorbox; set cbtics; set clabel;
                                         ^
           line 108167: unrecognized option - see 'help set'.


multiplot> set colorbox; set cbtics; set clabel;
                                         ^
           line 108319: unrecognized option - see 'help set'.


multiplot> set colorbox; set cbtics; set clabel;
                                         ^
           line 108319: unrecognized option - see 'help set'.


multiplot> set colorbox; set cbtics; set clabel;
                                         ^
           line 119274: unrecognized option - see 'help set'.


multiplot> set colorbox; set cbtics; set clabel;
                                         ^
           line 119426: unrecognized option - see 'help set'.


multiplot> set colorbox; set cbtics; set clabel;
                                         ^
           line 119426: unrecognized option - see 'help set'.


multiplot> set colorbox; set cbtics; set clabel;
                                         ^
           line 130444: unrecognized option - see 'help set'.


multiplot> set colorbox; set cbtics; set clabel;
                                         ^
           line 130596: unrecognized option - see 'help set'.


multiplot> set colorbox; set cbtics; set clabel;
                                         ^
           line 130596: unrecognized option - see 'help set'.


multiplot> set colorbox; set cbtics; set clabel;
                                         ^
           line 141577: unrecognized option - see 'help set'.


multiplot> set colorbox; set cbtics; set clabel;
                                         ^
           line 141729: unrecognized option - see 'help set'.


multiplot> set colorbox; set cbtics; set clabel;
                                         ^
           line 141729: unrecognized option - see 'help set'.


multiplot> set colorbox; set cbtics; set clabel;
                                         ^
           line 152938: unrecognized option - see 'help set'.


multiplot> set colorbox; set cbtics; set clabel;
                                         ^
           line 153090: unrecognized option - see 'help set'.


multiplot> set colorbox; set cbtics; set clabel;
                                         ^
           line 153090: unrecognized option - see 'help set'.


multiplot> set colorbox; set cbtics; set clabel;
                                         ^
           line 164381: unrecognized option - see 'help set'.


multiplot> set colorbox; set cbtics; set clabel;
                                         ^
           line 164533: unrecognized option - see 'help set'.


multiplot> set colorbox; set cbtics; set clabel;
                                         ^
           line 164533: unrecognized option - see 'help set'.


multiplot> set colorbox; set cbtics; set clabel;
                                         ^
           line 175829: unrecognized option - see 'help set'.


multiplot> set colorbox; set cbtics; set clabel;
                                         ^
           line 175981: unrecognized option - see 'help set'.


multiplot> set colorbox; set cbtics; set clabel;
                                         ^
           line 175981: unrecognized option - see 'help set'.


multiplot> set colorbox; set cbtics; set clabel;
                                         ^
           line 187263: unrecognized option - see 'help set'.


multiplot> set colorbox; set cbtics; set clabel;
                                         ^
           line 187415: unrecognized option - see 'help set'.


multiplot> set colorbox; set cbtics; set clabel;
                                         ^
           line 187415: unrecognized option - see 'help set'.


multiplot> set colorbox; set cbtics; set clabel;
                                         ^
           line 198793: unrecognized option - see 'help set'.


multiplot> set colorbox; set cbtics; set clabel;
                                         ^
           line 198945: unrecognized option - see 'help set'.


multiplot> set colorbox; set cbtics; set clabel;
                                         ^
           line 198945: unrecognized option - see 'help set'.


multiplot> set colorbox; set cbtics; set clabel;
                                         ^
           line 210317: unrecognized option - see 'help set'.


multiplot> set colorbox; set cbtics; set clabel;
                                         ^
           line 210469: unrecognized option - see 'help set'.


multiplot> set colorbox; set cbtics; set clabel;
                                         ^
           line 210469: unrecognized option - see 'help set'.


multiplot> set colorbox; set cbtics; set clabel;
                                         ^
           line 221716: unrecognized option - see 'help set'.


multiplot> set colorbox; set cbtics; set clabel;
                                         ^
           line 221868: unrecognized option - see 'help set'.


multiplot> set colorbox; set cbtics; set clabel;
                                         ^
           line 221868: unrecognized option - see 'help set'.


multiplot> set colorbox; set cbtics; set clabel;
                                         ^
           line 233070: unrecognized option - see 'help set'.


multiplot> set colorbox; set cbtics; set clabel;
                                         ^
           line 233222: unrecognized option - see 'help set'.


multiplot> set colorbox; set cbtics; set clabel;
                                         ^
           line 233222: unrecognized option - see 'help set'.


multiplot> set colorbox; set cbtics; set clabel;
                                         ^
           line 244457: unrecognized option - see 'help set'.


multiplot> set colorbox; set cbtics; set clabel;
                                         ^
           line 244609: unrecognized option - see 'help set'.


multiplot> set colorbox; set cbtics; set clabel;
                                         ^
           line 244609: unrecognized option - see 'help set'.


multiplot> set colorbox; set cbtics; set clabel;
                                         ^
           line 255987: unrecognized option - see 'help set'.


multiplot> set colorbox; set cbtics; set clabel;
                                         ^
           line 256139: unrecognized option - see 'help set'.


multiplot> set colorbox; set cbtics; set clabel;
                                         ^
           line 256139: unrecognized option - see 'help set'.


multiplot> set colorbox; set cbtics; set clabel;
                                         ^
           line 267454: unrecognized option - see 'help set'.


multiplot> set colorbox; set cbtics; set clabel;
                                         ^
           line 267606: unrecognized option - see 'help set'.


multiplot> set colorbox; set cbtics; set clabel;
                                         ^
           line 267606: unrecognized option - see 'help set'.


multiplot> set colorbox; set cbtics; set clabel;
                                         ^
           line 278695: unrecognized option - see 'help set'.


multiplot> set colorbox; set cbtics; set clabel;
                                         ^
           line 278847: unrecognized option - see 'help set'.


multiplot> set colorbox; set cbtics; set clabel;
                                         ^
           line 278847: unrecognized option - see 'help set'.


multiplot> set colorbox; set cbtics; set clabel;
                                         ^
           line 289856: unrecognized option - see 'help set'.


multiplot> set colorbox; set cbtics; set clabel;
                                         ^
           line 290008: unrecognized option - see 'help set'.


multiplot> set colorbox; set cbtics; set clabel;
                                         ^
           line 290008: unrecognized option - see 'help set'.


multiplot> set colorbox; set cbtics; set clabel;
                                         ^
           line 301112: unrecognized option - see 'help set'.


multiplot> set colorbox; set cbtics; set clabel;
                                         ^
           line 301264: unrecognized option - see 'help set'.


multiplot> set colorbox; set cbtics; set clabel;
                                         ^
           line 301264: unrecognized option - see 'help set'.


multiplot> set colorbox; set cbtics; set clabel;
                                         ^
           line 312487: unrecognized option - see 'help set'.


multiplot> set colorbox; set cbtics; set clabel;
                                         ^
           line 312639: unrecognized option - see 'help set'.


multiplot> set colorbox; set cbtics; set clabel;
                                         ^
           line 312639: unrecognized option - see 'help set'.


multiplot> set colorbox; set cbtics; set clabel;
                                         ^
           line 323904: unrecognized option - see 'help set'.


multiplot> set colorbox; set cbtics; set clabel;
                                         ^
           line 324056: unrecognized option - see 'help set'.


multiplot> set colorbox; set cbtics; set clabel;
                                         ^
           line 324056: unrecognized option - see 'help set'.


multiplot> set colorbox; set cbtics; set clabel;
                                         ^
           line 335387: unrecognized option - see 'help set'.


multiplot> set colorbox; set cbtics; set clabel;
                                         ^
           line 335539: unrecognized option - see 'help set'.


multiplot> set colorbox; set cbtics; set clabel;
                                         ^
           line 335539: unrecognized option - see 'help set'.


multiplot> set colorbox; set cbtics; set clabel;
                                         ^
           line 346759: unrecognized option - see 'help set'.


multiplot> set colorbox; set cbtics; set clabel;
                                         ^
           line 346911: unrecognized option - see 'help set'.


multiplot> set colorbox; set cbtics; set clabel;
                                         ^
           line 346911: unrecognized option - see 'help set'.


multiplot> set colorbox; set cbtics; set clabel;
                                         ^
           line 358079: unrecognized option - see 'help set'.


multiplot> set colorbox; set cbtics; set clabel;
                                         ^
           line 358231: unrecognized option - see 'help set'.


multiplot> set colorbox; set cbtics; set clabel;
                                         ^
           line 358231: unrecognized option - see 'help set'.


multiplot> set colorbox; set cbtics; set clabel;
                                         ^
           line 369410: unrecognized option - see 'help set'.


multiplot> set colorbox; set cbtics; set clabel;
                                         ^
           line 369562: unrecognized option - see 'help set'.


multiplot> set colorbox; set cbtics; set clabel;
                                         ^
           line 369562: unrecognized option - see 'help set'.


multiplot> set colorbox; set cbtics; set clabel;
                                         ^
           line 380808: unrecognized option - see 'help set'.


multiplot> set colorbox; set cbtics; set clabel;
                                         ^
           line 380960: unrecognized option - see 'help set'.


multiplot> set colorbox; set cbtics; set clabel;
                                         ^
           line 380960: unrecognized option - see 'help set'.


multiplot> set colorbox; set cbtics; set clabel;
                                         ^
           line 392132: unrecognized option - see 'help set'.


multiplot> set colorbox; set cbtics; set clabel;
                                         ^
           line 392284: unrecognized option - see 'help set'.


multiplot> set colorbox; set cbtics; set clabel;
                                         ^
           line 392284: unrecognized option - see 'help set'.


multiplot> set colorbox; set cbtics; set clabel;
                                         ^
           line 403471: unrecognized option - see 'help set'.


multiplot> set colorbox; set cbtics; set clabel;
                                         ^
           line 403623: unrecognized option - see 'help set'.


multiplot> set colorbox; set cbtics; set clabel;
                                         ^
           line 403623: unrecognized option - see 'help set'.


multiplot> set colorbox; set cbtics; set clabel;
                                         ^
           line 414708: unrecognized option - see 'help set'.


multiplot> set colorbox; set cbtics; set clabel;
                                         ^
           line 414860: unrecognized option - see 'help set'.


multiplot> set colorbox; set cbtics; set clabel;
                                         ^
           line 414860: unrecognized option - see 'help set'.


multiplot> set colorbox; set cbtics; set clabel;
                                         ^
           line 426006: unrecognized option - see 'help set'.


multiplot> set colorbox; set cbtics; set clabel;
                                         ^
           line 426158: unrecognized option - see 'help set'.


multiplot> set colorbox; set cbtics; set clabel;
                                         ^
           line 426158: unrecognized option - see 'help set'.


multiplot> set colorbox; set cbtics; set clabel;
                                         ^
           line 437227: unrecognized option - see 'help set'.


multiplot> set colorbox; set cbtics; set clabel;
                                         ^
           line 437379: unrecognized option - see 'help set'.


multiplot> set colorbox; set cbtics; set clabel;
                                         ^
           line 437379: unrecognized option - see 'help set'.


multiplot> set colorbox; set cbtics; set clabel;
                                         ^
           line 448488: unrecognized option - see 'help set'.


multiplot> set colorbox; set cbtics; set clabel;
                                         ^
           line 448640: unrecognized option - see 'help set'.


multiplot> set colorbox; set cbtics; set clabel;
                                         ^
           line 448640: unrecognized option - see 'help set'.


multiplot> set colorbox; set cbtics; set clabel;
                                         ^
           line 459808: unrecognized option - see 'help set'.


multiplot> set colorbox; set cbtics; set clabel;
                                         ^
           line 459960: unrecognized option - see 'help set'.


multiplot> set colorbox; set cbtics; set clabel;
                                         ^
           line 459960: unrecognized option - see 'help set'.


multiplot> set colorbox; set cbtics; set clabel;
                                         ^
           line 471078: unrecognized option - see 'help set'.


multiplot> set colorbox; set cbtics; set clabel;
                                         ^
           line 471230: unrecognized option - see 'help set'.


multiplot> set colorbox; set cbtics; set clabel;
                                         ^
           line 471230: unrecognized option - see 'help set'.


multiplot> set colorbox; set cbtics; set clabel;
                                         ^
           line 482341: unrecognized option - see 'help set'.


multiplot> set colorbox; set cbtics; set clabel;
                                         ^
           line 482493: unrecognized option - see 'help set'.


multiplot> set colorbox; set cbtics; set clabel;
                                         ^
           line 482493: unrecognized option - see 'help set'.


multiplot> set colorbox; set cbtics; set clabel;
                                         ^
           line 493691: unrecognized option - see 'help set'.


multiplot> set colorbox; set cbtics; set clabel;
                                         ^
           line 493843: unrecognized option - see 'help set'.


multiplot> set colorbox; set cbtics; set clabel;
                                         ^
           line 493843: unrecognized option - see 'help set'.


multiplot> set colorbox; set cbtics; set clabel;
                                         ^
           line 504993: unrecognized option - see 'help set'.


multiplot> set colorbox; set cbtics; set clabel;
                                         ^
           line 505145: unrecognized option - see 'help set'.


multiplot> set colorbox; set cbtics; set clabel;
                                         ^
           line 505145: unrecognized option - see 'help set'.


multiplot> set colorbox; set cbtics; set clabel;
                                         ^
           line 516061: unrecognized option - see 'help set'.


multiplot> set colorbox; set cbtics; set clabel;
                                         ^
           line 516213: unrecognized option - see 'help set'.


multiplot> set colorbox; set cbtics; set clabel;
                                         ^
           line 516213: unrecognized option - see 'help set'.


multiplot> set colorbox; set cbtics; set clabel;
                                         ^
           line 527217: unrecognized option - see 'help set'.


multiplot> set colorbox; set cbtics; set clabel;
                                         ^
           line 527369: unrecognized option - see 'help set'.


multiplot> set colorbox; set cbtics; set clabel;
                                         ^
           line 527369: unrecognized option - see 'help set'.


multiplot> set colorbox; set cbtics; set clabel;
                                         ^
           line 538466: unrecognized option - see 'help set'.


multiplot> set colorbox; set cbtics; set clabel;
                                         ^
           line 538618: unrecognized option - see 'help set'.


multiplot> set colorbox; set cbtics; set clabel;
                                         ^
           line 538618: unrecognized option - see 'help set'.


multiplot> set colorbox; set cbtics; set clabel;
                                         ^
           line 549768: unrecognized option - see 'help set'.


multiplot> set colorbox; set cbtics; set clabel;
                                         ^
           line 549920: unrecognized option - see 'help set'.


multiplot> set colorbox; set cbtics; set clabel;
                                         ^
           line 549920: unrecognized option - see 'help set'.


multiplot> set colorbox; set cbtics; set clabel;
                                         ^
           line 561066: unrecognized option - see 'help set'.


multiplot> set colorbox; set cbtics; set clabel;
                                         ^
           line 561218: unrecognized option - see 'help set'.


multiplot> set colorbox; set cbtics; set clabel;
                                         ^
           line 561218: unrecognized option - see 'help set'.


multiplot> set colorbox; set cbtics; set clabel;
                                         ^
           line 572461: unrecognized option - see 'help set'.


multiplot> set colorbox; set cbtics; set clabel;
                                         ^
           line 572613: unrecognized option - see 'help set'.


multiplot> set colorbox; set cbtics; set clabel;
                                         ^
           line 572613: unrecognized option - see 'help set'.


multiplot> set colorbox; set cbtics; set clabel;
                                         ^
           line 583919: unrecognized option - see 'help set'.


multiplot> set colorbox; set cbtics; set clabel;
                                         ^
           line 584071: unrecognized option - see 'help set'.


multiplot> set colorbox; set cbtics; set clabel;
                                         ^
           line 584071: unrecognized option - see 'help set'.


multiplot> set colorbox; set cbtics; set clabel;
                                         ^
           line 595447: unrecognized option - see 'help set'.


multiplot> set colorbox; set cbtics; set clabel;
                                         ^
           line 595599: unrecognized option - see 'help set'.


multiplot> set colorbox; set cbtics; set clabel;
                                         ^
           line 595599: unrecognized option - see 'help set'.


multiplot> set colorbox; set cbtics; set clabel;
                                         ^
           line 606939: unrecognized option - see 'help set'.


multiplot> set colorbox; set cbtics; set clabel;
                                         ^
           line 607091: unrecognized option - see 'help set'.


multiplot> set colorbox; set cbtics; set clabel;
                                         ^
           line 607091: unrecognized option - see 'help set'.


multiplot> set colorbox; set cbtics; set clabel;
                                         ^
           line 618441: unrecognized option - see 'help set'.


multiplot> set colorbox; set cbtics; set clabel;
                                         ^
           line 618593: unrecognized option - see 'help set'.


multiplot> set colorbox; set cbtics; set clabel;
                                         ^
           line 618593: unrecognized option - see 'help set'.


multiplot> set colorbox; set cbtics; set clabel;
                                         ^
           line 629968: unrecognized option - see 'help set'.


multiplot> set colorbox; set cbtics; set clabel;
                                         ^
           line 630120: unrecognized option - see 'help set'.


multiplot> set colorbox; set cbtics; set clabel;
                                         ^
           line 630120: unrecognized option - see 'help set'.


multiplot> set colorbox; set cbtics; set clabel;
                                         ^
           line 641411: unrecognized option - see 'help set'.


multiplot> set colorbox; set cbtics; set clabel;
                                         ^
           line 641563: unrecognized option - see 'help set'.


multiplot> set colorbox; set cbtics; set clabel;
                                         ^
           line 641563: unrecognized option - see 'help set'.


multiplot> set colorbox; set cbtics; set clabel;
                                         ^
           line 652691: unrecognized option - see 'help set'.


multiplot> set colorbox; set cbtics; set clabel;
                                         ^
           line 652843: unrecognized option - see 'help set'.


multiplot> set colorbox; set cbtics; set clabel;
                                         ^
           line 652843: unrecognized option - see 'help set'.


multiplot> set colorbox; set cbtics; set clabel;
                                         ^
           line 663868: unrecognized option - see 'help set'.


multiplot> set colorbox; set cbtics; set clabel;
                                         ^
           line 664020: unrecognized option - see 'help set'.


multiplot> set colorbox; set cbtics; set clabel;
                                         ^
           line 664020: unrecognized option - see 'help set'.


multiplot> set colorbox; set cbtics; set clabel;
                                         ^
           line 675191: unrecognized option - see 'help set'.


multiplot> set colorbox; set cbtics; set clabel;
                                         ^
           line 675343: unrecognized option - see 'help set'.


multiplot> set colorbox; set cbtics; set clabel;
                                         ^
           line 675343: unrecognized option - see 'help set'.


multiplot> set colorbox; set cbtics; set clabel;
                                         ^
           line 686329: unrecognized option - see 'help set'.


multiplot> set colorbox; set cbtics; set clabel;
                                         ^
           line 686481: unrecognized option - see 'help set'.


multiplot> set colorbox; set cbtics; set clabel;
                                         ^
           line 686481: unrecognized option - see 'help set'.


multiplot> set colorbox; set cbtics; set clabel;
                                         ^
           line 697451: unrecognized option - see 'help set'.


multiplot> set colorbox; set cbtics; set clabel;
                                         ^
           line 697603: unrecognized option - see 'help set'.


multiplot> set colorbox; set cbtics; set clabel;
                                         ^
           line 697603: unrecognized option - see 'help set'.


multiplot> set colorbox; set cbtics; set clabel;
                                         ^
           line 708665: unrecognized option - see 'help set'.


multiplot> set colorbox; set cbtics; set clabel;
                                         ^
           line 708817: unrecognized option - see 'help set'.


multiplot> set colorbox; set cbtics; set clabel;
                                         ^
           line 708817: unrecognized option - see 'help set'.


multiplot> set colorbox; set cbtics; set clabel;
                                         ^
           line 719861: unrecognized option - see 'help set'.


multiplot> set colorbox; set cbtics; set clabel;
                                         ^
           line 720013: unrecognized option - see 'help set'.


multiplot> set colorbox; set cbtics; set clabel;
                                         ^
           line 720013: unrecognized option - see 'help set'.


multiplot> set colorbox; set cbtics; set clabel;
                                         ^
           line 731118: unrecognized option - see 'help set'.


multiplot> set colorbox; set cbtics; set clabel;
                                         ^
           line 731270: unrecognized option - see 'help set'.


multiplot> set colorbox; set cbtics; set clabel;
                                         ^
           line 731270: unrecognized option - see 'help set'.


multiplot> set colorbox; set cbtics; set clabel;
                                         ^
           line 742463: unrecognized option - see 'help set'.


multiplot> set colorbox; set cbtics; set clabel;
                                         ^
           line 742615: unrecognized option - see 'help set'.


multiplot> set colorbox; set cbtics; set clabel;
                                         ^
           line 742615: unrecognized option - see 'help set'.


multiplot> set colorbox; set cbtics; set clabel;
                                         ^
           line 753743: unrecognized option - see 'help set'.


multiplot> set colorbox; set cbtics; set clabel;
                                         ^
           line 753895: unrecognized option - see 'help set'.


multiplot> set colorbox; set cbtics; set clabel;
                                         ^
           line 753895: unrecognized option - see 'help set'.


multiplot> set colorbox; set cbtics; set clabel;
                                         ^
           line 765108: unrecognized option - see 'help set'.


multiplot> set colorbox; set cbtics; set clabel;
                                         ^
           line 765260: unrecognized option - see 'help set'.


multiplot> set colorbox; set cbtics; set clabel;
                                         ^
           line 765260: unrecognized option - see 'help set'.


multiplot> set colorbox; set cbtics; set clabel;
                                         ^
           line 776330: unrecognized option - see 'help set'.


multiplot> set colorbox; set cbtics; set clabel;
                                         ^
           line 776482: unrecognized option - see 'help set'.


multiplot> set colorbox; set cbtics; set clabel;
                                         ^
           line 776482: unrecognized option - see 'help set'.


multiplot> set colorbox; set cbtics; set clabel;
                                         ^
           line 787605: unrecognized option - see 'help set'.


multiplot> set colorbox; set cbtics; set clabel;
                                         ^
           line 787757: unrecognized option - see 'help set'.


multiplot> set colorbox; set cbtics; set clabel;
                                         ^
           line 787757: unrecognized option - see 'help set'.


multiplot> set colorbox; set cbtics; set clabel;
                                         ^
           line 798848: unrecognized option - see 'help set'.


multiplot> set colorbox; set cbtics; set clabel;
                                         ^
           line 799000: unrecognized option - see 'help set'.


multiplot> set colorbox; set cbtics; set clabel;
                                         ^
           line 799000: unrecognized option - see 'help set'.


multiplot> set colorbox; set cbtics; set clabel;
                                         ^
           line 810081: unrecognized option - see 'help set'.


multiplot> set colorbox; set cbtics; set clabel;
                                         ^
           line 810233: unrecognized option - see 'help set'.


multiplot> set colorbox; set cbtics; set clabel;
                                         ^
           line 810233: unrecognized option - see 'help set'.


multiplot> set colorbox; set cbtics; set clabel;
                                         ^
           line 821488: unrecognized option - see 'help set'.


multiplot> set colorbox; set cbtics; set clabel;
                                         ^
           line 821640: unrecognized option - see 'help set'.


multiplot> set colorbox; set cbtics; set clabel;
                                         ^
           line 821640: unrecognized option - see 'help set'.


multiplot> set colorbox; set cbtics; set clabel;
                                         ^
           line 832972: unrecognized option - see 'help set'.


multiplot> set colorbox; set cbtics; set clabel;
                                         ^
           line 833124: unrecognized option - see 'help set'.


multiplot> set colorbox; set cbtics; set clabel;
                                         ^
           line 833124: unrecognized option - see 'help set'.


multiplot> set colorbox; set cbtics; set clabel;
                                         ^
           line 844370: unrecognized option - see 'help set'.


multiplot> set colorbox; set cbtics; set clabel;
                                         ^
           line 844522: unrecognized option - see 'help set'.


multiplot> set colorbox; set cbtics; set clabel;
                                         ^
           line 844522: unrecognized option - see 'help set'.


multiplot> set colorbox; set cbtics; set clabel;
                                         ^
           line 855759: unrecognized option - see 'help set'.


multiplot> set colorbox; set cbtics; set clabel;
                                         ^
           line 855911: unrecognized option - see 'help set'.


multiplot> set colorbox; set cbtics; set clabel;
                                         ^
           line 855911: unrecognized option - see 'help set'.


multiplot> set colorbox; set cbtics; set clabel;
                                         ^
           line 867070: unrecognized option - see 'help set'.


multiplot> set colorbox; set cbtics; set clabel;
                                         ^
           line 867222: unrecognized option - see 'help set'.


multiplot> set colorbox; set cbtics; set clabel;
                                         ^
           line 867222: unrecognized option - see 'help set'.


multiplot> set colorbox; set cbtics; set clabel;
                                         ^
           line 878559: unrecognized option - see 'help set'.


multiplot> set colorbox; set cbtics; set clabel;
                                         ^
           line 878711: unrecognized option - see 'help set'.


multiplot> set colorbox; set cbtics; set clabel;
                                         ^
           line 878711: unrecognized option - see 'help set'.


multiplot> set colorbox; set cbtics; set clabel;
                                         ^
           line 890120: unrecognized option - see 'help set'.


multiplot> set colorbox; set cbtics; set clabel;
                                         ^
           line 890272: unrecognized option - see 'help set'.


multiplot> set colorbox; set cbtics; set clabel;
                                         ^
           line 890272: unrecognized option - see 'help set'.


multiplot> set colorbox; set cbtics; set clabel;
                                         ^
           line 901788: unrecognized option - see 'help set'.


multiplot> set colorbox; set cbtics; set clabel;
                                         ^
           line 901940: unrecognized option - see 'help set'.


multiplot> set colorbox; set cbtics; set clabel;
                                         ^
           line 901940: unrecognized option - see 'help set'.


multiplot> set colorbox; set cbtics; set clabel;
                                         ^
           line 913284: unrecognized option - see 'help set'.


multiplot> set colorbox; set cbtics; set clabel;
                                         ^
           line 913436: unrecognized option - see 'help set'.


multiplot> set colorbox; set cbtics; set clabel;
                                         ^
           line 913436: unrecognized option - see 'help set'.


multiplot> set colorbox; set cbtics; set clabel;
                                         ^
           line 924694: unrecognized option - see 'help set'.


multiplot> set colorbox; set cbtics; set clabel;
                                         ^
           line 924846: unrecognized option - see 'help set'.


multiplot> set colorbox; set cbtics; set clabel;
                                         ^
           line 924846: unrecognized option - see 'help set'.


multiplot> set colorbox; set cbtics; set clabel;
                                         ^
           line 936019: unrecognized option - see 'help set'.


multiplot> set colorbox; set cbtics; set clabel;
                                         ^
           line 936171: unrecognized option - see 'help set'.


multiplot> set colorbox; set cbtics; set clabel;
                                         ^
           line 936171: unrecognized option - see 'help set'.


multiplot> set colorbox; set cbtics; set clabel;
                                         ^
           line 947255: unrecognized option - see 'help set'.


multiplot> set colorbox; set cbtics; set clabel;
                                         ^
           line 947407: unrecognized option - see 'help set'.


multiplot> set colorbox; set cbtics; set clabel;
                                         ^
           line 947407: unrecognized option - see 'help set'.


multiplot> set colorbox; set cbtics; set clabel;
                                         ^
           line 958462: unrecognized option - see 'help set'.


multiplot> set colorbox; set cbtics; set clabel;
                                         ^
           line 958614: unrecognized option - see 'help set'.


multiplot> set colorbox; set cbtics; set clabel;
                                         ^
           line 958614: unrecognized option - see 'help set'.


multiplot> set colorbox; set cbtics; set clabel;
                                         ^
           line 969731: unrecognized option - see 'help set'.


multiplot> set colorbox; set cbtics; set clabel;
                                         ^
           line 969883: unrecognized option - see 'help set'.


multiplot> set colorbox; set cbtics; set clabel;
                                         ^
           line 969883: unrecognized option - see 'help set'.


multiplot> set colorbox; set cbtics; set clabel;
                                         ^
           line 981033: unrecognized option - see 'help set'.


multiplot> set colorbox; set cbtics; set clabel;
                                         ^
           line 981185: unrecognized option - see 'help set'.


multiplot> set colorbox; set cbtics; set clabel;
                                         ^
           line 981185: unrecognized option - see 'help set'.


multiplot> set colorbox; set cbtics; set clabel;
                                         ^
           line 992379: unrecognized option - see 'help set'.


multiplot> set colorbox; set cbtics; set clabel;
                                         ^
           line 992531: unrecognized option - see 'help set'.


multiplot> set colorbox; set cbtics; set clabel;
                                         ^
           line 992531: unrecognized option - see 'help set'.


multiplot> set colorbox; set cbtics; set clabel;
                                         ^
           line 1003893: unrecognized option - see 'help set'.


multiplot> set colorbox; set cbtics; set clabel;
                                         ^
           line 1004045: unrecognized option - see 'help set'.


multiplot> set colorbox; set cbtics; set clabel;
                                         ^
           line 1004045: unrecognized option - see 'help set'.


multiplot> set colorbox; set cbtics; set clabel;
                                         ^
           line 1015263: unrecognized option - see 'help set'.


multiplot> set colorbox; set cbtics; set clabel;
                                         ^
           line 1015415: unrecognized option - see 'help set'.


multiplot> set colorbox; set cbtics; set clabel;
                                         ^
           line 1015415: unrecognized option - see 'help set'.


multiplot> set colorbox; set cbtics; set clabel;
                                         ^
           line 1026496: unrecognized option - see 'help set'.


multiplot> set colorbox; set cbtics; set clabel;
                                         ^
           line 1026648: unrecognized option - see 'help set'.


multiplot> set colorbox; set cbtics; set clabel;
                                         ^
           line 1026648: unrecognized option - see 'help set'.


multiplot> set colorbox; set cbtics; set clabel;
                                         ^
           line 1037799: unrecognized option - see 'help set'.


multiplot> set colorbox; set cbtics; set clabel;
                                         ^
           line 1037951: unrecognized option - see 'help set'.


multiplot> set colorbox; set cbtics; set clabel;
                                         ^
           line 1037951: unrecognized option - see 'help set'.


multiplot> set colorbox; set cbtics; set clabel;
                                         ^
           line 1049129: unrecognized option - see 'help set'.


multiplot> set colorbox; set cbtics; set clabel;
                                         ^
           line 1049281: unrecognized option - see 'help set'.


multiplot> set colorbox; set cbtics; set clabel;
                                         ^
           line 1049281: unrecognized option - see 'help set'.


multiplot> set colorbox; set cbtics; set clabel;
                                         ^
           line 1060568: unrecognized option - see 'help set'.


multiplot> set colorbox; set cbtics; set clabel;
                                         ^
           line 1060720: unrecognized option - see 'help set'.


multiplot> set colorbox; set cbtics; set clabel;
                                         ^
           line 1060720: unrecognized option - see 'help set'.


multiplot> set colorbox; set cbtics; set clabel;
                                         ^
           line 1071893: unrecognized option - see 'help set'.


multiplot> set colorbox; set cbtics; set clabel;
                                         ^
           line 1072045: unrecognized option - see 'help set'.


multiplot> set colorbox; set cbtics; set clabel;
                                         ^
           line 1072045: unrecognized option - see 'help set'.


multiplot> set colorbox; set cbtics; set clabel;
                                         ^
           line 1083117: unrecognized option - see 'help set'.


multiplot> set colorbox; set cbtics; set clabel;
                                         ^
           line 1083269: unrecognized option - see 'help set'.


multiplot> set colorbox; set cbtics; set clabel;
                                         ^
           line 1083269: unrecognized option - see 'help set'.


multiplot> set colorbox; set cbtics; set clabel;
                                         ^
           line 1094445: unrecognized option - see 'help set'.


multiplot> set colorbox; set cbtics; set clabel;
                                         ^
           line 1094597: unrecognized option - see 'help set'.


multiplot> set colorbox; set cbtics; set clabel;
                                         ^
           line 1094597: unrecognized option - see 'help set'.


multiplot> set colorbox; set cbtics; set clabel;
                                         ^
           line 1105784: unrecognized option - see 'help set'.


multiplot> set colorbox; set cbtics; set clabel;
                                         ^
           line 1105936: unrecognized option - see 'help set'.


multiplot> set colorbox; set cbtics; set clabel;
                                         ^
           line 1105936: unrecognized option - see 'help set'.


multiplot> set colorbox; set cbtics; set clabel;
                                         ^
           line 1117187: unrecognized option - see 'help set'.


multiplot> set colorbox; set cbtics; set clabel;
                                         ^
           line 1117339: unrecognized option - see 'help set'.


multiplot> set colorbox; set cbtics; set clabel;
                                         ^
           line 1117339: unrecognized option - see 'help set'.


multiplot> set colorbox; set cbtics; set clabel;
                                         ^
           line 1128597: unrecognized option - see 'help set'.


multiplot> set colorbox; set cbtics; set clabel;
                                         ^
           line 1128749: unrecognized option - see 'help set'.

