Setting output directory /Users/prerana/Desktop/morpheus/1_Szabo2010_clean
Initializing from file model.xml
Applied 0 patches to update MorpheusML version to internal v5!
Time/RandomSeed not specified, using arbitray seed (based on time).
Intitalize Thread 0 with seed 1769511651
Intitalize Thread Intitalize Thread Intitalize Thread Intitalize Thread 6 with seed 895397910
5 with seed Intitalize Thread 27097599808Intitalize Thread 9 with seed 11615790460
Intitalize Thread 
3 with seed 2703804681
 with seed Intitalize Thread 2 with seed Intitalize Thread 7 with seed  with seed 2797164120
4 with seed 2302735287
3341369681
286213047
3523166424
Registering Symbol time of linktype TimeLink in Scope root
Time/RandomSeed not specified, using arbitray seed (based on time).
Intitalize Thread 8 with seed 2703804681
Intitalize Thread Intitalize Thread Intitalize Thread 4 with seed 2302735287
9 with seed 1615790460
Intitalize Thread Intitalize Thread 6 with seed 1 with seed 8953979102797164120
Intitalize Thread Intitalize Thread Intitalize Thread 7 with seed 2 with seed 3523166424286213047

0 with seed 
1769511651
Intitalize Thread 3 with seed 3341369681
5 with seed 2709759980
Registering Symbol SPACE of linktype LocationLink in Scope root
Registering Symbol SPACE.x of linktype VectorComponentLink in Scope root
Registering Symbol SPACE.y of linktype VectorComponentLink in Scope root
Registering Symbol SPACE.z of linktype VectorComponentLink in Scope root
Registering Symbol SPACE.phi of linktype VectorComponentLink in Scope root
Registering Symbol SPACE.theta of linktype VectorComponentLink in Scope root
Registering Symbol SPACE.abs of linktype VectorComponentLink in Scope root
Creating lattice
getXMLAttribute: seeking for Lattice->class: square
getXMLAttribute: seeking for Size->value: 200, 200, 0
getXMLAttribute: seeking for Size->symbol: size
Loading [1] Global Plugins
getXMLAttribute: seeking for Constant->name .. not found
getXMLAttribute: seeking for Constant->symbol: ncells
getXMLAttribute: seeking for Constant->value: 100
getXMLAttribute: seeking for Constant->notation .. not found
Registering Symbol ncells of linktype ConstantLink in Scope root
Creating subscope CellType[endothelial] in scope root
Registering Symbol cell.type of linktype PrimitiveConstant in Scope CellType[endothelial]
Registering Symbol cell.type of linktype CompositeLink in Scope root
Registering Symbol cell.id of linktype CellIDLink in Scope CellType[endothelial]
Registering Symbol cell.id of linktype CompositeLink in Scope root
Registering Symbol cell.center of linktype CellCenterLink in Scope CellType[endothelial]
Registering Symbol cell.center of linktype CompositeLink in Scope root
Registering Symbol cell.center.x of linktype VectorComponentLink in Scope root
Registering Symbol cell.center.y of linktype VectorComponentLink in Scope root
Registering Symbol cell.center.z of linktype VectorComponentLink in Scope root
Registering Symbol cell.center.phi of linktype VectorComponentLink in Scope root
Registering Symbol cell.center.theta of linktype VectorComponentLink in Scope root
Registering Symbol cell.center.abs of linktype VectorComponentLink in Scope root
Registering Symbol cell.center.x of linktype VectorComponentLink in Scope CellType[endothelial]
Registering Symbol cell.center.y of linktype VectorComponentLink in Scope CellType[endothelial]
Registering Symbol cell.center.z of linktype VectorComponentLink in Scope CellType[endothelial]
Registering Symbol cell.center.phi of linktype VectorComponentLink in Scope CellType[endothelial]
Registering Symbol cell.center.theta of linktype VectorComponentLink in Scope CellType[endothelial]
Registering Symbol cell.center.abs of linktype VectorComponentLink in Scope CellType[endothelial]
Registering Symbol cell.volume of linktype CellVolumeLink in Scope CellType[endothelial]
Registering Symbol cell.volume of linktype CompositeLink in Scope root
Registering Symbol cell.length of linktype CellLengthLink in Scope CellType[endothelial]
Registering Symbol cell.length of linktype CompositeLink in Scope root
Registering Symbol cell.surface of linktype CellInterfaceLengthLink in Scope CellType[endothelial]
Registering Symbol cell.surface of linktype CompositeLink in Scope root
Registering Symbol cell.orientation of linktype CellOrientationLink in Scope CellType[endothelial]
Registering Symbol cell.orientation of linktype CompositeLink in Scope root
Registering Symbol cell.orientation.x of linktype VectorComponentLink in Scope root
Registering Symbol cell.orientation.y of linktype VectorComponentLink in Scope root
Registering Symbol cell.orientation.z of linktype VectorComponentLink in Scope root
Registering Symbol cell.orientation.phi of linktype VectorComponentLink in Scope root
Registering Symbol cell.orientation.theta of linktype VectorComponentLink in Scope root
Registering Symbol cell.orientation.abs of linktype VectorComponentLink in Scope root
Registering Symbol cell.orientation.x of linktype VectorComponentLink in Scope CellType[endothelial]
Registering Symbol cell.orientation.y of linktype VectorComponentLink in Scope CellType[endothelial]
Registering Symbol cell.orientation.z of linktype VectorComponentLink in Scope CellType[endothelial]
Registering Symbol cell.orientation.phi of linktype VectorComponentLink in Scope CellType[endothelial]
Registering Symbol cell.orientation.theta of linktype VectorComponentLink in Scope CellType[endothelial]
Registering Symbol cell.orientation.abs of linktype VectorComponentLink in Scope CellType[endothelial]
Registering Symbol celltype.endothelial.id of linktype PrimitiveConstant in Scope root
Registering Symbol celltype.endothelial.size of linktype CellPopulationSizeLink in Scope root
Creating subscope CellType[medium] in scope root
Registering Symbol cell.type of linktype PrimitiveConstant in Scope CellType[medium]
Registering Symbol cell.id of linktype CellIDLink in Scope CellType[medium]
Registering Symbol cell.center of linktype CellCenterLink in Scope CellType[medium]
Registering Symbol cell.center.x of linktype VectorComponentLink in Scope CellType[medium]
Registering Symbol cell.center.y of linktype VectorComponentLink in Scope CellType[medium]
Registering Symbol cell.center.z of linktype VectorComponentLink in Scope CellType[medium]
Registering Symbol cell.center.phi of linktype VectorComponentLink in Scope CellType[medium]
Registering Symbol cell.center.theta of linktype VectorComponentLink in Scope CellType[medium]
Registering Symbol cell.center.abs of linktype VectorComponentLink in Scope CellType[medium]
Registering Symbol cell.volume of linktype CellVolumeLink in Scope CellType[medium]
Registering Symbol celltype.medium.id of linktype PrimitiveConstant in Scope root
Registering Symbol celltype.medium.size of linktype CellPopulationSizeLink in Scope root
getXMLAttribute: seeking for PropertyVector->name: Cell velocity
getXMLAttribute: seeking for PropertyVector->symbol: velocity
getXMLAttribute: seeking for PropertyVector->value: 0.0, 0.0, 0.0
getXMLAttribute: seeking for PropertyVector->notation .. not found
Registering Symbol velocity of linktype CellPropertyLink in Scope CellType[endothelial]
Registering Symbol velocity of linktype CompositeLink in Scope root
Registering Symbol velocity.x of linktype VectorComponentLink in Scope root
Registering Symbol velocity.y of linktype VectorComponentLink in Scope root
Registering Symbol velocity.z of linktype VectorComponentLink in Scope root
Registering Symbol velocity.phi of linktype VectorComponentLink in Scope root
Registering Symbol velocity.theta of linktype VectorComponentLink in Scope root
Registering Symbol velocity.abs of linktype VectorComponentLink in Scope root
Registering Symbol velocity.x of linktype VectorComponentLink in Scope CellType[endothelial]
Registering Symbol velocity.y of linktype VectorComponentLink in Scope CellType[endothelial]
Registering Symbol velocity.z of linktype VectorComponentLink in Scope CellType[endothelial]
Registering Symbol velocity.phi of linktype VectorComponentLink in Scope CellType[endothelial]
Registering Symbol velocity.theta of linktype VectorComponentLink in Scope CellType[endothelial]
Registering Symbol velocity.abs of linktype VectorComponentLink in Scope CellType[endothelial]
getXMLAttribute: seeking for Property->name: Cell speed
getXMLAttribute: seeking for Property->symbol: speed
getXMLAttribute: seeking for Property->value: 0.0
getXMLAttribute: seeking for Property->notation .. not found
Registering Symbol speed of linktype CellPropertyLink in Scope CellType[endothelial]
Registering Symbol speed of linktype CompositeLink in Scope root
getXMLAttribute: seeking for Property->name: Target cell volume
getXMLAttribute: seeking for Property->symbol: target_volume
getXMLAttribute: seeking for Property->value: 100
getXMLAttribute: seeking for Property->notation .. not found
Registering Symbol target_volume of linktype CellPropertyLink in Scope CellType[endothelial]
Registering Symbol target_volume of linktype CompositeLink in Scope root
getXMLAttribute: seeking for VolumeConstraint->target: target_volume
getXMLAttribute: seeking for VolumeConstraint->strength: 1
getXMLAttribute: seeking for SurfaceConstraint->target: 1.0
getXMLAttribute: seeking for SurfaceConstraint->strength: 2
getXMLAttribute: seeking for SurfaceConstraint->mode: aspherity
getXMLAttribute: seeking for SurfaceConstraint->exponent .. not found
getXMLAttribute: seeking for PersistentMotion->decay-time: 100
getXMLAttribute: seeking for PersistentMotion->strength: 10
getXMLAttribute: seeking for PersistentMotion->protrusion: true
getXMLAttribute: seeking for PersistentMotion->retraction .. not found
getXMLAttribute: seeking for Velocity->symbol-ref: velocity
getXMLAttribute: seeking for Displacement->symbol-ref .. not found
getXMLAttribute: seeking for MotilityReporter->time-step: 10
getXMLAttribute: seeking for System->time-step: 10
Creating subscope System in scope CellType[endothelial]
getXMLAttribute: seeking for System->solver: Dormand-Prince [adaptive, O(5)]
getXMLAttribute: seeking for System->solver-eps .. not found
getXMLAttribute: seeking for Rule->symbol-ref: speed
getXMLAttribute: seeking for Expression->text: sqrt(velocity.x^2 + velocity.y^2)
CellTypes defined: 'endothelial' 'medium' 
getXMLAttribute: seeking for MonteCarloSampler/MCSDuration->value: 1
getXMLAttribute: seeking for MonteCarloSampler->stepper: edgelist
getXMLAttribute: seeking for MonteCarloSampler/MetropolisKinetics->temperature: 15
getXMLAttribute: seeking for MonteCarloSampler/MetropolisKinetics->yield .. not found
getXMLAttribute: seeking for Contact->value: 20
getXMLAttribute: seeking for Contact->value: 2
Registering Symbol size of linktype PrimitiveConstant in Scope root
Registering Symbol size.x of linktype VectorComponentLink in Scope root
Registering Symbol size.y of linktype VectorComponentLink in Scope root
Registering Symbol size.z of linktype VectorComponentLink in Scope root
Registering Symbol size.phi of linktype VectorComponentLink in Scope root
Registering Symbol size.theta of linktype VectorComponentLink in Scope root
Registering Symbol size.abs of linktype VectorComponentLink in Scope root
Setting boundary neighborhood to order 1
