Setting output directory /Users/prerana/Desktop/morpheus/run_20250122_173746_984693
Initializing from file model.xml
AutoFix: Moved 2 element(s)  matching /MorpheusModel/CellTypes/CellType/System/DiffEqn/Expression to /MorpheusModel/CellTypes/CellType/System/DiffEqn/Reaction
Applied 2 patches to update MorpheusML version to internal v5!
Time/RandomSeed not specified, using arbitray seed (based on time).
Intitalize Thread 8 with seed 1179005228
Intitalize Thread 4 with seed 3340552604
Intitalize Thread 3Intitalize Thread  with seed 3453463089 with seed 
3152905351
Intitalize Thread 0 with seed Intitalize Thread 1769688203
Intitalize Thread 62 with seed  with seed Intitalize Thread 3384479438
Intitalize Thread 7 with seed 4163256047
5 with seed 4016060735
1920348416
Intitalize Thread 1 with seed 364226410
Registering Symbol t of linktype TimeLink in Scope root
Intitalize Thread 8 with seed 4226128334
Intitalize Thread Intitalize Thread 1 with seed 2256526400
Intitalize Thread 4 with seed 1386903166
9Intitalize Thread  with seed 2111863253
Intitalize Thread 5 with seed 73850189868 with seed 2342964264

Intitalize Thread Intitalize Thread 6 with seed 0 with seed 123
Intitalize Thread 2 with seed 256824811
Intitalize Thread 3 with seed 4068791613
1320940964
Registering Symbol space of linktype LocationLink in Scope root
Registering Symbol space.x of linktype VectorComponentLink in Scope root
Registering Symbol space.y of linktype VectorComponentLink in Scope root
Registering Symbol space.z of linktype VectorComponentLink in Scope root
Registering Symbol space.phi of linktype VectorComponentLink in Scope root
Registering Symbol space.theta of linktype VectorComponentLink in Scope root
Registering Symbol space.abs of linktype VectorComponentLink in Scope root
Creating lattice
getXMLAttribute: seeking for Lattice->class: hexagonal
getXMLAttribute: seeking for Size->value: 30, 30, 0
getXMLAttribute: seeking for Size->symbol: size
Creating subscope CellType[cells] in scope root
Registering Symbol cell.type of linktype PrimitiveConstant in Scope CellType[cells]
Registering Symbol cell.type of linktype CompositeLink in Scope root
Registering Symbol cell.id of linktype CellIDLink in Scope CellType[cells]
Registering Symbol cell.id of linktype CompositeLink in Scope root
Registering Symbol cell.center of linktype CellCenterLink in Scope CellType[cells]
Registering Symbol cell.center of linktype CompositeLink in Scope root
Registering Symbol cell.center.x of linktype VectorComponentLink in Scope root
Registering Symbol cell.center.y of linktype VectorComponentLink in Scope root
Registering Symbol cell.center.z of linktype VectorComponentLink in Scope root
Registering Symbol cell.center.phi of linktype VectorComponentLink in Scope root
Registering Symbol cell.center.theta of linktype VectorComponentLink in Scope root
Registering Symbol cell.center.abs of linktype VectorComponentLink in Scope root
Registering Symbol cell.center.x of linktype VectorComponentLink in Scope CellType[cells]
Registering Symbol cell.center.y of linktype VectorComponentLink in Scope CellType[cells]
Registering Symbol cell.center.z of linktype VectorComponentLink in Scope CellType[cells]
Registering Symbol cell.center.phi of linktype VectorComponentLink in Scope CellType[cells]
Registering Symbol cell.center.theta of linktype VectorComponentLink in Scope CellType[cells]
Registering Symbol cell.center.abs of linktype VectorComponentLink in Scope CellType[cells]
Registering Symbol cell.volume of linktype CellVolumeLink in Scope CellType[cells]
Registering Symbol cell.volume of linktype CompositeLink in Scope root
Registering Symbol cell.length of linktype CellLengthLink in Scope CellType[cells]
Registering Symbol cell.length of linktype CompositeLink in Scope root
Registering Symbol cell.surface of linktype CellInterfaceLengthLink in Scope CellType[cells]
Registering Symbol cell.surface of linktype CompositeLink in Scope root
Registering Symbol cell.orientation of linktype CellOrientationLink in Scope CellType[cells]
Registering Symbol cell.orientation of linktype CompositeLink in Scope root
Registering Symbol cell.orientation.x of linktype VectorComponentLink in Scope root
Registering Symbol cell.orientation.y of linktype VectorComponentLink in Scope root
Registering Symbol cell.orientation.z of linktype VectorComponentLink in Scope root
Registering Symbol cell.orientation.phi of linktype VectorComponentLink in Scope root
Registering Symbol cell.orientation.theta of linktype VectorComponentLink in Scope root
Registering Symbol cell.orientation.abs of linktype VectorComponentLink in Scope root
Registering Symbol cell.orientation.x of linktype VectorComponentLink in Scope CellType[cells]
Registering Symbol cell.orientation.y of linktype VectorComponentLink in Scope CellType[cells]
Registering Symbol cell.orientation.z of linktype VectorComponentLink in Scope CellType[cells]
Registering Symbol cell.orientation.phi of linktype VectorComponentLink in Scope CellType[cells]
Registering Symbol cell.orientation.theta of linktype VectorComponentLink in Scope CellType[cells]
Registering Symbol cell.orientation.abs of linktype VectorComponentLink in Scope CellType[cells]
Registering Symbol celltype.cells.id of linktype PrimitiveConstant in Scope root
Registering Symbol celltype.cells.size of linktype CellPopulationSizeLink in Scope root
getXMLAttribute: seeking for Property->name: Delta ligand
getXMLAttribute: seeking for Property->symbol: Delta
getXMLAttribute: seeking for Property->value: 0.5
getXMLAttribute: seeking for Property->notation .. not found
Registering Symbol Delta of linktype CellPropertyLink in Scope CellType[cells]
Registering Symbol Delta of linktype CompositeLink in Scope root
getXMLAttribute: seeking for Property->name: Notch receptor
getXMLAttribute: seeking for Property->symbol: Notch
getXMLAttribute: seeking for Property->value: 0.5
getXMLAttribute: seeking for Property->notation .. not found
Registering Symbol Notch of linktype CellPropertyLink in Scope CellType[cells]
Registering Symbol Notch of linktype CompositeLink in Scope root
getXMLAttribute: seeking for Property->name: Average Delta in neighbors
getXMLAttribute: seeking for Property->symbol: Delta_neighbors
getXMLAttribute: seeking for Property->value: 0.0
getXMLAttribute: seeking for Property->notation .. not found
Registering Symbol Delta_neighbors of linktype CellPropertyLink in Scope CellType[cells]
Registering Symbol Delta_neighbors of linktype CompositeLink in Scope root
getXMLAttribute: seeking for Property->name: Average Notch in neighbors
getXMLAttribute: seeking for Property->symbol: Notch_neighbors
getXMLAttribute: seeking for Property->value: 0.0
getXMLAttribute: seeking for Property->notation .. not found
Registering Symbol Notch_neighbors of linktype CellPropertyLink in Scope CellType[cells]
Registering Symbol Notch_neighbors of linktype CompositeLink in Scope root
getXMLAttribute: seeking for Input->scaling: cell
getXMLAttribute: seeking for Input->value .. not found
