Initializing from file model.xml
Applied 0 patches to update MorpheusML version to internal v5!
Time/RandomSeed not specified, using arbitray seed (based on time).
Intitalize Thread 0 with seed 1767819330
Intitalize Thread Intitalize Thread 7 with seed 4112084548
5 with seed Intitalize Thread 21235433364 with seed 1494488869

Intitalize Thread 3 with seed Intitalize Thread 1205657904
Intitalize Thread Intitalize Thread 2 with seed 3574748869
Intitalize Thread Intitalize Thread 6 with seed 2439009879
9 with seed 1311447818
8 with seed 2188486089
1 with seed 172702078
Registering Symbol time of linktype TimeLink in Scope root
Intitalize Thread 8 with seed 4226128334
Intitalize Thread 0 with seed 123
Intitalize Thread 4 with seed 1386903166
Intitalize Thread 6 with seed 1320940964
Intitalize Thread 5 with seed 3850189868
Intitalize Thread Intitalize Thread Intitalize Thread 2 with seed 256824811
Intitalize Thread 1 with seed 2256526400
9 with seed 2111863253
Intitalize Thread 7 with seed 2342964264
3 with seed 4068791613
Registering Symbol space of linktype LocationLink in Scope root
Registering Symbol space.x of linktype VectorComponentLink in Scope root
Registering Symbol space.y of linktype VectorComponentLink in Scope root
Registering Symbol space.z of linktype VectorComponentLink in Scope root
Registering Symbol space.phi of linktype VectorComponentLink in Scope root
Registering Symbol space.theta of linktype VectorComponentLink in Scope root
Registering Symbol space.abs of linktype VectorComponentLink in Scope root
Creating lattice
getXMLAttribute: seeking for Lattice->class: square
getXMLAttribute: seeking for Size->value: 400, 400, 0
getXMLAttribute: seeking for Size->symbol: size
Loading [8] Global Plugins
getXMLAttribute: seeking for Variable->name: Mean cell area
getXMLAttribute: seeking for Variable->symbol: mean_area
getXMLAttribute: seeking for Variable->value: 0.0
getXMLAttribute: seeking for Variable->notation .. not found
Registering Symbol mean_area of linktype VariableLink in Scope root
getXMLAttribute: seeking for Constant->name: Baseline growth rate
getXMLAttribute: seeking for Constant->symbol: G0
getXMLAttribute: seeking for Constant->value: 5.16
getXMLAttribute: seeking for Constant->notation .. not found
Registering Symbol G0 of linktype ConstantLink in Scope root
getXMLAttribute: seeking for Constant->name: Sensitivity to crowding
getXMLAttribute: seeking for Constant->symbol: k_crowding
getXMLAttribute: seeking for Constant->value: 0.0001
getXMLAttribute: seeking for Constant->notation .. not found
Registering Symbol k_crowding of linktype ConstantLink in Scope root
getXMLAttribute: seeking for Constant->name: G1/S size threshold
getXMLAttribute: seeking for Constant->symbol: AS
getXMLAttribute: seeking for Constant->value: 1377
getXMLAttribute: seeking for Constant->notation .. not found
Registering Symbol AS of linktype ConstantLink in Scope root
getXMLAttribute: seeking for Constant->name: S/G2/M timer duration
getXMLAttribute: seeking for Constant->symbol: t0
getXMLAttribute: seeking for Constant->value: 225
getXMLAttribute: seeking for Constant->notation .. not found
Registering Symbol t0 of linktype ConstantLink in Scope root
getXMLAttribute: seeking for Constant->name: Max apoptosis probability
getXMLAttribute: seeking for Constant->symbol: papo_max
getXMLAttribute: seeking for Constant->value: 0.0015
getXMLAttribute: seeking for Constant->notation .. not found
Registering Symbol papo_max of linktype ConstantLink in Scope root
getXMLAttribute: seeking for Constant->name: Density at half-max apoptosis
getXMLAttribute: seeking for Constant->symbol: rho_half
getXMLAttribute: seeking for Constant->value: 0.00067
getXMLAttribute: seeking for Constant->notation .. not found
Registering Symbol rho_half of linktype ConstantLink in Scope root
getXMLAttribute: seeking for Constant->name: Apoptosis sensitivity
getXMLAttribute: seeking for Constant->symbol: alpha_apo
getXMLAttribute: seeking for Constant->value: 1031
getXMLAttribute: seeking for Constant->notation .. not found
Registering Symbol alpha_apo of linktype ConstantLink in Scope root
Creating subscope CellType[epithelial] in scope root
Registering Symbol cell.type of linktype PrimitiveConstant in Scope CellType[epithelial]
Registering Symbol cell.type of linktype CompositeLink in Scope root
Registering Symbol cell.id of linktype CellIDLink in Scope CellType[epithelial]
Registering Symbol cell.id of linktype CompositeLink in Scope root
Registering Symbol cell.center of linktype CellCenterLink in Scope CellType[epithelial]
Registering Symbol cell.center of linktype CompositeLink in Scope root
Registering Symbol cell.center.x of linktype VectorComponentLink in Scope root
Registering Symbol cell.center.y of linktype VectorComponentLink in Scope root
Registering Symbol cell.center.z of linktype VectorComponentLink in Scope root
Registering Symbol cell.center.phi of linktype VectorComponentLink in Scope root
Registering Symbol cell.center.theta of linktype VectorComponentLink in Scope root
Registering Symbol cell.center.abs of linktype VectorComponentLink in Scope root
Registering Symbol cell.center.x of linktype VectorComponentLink in Scope CellType[epithelial]
Registering Symbol cell.center.y of linktype VectorComponentLink in Scope CellType[epithelial]
Registering Symbol cell.center.z of linktype VectorComponentLink in Scope CellType[epithelial]
Registering Symbol cell.center.phi of linktype VectorComponentLink in Scope CellType[epithelial]
Registering Symbol cell.center.theta of linktype VectorComponentLink in Scope CellType[epithelial]
Registering Symbol cell.center.abs of linktype VectorComponentLink in Scope CellType[epithelial]
Registering Symbol cell.volume of linktype CellVolumeLink in Scope CellType[epithelial]
Registering Symbol cell.volume of linktype CompositeLink in Scope root
Registering Symbol cell.length of linktype CellLengthLink in Scope CellType[epithelial]
Registering Symbol cell.length of linktype CompositeLink in Scope root
Registering Symbol cell.surface of linktype CellInterfaceLengthLink in Scope CellType[epithelial]
Registering Symbol cell.surface of linktype CompositeLink in Scope root
Registering Symbol cell.orientation of linktype CellOrientationLink in Scope CellType[epithelial]
Registering Symbol cell.orientation of linktype CompositeLink in Scope root
Registering Symbol cell.orientation.x of linktype VectorComponentLink in Scope root
Registering Symbol cell.orientation.y of linktype VectorComponentLink in Scope root
Registering Symbol cell.orientation.z of linktype VectorComponentLink in Scope root
Registering Symbol cell.orientation.phi of linktype VectorComponentLink in Scope root
Registering Symbol cell.orientation.theta of linktype VectorComponentLink in Scope root
Registering Symbol cell.orientation.abs of linktype VectorComponentLink in Scope root
Registering Symbol cell.orientation.x of linktype VectorComponentLink in Scope CellType[epithelial]
Registering Symbol cell.orientation.y of linktype VectorComponentLink in Scope CellType[epithelial]
Registering Symbol cell.orientation.z of linktype VectorComponentLink in Scope CellType[epithelial]
Registering Symbol cell.orientation.phi of linktype VectorComponentLink in Scope CellType[epithelial]
Registering Symbol cell.orientation.theta of linktype VectorComponentLink in Scope CellType[epithelial]
Registering Symbol cell.orientation.abs of linktype VectorComponentLink in Scope CellType[epithelial]
Registering Symbol celltype.epithelial.id of linktype PrimitiveConstant in Scope root
Registering Symbol celltype.epithelial.size of linktype CellPopulationSizeLink in Scope root
Creating subscope CellType[medium] in scope root
Registering Symbol cell.type of linktype PrimitiveConstant in Scope CellType[medium]
Registering Symbol cell.id of linktype CellIDLink in Scope CellType[medium]
Registering Symbol cell.center of linktype CellCenterLink in Scope CellType[medium]
Registering Symbol cell.center.x of linktype VectorComponentLink in Scope CellType[medium]
Registering Symbol cell.center.y of linktype VectorComponentLink in Scope CellType[medium]
Registering Symbol cell.center.z of linktype VectorComponentLink in Scope CellType[medium]
Registering Symbol cell.center.phi of linktype VectorComponentLink in Scope CellType[medium]
Registering Symbol cell.center.theta of linktype VectorComponentLink in Scope CellType[medium]
Registering Symbol cell.center.abs of linktype VectorComponentLink in Scope CellType[medium]
Registering Symbol cell.volume of linktype CellVolumeLink in Scope CellType[medium]
Registering Symbol celltype.medium.id of linktype PrimitiveConstant in Scope root
Registering Symbol celltype.medium.size of linktype CellPopulationSizeLink in Scope root
getXMLAttribute: seeking for Property->name: Target area
getXMLAttribute: seeking for Property->symbol: V_target
getXMLAttribute: seeking for Property->value: 1377
getXMLAttribute: seeking for Property->notation .. not found
Registering Symbol V_target of linktype CellPropertyLink in Scope CellType[epithelial]
Registering Symbol V_target of linktype CompositeLink in Scope root
getXMLAttribute: seeking for Property->name: Current area
getXMLAttribute: seeking for Property->symbol: V_current
getXMLAttribute: seeking for Property->value: 1377
getXMLAttribute: seeking for Property->notation .. not found
Registering Symbol V_current of linktype CellPropertyLink in Scope CellType[epithelial]
Registering Symbol V_current of linktype CompositeLink in Scope root
getXMLAttribute: seeking for Property->name: In G1 phase
getXMLAttribute: seeking for Property->symbol: in_G1
getXMLAttribute: seeking for Property->value: 1
getXMLAttribute: seeking for Property->notation .. not found
Registering Symbol in_G1 of linktype CellPropertyLink in Scope CellType[epithelial]
Registering Symbol in_G1 of linktype CompositeLink in Scope root
getXMLAttribute: seeking for Property->name: Time entered S/G2/M
getXMLAttribute: seeking for Property->symbol: t_enter_SG2M
getXMLAttribute: seeking for Property->value: -1
getXMLAttribute: seeking for Property->notation .. not found
Registering Symbol t_enter_SG2M of linktype CellPropertyLink in Scope CellType[epithelial]
Registering Symbol t_enter_SG2M of linktype CompositeLink in Scope root
getXMLAttribute: seeking for Property->name: Local cell density
getXMLAttribute: seeking for Property->symbol: local_density
getXMLAttribute: seeking for Property->value: 0.0
getXMLAttribute: seeking for Property->notation .. not found
Registering Symbol local_density of linktype CellPropertyLink in Scope CellType[epithelial]
Registering Symbol local_density of linktype CompositeLink in Scope root
getXMLAttribute: seeking for Property->name: Current growth rate
getXMLAttribute: seeking for Property->symbol: growth_rate
getXMLAttribute: seeking for Property->value: 5.16
getXMLAttribute: seeking for Property->notation .. not found
Registering Symbol growth_rate of linktype CellPropertyLink in Scope CellType[epithelial]
Registering Symbol growth_rate of linktype CompositeLink in Scope root
getXMLAttribute: seeking for Property->name: Number of divisions
getXMLAttribute: seeking for Property->symbol: divisions
getXMLAttribute: seeking for Property->value: 0
getXMLAttribute: seeking for Property->notation .. not found
Registering Symbol divisions of linktype CellPropertyLink in Scope CellType[epithelial]
Registering Symbol divisions of linktype CompositeLink in Scope root
getXMLAttribute: seeking for VolumeConstraint->target: V_target
getXMLAttribute: seeking for VolumeConstraint->strength: 1.0
getXMLAttribute: seeking for SurfaceConstraint->target: 0.9
getXMLAttribute: seeking for SurfaceConstraint->strength: 1.0
getXMLAttribute: seeking for SurfaceConstraint->mode: aspherity
getXMLAttribute: seeking for SurfaceConstraint->exponent .. not found
getXMLAttribute: seeking for Input->scaling: cell
getXMLAttribute: seeking for Input->value: 1.0/cell.volume
getXMLAttribute: seeking for Input->noflux-cell-medium .. not found
getXMLAttribute: seeking for Output[0]->mapping: sum
getXMLAttribute: seeking for Output[0]->symbol-ref: local_density
getXMLAttribute: seeking for System->time-step: 1.0
Creating subscope System in scope CellType[epithelial]
getXMLAttribute: seeking for System->solver: Euler [fixed, O(1)]
getXMLAttribute: seeking for System->solver-eps .. not found
getXMLAttribute: seeking for Rule->symbol-ref: V_current
getXMLAttribute: seeking for Expression->text: cell.volume
getXMLAttribute: seeking for Rule->symbol-ref: growth_rate
getXMLAttribute: seeking for Expression->text: G0 * exp(-k_crowding * (V_current - V_target)^2)
getXMLAttribute: seeking for Rule->symbol-ref: V_target
getXMLAttribute: seeking for Expression->text: V_target + growth_rate
getXMLAttribute: seeking for Rule->symbol-ref: in_G1
getXMLAttribute: seeking for Expression->text: if(V_current >= AS and in_G1 == 1, 0, in_G1)
getXMLAttribute: seeking for Rule->symbol-ref: t_enter_SG2M
getXMLAttribute: seeking for Expression->text: if(in_G1 == 0 and t_enter_SG2M < 0, time, t_enter_SG2M)
getXMLAttribute: seeking for Condition->text: in_G1 == 0 and t_enter_SG2M > 0 and (time - t_enter_SG2M) >= t0
getXMLAttribute: seeking for CellDivision->division-plane: random
getXMLAttribute: seeking for CellDivision->orientation .. not found
getXMLAttribute: seeking for CellDivision->write-log .. not found
getXMLAttribute: seeking for CellDivision->trigger .. not found
Creating subscope System in scope CellType[epithelial]
getXMLAttribute: seeking for Rule->symbol-ref: V_target
getXMLAttribute: seeking for Expression->text: V_current / 2
getXMLAttribute: seeking for Rule->symbol-ref: in_G1
getXMLAttribute: seeking for Expression->text: 1
getXMLAttribute: seeking for Rule->symbol-ref: t_enter_SG2M
getXMLAttribute: seeking for Expression->text: -1
getXMLAttribute: seeking for Rule->symbol-ref: divisions
getXMLAttribute: seeking for Expression->text: divisions + 0.5
Registering Symbol __daughterID of linktype PrimitiveVariable in Scope System
getXMLAttribute: seeking for Condition->text: rand_uni(0,1) < (papo_max / (1 + exp(-alpha_apo * (local_density - rho_half))))
getXMLAttribute: seeking for Shrinkage->target-volume .. not found
getXMLAttribute: seeking for Shrinkage->remove-volume .. not found
getXMLAttribute: seeking for Shrinkage->replace-with .. not found
getXMLAttribute: seeking for Condition->text: V_current < mean_area / 4 and mean_area > 0
getXMLAttribute: seeking for Shrinkage->target-volume .. not found
getXMLAttribute: seeking for Shrinkage->remove-volume .. not found
getXMLAttribute: seeking for Shrinkage->replace-with .. not found
getXMLAttribute: seeking for Input->value: cell.volume
getXMLAttribute: seeking for Polarity->symbol-ref .. not found
getXMLAttribute: seeking for Output[0]->mapping: average
getXMLAttribute: seeking for Output[0]->symbol-ref: mean_area
CellTypes defined: 'epithelial' 'medium' 
getXMLAttribute: seeking for MonteCarloSampler/MCSDuration->value: 1.0
getXMLAttribute: seeking for MonteCarloSampler->stepper: edgelist
getXMLAttribute: seeking for MonteCarloSampler/MetropolisKinetics->temperature: 3
getXMLAttribute: seeking for MonteCarloSampler/MetropolisKinetics->yield: 0.1
getXMLAttribute: seeking for Contact->value: 6
getXMLAttribute: seeking for Contact->value: 10
Registering Symbol size of linktype PrimitiveConstant in Scope root
Registering Symbol size.x of linktype VectorComponentLink in Scope root
Registering Symbol size.y of linktype VectorComponentLink in Scope root
Registering Symbol size.z of linktype VectorComponentLink in Scope root
Registering Symbol size.phi of linktype VectorComponentLink in Scope root
Registering Symbol size.theta of linktype VectorComponentLink in Scope root
Registering Symbol size.abs of linktype VectorComponentLink in Scope root
Setting boundary neighborhood to order 2
Assigning Shape Neighborhood of size 3 -> 28 neighbors.
Setting boundary neighborhood to order 6
Creating cell layer of size 4.40137 MB
with initial state set to CellType 'medium'
getXMLAttribute: seeking for InitCircle->number-of-cells: 1
getXMLAttribute: seeking for InitCircle->mode: regular
getXMLAttribute: seeking for Dimensions->center: 200, 200, 0
getXMLAttribute: seeking for Dimensions->radius: 20
Initializing celltype 'epithelial'
Scope: Creating Accessor for symbol 'V_target' from Scope CellType[epithelial]
Plugin VolumeConstraint: Registered input symbol dependencies V_target [CellType[epithelial]] ,
Scope: Creating Accessor for symbol 'cell.volume' from Scope root
Scope: Creating Accessor for symbol 'local_density' from Scope CellType[epithelial]
Plugin NeighborhoodReporter: Registered input symbol dependencies cell.volume [root] ,
PluginNeighborhoodReporter: Registered output symbol dependencies local_density [CellType[epithelial]] ,
Scope: Creating Accessor for symbol 'cell.center' from Scope CellType[epithelial]
noflux_cell_medium_interface.isDefined()
Scope: Creating Accessor for symbol 'V_current' from Scope CellType[epithelial]
Scope: Creating Accessor for symbol 'growth_rate' from Scope CellType[epithelial]
Scope: Creating Accessor for symbol 'V_target' from Scope CellType[epithelial]
Scope: Creating Accessor for symbol 'in_G1' from Scope CellType[epithelial]
Scope: Creating Accessor for symbol 't_enter_SG2M' from Scope CellType[epithelial]
Scope: Creating Accessor for symbol 'cell.volume' from Scope CellType[epithelial]
Scope: Creating Accessor for symbol 'G0' from Scope root
Scope: Creating Accessor for symbol 'k_crowding' from Scope root
Scope: Creating Accessor for symbol 'AS' from Scope root
System::init: Reordering Initializers ...
Scope: Creating Accessor for symbol 'in_G1' from Scope CellType[epithelial]
Scope: Creating Accessor for symbol 't_enter_SG2M' from Scope CellType[epithelial]
Scope: Creating Accessor for symbol 'time' from Scope root
Scope: Creating Accessor for symbol 't0' from Scope root
Plugin CellDivision: Registered input symbol dependencies t0 [root] ,in_G1 [CellType[epithelial]] ,t_enter_SG2M [CellType[epithelial]] ,time [root] ,
Scope: Creating Accessor for symbol 'cell.center' from Scope CellType[epithelial]
Scope: Creating Accessor for symbol 'V_target' from Scope CellType[epithelial]
Scope: Creating Accessor for symbol 'in_G1' from Scope CellType[epithelial]
Scope: Creating Accessor for symbol 't_enter_SG2M' from Scope CellType[epithelial]
Scope: Creating Accessor for symbol 'divisions' from Scope CellType[epithelial]
Scope: Creating Accessor for symbol 'V_current' from Scope CellType[epithelial]
System::init: Reordering Initializers ...
Scope: Creating Accessor for symbol '__daughterID' from Scope System
Scope: Creating Accessor for symbol 'papo_max' from Scope root
Scope: Creating Accessor for symbol 'alpha_apo' from Scope root
Scope: Creating Accessor for symbol 'local_density' from Scope CellType[epithelial]
Scope: Creating Accessor for symbol 'rho_half' from Scope root
Plugin CellDeath: Registered input symbol dependencies papo_max [root] ,rho_half [root] ,alpha_apo [root] ,local_density [CellType[epithelial]] ,
Scope: Creating Accessor for symbol 'cell.center' from Scope CellType[epithelial]
Scope: Creating Accessor for symbol 'V_current' from Scope CellType[epithelial]
Scope: Creating Accessor for symbol 'mean_area' from Scope root
Plugin CellDeath: Registered input symbol dependencies mean_area [root] ,V_current [CellType[epithelial]] ,
Scope: Creating Accessor for symbol 'cell.center' from Scope CellType[epithelial]
Scope: Creating Accessor for symbol 'cell.volume' from Scope CellType[epithelial]
Scope: Creating Accessor for symbol 'mean_area' from Scope root
Plugin Mapper: Registered input symbol dependencies cell.volume [CellType[epithelial]] ,
PluginMapper: Registered output symbol dependencies mean_area [root] ,
Scope: Creating Accessor for symbol 'cell.center' from Scope CellType[epithelial]
Cells 1 requested 0
Initializing celltype 'medium'
Scope: Creating Accessor for symbol 'cell.center' from Scope root
Scope: Creating Accessor for symbol 'cell.volume' from Scope root
Scope: Creating Accessor for symbol 'cell.surface' from Scope root
Scope: Creating Accessor for symbol 'cell.length' from Scope root
Scope: Creating Accessor for symbol 'cell.type' from Scope root
creating Edge tracker 

 thread_id = 0x1716f3000, register_thread_index = 0, shared_locks_array[cur_index].value = 1

 thread_id = 
 thread_id = 0x16f6d3000, register_thread_index = 2, shared_locks_array[cur_index].value = 0x20e3ee2401
 thread_id = 0x16fedb000, register_thread_index = 3, shared_locks_array[cur_index].value = 
1
, register_thread_index = 1, shared_locks_array[cur_index].value = 1

 thread_id = 
 thread_id = 
 thread_id = 
 thread_id = 0x170eeb000, register_thread_index = 7, shared_locks_array[cur_index].value = 0x16eecb0001, register_thread_index = 
0x1706e3000, register_thread_index = 6
 thread_id = , shared_locks_array[cur_index].value = 1

 thread_id = 0x16debb000, register_thread_index = 8, shared_locks_array[cur_index].value = 1
4, shared_locks_array[cur_index].value = 1
0x16e6c3000, register_thread_index = 9, shared_locks_array[cur_index].value = 1
0x171efb000, register_thread_index = 5, shared_locks_array[cur_index].value = 1
EdgeListTracker::init() : Created Tracker with Neighborhood size 8 of size 3.69824 MB
EdgeListTracker::init() : Found 8 initial edges, wherof 8 can be modified.
CPM: InteractionEnergy has 28 neighbors
CPM: InteractionEnergy was initialized with  IA_COLLAPSE 
Loading Analysis tools [3]
getXMLAttribute: seeking for Gnuplotter->file-numbering .. not found
getXMLAttribute: seeking for Terminal->name: png
getXMLAttribute: seeking for Terminal->size .. not found
getXMLAttribute: seeking for Gnuplotter->time-step: 100
getXMLAttribute: seeking for Cells->value: growth_rate
getXMLAttribute: seeking for Cells->value: in_G1
getXMLAttribute: seeking for Input/Symbol[0]->symbol-ref: celltype.epithelial.size
getXMLAttribute: seeking for Input/Symbol[1]->symbol-ref: mean_area
getXMLAttribute: seeking for Restriction/Slice->value .. not found
getXMLAttribute: seeking for Restriction/Slice->axis .. not found
getXMLAttribute: seeking for Restriction/Celltype->celltype .. not found
getXMLAttribute: seeking for Restriction/Cells->cell-ids .. not found
getXMLAttribute: seeking for Restriction->domain-only .. not found
getXMLAttribute: seeking for Restriction->condition .. not found
getXMLAttribute: seeking for Input->force-node-granularity .. not found
getXMLAttribute: seeking for Input->include-boundary .. not found
getXMLAttribute: seeking for Restriction->exclude-medium .. not found
getXMLAttribute: seeking for Output/TextOutput->header .. not found
getXMLAttribute: seeking for Output/TextOutput->header-guarding .. not found
getXMLAttribute: seeking for Output/TextOutput->separator .. not found
getXMLAttribute: seeking for Output/TextOutput->file-name .. not found
getXMLAttribute: seeking for Output/TextOutput->file-numbering .. not found
getXMLAttribute: seeking for Output/TextOutput->file-separation .. not found
getXMLAttribute: seeking for Output/TextOutput->file-format .. not found
getXMLAttribute: seeking for Plots/Plot[0]->time-step: 500
getXMLAttribute: seeking for Plots/Plot[0]->title .. not found
getXMLAttribute: seeking for Plots/Plot[0]->log-commands .. not found
getXMLAttribute: seeking for Plots/Plot[0]/Terminal->terminal: png
getXMLAttribute: seeking for Plots/Plot[0]/Terminal->plot-size .. not found
getXMLAttribute: seeking for Plots/Plot[0]->file-numbering .. not found
getXMLAttribute: seeking for Plots/Plot[0]/Range/Time->mode .. not found
getXMLAttribute: seeking for Plots/Plot[0]/Range/Time->history .. not found
getXMLAttribute: seeking for Plots/Plot[0]/Range/Data->first-line .. not found
getXMLAttribute: seeking for Plots/Plot[0]/Range/Data->last-line .. not found
getXMLAttribute: seeking for Plots/Plot[0]/Range/Data->increment .. not found
getXMLAttribute: seeking for Plots/Plot[0]/Style->style: linespoints
getXMLAttribute: seeking for Plots/Plot[0]/Style->decorate .. not found
getXMLAttribute: seeking for Plots/Plot[0]/Style->point-size .. not found
getXMLAttribute: seeking for Plots/Plot[0]/Style->line-width .. not found
getXMLAttribute: seeking for Plots/Plot[0]/Style->grid: true
getXMLAttribute: seeking for Plots/Plot[0]/X-axis/Symbol->symbol-ref: time
getXMLAttribute: seeking for Plots/Plot[0]/X-axis->minimum .. not found
getXMLAttribute: seeking for Plots/Plot[0]/X-axis->maximum .. not found
getXMLAttribute: seeking for Plots/Plot[0]/X-axis->logarithmic .. not found
getXMLAttribute: seeking for Plots/Plot[0]/Y-axis/Symbol[0]->symbol-ref: celltype.epithelial.size
getXMLAttribute: seeking for Plots/Plot[0]/Y-axis/Symbol[1]->symbol-ref .. not found
getXMLAttribute: seeking for Plots/Plot[0]/Y-axis/Symbol[2]->symbol-ref .. not found
getXMLAttribute: seeking for Plots/Plot[0]/Y-axis/Symbol[3]->symbol-ref .. not found
getXMLAttribute: seeking for Plots/Plot[0]/Y-axis/Symbol[4]->symbol-ref .. not found
getXMLAttribute: seeking for Plots/Plot[0]/Y-axis/Symbol[5]->symbol-ref .. not found
getXMLAttribute: seeking for Plots/Plot[0]/Y-axis/Symbol[6]->symbol-ref .. not found
getXMLAttribute: seeking for Plots/Plot[0]/Y-axis/Symbol[7]->symbol-ref .. not found
getXMLAttribute: seeking for Plots/Plot[0]/Y-axis/Symbol[8]->symbol-ref .. not found
getXMLAttribute: seeking for Plots/Plot[0]/Y-axis/Symbol[9]->symbol-ref .. not found
getXMLAttribute: seeking for Plots/Plot[0]/Y-axis->minimum: 0
getXMLAttribute: seeking for Plots/Plot[0]/Y-axis->maximum: 100
getXMLAttribute: seeking for Plots/Plot[0]/Y-axis->logarithmic .. not found
getXMLAttribute: seeking for Plots/Plot[0]/Color-bar/Symbol->symbol-ref .. not found
getXMLAttribute: seeking for Plots/Plot[0]/Color-bar->minimum .. not found
getXMLAttribute: seeking for Plots/Plot[0]/Color-bar->maximum .. not found
getXMLAttribute: seeking for Plots/Plot[0]/Color-bar->logarithmic .. not found
getXMLAttribute: seeking for Plots/Plot[0]/Color-bar->palette .. not found
getXMLAttribute: seeking for Plots/Plot[0]/Color-bar->reverse-palette .. not found
getXMLAttribute: seeking for Logger->time-step: 10
getXMLAttribute: seeking for ModelGraph->format: svg
getXMLAttribute: seeking for ModelGraph->reduced: false
getXMLAttribute: seeking for ModelGraph->exclude-symbols .. not found
getXMLAttribute: seeking for ModelGraph->include-tags .. not found
Scope: Creating Accessor for symbol 'growth_rate' from Scope root
Scope: Creating Accessor for symbol 'in_G1' from Scope root
Scope: Creating Accessor for symbol 'celltype.epithelial.size' from Scope root
Scope: Creating Accessor for symbol 'mean_area' from Scope root
Plugin Logger: Registered input symbol dependencies mean_area [root] ,celltype.epithelial.size [root] ,
Scope: Creating Accessor for symbol 'celltype.epithelial.size' from Scope root
Scope: Creating Accessor for symbol 'mean_area' from Scope root
Logger range:
-> size 1
-> dataAxes 
-> data.sizes: 1, 
-> file separation: None
Scope: Creating Accessor for symbol 'time' from Scope root
Scope: Creating Accessor for symbol 'time' from Scope root
NeighborhoodReporter
System
CellDivision
CellDeath
CellDeath
Mapper
CPM
Gnuplotter
Logger
ModelGraph

 TimeStepListener "System" propagates its time step 1

 TimeStepListener "CellDivision" propagates its time step 1

 TimeStepListener "CellDeath" propagates its time step 1

 TimeStepListener "CellDeath" propagates its time step 1

 TimeStepListener "Mapper" propagates its time step 1

 TimeStepListener "CPM" propagates its time step 1

 TimeStepListener "Gnuplotter" propagates its time step 100

 TimeStepListener "Logger" propagates its time step 10

 TimeStepListener "ModelGraph" propagates its time step 10000
TimeScheduler::init: Ordering instantaneous processes for sequential update ...
Trying to remove unregistered symbol "cell.center" from unresolved_symbols.Trying to remove unregistered symbol "cell.center" from unresolved_symbols.Trying to remove unregistered symbol "cell.center" from unresolved_symbols. 
======================================================
 Time Schedule
======================================================
 Time precision patch is 0.001

=====|    Phase I     |===============================
-----. CPM .------------------------------------
  + 1 => CPM [V_target] -> [cell.center,cell.length,cell.surface,cell.type,cell.volume]
-----. Reactions .------------------------------------
  + 1 => System [AS,G0,cell.volume,k_crowding] -> [V_current,V_target,growth_rate,in_G1,t_enter_SG2M]

=====|    Phase II    |===============================
-----. Reporters and Instantaneous Processes.---------
  + 1 => NeighborhoodReporter [cell.center,cell.volume] -> [local_density]
  + 1 => CellDivision [in_G1,t0,t_enter_SG2M,time] -> [V_target,cell.center,divisions,in_G1,t_enter_SG2M]
  + 1 => CellDeath [alpha_apo,local_density,papo_max,rho_half] -> [cell.center]
  + 1 => Mapper [cell.center,cell.volume] -> [mean_area]
  + 1 => CellDeath [V_current,mean_area] -> [cell.center]

=====|    Phase III   |===============================
-----. Analysis .-------------------------------------
  + 100 => Gnuplotter [growth_rate,in_G1] 
  + 10 => Logger [celltype.epithelial.size,mean_area,time] 
  + 10000 => ModelGraph [] 
------------------------------------------------------
======================================================

model is up
GnuPlotter: Saving plot_00000.png
No support for graph rendering. Falling back to dot output.
Time: 0.00 atu
GnuPlotter: Saving plot_00100.png
Time: 100 
GnuPlotter: Saving plot_00200.png
Time: 200 
System::init: Reordering Initializers ...
GnuPlotter: Saving plot_00300.png
Time: 300 
GnuPlotter: Saving plot_00400.png
Time: 400 
System::init: Reordering Initializers ...
System::init: Reordering Initializers ...
GnuPlotter: Saving plot_00500.png
Time: 500 
GnuPlotter: Saving plot_00600.png
Time: 600 
GnuPlotter: Saving plot_00700.png
Time: 700 
GnuPlotter: Saving plot_00800.png
Time: 800 
GnuPlotter: Saving plot_00900.png
Time: 900 
System::init: Reordering Initializers ...
System::init: Reordering Initializers ...
GnuPlotter: Saving plot_01000.png
Time: 1000 
GnuPlotter: Saving plot_01100.png
Time: 1100 
System::init: Reordering Initializers ...
System::init: Reordering Initializers ...
GnuPlotter: Saving plot_01200.png
Time: 1200 
GnuPlotter: Saving plot_01300.png
Time: 1300 
System::init: Reordering Initializers ...
System::init: Reordering Initializers ...
GnuPlotter: Saving plot_01400.png
Time: 1400 
GnuPlotter: Saving plot_01500.png
Time: 1500 
GnuPlotter: Saving plot_01600.png
Time: 1600 
GnuPlotter: Saving plot_01700.png
Time: 1700 
GnuPlotter: Saving plot_01800.png
Time: 1800 
GnuPlotter: Saving plot_01900.png
Time: 1900 
GnuPlotter: Saving plot_02000.png
Time: 2000 
GnuPlotter: Saving plot_02100.png
Time: 2100 
GnuPlotter: Saving plot_02200.png
Time: 2200 
GnuPlotter: Saving plot_02300.png
Time: 2300 
GnuPlotter: Saving plot_02400.png
Time: 2400 
GnuPlotter: Saving plot_02500.png
Time: 2500 
GnuPlotter: Saving plot_02600.png
Time: 2600 
GnuPlotter: Saving plot_02700.png
Time: 2700 
GnuPlotter: Saving plot_02800.png
Time: 2800 
GnuPlotter: Saving plot_02900.png
Time: 2900 
GnuPlotter: Saving plot_03000.png
Time: 3000 
GnuPlotter: Saving plot_03100.png
Time: 3100 
GnuPlotter: Saving plot_03200.png
Time: 3200 
GnuPlotter: Saving plot_03300.png
Time: 3300 
GnuPlotter: Saving plot_03400.png
Time: 3400 
GnuPlotter: Saving plot_03500.png
Time: 3500 
GnuPlotter: Saving plot_03600.png
Time: 3600 
GnuPlotter: Saving plot_03700.png
Time: 3700 
GnuPlotter: Saving plot_03800.png
Time: 3800 
GnuPlotter: Saving plot_03900.png
Time: 3900 
GnuPlotter: Saving plot_04000.png
Time: 4000 
GnuPlotter: Saving plot_04100.png
Time: 4100 
GnuPlotter: Saving plot_04200.png
Time: 4200 
GnuPlotter: Saving plot_04300.png
Time: 4300 
GnuPlotter: Saving plot_04400.png
Time: 4400 
GnuPlotter: Saving plot_04500.png
Time: 4500 
GnuPlotter: Saving plot_04600.png
Time: 4600 
GnuPlotter: Saving plot_04700.png
Time: 4700 
GnuPlotter: Saving plot_04800.png
Time: 4800 
GnuPlotter: Saving plot_04900.png
Time: 4900 
GnuPlotter: Saving plot_05000.png
Time: 5000 
GnuPlotter: Saving plot_05100.png
Time: 5100 
GnuPlotter: Saving plot_05200.png
Time: 5200 
GnuPlotter: Saving plot_05300.png
Time: 5300 
GnuPlotter: Saving plot_05400.png
Time: 5400 
GnuPlotter: Saving plot_05500.png
Time: 5500 
GnuPlotter: Saving plot_05600.png
Time: 5600 
GnuPlotter: Saving plot_05700.png
Time: 5700 
GnuPlotter: Saving plot_05800.png
Time: 5800 
GnuPlotter: Saving plot_05900.png
Time: 5900 
GnuPlotter: Saving plot_06000.png
Time: 6000 
GnuPlotter: Saving plot_06100.png
Time: 6100 
GnuPlotter: Saving plot_06200.png
Time: 6200 
GnuPlotter: Saving plot_06300.png
Time: 6300 
GnuPlotter: Saving plot_06400.png
Time: 6400 
GnuPlotter: Saving plot_06500.png
Time: 6500 
GnuPlotter: Saving plot_06600.png
Time: 6600 
GnuPlotter: Saving plot_06700.png
Time: 6700 
GnuPlotter: Saving plot_06800.png
Time: 6800 
GnuPlotter: Saving plot_06900.png
Time: 6900 
GnuPlotter: Saving plot_07000.png
Time: 7000 
GnuPlotter: Saving plot_07100.png
Time: 7100 
GnuPlotter: Saving plot_07200.png
Time: 7200 
GnuPlotter: Saving plot_07300.png
Time: 7300 
GnuPlotter: Saving plot_07400.png
Time: 7400 
GnuPlotter: Saving plot_07500.png
Time: 7500 
GnuPlotter: Saving plot_07600.png
Time: 7600 
GnuPlotter: Saving plot_07700.png
Time: 7700 
GnuPlotter: Saving plot_07800.png
Time: 7800 
GnuPlotter: Saving plot_07900.png
Time: 7900 
GnuPlotter: Saving plot_08000.png
Time: 8000 
GnuPlotter: Saving plot_08100.png
Time: 8100 
GnuPlotter: Saving plot_08200.png
Time: 8200 
GnuPlotter: Saving plot_08300.png
Time: 8300 
GnuPlotter: Saving plot_08400.png
Time: 8400 
GnuPlotter: Saving plot_08500.png
Time: 8500 
GnuPlotter: Saving plot_08600.png
Time: 8600 
GnuPlotter: Saving plot_08700.png
Time: 8700 
GnuPlotter: Saving plot_08800.png
Time: 8800 
GnuPlotter: Saving plot_08900.png
Time: 8900 
GnuPlotter: Saving plot_09000.png
Time: 9000 
GnuPlotter: Saving plot_09100.png
Time: 9100 
GnuPlotter: Saving plot_09200.png
Time: 9200 
GnuPlotter: Saving plot_09300.png
Time: 9300 
GnuPlotter: Saving plot_09400.png
Time: 9400 
GnuPlotter: Saving plot_09500.png
Time: 9500 
GnuPlotter: Saving plot_09600.png
Time: 9600 
GnuPlotter: Saving plot_09700.png
Time: 9700 
GnuPlotter: Saving plot_09800.png
Time: 9800 
GnuPlotter: Saving plot_09900.png
Time: 9900 
GnuPlotter: Saving plot_10000.png
Time: 10000 
sampler 1 layer 149

=======================================================
    SCHEDULER PERFORMANCE STATISTICS
=======================================================

    +  69.4% = 58.279s (437.670)  | CPM [V_target -> cell.center,cell.length,cell.surface,cell.type,cell.volume]
    +  19.8% = 16.619s (6.916)  | Gnuplotter [growth_rate,in_G1]
    +   3.0% = 2.479s (2.463)  | CellDivision [in_G1,t0,t_enter_SG2M,time -> V_target,cell.center,divisions,in_G1,t_enter_SG2M]
    +   2.1% = 1.791s (5.710)  | NeighborhoodReporter [cell.center,cell.volume -> local_density]
    +   1.6% = 1.332s (0.020)  | Initialisation []
    +   1.4% = 1.157s (1.151)  | CellDeath [alpha_apo,local_density,papo_max,rho_half -> cell.center]
    +   1.3% = 1.073s (3.350)  | Mapper [cell.center,cell.volume -> mean_area]
    +   0.9% = 0.779s (2.388)  | System [AS,G0,cell.volume,k_crowding -> V_current,V_target,growth_rate,in_G1,t_enter_SG2M]
    +   0.2% = 0.137s (0.134)  | Logger [celltype.epithelial.size,mean_area,time]
    +   0.1% = 0.099s (0.096)  | CellDeath [V_current,mean_area -> cell.center]
    +   0.0% = 0.000s (0.000)  | ModelGraph []

======================================================

=== Simulation finished ===
Wall Time   = 1m 23s
CPU Time    = 8m 56s (10 threads)

