Setting output directory /Users/prerana/Desktop/morpheus/run_2024_12_29_19_34_59
Initializing from file model.xml
AutoFix: Moved 1 element(s)  matching /MorpheusModel/Global/Field[(@symbol)]/Diffusion[@rate!=~0(?:\.0+)?]/@rate to /MorpheusModel/Global/System/DiffEqn[@symbol-ref=%1]/Diffusion/@text
AutoFix: Moved 1 element(s)  matching /MorpheusModel/Global/Field[(@symbol)]/Diffusion to 
AutoFix: Moved 2 element(s)  matching /MorpheusModel/CellTypes/CellType/System/DiffEqn/Expression to /MorpheusModel/CellTypes/CellType/System/DiffEqn/Reaction
Applied 4 patches to update MorpheusML version to internal v5!
Time/RandomSeed not specified, using arbitray seed (based on time).
Intitalize Thread Intitalize Thread 8 with seed 4248879348
Intitalize Thread 0 with seed 1769524569
Intitalize Thread 3 with seed 1486648010
Intitalize Thread 2 with seed 1965766833
Intitalize Thread Intitalize Thread 9 with seed 830831501
Intitalize Thread Intitalize Thread 4 with seed 1 with seed Intitalize Thread 13604631745
4223473927
 with seed 2527225828
7 with seed 1848040807
6 with seed 3863793229
Registering Symbol time of linktype TimeLink in Scope root
Time/RandomSeed not specified, using arbitray seed (based on time).
Intitalize Thread 8 with seed 4248879348
Intitalize Thread 0 with seed 1769524569
Intitalize Thread 3 with seed 1486648010
Intitalize Thread 2 with seed 1965766833
Intitalize Thread 4 with seed 1360463174Intitalize Thread 
5 with seed 2527225828
Intitalize Thread 9 with seed 830831501
Intitalize Thread Intitalize Thread 7 with seed 1848040807
Intitalize Thread 6 with seed 3863793229
1 with seed 4223473927
Registering Symbol space of linktype LocationLink in Scope root
Registering Symbol space.x of linktype VectorComponentLink in Scope root
Registering Symbol space.y of linktype VectorComponentLink in Scope root
Registering Symbol space.z of linktype VectorComponentLink in Scope root
Registering Symbol space.phi of linktype VectorComponentLink in Scope root
Registering Symbol space.theta of linktype VectorComponentLink in Scope root
Registering Symbol space.abs of linktype VectorComponentLink in Scope root
Creating lattice
getXMLAttribute: seeking for Lattice->class: square
getXMLAttribute: seeking for Size->value: 100 100 0
getXMLAttribute: seeking for Size->symbol: lattice_size
Loading [9] Global Plugins
getXMLAttribute: seeking for Constant->name: Membrane binding rate
getXMLAttribute: seeking for Constant->symbol: k_on
getXMLAttribute: seeking for Constant->value: 0.01
getXMLAttribute: seeking for Constant->notation .. not found
Registering Symbol k_on of linktype ConstantLink in Scope root
getXMLAttribute: seeking for Constant->name: Membrane unbinding rate
getXMLAttribute: seeking for Constant->symbol: k_off
getXMLAttribute: seeking for Constant->value: 0.1
getXMLAttribute: seeking for Constant->notation .. not found
Registering Symbol k_off of linktype ConstantLink in Scope root
getXMLAttribute: seeking for Constant->name: Cytoplasmic diffusion coefficient
getXMLAttribute: seeking for Constant->symbol: D_c
getXMLAttribute: seeking for Constant->value: 1.0
getXMLAttribute: seeking for Constant->notation .. not found
Registering Symbol D_c of linktype ConstantLink in Scope root
getXMLAttribute: seeking for Constant->name: Hill coefficient (cooperativity)
getXMLAttribute: seeking for Constant->symbol: n
getXMLAttribute: seeking for Constant->value: 2
getXMLAttribute: seeking for Constant->notation .. not found
Registering Symbol n of linktype ConstantLink in Scope root
getXMLAttribute: seeking for Constant->name: Half-saturation constant
getXMLAttribute: seeking for Constant->symbol: K
getXMLAttribute: seeking for Constant->value: 5.0
getXMLAttribute: seeking for Constant->notation .. not found
Registering Symbol K of linktype ConstantLink in Scope root
getXMLAttribute: seeking for Field->symbol: Cc
Registering Symbol Cc of linktype FieldLink in Scope root
getXMLAttribute: seeking for Variable->name: Total cytoplasmic Cph1
getXMLAttribute: seeking for Variable->symbol: total_Cc
getXMLAttribute: seeking for Variable->value: 0.0
getXMLAttribute: seeking for Variable->notation .. not found
Registering Symbol total_Cc of linktype VariableLink in Scope root
getXMLAttribute: seeking for Variable->name: Total membrane Cph1
getXMLAttribute: seeking for Variable->symbol: total_Cm
getXMLAttribute: seeking for Variable->value: 0.0
getXMLAttribute: seeking for Variable->notation .. not found
Registering Symbol total_Cm of linktype VariableLink in Scope root
Creating subscope System in scope root
getXMLAttribute: seeking for System->solver .. not found
getXMLAttribute: seeking for System->solver-eps .. not found
getXMLAttribute: seeking for DiffEqn->symbol-ref: Cc
getXMLAttribute: seeking for Reaction->text .. not found
getXMLAttribute: seeking for Advection->text .. not found
getXMLAttribute: seeking for Diffusion->text: D_c
getXMLAttribute: seeking for Diffusion->well-mixed .. not found
Skipping ODE for Cc
Creating subscope CellType[bacterium] in scope root
Registering Symbol cell.type of linktype PrimitiveConstant in Scope CellType[bacterium]
Registering Symbol cell.type of linktype CompositeLink in Scope root
Registering Symbol cell.id of linktype CellIDLink in Scope CellType[bacterium]
Registering Symbol cell.id of linktype CompositeLink in Scope root
Registering Symbol cell.center of linktype CellCenterLink in Scope CellType[bacterium]
Registering Symbol cell.center of linktype CompositeLink in Scope root
Registering Symbol cell.center.x of linktype VectorComponentLink in Scope root
Registering Symbol cell.center.y of linktype VectorComponentLink in Scope root
Registering Symbol cell.center.z of linktype VectorComponentLink in Scope root
Registering Symbol cell.center.phi of linktype VectorComponentLink in Scope root
Registering Symbol cell.center.theta of linktype VectorComponentLink in Scope root
Registering Symbol cell.center.abs of linktype VectorComponentLink in Scope root
Registering Symbol cell.center.x of linktype VectorComponentLink in Scope CellType[bacterium]
Registering Symbol cell.center.y of linktype VectorComponentLink in Scope CellType[bacterium]
Registering Symbol cell.center.z of linktype VectorComponentLink in Scope CellType[bacterium]
Registering Symbol cell.center.phi of linktype VectorComponentLink in Scope CellType[bacterium]
Registering Symbol cell.center.theta of linktype VectorComponentLink in Scope CellType[bacterium]
Registering Symbol cell.center.abs of linktype VectorComponentLink in Scope CellType[bacterium]
Registering Symbol cell.volume of linktype CellVolumeLink in Scope CellType[bacterium]
Registering Symbol cell.volume of linktype CompositeLink in Scope root
Registering Symbol cell.length of linktype CellLengthLink in Scope CellType[bacterium]
Registering Symbol cell.length of linktype CompositeLink in Scope root
Registering Symbol cell.surface of linktype CellInterfaceLengthLink in Scope CellType[bacterium]
Registering Symbol cell.surface of linktype CompositeLink in Scope root
Registering Symbol cell.orientation of linktype CellOrientationLink in Scope CellType[bacterium]
Registering Symbol cell.orientation of linktype CompositeLink in Scope root
Registering Symbol cell.orientation.x of linktype VectorComponentLink in Scope root
Registering Symbol cell.orientation.y of linktype VectorComponentLink in Scope root
Registering Symbol cell.orientation.z of linktype VectorComponentLink in Scope root
Registering Symbol cell.orientation.phi of linktype VectorComponentLink in Scope root
Registering Symbol cell.orientation.theta of linktype VectorComponentLink in Scope root
Registering Symbol cell.orientation.abs of linktype VectorComponentLink in Scope root
Registering Symbol cell.orientation.x of linktype VectorComponentLink in Scope CellType[bacterium]
Registering Symbol cell.orientation.y of linktype VectorComponentLink in Scope CellType[bacterium]
Registering Symbol cell.orientation.z of linktype VectorComponentLink in Scope CellType[bacterium]
Registering Symbol cell.orientation.phi of linktype VectorComponentLink in Scope CellType[bacterium]
Registering Symbol cell.orientation.theta of linktype VectorComponentLink in Scope CellType[bacterium]
Registering Symbol cell.orientation.abs of linktype VectorComponentLink in Scope CellType[bacterium]
Registering Symbol celltype.bacterium.id of linktype PrimitiveConstant in Scope root
Registering Symbol celltype.bacterium.size of linktype CellPopulationSizeLink in Scope root
Creating subscope CellType[medium] in scope root
Registering Symbol cell.type of linktype PrimitiveConstant in Scope CellType[medium]
Registering Symbol cell.id of linktype CellIDLink in Scope CellType[medium]
Registering Symbol cell.center of linktype CellCenterLink in Scope CellType[medium]
Registering Symbol cell.center.x of linktype VectorComponentLink in Scope CellType[medium]
Registering Symbol cell.center.y of linktype VectorComponentLink in Scope CellType[medium]
Registering Symbol cell.center.z of linktype VectorComponentLink in Scope CellType[medium]
Registering Symbol cell.center.phi of linktype VectorComponentLink in Scope CellType[medium]
Registering Symbol cell.center.theta of linktype VectorComponentLink in Scope CellType[medium]
Registering Symbol cell.center.abs of linktype VectorComponentLink in Scope CellType[medium]
Registering Symbol cell.volume of linktype CellVolumeLink in Scope CellType[medium]
Registering Symbol celltype.medium.id of linktype PrimitiveConstant in Scope root
Registering Symbol celltype.medium.size of linktype CellPopulationSizeLink in Scope root
getXMLAttribute: seeking for Property->name: Membrane-bound Cph1 concentration
getXMLAttribute: seeking for Property->symbol: Cm
getXMLAttribute: seeking for Property->value: 0.0
getXMLAttribute: seeking for Property->notation .. not found
Registering Symbol Cm of linktype CellPropertyLink in Scope CellType[bacterium]
Registering Symbol Cm of linktype CompositeLink in Scope root
getXMLAttribute: seeking for System->time-step: 0.1
Creating subscope System in scope CellType[bacterium]
getXMLAttribute: seeking for System->solver: Euler
getXMLAttribute: seeking for ModelGraph->format .. not found
getXMLAttribute: seeking for ModelGraph->reduced .. not found
getXMLAttribute: seeking for ModelGraph->exclude-symbols .. not found
getXMLAttribute: seeking for ModelGraph->include-tags .. not found
No support for graph rendering. Falling back to dot output.
Generated symbol dependency graph. Exiting.
