Setting output directory /Users/prerana/Desktop/morpheus/20260203_224621_a239093d
Initializing from file model.xml
Applied 0 patches to update MorpheusML version to internal v5!
Time/RandomSeed not specified, using arbitray seed (based on time).
Intitalize Thread 0 with seed 1770155327
Intitalize Thread Intitalize Thread Intitalize Thread Intitalize Thread 5 with seed 2728896104Intitalize Thread 
8741 with seed  with seed Intitalize Thread  with seed 7042891052881388370
2 with seed 185456429Intitalize Thread Intitalize Thread 6 with seed 1054623787
 with seed 234315341

902472071

3 with seed 625129163
Intitalize Thread 9 with seed 546360182
Registering Symbol time of linktype TimeLink in Scope root
Intitalize Thread 8 with seed 1166165736
Intitalize Thread Intitalize Thread 2 with seed 1044445579
Intitalize Thread 4Intitalize Thread Intitalize Thread 7 with seed 69919023
 with seed Intitalize Thread 3 with seed 4029868217
3471047918
Intitalize Thread 0 with seed 0
Intitalize Thread 6 with seed 4250921454
9 with seed 1868579686
Intitalize Thread 5 with seed 990324140
1 with seed 3410091070
Registering Symbol space of linktype LocationLink in Scope root
Registering Symbol space.x of linktype VectorComponentLink in Scope root
Registering Symbol space.y of linktype VectorComponentLink in Scope root
Registering Symbol space.z of linktype VectorComponentLink in Scope root
Registering Symbol space.phi of linktype VectorComponentLink in Scope root
Registering Symbol space.theta of linktype VectorComponentLink in Scope root
Registering Symbol space.abs of linktype VectorComponentLink in Scope root
Creating lattice
getXMLAttribute: seeking for Lattice->class: square
getXMLAttribute: seeking for Size->value: 200, 200, 0
getXMLAttribute: seeking for Size->symbol: size
Loading [2] Global Plugins
getXMLAttribute: seeking for Constant->name .. not found
getXMLAttribute: seeking for Constant->symbol: cell_count
getXMLAttribute: seeking for Constant->value: 0
getXMLAttribute: seeking for Constant->notation .. not found
Registering Symbol cell_count of linktype ConstantLink in Scope root
getXMLAttribute: seeking for Constant->name .. not found
getXMLAttribute: seeking for Constant->symbol: avg_speed
getXMLAttribute: seeking for Constant->value: 0
getXMLAttribute: seeking for Constant->notation .. not found
Registering Symbol avg_speed of linktype ConstantLink in Scope root
Creating subscope CellType[medium] in scope root
Registering Symbol cell.type of linktype PrimitiveConstant in Scope CellType[medium]
Registering Symbol cell.type of linktype CompositeLink in Scope root
Registering Symbol cell.id of linktype CellIDLink in Scope CellType[medium]
Registering Symbol cell.id of linktype CompositeLink in Scope root
Registering Symbol cell.center of linktype CellCenterLink in Scope CellType[medium]
Registering Symbol cell.center of linktype CompositeLink in Scope root
Registering Symbol cell.center.x of linktype VectorComponentLink in Scope root
Registering Symbol cell.center.y of linktype VectorComponentLink in Scope root
Registering Symbol cell.center.z of linktype VectorComponentLink in Scope root
Registering Symbol cell.center.phi of linktype VectorComponentLink in Scope root
Registering Symbol cell.center.theta of linktype VectorComponentLink in Scope root
Registering Symbol cell.center.abs of linktype VectorComponentLink in Scope root
Registering Symbol cell.center.x of linktype VectorComponentLink in Scope CellType[medium]
Registering Symbol cell.center.y of linktype VectorComponentLink in Scope CellType[medium]
Registering Symbol cell.center.z of linktype VectorComponentLink in Scope CellType[medium]
Registering Symbol cell.center.phi of linktype VectorComponentLink in Scope CellType[medium]
Registering Symbol cell.center.theta of linktype VectorComponentLink in Scope CellType[medium]
Registering Symbol cell.center.abs of linktype VectorComponentLink in Scope CellType[medium]
Registering Symbol cell.volume of linktype CellVolumeLink in Scope CellType[medium]
Registering Symbol cell.volume of linktype CompositeLink in Scope root
Registering Symbol celltype.medium.id of linktype PrimitiveConstant in Scope root
Registering Symbol celltype.medium.size of linktype CellPopulationSizeLink in Scope root
Creating subscope CellType[endothelial] in scope root
Registering Symbol cell.type of linktype PrimitiveConstant in Scope CellType[endothelial]
Registering Symbol cell.id of linktype CellIDLink in Scope CellType[endothelial]
Registering Symbol cell.center of linktype CellCenterLink in Scope CellType[endothelial]
Registering Symbol cell.center.x of linktype VectorComponentLink in Scope CellType[endothelial]
Registering Symbol cell.center.y of linktype VectorComponentLink in Scope CellType[endothelial]
Registering Symbol cell.center.z of linktype VectorComponentLink in Scope CellType[endothelial]
Registering Symbol cell.center.phi of linktype VectorComponentLink in Scope CellType[endothelial]
Registering Symbol cell.center.theta of linktype VectorComponentLink in Scope CellType[endothelial]
Registering Symbol cell.center.abs of linktype VectorComponentLink in Scope CellType[endothelial]
Registering Symbol cell.volume of linktype CellVolumeLink in Scope CellType[endothelial]
Registering Symbol cell.length of linktype CellLengthLink in Scope CellType[endothelial]
Registering Symbol cell.length of linktype CompositeLink in Scope root
Registering Symbol cell.surface of linktype CellInterfaceLengthLink in Scope CellType[endothelial]
Registering Symbol cell.surface of linktype CompositeLink in Scope root
Registering Symbol cell.orientation of linktype CellOrientationLink in Scope CellType[endothelial]
Registering Symbol cell.orientation of linktype CompositeLink in Scope root
Registering Symbol cell.orientation.x of linktype VectorComponentLink in Scope root
Registering Symbol cell.orientation.y of linktype VectorComponentLink in Scope root
Registering Symbol cell.orientation.z of linktype VectorComponentLink in Scope root
Registering Symbol cell.orientation.phi of linktype VectorComponentLink in Scope root
Registering Symbol cell.orientation.theta of linktype VectorComponentLink in Scope root
Registering Symbol cell.orientation.abs of linktype VectorComponentLink in Scope root
Registering Symbol cell.orientation.x of linktype VectorComponentLink in Scope CellType[endothelial]
Registering Symbol cell.orientation.y of linktype VectorComponentLink in Scope CellType[endothelial]
Registering Symbol cell.orientation.z of linktype VectorComponentLink in Scope CellType[endothelial]
Registering Symbol cell.orientation.phi of linktype VectorComponentLink in Scope CellType[endothelial]
Registering Symbol cell.orientation.theta of linktype VectorComponentLink in Scope CellType[endothelial]
Registering Symbol cell.orientation.abs of linktype VectorComponentLink in Scope CellType[endothelial]
Registering Symbol celltype.endothelial.id of linktype PrimitiveConstant in Scope root
Registering Symbol celltype.endothelial.size of linktype CellPopulationSizeLink in Scope root
getXMLAttribute: seeking for VolumeConstraint->target: 50
getXMLAttribute: seeking for VolumeConstraint->strength: 1
getXMLAttribute: seeking for SurfaceConstraint->target: 0.9
getXMLAttribute: seeking for SurfaceConstraint->strength: 1
getXMLAttribute: seeking for SurfaceConstraint->mode: aspherity
getXMLAttribute: seeking for SurfaceConstraint->exponent .. not found
getXMLAttribute: seeking for Property->name: Polarity X component
getXMLAttribute: seeking for Property->symbol: polarity_x
getXMLAttribute: seeking for Property->value: rand_uni(-1.0, 1.0)
getXMLAttribute: seeking for Property->notation .. not found
Registering Symbol polarity_x of linktype CellPropertyLink in Scope CellType[endothelial]
Registering Symbol polarity_x of linktype CompositeLink in Scope root
getXMLAttribute: seeking for Property->name: Polarity Y component
getXMLAttribute: seeking for Property->symbol: polarity_y
getXMLAttribute: seeking for Property->value: rand_uni(-1.0, 1.0)
getXMLAttribute: seeking for Property->notation .. not found
Registering Symbol polarity_y of linktype CellPropertyLink in Scope CellType[endothelial]
Registering Symbol polarity_y of linktype CompositeLink in Scope root
getXMLAttribute: seeking for PropertyVector->name: Cell polarity vector
getXMLAttribute: seeking for PropertyVector->symbol: polarity
getXMLAttribute: seeking for PropertyVector->value: polarity_x, polarity_y, 0.0
getXMLAttribute: seeking for PropertyVector->notation .. not found
Registering Symbol polarity of linktype CellPropertyLink in Scope CellType[endothelial]
Registering Symbol polarity of linktype CompositeLink in Scope root
Registering Symbol polarity.x of linktype VectorComponentLink in Scope root
Registering Symbol polarity.y of linktype VectorComponentLink in Scope root
Registering Symbol polarity.z of linktype VectorComponentLink in Scope root
Registering Symbol polarity.phi of linktype VectorComponentLink in Scope root
Registering Symbol polarity.theta of linktype VectorComponentLink in Scope root
Registering Symbol polarity.abs of linktype VectorComponentLink in Scope root
Registering Symbol polarity.x of linktype VectorComponentLink in Scope CellType[endothelial]
Registering Symbol polarity.y of linktype VectorComponentLink in Scope CellType[endothelial]
Registering Symbol polarity.z of linktype VectorComponentLink in Scope CellType[endothelial]
Registering Symbol polarity.phi of linktype VectorComponentLink in Scope CellType[endothelial]
Registering Symbol polarity.theta of linktype VectorComponentLink in Scope CellType[endothelial]
Registering Symbol polarity.abs of linktype VectorComponentLink in Scope CellType[endothelial]
getXMLAttribute: seeking for PropertyVector->name: Cell velocity
getXMLAttribute: seeking for PropertyVector->symbol: velocity
getXMLAttribute: seeking for PropertyVector->value: 0.0, 0.0, 0.0
getXMLAttribute: seeking for PropertyVector->notation .. not found
Registering Symbol velocity of linktype CellPropertyLink in Scope CellType[endothelial]
Registering Symbol velocity of linktype CompositeLink in Scope root
Registering Symbol velocity.x of linktype VectorComponentLink in Scope root
Registering Symbol velocity.y of linktype VectorComponentLink in Scope root
Registering Symbol velocity.z of linktype VectorComponentLink in Scope root
Registering Symbol velocity.phi of linktype VectorComponentLink in Scope root
Registering Symbol velocity.theta of linktype VectorComponentLink in Scope root
Registering Symbol velocity.abs of linktype VectorComponentLink in Scope root
Registering Symbol velocity.x of linktype VectorComponentLink in Scope CellType[endothelial]
Registering Symbol velocity.y of linktype VectorComponentLink in Scope CellType[endothelial]
Registering Symbol velocity.z of linktype VectorComponentLink in Scope CellType[endothelial]
Registering Symbol velocity.phi of linktype VectorComponentLink in Scope CellType[endothelial]
Registering Symbol velocity.theta of linktype VectorComponentLink in Scope CellType[endothelial]
Registering Symbol velocity.abs of linktype VectorComponentLink in Scope CellType[endothelial]
getXMLAttribute: seeking for PersistentMotion->decay-time: 5
getXMLAttribute: seeking for PersistentMotion->strength: 2
getXMLAttribute: seeking for PersistentMotion->protrusion: true
getXMLAttribute: seeking for PersistentMotion->retraction .. not found
getXMLAttribute: seeking for Velocity->symbol-ref: velocity
getXMLAttribute: seeking for Displacement->symbol-ref .. not found
getXMLAttribute: seeking for MotilityReporter->time-step: 10
CellTypes defined: 'endothelial' 'medium' 
getXMLAttribute: seeking for MonteCarloSampler/MCSDuration->value: 1
getXMLAttribute: seeking for MonteCarloSampler->stepper: edgelist
getXMLAttribute: seeking for MonteCarloSampler/MetropolisKinetics->temperature: 2
getXMLAttribute: seeking for MonteCarloSampler/MetropolisKinetics->yield .. not found
getXMLAttribute: seeking for Contact->value: 12
getXMLAttribute: seeking for Contact->value: 2
Registering Symbol size of linktype PrimitiveConstant in Scope root
Registering Symbol size.x of linktype VectorComponentLink in Scope root
Registering Symbol size.y of linktype VectorComponentLink in Scope root
Registering Symbol size.z of linktype VectorComponentLink in Scope root
Registering Symbol size.phi of linktype VectorComponentLink in Scope root
Registering Symbol size.theta of linktype VectorComponentLink in Scope root
Registering Symbol size.abs of linktype VectorComponentLink in Scope root
Setting boundary neighborhood to order 2
Assigning Shape Neighborhood of size 3 -> 28 neighbors.
Setting boundary neighborhood to order 6
Creating cell layer of size 1.13281 MB
with initial state set to CellType 'medium'
getXMLAttribute: seeking for InitCircle->number-of-cells: 100
getXMLAttribute: seeking for InitCircle->mode: random
getXMLAttribute: seeking for Dimensions->center: 100, 100, 0
getXMLAttribute: seeking for Dimensions->radius: 80
Initializing celltype 'medium'
Initializing celltype 'endothelial'
Scope: Creating Accessor for symbol 'polarity_x' from Scope CellType[endothelial]
Scope: Creating Accessor for symbol 'polarity_y' from Scope CellType[endothelial]
Plugin PropertyVector: Registered input symbol dependencies polarity_x [CellType[endothelial]] ,polarity_y [CellType[endothelial]] ,
SymbolFocus::cell(): SymbolFocus cannot deduce cell.
No position or cell associated with the Focus.
Warning: Could not initialize default property polarity of celltype endothelial.
Registering Symbol stored_direction of linktype CellPropertyLink in Scope CellType[endothelial]
Registering Symbol stored_direction of linktype CompositeLink in Scope root
Registering Symbol stored_direction.x of linktype VectorComponentLink in Scope root
Registering Symbol stored_direction.y of linktype VectorComponentLink in Scope root
Registering Symbol stored_direction.z of linktype VectorComponentLink in Scope root
Registering Symbol stored_direction.phi of linktype VectorComponentLink in Scope root
Registering Symbol stored_direction.theta of linktype VectorComponentLink in Scope root
Registering Symbol stored_direction.abs of linktype VectorComponentLink in Scope root
Registering Symbol stored_direction.x of linktype VectorComponentLink in Scope CellType[endothelial]
Registering Symbol stored_direction.y of linktype VectorComponentLink in Scope CellType[endothelial]
Registering Symbol stored_direction.z of linktype VectorComponentLink in Scope CellType[endothelial]
Registering Symbol stored_direction.phi of linktype VectorComponentLink in Scope CellType[endothelial]
Registering Symbol stored_direction.theta of linktype VectorComponentLink in Scope CellType[endothelial]
Registering Symbol stored_direction.abs of linktype VectorComponentLink in Scope CellType[endothelial]
Registering Symbol stored_center of linktype CellPropertyLink in Scope CellType[endothelial]
Registering Symbol stored_center of linktype CompositeLink in Scope root
Registering Symbol stored_center.x of linktype VectorComponentLink in Scope root
Registering Symbol stored_center.y of linktype VectorComponentLink in Scope root
Registering Symbol stored_center.z of linktype VectorComponentLink in Scope root
Registering Symbol stored_center.phi of linktype VectorComponentLink in Scope root
Registering Symbol stored_center.theta of linktype VectorComponentLink in Scope root
Registering Symbol stored_center.abs of linktype VectorComponentLink in Scope root
Registering Symbol stored_center.x of linktype VectorComponentLink in Scope CellType[endothelial]
Registering Symbol stored_center.y of linktype VectorComponentLink in Scope CellType[endothelial]
Registering Symbol stored_center.z of linktype VectorComponentLink in Scope CellType[endothelial]
Registering Symbol stored_center.phi of linktype VectorComponentLink in Scope CellType[endothelial]
Registering Symbol stored_center.theta of linktype VectorComponentLink in Scope CellType[endothelial]
Registering Symbol stored_center.abs of linktype VectorComponentLink in Scope CellType[endothelial]
Scope: Creating Accessor for symbol 'cell.center' from Scope CellType[endothelial]
Scope: Creating Accessor for symbol 'velocity' from Scope CellType[endothelial]
PluginMotilityReporter: Registered output symbol dependencies velocity [CellType[endothelial]] ,
Scope: Creating Accessor for symbol 'cell.center' from Scope CellType[endothelial]
Cells 100 requested 0
Scope: Creating Accessor for symbol 'cell.center' from Scope root
Scope: Creating Accessor for symbol 'cell.volume' from Scope root
Scope: Creating Accessor for symbol 'cell.surface' from Scope root
Scope: Creating Accessor for symbol 'cell.length' from Scope root
Scope: Creating Accessor for symbol 'cell.type' from Scope root
creating Edge tracker 

 thread_id = 
 thread_id = 0x16cbd7000, register_thread_index = 1, shared_locks_array[cur_index].value = 1

 thread_id = 0x20227ec40, register_thread_index = 2, shared_locks_array[cur_index].value = 1
0x16f3ff000, register_thread_index = 0, shared_locks_array[cur_index].value = 1

 thread_id = 0x16dbe7000, register_thread_index = 4, shared_locks_array[cur_index].value = 1

 thread_id = 
 thread_id = 0x16bbc7000, register_thread_index = 0x16d3df000, register_thread_index = 5, shared_locks_array[cur_index].value = 31, shared_locks_array[cur_index].value = 1

 thread_id = 
 thread_id = 0x16fc07000, register_thread_index = 0x16c3cf000, register_thread_index = 7, shared_locks_array[cur_index].value = 
1
6, shared_locks_array[cur_index].value = 1

 thread_id = 0x16e3ef000, register_thread_index = 8, shared_locks_array[cur_index].value = 1

 thread_id = 0x16ebf7000, register_thread_index = 9, shared_locks_array[cur_index].value = 1
EdgeListTracker::init() : Created Tracker with Neighborhood size 8 of size 0.933594 MB
EdgeListTracker::init() : Found 798 initial edges, wherof 798 can be modified.
CPM: InteractionEnergy has 28 neighbors
CPM: InteractionEnergy was initialized with  IA_COLLAPSE 
Loading Analysis tools [3]
getXMLAttribute: seeking for Gnuplotter->file-numbering .. not found
getXMLAttribute: seeking for Terminal->name: png
getXMLAttribute: seeking for Terminal->size .. not found
getXMLAttribute: seeking for Gnuplotter->time-step: 50
getXMLAttribute: seeking for Cells->value: cell.type
getXMLAttribute: seeking for Cells->value: velocity.abs
getXMLAttribute: seeking for CellArrows->orientation: velocity
getXMLAttribute: seeking for CellArrows->center .. not found
getXMLAttribute: seeking for Cells->value: polarity.phi
getXMLAttribute: seeking for CellArrows->orientation: polarity
getXMLAttribute: seeking for CellArrows->center .. not found
getXMLAttribute: seeking for Input/Symbol[0]->symbol-ref: cell.center.x
getXMLAttribute: seeking for Input/Symbol[1]->symbol-ref: cell.center.y
getXMLAttribute: seeking for Input/Symbol[2]->symbol-ref: velocity.abs
getXMLAttribute: seeking for Input/Symbol[3]->symbol-ref: polarity.abs
getXMLAttribute: seeking for Restriction/Slice->value .. not found
getXMLAttribute: seeking for Restriction/Slice->axis .. not found
getXMLAttribute: seeking for Restriction/Celltype->celltype .. not found
getXMLAttribute: seeking for Restriction/Cells->cell-ids .. not found
getXMLAttribute: seeking for Restriction->domain-only .. not found
getXMLAttribute: seeking for Restriction->condition .. not found
getXMLAttribute: seeking for Input->force-node-granularity .. not found
getXMLAttribute: seeking for Input->include-boundary .. not found
getXMLAttribute: seeking for Restriction->exclude-medium .. not found
getXMLAttribute: seeking for Output/TextOutput->header .. not found
getXMLAttribute: seeking for Output/TextOutput->header-guarding .. not found
getXMLAttribute: seeking for Output/TextOutput->separator .. not found
getXMLAttribute: seeking for Output/TextOutput->file-name .. not found
getXMLAttribute: seeking for Output/TextOutput->file-numbering .. not found
getXMLAttribute: seeking for Output/TextOutput->file-separation .. not found
getXMLAttribute: seeking for Output/TextOutput->file-format .. not found
getXMLAttribute: seeking for Plots/Plot[0]->time-step: 100
getXMLAttribute: seeking for Plots/Plot[0]->title .. not found
getXMLAttribute: seeking for Plots/Plot[0]->log-commands .. not found
getXMLAttribute: seeking for Plots/Plot[0]/Terminal->terminal: png
getXMLAttribute: seeking for Plots/Plot[0]/Terminal->plot-size .. not found
getXMLAttribute: seeking for Plots/Plot[0]->file-numbering .. not found
getXMLAttribute: seeking for Plots/Plot[0]/Range/Time->mode .. not found
getXMLAttribute: seeking for Plots/Plot[0]/Range/Time->history .. not found
getXMLAttribute: seeking for Plots/Plot[0]/Range/Data->first-line .. not found
getXMLAttribute: seeking for Plots/Plot[0]/Range/Data->last-line .. not found
getXMLAttribute: seeking for Plots/Plot[0]/Range/Data->increment .. not found
getXMLAttribute: seeking for Plots/Plot[0]/Style->style: lines
getXMLAttribute: seeking for Plots/Plot[0]/Style->decorate .. not found
getXMLAttribute: seeking for Plots/Plot[0]/Style->point-size .. not found
getXMLAttribute: seeking for Plots/Plot[0]/Style->line-width: 1.5
getXMLAttribute: seeking for Plots/Plot[0]/Style->grid .. not found
getXMLAttribute: seeking for Plots/Plot[0]/X-axis/Symbol->symbol-ref: time
getXMLAttribute: seeking for Plots/Plot[0]/X-axis->minimum .. not found
getXMLAttribute: seeking for Plots/Plot[0]/X-axis->maximum .. not found
getXMLAttribute: seeking for Plots/Plot[0]/X-axis->logarithmic .. not found
getXMLAttribute: seeking for Plots/Plot[0]/Y-axis/Symbol[0]->symbol-ref: velocity.abs
getXMLAttribute: seeking for Plots/Plot[0]/Y-axis/Symbol[1]->symbol-ref .. not found
getXMLAttribute: seeking for Plots/Plot[0]/Y-axis/Symbol[2]->symbol-ref .. not found
getXMLAttribute: seeking for Plots/Plot[0]/Y-axis/Symbol[3]->symbol-ref .. not found
getXMLAttribute: seeking for Plots/Plot[0]/Y-axis/Symbol[4]->symbol-ref .. not found
getXMLAttribute: seeking for Plots/Plot[0]/Y-axis/Symbol[5]->symbol-ref .. not found
getXMLAttribute: seeking for Plots/Plot[0]/Y-axis/Symbol[6]->symbol-ref .. not found
getXMLAttribute: seeking for Plots/Plot[0]/Y-axis/Symbol[7]->symbol-ref .. not found
getXMLAttribute: seeking for Plots/Plot[0]/Y-axis/Symbol[8]->symbol-ref .. not found
getXMLAttribute: seeking for Plots/Plot[0]/Y-axis/Symbol[9]->symbol-ref .. not found
getXMLAttribute: seeking for Plots/Plot[0]/Y-axis->minimum .. not found
getXMLAttribute: seeking for Plots/Plot[0]/Y-axis->maximum .. not found
getXMLAttribute: seeking for Plots/Plot[0]/Y-axis->logarithmic .. not found
getXMLAttribute: seeking for Plots/Plot[0]/Color-bar/Symbol->symbol-ref .. not found
getXMLAttribute: seeking for Plots/Plot[0]/Color-bar->minimum .. not found
getXMLAttribute: seeking for Plots/Plot[0]/Color-bar->maximum .. not found
getXMLAttribute: seeking for Plots/Plot[0]/Color-bar->logarithmic .. not found
getXMLAttribute: seeking for Plots/Plot[0]/Color-bar->palette .. not found
getXMLAttribute: seeking for Plots/Plot[0]/Color-bar->reverse-palette .. not found
getXMLAttribute: seeking for Logger->time-step: 10
getXMLAttribute: seeking for ModelGraph->format: dot
getXMLAttribute: seeking for ModelGraph->reduced: false
getXMLAttribute: seeking for ModelGraph->exclude-symbols .. not found
getXMLAttribute: seeking for ModelGraph->include-tags: #untagged
Scope: Creating Accessor for symbol 'cell.type' from Scope root
Scope: Creating Accessor for symbol 'velocity.abs' from Scope root
Scope: Creating Accessor for symbol 'velocity' from Scope root
Scope: Creating Accessor for symbol 'polarity.phi' from Scope root
Scope: Creating Accessor for symbol 'polarity' from Scope root
Scope: Creating Accessor for symbol 'cell.center.x' from Scope root
Scope: Creating Accessor for symbol 'cell.center.y' from Scope root
Scope: Creating Accessor for symbol 'velocity.abs' from Scope root
Scope: Creating Accessor for symbol 'polarity.abs' from Scope root
Plugin Logger: Registered input symbol dependencies cell.center.x [root] ,cell.center.y [root] ,polarity.abs [root] ,velocity.abs [root] ,
Logger range:
-> size 100
-> dataAxes CELL, 
-> data.sizes: 100, 
-> file separation: None
Scope: Creating Accessor for symbol 'time' from Scope root
Scope: Creating Accessor for symbol 'cell.id' from Scope CellType[endothelial]
Scope: Creating Accessor for symbol 'time' from Scope root
PersistentMotion
MotilityReporter
CPM
Gnuplotter
Logger
ModelGraph

 TimeStepListener "MotilityReporter" propagates its time step 10

 TimeStepListener "CPM" propagates its time step 1

 TimeStepListener "Gnuplotter" propagates its time step 50

 TimeStepListener "Logger" propagates its time step 10

 TimeStepListener "ModelGraph" propagates its time step 5000
TimeScheduler::init: Ordering instantaneous processes for sequential update ...
 
======================================================
 Time Schedule
======================================================
 Time precision patch is 0.001

=====|    Phase I     |===============================
-----. CPM .------------------------------------
  + 1 => CPM [cell.center,stored_center,stored_direction] -> [cell.center,cell.length,cell.surface,cell.type,cell.volume]

=====|    Phase II    |===============================
-----. Reporters and Instantaneous Processes.---------
  + 1 => PersistentMotion [cell.center,stored_center,stored_direction] -> [stored_center,stored_direction]
  + 10 => MotilityReporter [cell.center] -> [velocity]

=====|    Phase III   |===============================
-----. Analysis .-------------------------------------
  + 50 => Gnuplotter [cell.type,polarity,polarity.phi,velocity,velocity.abs] 
  + 10 => Logger [cell.center.x,cell.center.y,polarity.abs,time,velocity.abs] 
  + 5000 => ModelGraph [] 
------------------------------------------------------
======================================================

model is up
GnuPlotter: Saving plot_00000.png
Time: 0.00 atu
GnuPlotter: Saving plot_00050.png
Time: 50 
GnuPlotter: Saving plot_00100.png
Time: 100 
GnuPlotter: Saving plot_00150.png
Time: 150 
GnuPlotter: Saving plot_00200.png
Time: 200 
GnuPlotter: Saving plot_00250.png
Time: 250 
GnuPlotter: Saving plot_00300.png
Time: 300 
GnuPlotter: Saving plot_00350.png
Time: 350 
GnuPlotter: Saving plot_00400.png
Time: 400 
GnuPlotter: Saving plot_00450.png
Time: 450 
GnuPlotter: Saving plot_00500.png
Time: 500 
GnuPlotter: Saving plot_00550.png
Time: 550 
GnuPlotter: Saving plot_00600.png
Time: 600 
GnuPlotter: Saving plot_00650.png
Time: 650 
GnuPlotter: Saving plot_00700.png
Time: 700 
GnuPlotter: Saving plot_00750.png
Time: 750 
GnuPlotter: Saving plot_00800.png
Time: 800 
GnuPlotter: Saving plot_00850.png
Time: 850 
GnuPlotter: Saving plot_00900.png
Time: 900 
GnuPlotter: Saving plot_00950.png
Time: 950 
GnuPlotter: Saving plot_01000.png
Time: 1000 
GnuPlotter: Saving plot_01050.png
Time: 1050 
GnuPlotter: Saving plot_01100.png
Time: 1100 
GnuPlotter: Saving plot_01150.png
Time: 1150 
GnuPlotter: Saving plot_01200.png
Time: 1200 
GnuPlotter: Saving plot_01250.png
Time: 1250 
GnuPlotter: Saving plot_01300.png
Time: 1300 
GnuPlotter: Saving plot_01350.png
Time: 1350 
GnuPlotter: Saving plot_01400.png
Time: 1400 
GnuPlotter: Saving plot_01450.png
Time: 1450 
GnuPlotter: Saving plot_01500.png
Time: 1500 
GnuPlotter: Saving plot_01550.png
Time: 1550 
GnuPlotter: Saving plot_01600.png
Time: 1600 
GnuPlotter: Saving plot_01650.png
Time: 1650 
GnuPlotter: Saving plot_01700.png
Time: 1700 
GnuPlotter: Saving plot_01750.png
Time: 1750 
GnuPlotter: Saving plot_01800.png
Time: 1800 
GnuPlotter: Saving plot_01850.png
Time: 1850 
GnuPlotter: Saving plot_01900.png
Time: 1900 
GnuPlotter: Saving plot_01950.png
Time: 1950 
GnuPlotter: Saving plot_02000.png
Time: 2000 
GnuPlotter: Saving plot_02050.png
Time: 2050 
GnuPlotter: Saving plot_02100.png
Time: 2100 
GnuPlotter: Saving plot_02150.png
Time: 2150 
GnuPlotter: Saving plot_02200.png
Time: 2200 
GnuPlotter: Saving plot_02250.png
Time: 2250 
GnuPlotter: Saving plot_02300.png
Time: 2300 
GnuPlotter: Saving plot_02350.png
Time: 2350 
GnuPlotter: Saving plot_02400.png
Time: 2400 
GnuPlotter: Saving plot_02450.png
Time: 2450 
GnuPlotter: Saving plot_02500.png
Time: 2500 
GnuPlotter: Saving plot_02550.png
Time: 2550 
GnuPlotter: Saving plot_02600.png
Time: 2600 
GnuPlotter: Saving plot_02650.png
Time: 2650 
GnuPlotter: Saving plot_02700.png
Time: 2700 
GnuPlotter: Saving plot_02750.png
Time: 2750 
GnuPlotter: Saving plot_02800.png
Time: 2800 
GnuPlotter: Saving plot_02850.png
Time: 2850 
GnuPlotter: Saving plot_02900.png
Time: 2900 
GnuPlotter: Saving plot_02950.png
Time: 2950 
GnuPlotter: Saving plot_03000.png
Time: 3000 
GnuPlotter: Saving plot_03050.png
Time: 3050 
GnuPlotter: Saving plot_03100.png
Time: 3100 
GnuPlotter: Saving plot_03150.png
Time: 3150 
GnuPlotter: Saving plot_03200.png
Time: 3200 
GnuPlotter: Saving plot_03250.png
Time: 3250 
GnuPlotter: Saving plot_03300.png
Time: 3300 
GnuPlotter: Saving plot_03350.png
Time: 3350 
GnuPlotter: Saving plot_03400.png
Time: 3400 
GnuPlotter: Saving plot_03450.png
Time: 3450 
GnuPlotter: Saving plot_03500.png
Time: 3500 
GnuPlotter: Saving plot_03550.png
Time: 3550 
GnuPlotter: Saving plot_03600.png
Time: 3600 
GnuPlotter: Saving plot_03650.png
Time: 3650 
GnuPlotter: Saving plot_03700.png
Time: 3700 
GnuPlotter: Saving plot_03750.png
Time: 3750 
GnuPlotter: Saving plot_03800.png
Time: 3800 
GnuPlotter: Saving plot_03850.png
Time: 3850 
GnuPlotter: Saving plot_03900.png
Time: 3900 
GnuPlotter: Saving plot_03950.png
Time: 3950 
GnuPlotter: Saving plot_04000.png
Time: 4000 
GnuPlotter: Saving plot_04050.png
Time: 4050 
GnuPlotter: Saving plot_04100.png
Time: 4100 
GnuPlotter: Saving plot_04150.png
Time: 4150 
GnuPlotter: Saving plot_04200.png
Time: 4200 
GnuPlotter: Saving plot_04250.png
Time: 4250 
GnuPlotter: Saving plot_04300.png
Time: 4300 
GnuPlotter: Saving plot_04350.png
Time: 4350 
GnuPlotter: Saving plot_04400.png
Time: 4400 
GnuPlotter: Saving plot_04450.png
Time: 4450 
GnuPlotter: Saving plot_04500.png
Time: 4500 
GnuPlotter: Saving plot_04550.png
Time: 4550 
GnuPlotter: Saving plot_04600.png
Time: 4600 
GnuPlotter: Saving plot_04650.png
Time: 4650 
GnuPlotter: Saving plot_04700.png
Time: 4700 
GnuPlotter: Saving plot_04750.png
Time: 4750 
GnuPlotter: Saving plot_04800.png
Time: 4800 
GnuPlotter: Saving plot_04850.png
Time: 4850 
GnuPlotter: Saving plot_04900.png
Time: 4900 
GnuPlotter: Saving plot_04950.png
Time: 4950 
GnuPlotter: Saving plot_05000.png
Time: 5000 
sampler 1 layer 10

=======================================================
    SCHEDULER PERFORMANCE STATISTICS
=======================================================

    +  85.6% = 17.882s (120.564)  | CPM [cell.center,stored_center,stored_direction -> cell.center,cell.length,cell.surface,cell.type,cell.volume]
    +   8.9% = 1.851s (0.017)  | Initialisation []
    +   3.3% = 0.690s (0.596)  | Gnuplotter [cell.type,polarity,polarity.phi,velocity,velocity.abs]
    +   0.9% = 0.183s (0.181)  | Logger [cell.center.x,cell.center.y,polarity.abs,time,velocity.abs]
    +   0.2% = 0.045s (0.044)  | PersistentMotion [cell.center,stored_center,stored_direction -> stored_center,stored_direction]
    +   0.0% = 0.004s (0.004)  | MotilityReporter [cell.center -> velocity]
    +   0.0% = 0.000s (0.000)  | ModelGraph []

======================================================

=== Simulation finished ===
Wall Time   = 20s 886ms
CPU Time    = 2m 22s (10 threads)

