Setting output directory /Users/prerana/Desktop/morpheus/20260129_184542_f876ef8f
Initializing from file model.xml
AutoFix: Moved 2 element(s)  matching /MorpheusModel/Global/System/DiffEqn/Expression to /MorpheusModel/Global/System/DiffEqn/Reaction
AutoFix: Moved 2 element(s)  matching /MorpheusModel/Global/Field[(@symbol)]/Diffusion[@rate!=~0(?:\.0+)?]/@rate to /MorpheusModel/Global/System/DiffEqn[@symbol-ref=%1]/Diffusion/@text
AutoFix: Moved 2 element(s)  matching /MorpheusModel/Global/Field[(@symbol)]/Diffusion to 
AutoFix: Moved 7 element(s)  matching /MorpheusModel/CellTypes/CellType/System/DiffEqn/Expression to /MorpheusModel/CellTypes/CellType/System/DiffEqn/Reaction
Applied 13 patches to update MorpheusML version to internal v5!
Time/RandomSeed not specified, using arbitray seed (based on time).
Intitalize Thread Intitalize Thread 0 with seed 17697090598 with seed 
456836587
Intitalize Thread Intitalize Thread 6 with seed 3800224178
4 with seed 1291529525
Intitalize Thread 2 with seed 313222892
Intitalize Thread 3 with seed 44511098
Intitalize Thread Intitalize Thread 7 with seed 1 with seed 2125329640
3651598933
Intitalize Thread Intitalize Thread 5 with seed 364785249
9 with seed 2533147383
Registering Symbol time of linktype TimeLink in Scope root
Intitalize Thread 0 with seed Intitalize Thread 123
Intitalize Thread Intitalize Thread Intitalize Thread 1Intitalize Thread 7 with seed Intitalize Thread 2342964264
4 with seed 1386903166
 with seed 22565264008Intitalize Thread 5Intitalize Thread 3 with seed 4068791613
Intitalize Thread 
26 with seed 256824811
 with seed 1320940964
 with seed 3850189868
 with seed 4226128334
9 with seed 2111863253
Registering Symbol space of linktype LocationLink in Scope root
Registering Symbol space.x of linktype VectorComponentLink in Scope root
Registering Symbol space.y of linktype VectorComponentLink in Scope root
Registering Symbol space.z of linktype VectorComponentLink in Scope root
Registering Symbol space.phi of linktype VectorComponentLink in Scope root
Registering Symbol space.theta of linktype VectorComponentLink in Scope root
Registering Symbol space.abs of linktype VectorComponentLink in Scope root
Creating lattice
getXMLAttribute: seeking for Lattice->class: square
getXMLAttribute: seeking for Size->value: 200, 200, 0
getXMLAttribute: seeking for Size->symbol: size
Loading [5] Global Plugins
getXMLAttribute: seeking for Field->symbol: CXCL12
Registering Symbol CXCL12 of linktype FieldLink in Scope root
getXMLAttribute: seeking for Field->symbol: CXCL13
Registering Symbol CXCL13 of linktype FieldLink in Scope root
getXMLAttribute: seeking for System->time-step: 1.0
Creating subscope System in scope root
getXMLAttribute: seeking for System->solver: Euler [fixed, O(1)]
getXMLAttribute: seeking for System->solver-eps .. not found
getXMLAttribute: seeking for DiffEqn->symbol-ref: CXCL12
getXMLAttribute: seeking for Reaction->text: CRC_production - 0.01*CXCL12
getXMLAttribute: seeking for Advection->text .. not found
getXMLAttribute: seeking for Diffusion->text: 10.0
getXMLAttribute: seeking for Diffusion->well-mixed .. not found
getXMLAttribute: seeking for DiffEqn->symbol-ref: CXCL13
getXMLAttribute: seeking for Reaction->text: FDC_production - 0.01*CXCL13
getXMLAttribute: seeking for Advection->text .. not found
getXMLAttribute: seeking for Diffusion->text: 10.0
getXMLAttribute: seeking for Diffusion->well-mixed .. not found
getXMLAttribute: seeking for Constant->name .. not found
getXMLAttribute: seeking for Constant->symbol: CRC_production
getXMLAttribute: seeking for Constant->value: 0.0
getXMLAttribute: seeking for Constant->notation .. not found
Registering Symbol CRC_production of linktype ConstantLink in Scope System
getXMLAttribute: seeking for Constant->name .. not found
getXMLAttribute: seeking for Constant->symbol: FDC_production
getXMLAttribute: seeking for Constant->value: 0.0
getXMLAttribute: seeking for Constant->notation .. not found
Registering Symbol FDC_production of linktype ConstantLink in Scope System
getXMLAttribute: seeking for Variable->name: Total B cell count
getXMLAttribute: seeking for Variable->symbol: total_B_cells
getXMLAttribute: seeking for Variable->value: 0
getXMLAttribute: seeking for Variable->notation .. not found
Registering Symbol total_B_cells of linktype VariableLink in Scope root
getXMLAttribute: seeking for Variable->name: Average BCR affinity
getXMLAttribute: seeking for Variable->symbol: avg_affinity
getXMLAttribute: seeking for Variable->value: 0
getXMLAttribute: seeking for Variable->notation .. not found
Registering Symbol avg_affinity of linktype VariableLink in Scope root
Creating subscope CellType[medium] in scope root
Registering Symbol cell.type of linktype PrimitiveConstant in Scope CellType[medium]
Registering Symbol cell.type of linktype CompositeLink in Scope root
Registering Symbol cell.id of linktype CellIDLink in Scope CellType[medium]
Registering Symbol cell.id of linktype CompositeLink in Scope root
Registering Symbol cell.center of linktype CellCenterLink in Scope CellType[medium]
Registering Symbol cell.center of linktype CompositeLink in Scope root
Registering Symbol cell.center.x of linktype VectorComponentLink in Scope root
Registering Symbol cell.center.y of linktype VectorComponentLink in Scope root
Registering Symbol cell.center.z of linktype VectorComponentLink in Scope root
Registering Symbol cell.center.phi of linktype VectorComponentLink in Scope root
Registering Symbol cell.center.theta of linktype VectorComponentLink in Scope root
Registering Symbol cell.center.abs of linktype VectorComponentLink in Scope root
Registering Symbol cell.center.x of linktype VectorComponentLink in Scope CellType[medium]
Registering Symbol cell.center.y of linktype VectorComponentLink in Scope CellType[medium]
Registering Symbol cell.center.z of linktype VectorComponentLink in Scope CellType[medium]
Registering Symbol cell.center.phi of linktype VectorComponentLink in Scope CellType[medium]
Registering Symbol cell.center.theta of linktype VectorComponentLink in Scope CellType[medium]
Registering Symbol cell.center.abs of linktype VectorComponentLink in Scope CellType[medium]
Registering Symbol cell.volume of linktype CellVolumeLink in Scope CellType[medium]
Registering Symbol cell.volume of linktype CompositeLink in Scope root
Registering Symbol celltype.medium.id of linktype PrimitiveConstant in Scope root
Registering Symbol celltype.medium.size of linktype CellPopulationSizeLink in Scope root
Creating subscope CellType[CRC] in scope root
Registering Symbol cell.type of linktype PrimitiveConstant in Scope CellType[CRC]
Registering Symbol cell.id of linktype CellIDLink in Scope CellType[CRC]
Registering Symbol cell.center of linktype CellCenterLink in Scope CellType[CRC]
Registering Symbol cell.center.x of linktype VectorComponentLink in Scope CellType[CRC]
Registering Symbol cell.center.y of linktype VectorComponentLink in Scope CellType[CRC]
Registering Symbol cell.center.z of linktype VectorComponentLink in Scope CellType[CRC]
Registering Symbol cell.center.phi of linktype VectorComponentLink in Scope CellType[CRC]
Registering Symbol cell.center.theta of linktype VectorComponentLink in Scope CellType[CRC]
Registering Symbol cell.center.abs of linktype VectorComponentLink in Scope CellType[CRC]
Registering Symbol cell.volume of linktype CellVolumeLink in Scope CellType[CRC]
Registering Symbol cell.length of linktype CellLengthLink in Scope CellType[CRC]
Registering Symbol cell.length of linktype CompositeLink in Scope root
Registering Symbol cell.surface of linktype CellInterfaceLengthLink in Scope CellType[CRC]
Registering Symbol cell.surface of linktype CompositeLink in Scope root
Registering Symbol cell.orientation of linktype CellOrientationLink in Scope CellType[CRC]
Registering Symbol cell.orientation of linktype CompositeLink in Scope root
Registering Symbol cell.orientation.x of linktype VectorComponentLink in Scope root
Registering Symbol cell.orientation.y of linktype VectorComponentLink in Scope root
Registering Symbol cell.orientation.z of linktype VectorComponentLink in Scope root
Registering Symbol cell.orientation.phi of linktype VectorComponentLink in Scope root
Registering Symbol cell.orientation.theta of linktype VectorComponentLink in Scope root
Registering Symbol cell.orientation.abs of linktype VectorComponentLink in Scope root
Registering Symbol cell.orientation.x of linktype VectorComponentLink in Scope CellType[CRC]
Registering Symbol cell.orientation.y of linktype VectorComponentLink in Scope CellType[CRC]
Registering Symbol cell.orientation.z of linktype VectorComponentLink in Scope CellType[CRC]
Registering Symbol cell.orientation.phi of linktype VectorComponentLink in Scope CellType[CRC]
Registering Symbol cell.orientation.theta of linktype VectorComponentLink in Scope CellType[CRC]
Registering Symbol cell.orientation.abs of linktype VectorComponentLink in Scope CellType[CRC]
Registering Symbol celltype.CRC.id of linktype PrimitiveConstant in Scope root
Registering Symbol celltype.CRC.size of linktype CellPopulationSizeLink in Scope root
Creating subscope CellType[FDC] in scope root
Registering Symbol cell.type of linktype PrimitiveConstant in Scope CellType[FDC]
Registering Symbol cell.id of linktype CellIDLink in Scope CellType[FDC]
Registering Symbol cell.center of linktype CellCenterLink in Scope CellType[FDC]
Registering Symbol cell.center.x of linktype VectorComponentLink in Scope CellType[FDC]
Registering Symbol cell.center.y of linktype VectorComponentLink in Scope CellType[FDC]
Registering Symbol cell.center.z of linktype VectorComponentLink in Scope CellType[FDC]
Registering Symbol cell.center.phi of linktype VectorComponentLink in Scope CellType[FDC]
Registering Symbol cell.center.theta of linktype VectorComponentLink in Scope CellType[FDC]
Registering Symbol cell.center.abs of linktype VectorComponentLink in Scope CellType[FDC]
Registering Symbol cell.volume of linktype CellVolumeLink in Scope CellType[FDC]
Registering Symbol cell.length of linktype CellLengthLink in Scope CellType[FDC]
Registering Symbol cell.surface of linktype CellInterfaceLengthLink in Scope CellType[FDC]
Registering Symbol cell.orientation of linktype CellOrientationLink in Scope CellType[FDC]
Registering Symbol cell.orientation.x of linktype VectorComponentLink in Scope CellType[FDC]
Registering Symbol cell.orientation.y of linktype VectorComponentLink in Scope CellType[FDC]
Registering Symbol cell.orientation.z of linktype VectorComponentLink in Scope CellType[FDC]
Registering Symbol cell.orientation.phi of linktype VectorComponentLink in Scope CellType[FDC]
Registering Symbol cell.orientation.theta of linktype VectorComponentLink in Scope CellType[FDC]
Registering Symbol cell.orientation.abs of linktype VectorComponentLink in Scope CellType[FDC]
Registering Symbol celltype.FDC.id of linktype PrimitiveConstant in Scope root
Registering Symbol celltype.FDC.size of linktype CellPopulationSizeLink in Scope root
Creating subscope CellType[Tfh] in scope root
Registering Symbol cell.type of linktype PrimitiveConstant in Scope CellType[Tfh]
Registering Symbol cell.id of linktype CellIDLink in Scope CellType[Tfh]
Registering Symbol cell.center of linktype CellCenterLink in Scope CellType[Tfh]
Registering Symbol cell.center.x of linktype VectorComponentLink in Scope CellType[Tfh]
Registering Symbol cell.center.y of linktype VectorComponentLink in Scope CellType[Tfh]
Registering Symbol cell.center.z of linktype VectorComponentLink in Scope CellType[Tfh]
Registering Symbol cell.center.phi of linktype VectorComponentLink in Scope CellType[Tfh]
Registering Symbol cell.center.theta of linktype VectorComponentLink in Scope CellType[Tfh]
Registering Symbol cell.center.abs of linktype VectorComponentLink in Scope CellType[Tfh]
Registering Symbol cell.volume of linktype CellVolumeLink in Scope CellType[Tfh]
Registering Symbol cell.length of linktype CellLengthLink in Scope CellType[Tfh]
Registering Symbol cell.surface of linktype CellInterfaceLengthLink in Scope CellType[Tfh]
Registering Symbol cell.orientation of linktype CellOrientationLink in Scope CellType[Tfh]
Registering Symbol cell.orientation.x of linktype VectorComponentLink in Scope CellType[Tfh]
Registering Symbol cell.orientation.y of linktype VectorComponentLink in Scope CellType[Tfh]
Registering Symbol cell.orientation.z of linktype VectorComponentLink in Scope CellType[Tfh]
Registering Symbol cell.orientation.phi of linktype VectorComponentLink in Scope CellType[Tfh]
Registering Symbol cell.orientation.theta of linktype VectorComponentLink in Scope CellType[Tfh]
Registering Symbol cell.orientation.abs of linktype VectorComponentLink in Scope CellType[Tfh]
Registering Symbol celltype.Tfh.id of linktype PrimitiveConstant in Scope root
Registering Symbol celltype.Tfh.size of linktype CellPopulationSizeLink in Scope root
Creating subscope CellType[Bcell] in scope root
Registering Symbol cell.type of linktype PrimitiveConstant in Scope CellType[Bcell]
Registering Symbol cell.id of linktype CellIDLink in Scope CellType[Bcell]
Registering Symbol cell.center of linktype CellCenterLink in Scope CellType[Bcell]
Registering Symbol cell.center.x of linktype VectorComponentLink in Scope CellType[Bcell]
Registering Symbol cell.center.y of linktype VectorComponentLink in Scope CellType[Bcell]
Registering Symbol cell.center.z of linktype VectorComponentLink in Scope CellType[Bcell]
Registering Symbol cell.center.phi of linktype VectorComponentLink in Scope CellType[Bcell]
Registering Symbol cell.center.theta of linktype VectorComponentLink in Scope CellType[Bcell]
Registering Symbol cell.center.abs of linktype VectorComponentLink in Scope CellType[Bcell]
Registering Symbol cell.volume of linktype CellVolumeLink in Scope CellType[Bcell]
Registering Symbol cell.length of linktype CellLengthLink in Scope CellType[Bcell]
Registering Symbol cell.surface of linktype CellInterfaceLengthLink in Scope CellType[Bcell]
Registering Symbol cell.orientation of linktype CellOrientationLink in Scope CellType[Bcell]
Registering Symbol cell.orientation.x of linktype VectorComponentLink in Scope CellType[Bcell]
Registering Symbol cell.orientation.y of linktype VectorComponentLink in Scope CellType[Bcell]
Registering Symbol cell.orientation.z of linktype VectorComponentLink in Scope CellType[Bcell]
Registering Symbol cell.orientation.phi of linktype VectorComponentLink in Scope CellType[Bcell]
Registering Symbol cell.orientation.theta of linktype VectorComponentLink in Scope CellType[Bcell]
Registering Symbol cell.orientation.abs of linktype VectorComponentLink in Scope CellType[Bcell]
Registering Symbol celltype.Bcell.id of linktype PrimitiveConstant in Scope root
Registering Symbol celltype.Bcell.size of linktype CellPopulationSizeLink in Scope root
Creating subscope CellType[PlasmaCell] in scope root
Registering Symbol cell.type of linktype PrimitiveConstant in Scope CellType[PlasmaCell]
Registering Symbol cell.id of linktype CellIDLink in Scope CellType[PlasmaCell]
Registering Symbol cell.center of linktype CellCenterLink in Scope CellType[PlasmaCell]
Registering Symbol cell.center.x of linktype VectorComponentLink in Scope CellType[PlasmaCell]
Registering Symbol cell.center.y of linktype VectorComponentLink in Scope CellType[PlasmaCell]
Registering Symbol cell.center.z of linktype VectorComponentLink in Scope CellType[PlasmaCell]
Registering Symbol cell.center.phi of linktype VectorComponentLink in Scope CellType[PlasmaCell]
Registering Symbol cell.center.theta of linktype VectorComponentLink in Scope CellType[PlasmaCell]
Registering Symbol cell.center.abs of linktype VectorComponentLink in Scope CellType[PlasmaCell]
Registering Symbol cell.volume of linktype CellVolumeLink in Scope CellType[PlasmaCell]
Registering Symbol cell.length of linktype CellLengthLink in Scope CellType[PlasmaCell]
Registering Symbol cell.surface of linktype CellInterfaceLengthLink in Scope CellType[PlasmaCell]
Registering Symbol cell.orientation of linktype CellOrientationLink in Scope CellType[PlasmaCell]
Registering Symbol cell.orientation.x of linktype VectorComponentLink in Scope CellType[PlasmaCell]
Registering Symbol cell.orientation.y of linktype VectorComponentLink in Scope CellType[PlasmaCell]
Registering Symbol cell.orientation.z of linktype VectorComponentLink in Scope CellType[PlasmaCell]
Registering Symbol cell.orientation.phi of linktype VectorComponentLink in Scope CellType[PlasmaCell]
Registering Symbol cell.orientation.theta of linktype VectorComponentLink in Scope CellType[PlasmaCell]
Registering Symbol cell.orientation.abs of linktype VectorComponentLink in Scope CellType[PlasmaCell]
Registering Symbol celltype.PlasmaCell.id of linktype PrimitiveConstant in Scope root
Registering Symbol celltype.PlasmaCell.size of linktype CellPopulationSizeLink in Scope root
getXMLAttribute: seeking for Constant->name .. not found
getXMLAttribute: seeking for Constant->symbol: CRC_production
getXMLAttribute: seeking for Constant->value: 0.0
getXMLAttribute: seeking for Constant->notation .. not found
Registering Symbol CRC_production of linktype ConstantLink in Scope CellType[medium]
Registering Symbol CRC_production of linktype CompositeLink in Scope root
getXMLAttribute: seeking for Constant->name .. not found
getXMLAttribute: seeking for Constant->symbol: FDC_production
getXMLAttribute: seeking for Constant->value: 0.0
getXMLAttribute: seeking for Constant->notation .. not found
Registering Symbol FDC_production of linktype ConstantLink in Scope CellType[medium]
Registering Symbol FDC_production of linktype CompositeLink in Scope root
getXMLAttribute: seeking for VolumeConstraint->target: 150
getXMLAttribute: seeking for VolumeConstraint->strength: 2
getXMLAttribute: seeking for SurfaceConstraint->target: 0.8
getXMLAttribute: seeking for SurfaceConstraint->strength: 1
getXMLAttribute: seeking for SurfaceConstraint->mode: aspherity
getXMLAttribute: seeking for SurfaceConstraint->exponent .. not found
getXMLAttribute: seeking for Property->name: CXCL12 production
getXMLAttribute: seeking for Property->symbol: CRC_production
getXMLAttribute: seeking for Property->value: 0.5
getXMLAttribute: seeking for Property->notation .. not found
Registering Symbol CRC_production of linktype CellPropertyLink in Scope CellType[CRC]
getXMLAttribute: seeking for Constant->name .. not found
getXMLAttribute: seeking for Constant->symbol: FDC_production
getXMLAttribute: seeking for Constant->value: 0.0
getXMLAttribute: seeking for Constant->notation .. not found
Registering Symbol FDC_production of linktype ConstantLink in Scope CellType[CRC]
getXMLAttribute: seeking for VolumeConstraint->target: 150
getXMLAttribute: seeking for VolumeConstraint->strength: 2
getXMLAttribute: seeking for SurfaceConstraint->target: 0.8
getXMLAttribute: seeking for SurfaceConstraint->strength: 1
getXMLAttribute: seeking for SurfaceConstraint->mode: aspherity
getXMLAttribute: seeking for SurfaceConstraint->exponent .. not found
getXMLAttribute: seeking for Property->name: CXCL13 production
getXMLAttribute: seeking for Property->symbol: FDC_production
getXMLAttribute: seeking for Property->value: 0.5
getXMLAttribute: seeking for Property->notation .. not found
Registering Symbol FDC_production of linktype CellPropertyLink in Scope CellType[FDC]
getXMLAttribute: seeking for Property->name: Antigen presentation
getXMLAttribute: seeking for Property->symbol: antigen_density
getXMLAttribute: seeking for Property->value: 1.0
getXMLAttribute: seeking for Property->notation .. not found
Registering Symbol antigen_density of linktype CellPropertyLink in Scope CellType[FDC]
Registering Symbol antigen_density of linktype CompositeLink in Scope root
getXMLAttribute: seeking for Constant->name .. not found
getXMLAttribute: seeking for Constant->symbol: CRC_production
getXMLAttribute: seeking for Constant->value: 0.0
getXMLAttribute: seeking for Constant->notation .. not found
Registering Symbol CRC_production of linktype ConstantLink in Scope CellType[FDC]
getXMLAttribute: seeking for VolumeConstraint->target: 100
getXMLAttribute: seeking for VolumeConstraint->strength: 1
getXMLAttribute: seeking for SurfaceConstraint->target: 0.85
getXMLAttribute: seeking for SurfaceConstraint->strength: 1
getXMLAttribute: seeking for SurfaceConstraint->mode: aspherity
getXMLAttribute: seeking for SurfaceConstraint->exponent .. not found
getXMLAttribute: seeking for Property->name: CD40 ligand expression
getXMLAttribute: seeking for Property->symbol: CD40L
getXMLAttribute: seeking for Property->value: 1.0
getXMLAttribute: seeking for Property->notation .. not found
Registering Symbol CD40L of linktype CellPropertyLink in Scope CellType[Tfh]
Registering Symbol CD40L of linktype CompositeLink in Scope root
getXMLAttribute: seeking for Constant->name .. not found
getXMLAttribute: seeking for Constant->symbol: CRC_production
getXMLAttribute: seeking for Constant->value: 0.0
getXMLAttribute: seeking for Constant->notation .. not found
Registering Symbol CRC_production of linktype ConstantLink in Scope CellType[Tfh]
getXMLAttribute: seeking for Constant->name .. not found
getXMLAttribute: seeking for Constant->symbol: FDC_production
getXMLAttribute: seeking for Constant->value: 0.0
getXMLAttribute: seeking for Constant->notation .. not found
Registering Symbol FDC_production of linktype ConstantLink in Scope CellType[Tfh]
getXMLAttribute: seeking for Property->name: BCR affinity for antigen
getXMLAttribute: seeking for Property->symbol: BCR_affinity
getXMLAttribute: seeking for Property->value: 0.1
getXMLAttribute: seeking for Property->notation .. not found
Registering Symbol BCR_affinity of linktype CellPropertyLink in Scope CellType[Bcell]
Registering Symbol BCR_affinity of linktype CompositeLink in Scope root
getXMLAttribute: seeking for Property->name: FOXO1 transcription factor
getXMLAttribute: seeking for Property->symbol: FOXO1
getXMLAttribute: seeking for Property->value: 1.0
getXMLAttribute: seeking for Property->notation .. not found
Registering Symbol FOXO1 of linktype CellPropertyLink in Scope CellType[Bcell]
Registering Symbol FOXO1 of linktype CompositeLink in Scope root
getXMLAttribute: seeking for Property->name: NF-kB cRel subtype
getXMLAttribute: seeking for Property->symbol: cRel
getXMLAttribute: seeking for Property->value: 0.0
getXMLAttribute: seeking for Property->notation .. not found
Registering Symbol cRel of linktype CellPropertyLink in Scope CellType[Bcell]
Registering Symbol cRel of linktype CompositeLink in Scope root
getXMLAttribute: seeking for Property->name: NF-kB RelA subtype
getXMLAttribute: seeking for Property->symbol: RelA
getXMLAttribute: seeking for Property->value: 0.0
getXMLAttribute: seeking for Property->notation .. not found
Registering Symbol RelA of linktype CellPropertyLink in Scope CellType[Bcell]
Registering Symbol RelA of linktype CompositeLink in Scope root
getXMLAttribute: seeking for Property->name: MYC proto-oncogene
getXMLAttribute: seeking for Property->symbol: MYC
getXMLAttribute: seeking for Property->value: 0.0
getXMLAttribute: seeking for Property->notation .. not found
Registering Symbol MYC of linktype CellPropertyLink in Scope CellType[Bcell]
Registering Symbol MYC of linktype CompositeLink in Scope root
getXMLAttribute: seeking for Property->name: AP4 transcription factor
getXMLAttribute: seeking for Property->symbol: AP4
getXMLAttribute: seeking for Property->value: 0.0
getXMLAttribute: seeking for Property->notation .. not found
Registering Symbol AP4 of linktype CellPropertyLink in Scope CellType[Bcell]
Registering Symbol AP4 of linktype CompositeLink in Scope root
getXMLAttribute: seeking for Property->name: CXCR4 chemokine receptor
getXMLAttribute: seeking for Property->symbol: CXCR4
getXMLAttribute: seeking for Property->value: 0.5
getXMLAttribute: seeking for Property->notation .. not found
Registering Symbol CXCR4 of linktype CellPropertyLink in Scope CellType[Bcell]
Registering Symbol CXCR4 of linktype CompositeLink in Scope root
getXMLAttribute: seeking for Property->name: BLIMP1 differentiation factor
getXMLAttribute: seeking for Property->symbol: BLIMP1
getXMLAttribute: seeking for Property->value: 0.0
getXMLAttribute: seeking for Property->notation .. not found
Registering Symbol BLIMP1 of linktype CellPropertyLink in Scope CellType[Bcell]
Registering Symbol BLIMP1 of linktype CompositeLink in Scope root
getXMLAttribute: seeking for Property->name: BCR signaling from FDC
getXMLAttribute: seeking for Property->symbol: BCR_signal
getXMLAttribute: seeking for Property->value: 0.0
getXMLAttribute: seeking for Property->notation .. not found
Registering Symbol BCR_signal of linktype CellPropertyLink in Scope CellType[Bcell]
Registering Symbol BCR_signal of linktype CompositeLink in Scope root
getXMLAttribute: seeking for Property->name: CD40 signaling from Tfh
getXMLAttribute: seeking for Property->symbol: CD40_signal
getXMLAttribute: seeking for Property->value: 0.0
getXMLAttribute: seeking for Property->notation .. not found
Registering Symbol CD40_signal of linktype CellPropertyLink in Scope CellType[Bcell]
Registering Symbol CD40_signal of linktype CompositeLink in Scope root
getXMLAttribute: seeking for Property->name: 0=DZ, 1=LZ
getXMLAttribute: seeking for Property->symbol: zone
getXMLAttribute: seeking for Property->value: 0
getXMLAttribute: seeking for Property->notation .. not found
Registering Symbol zone of linktype CellPropertyLink in Scope CellType[Bcell]
Registering Symbol zone of linktype CompositeLink in Scope root
getXMLAttribute: seeking for Property->name: Cell cycle state
getXMLAttribute: seeking for Property->symbol: in_cycle
getXMLAttribute: seeking for Property->value: 0
getXMLAttribute: seeking for Property->notation .. not found
Registering Symbol in_cycle of linktype CellPropertyLink in Scope CellType[Bcell]
Registering Symbol in_cycle of linktype CompositeLink in Scope root
getXMLAttribute: seeking for Property->name: Number of divisions
getXMLAttribute: seeking for Property->symbol: division_count
getXMLAttribute: seeking for Property->value: 0
getXMLAttribute: seeking for Property->notation .. not found
Registering Symbol division_count of linktype CellPropertyLink in Scope CellType[Bcell]
Registering Symbol division_count of linktype CompositeLink in Scope root
getXMLAttribute: seeking for Property->name: Time in LZ without selection
getXMLAttribute: seeking for Property->symbol: death_timer
getXMLAttribute: seeking for Property->value: 0
getXMLAttribute: seeking for Property->notation .. not found
Registering Symbol death_timer of linktype CellPropertyLink in Scope CellType[Bcell]
Registering Symbol death_timer of linktype CompositeLink in Scope root
getXMLAttribute: seeking for Property->name: Target volume
getXMLAttribute: seeking for Property->symbol: Vt
getXMLAttribute: seeking for Property->value: 120
getXMLAttribute: seeking for Property->notation .. not found
Registering Symbol Vt of linktype CellPropertyLink in Scope CellType[Bcell]
Registering Symbol Vt of linktype CompositeLink in Scope root
getXMLAttribute: seeking for System->time-step: 0.5
Creating subscope System in scope CellType[Bcell]
getXMLAttribute: seeking for System->solver: Runge-Kutta [fixed, O(4)]
getXMLAttribute: seeking for System->solver-eps .. not found
getXMLAttribute: seeking for DiffEqn->symbol-ref: FOXO1
getXMLAttribute: seeking for Reaction->text: 0.1*(1.0 - FOXO1) - 2.0*BCR_signal*FOXO1
getXMLAttribute: seeking for Advection->text .. not found
getXMLAttribute: seeking for Diffusion->text .. not found
getXMLAttribute: seeking for Diffusion->well-mixed .. not found
getXMLAttribute: seeking for DiffEqn->symbol-ref: cRel
getXMLAttribute: seeking for Reaction->text: 5.0*CD40_signal*(1.0 - cRel) - 0.5*cRel
getXMLAttribute: seeking for Advection->text .. not found
getXMLAttribute: seeking for Diffusion->text .. not found
getXMLAttribute: seeking for Diffusion->well-mixed .. not found
getXMLAttribute: seeking for DiffEqn->symbol-ref: RelA
getXMLAttribute: seeking for Reaction->text: if(BCR_affinity > 0.5, 3.0*(1.0 - RelA), -0.5*RelA)
getXMLAttribute: seeking for Advection->text .. not found
getXMLAttribute: seeking for Diffusion->text .. not found
getXMLAttribute: seeking for Diffusion->well-mixed .. not found
getXMLAttribute: seeking for DiffEqn->symbol-ref: MYC
getXMLAttribute: seeking for Reaction->text: 2.0*cRel*(1.0 - FOXO1)*(1.0 - MYC) - 1.0*MYC
getXMLAttribute: seeking for Advection->text .. not found
getXMLAttribute: seeking for Diffusion->text .. not found
getXMLAttribute: seeking for Diffusion->well-mixed .. not found
getXMLAttribute: seeking for DiffEqn->symbol-ref: AP4
getXMLAttribute: seeking for Reaction->text: 3.0*MYC*(1.0 - AP4) - 0.3*AP4
getXMLAttribute: seeking for Advection->text .. not found
getXMLAttribute: seeking for Diffusion->text .. not found
getXMLAttribute: seeking for Diffusion->well-mixed .. not found
getXMLAttribute: seeking for DiffEqn->symbol-ref: CXCR4
getXMLAttribute: seeking for Reaction->text: 1.5*FOXO1*(1.0 - CXCR4) - 0.5*CXCR4
getXMLAttribute: seeking for Advection->text .. not found
getXMLAttribute: seeking for Diffusion->text .. not found
getXMLAttribute: seeking for Diffusion->well-mixed .. not found
getXMLAttribute: seeking for DiffEqn->symbol-ref: BLIMP1
getXMLAttribute: seeking for Reaction->text: 2.0*RelA*(1.0 - BLIMP1) - 0.2*BLIMP1
getXMLAttribute: seeking for Advection->text .. not found
getXMLAttribute: seeking for Diffusion->text .. not found
getXMLAttribute: seeking for Diffusion->well-mixed .. not found
getXMLAttribute: seeking for VolumeConstraint->target: Vt
getXMLAttribute: seeking for VolumeConstraint->strength: 1
getXMLAttribute: seeking for SurfaceConstraint->target: 0.9
getXMLAttribute: seeking for SurfaceConstraint->strength: 1
getXMLAttribute: seeking for SurfaceConstraint->mode: aspherity
getXMLAttribute: seeking for SurfaceConstraint->exponent .. not found
getXMLAttribute: seeking for Chemotaxis->field: CXCL12
getXMLAttribute: seeking for Chemotaxis->strength: 50*CXCR4
getXMLAttribute: seeking for Chemotaxis->saturation .. not found
getXMLAttribute: seeking for Chemotaxis->retraction .. not found
getXMLAttribute: seeking for Chemotaxis->contact-inhibition: false
getXMLAttribute: seeking for Chemotaxis->field: CXCL13
getXMLAttribute: seeking for Chemotaxis->strength: 30*(1.0 - CXCR4)
getXMLAttribute: seeking for Chemotaxis->saturation .. not found
getXMLAttribute: seeking for Chemotaxis->retraction .. not found
getXMLAttribute: seeking for Chemotaxis->contact-inhibition: false
getXMLAttribute: seeking for Input->scaling: cell
getXMLAttribute: seeking for Input->value: cell.type == celltype.FDC.id
getXMLAttribute: seeking for Input->noflux-cell-medium .. not found
getXMLAttribute: seeking for Output[0]->mapping: average
getXMLAttribute: seeking for Output[0]->symbol-ref: BCR_signal
getXMLAttribute: seeking for Input->scaling: cell
getXMLAttribute: seeking for Input->value: cell.type == celltype.Tfh.id
getXMLAttribute: seeking for Input->noflux-cell-medium .. not found
getXMLAttribute: seeking for Output[0]->mapping: average
getXMLAttribute: seeking for Output[0]->symbol-ref: CD40_signal
getXMLAttribute: seeking for Condition->text: MYC > 0.6 and in_cycle == 0 and cell.volume > 100
getXMLAttribute: seeking for CellDivision->division-plane: minor
getXMLAttribute: seeking for CellDivision->orientation .. not found
getXMLAttribute: seeking for CellDivision->write-log .. not found
getXMLAttribute: seeking for CellDivision->trigger .. not found
Creating subscope System in scope CellType[Bcell]
getXMLAttribute: seeking for Rule->symbol-ref: in_cycle
getXMLAttribute: seeking for Expression->text: 1
getXMLAttribute: seeking for Rule->symbol-ref: division_count
getXMLAttribute: seeking for Expression->text: division_count + 0.5
getXMLAttribute: seeking for Rule->symbol-ref: Vt
getXMLAttribute: seeking for Expression->text: Vt/2
getXMLAttribute: seeking for Rule->symbol-ref: BCR_affinity
getXMLAttribute: seeking for Expression->text: max(0.01, min(1.0, BCR_affinity + rand_norm(0, 0.15)))
Registering Symbol __daughterID of linktype PrimitiveVariable in Scope System
getXMLAttribute: seeking for Event->delay .. not found
getXMLAttribute: seeking for Event->compute-time .. not found
getXMLAttribute: seeking for Event->trigger .. not found
getXMLAttribute: seeking for Condition->history .. not found
getXMLAttribute: seeking for Event->persistent .. not found
Scope: Creating Accessor for symbol 'time' from Scope root
Creating subscope System in scope CellType[Bcell]
getXMLAttribute: seeking for Rule->symbol-ref: in_cycle
getXMLAttribute: seeking for Expression->text: 0
getXMLAttribute: seeking for Event->delay .. not found
getXMLAttribute: seeking for Event->compute-time .. not found
getXMLAttribute: seeking for Event->trigger: on change
getXMLAttribute: seeking for Condition->history .. not found
getXMLAttribute: seeking for Event->persistent .. not found
Scope: Creating Accessor for symbol 'time' from Scope root
Creating subscope System in scope CellType[Bcell]
getXMLAttribute: seeking for Rule->symbol-ref: death_timer
getXMLAttribute: seeking for Expression->text: death_timer + 1
getXMLAttribute: seeking for Event->delay .. not found
getXMLAttribute: seeking for Event->compute-time .. not found
getXMLAttribute: seeking for Event->trigger .. not found
getXMLAttribute: seeking for Condition->history .. not found
getXMLAttribute: seeking for Event->persistent .. not found
Scope: Creating Accessor for symbol 'time' from Scope root
Creating subscope System in scope CellType[Bcell]
getXMLAttribute: seeking for Rule->symbol-ref: zone
getXMLAttribute: seeking for Expression->text: 0
getXMLAttribute: seeking for Event->delay .. not found
getXMLAttribute: seeking for Event->compute-time .. not found
getXMLAttribute: seeking for Event->trigger .. not found
getXMLAttribute: seeking for Condition->history .. not found
getXMLAttribute: seeking for Event->persistent .. not found
Scope: Creating Accessor for symbol 'time' from Scope root
Creating subscope System in scope CellType[Bcell]
getXMLAttribute: seeking for Rule->symbol-ref: zone
getXMLAttribute: seeking for Expression->text: 1
getXMLAttribute: seeking for Constant->name .. not found
getXMLAttribute: seeking for Constant->symbol: CRC_production
getXMLAttribute: seeking for Constant->value: 0.0
getXMLAttribute: seeking for Constant->notation .. not found
Registering Symbol CRC_production of linktype ConstantLink in Scope CellType[Bcell]
getXMLAttribute: seeking for Constant->name .. not found
getXMLAttribute: seeking for Constant->symbol: FDC_production
getXMLAttribute: seeking for Constant->value: 0.0
getXMLAttribute: seeking for Constant->notation .. not found
Registering Symbol FDC_production of linktype ConstantLink in Scope CellType[Bcell]
getXMLAttribute: seeking for VolumeConstraint->target: 150
getXMLAttribute: seeking for VolumeConstraint->strength: 1
getXMLAttribute: seeking for SurfaceConstraint->target: 0.7
getXMLAttribute: seeking for SurfaceConstraint->strength: 1
getXMLAttribute: seeking for SurfaceConstraint->mode: aspherity
getXMLAttribute: seeking for SurfaceConstraint->exponent .. not found
getXMLAttribute: seeking for Property->name .. not found
getXMLAttribute: seeking for Property->symbol: antibody_secretion
getXMLAttribute: seeking for Property->value: 1.0
getXMLAttribute: seeking for Property->notation .. not found
Registering Symbol antibody_secretion of linktype CellPropertyLink in Scope CellType[PlasmaCell]
Registering Symbol antibody_secretion of linktype CompositeLink in Scope root
getXMLAttribute: seeking for Constant->name .. not found
getXMLAttribute: seeking for Constant->symbol: CRC_production
getXMLAttribute: seeking for Constant->value: 0.0
getXMLAttribute: seeking for Constant->notation .. not found
Registering Symbol CRC_production of linktype ConstantLink in Scope CellType[PlasmaCell]
getXMLAttribute: seeking for Constant->name .. not found
getXMLAttribute: seeking for Constant->symbol: FDC_production
getXMLAttribute: seeking for Constant->value: 0.0
getXMLAttribute: seeking for Constant->notation .. not found
Registering Symbol FDC_production of linktype ConstantLink in Scope CellType[PlasmaCell]
CellTypes defined: 'Bcell' 'CRC' 'FDC' 'PlasmaCell' 'Tfh' 'medium' 
getXMLAttribute: seeking for MonteCarloSampler/MCSDuration->value: 1
getXMLAttribute: seeking for MonteCarloSampler->stepper: edgelist
getXMLAttribute: seeking for MonteCarloSampler/MetropolisKinetics->temperature: 5
getXMLAttribute: seeking for MonteCarloSampler/MetropolisKinetics->yield .. not found
getXMLAttribute: seeking for Contact->value: 8
getXMLAttribute: seeking for Contact->value: 12
getXMLAttribute: seeking for Contact->value: 6
getXMLAttribute: seeking for Contact->value: 6
getXMLAttribute: seeking for Contact->value: 10
getXMLAttribute: seeking for Contact->value: 15
getXMLAttribute: seeking for Contact->value: 5
getXMLAttribute: seeking for Contact->value: 12
getXMLAttribute: seeking for Contact->value: 8
getXMLAttribute: seeking for Contact->value: 15
getXMLAttribute: seeking for Contact->value: 5
getXMLAttribute: seeking for Contact->value: 10
Registering Symbol size of linktype PrimitiveConstant in Scope root
Registering Symbol size.x of linktype VectorComponentLink in Scope root
Registering Symbol size.y of linktype VectorComponentLink in Scope root
Registering Symbol size.z of linktype VectorComponentLink in Scope root
Registering Symbol size.phi of linktype VectorComponentLink in Scope root
Registering Symbol size.theta of linktype VectorComponentLink in Scope root
Registering Symbol size.abs of linktype VectorComponentLink in Scope root
Setting boundary neighborhood to order 2
Assigning Shape Neighborhood of size 3 -> 28 neighbors.
Setting boundary neighborhood to order 6
Creating cell layer of size 1.13281 MB
with initial state set to CellType 'medium'
getXMLAttribute: seeking for InitRectangle->number-of-cells: 10
getXMLAttribute: seeking for InitRectangle->mode: regular
getXMLAttribute: seeking for InitRectangle->random-offset .. not found
getXMLAttribute: seeking for Dimensions->origin: 10, 10, 0
getXMLAttribute: seeking for Dimensions->size: 80, 180, 0
getXMLAttribute: seeking for InitRectangle->number-of-cells: 10
getXMLAttribute: seeking for InitRectangle->mode: regular
getXMLAttribute: seeking for InitRectangle->random-offset .. not found
getXMLAttribute: seeking for Dimensions->origin: 110, 10, 0
getXMLAttribute: seeking for Dimensions->size: 80, 180, 0
getXMLAttribute: seeking for InitRectangle->number-of-cells: 15
getXMLAttribute: seeking for InitRectangle->mode: random
getXMLAttribute: seeking for InitRectangle->random-offset .. not found
getXMLAttribute: seeking for Dimensions->origin: 110, 20, 0
getXMLAttribute: seeking for Dimensions->size: 80, 160, 0
getXMLAttribute: seeking for InitCircle->number-of-cells: 20
getXMLAttribute: seeking for InitCircle->mode: random
getXMLAttribute: seeking for Dimensions->center: 50, 100, 0
getXMLAttribute: seeking for Dimensions->radius: 30
Initializing celltype 'medium'
Initializing celltype 'CRC'
InitRectangle: number of cells = 10, origin = 10, 10, 0, size = 80, 180, 0
InitRectangle: clamped size from (80,180,0) to (80,180,1)
successfully created 10 cells.
Cells 10 requested 0
Initializing celltype 'FDC'
InitRectangle: number of cells = 10, origin = 110, 10, 0, size = 80, 180, 0
InitRectangle: clamped size from (80,180,0) to (80,180,1)
successfully created 10 cells.
Cells 10 requested 0
Initializing celltype 'Tfh'
InitRectangle: number of cells = 15, origin = 110, 20, 0, size = 80, 160, 0
InitRectangle: clamped size from (80,160,0) to (80,160,1)
successfully created 15 cells.
Cells 15 requested 0
Initializing celltype 'Bcell'
Scope: Creating Accessor for symbol 'FOXO1' from Scope CellType[Bcell]
Scope: Creating Accessor for symbol 'cRel' from Scope CellType[Bcell]
Scope: Creating Accessor for symbol 'RelA' from Scope CellType[Bcell]
Scope: Creating Accessor for symbol 'MYC' from Scope CellType[Bcell]
Scope: Creating Accessor for symbol 'AP4' from Scope CellType[Bcell]
Scope: Creating Accessor for symbol 'CXCR4' from Scope CellType[Bcell]
Scope: Creating Accessor for symbol 'BLIMP1' from Scope CellType[Bcell]
Scope: Creating Accessor for symbol 'BCR_signal' from Scope CellType[Bcell]
Scope: Creating Accessor for symbol 'CD40_signal' from Scope CellType[Bcell]
Scope: Creating Accessor for symbol 'BCR_affinity' from Scope CellType[Bcell]
System::init: Reordering Initializers ...
Scope: Creating Accessor for symbol 'Vt' from Scope CellType[Bcell]
Plugin VolumeConstraint: Registered input symbol dependencies Vt [CellType[Bcell]] ,
Scope: Creating Accessor for symbol 'CXCL12' from Scope root
Scope: Creating Accessor for symbol 'CXCR4' from Scope CellType[Bcell]
Plugin Chemotaxis: Registered input symbol dependencies CXCR4 [CellType[Bcell]] ,CXCL12 [root] ,
Scope: Creating Accessor for symbol 'CXCL13' from Scope root
Scope: Creating Accessor for symbol 'CXCR4' from Scope CellType[Bcell]
Plugin Chemotaxis: Registered input symbol dependencies CXCR4 [CellType[Bcell]] ,CXCL13 [root] ,
Scope: Creating Accessor for symbol 'cell.type' from Scope root
Scope: Creating Accessor for symbol 'celltype.FDC.id' from Scope root
Scope: Creating Accessor for symbol 'BCR_signal' from Scope CellType[Bcell]
Plugin NeighborhoodReporter: Registered input symbol dependencies cell.type [root] ,celltype.FDC.id [root] ,
PluginNeighborhoodReporter: Registered output symbol dependencies BCR_signal [CellType[Bcell]] ,
Scope: Creating Accessor for symbol 'cell.center' from Scope CellType[Bcell]
noflux_cell_medium_interface.isDefined()
Scope: Creating Accessor for symbol 'cell.type' from Scope root
Scope: Creating Accessor for symbol 'celltype.Tfh.id' from Scope root
Scope: Creating Accessor for symbol 'CD40_signal' from Scope CellType[Bcell]
Plugin NeighborhoodReporter: Registered input symbol dependencies cell.type [root] ,celltype.Tfh.id [root] ,
PluginNeighborhoodReporter: Registered output symbol dependencies CD40_signal [CellType[Bcell]] ,
Scope: Creating Accessor for symbol 'cell.center' from Scope CellType[Bcell]
noflux_cell_medium_interface.isDefined()
Scope: Creating Accessor for symbol 'MYC' from Scope CellType[Bcell]
Scope: Creating Accessor for symbol 'in_cycle' from Scope CellType[Bcell]
Scope: Creating Accessor for symbol 'cell.volume' from Scope CellType[Bcell]
Plugin CellDivision: Registered input symbol dependencies cell.volume [CellType[Bcell]] ,MYC [CellType[Bcell]] ,in_cycle [CellType[Bcell]] ,
Scope: Creating Accessor for symbol 'cell.center' from Scope CellType[Bcell]
Scope: Creating Accessor for symbol 'in_cycle' from Scope CellType[Bcell]
Scope: Creating Accessor for symbol 'division_count' from Scope CellType[Bcell]
Scope: Creating Accessor for symbol 'Vt' from Scope CellType[Bcell]
Scope: Creating Accessor for symbol 'BCR_affinity' from Scope CellType[Bcell]
System::init: Reordering Initializers ...
Scope: Creating Accessor for symbol '__daughterID' from Scope System
Plugin Event: Registered input symbol dependencies time [root] ,
Scope: Creating Accessor for symbol 'in_cycle' from Scope CellType[Bcell]
System::init: Reordering Initializers ...
Scope: Creating Accessor for symbol 'MYC' from Scope CellType[Bcell]
Plugin Event: Registered input symbol dependencies time [root] ,
Scope: Creating Accessor for symbol 'death_timer' from Scope CellType[Bcell]
System::init: Reordering Initializers ...
Scope: Creating Accessor for symbol 'zone' from Scope CellType[Bcell]
Plugin Event: Registered input symbol dependencies time [root] ,
Scope: Creating Accessor for symbol 'zone' from Scope CellType[Bcell]
System::init: Reordering Initializers ...
Scope: Creating Accessor for symbol 'cell.center.x' from Scope CellType[Bcell]
Plugin Event: Registered input symbol dependencies time [root] ,
Scope: Creating Accessor for symbol 'zone' from Scope CellType[Bcell]
System::init: Reordering Initializers ...
Scope: Creating Accessor for symbol 'cell.center.x' from Scope CellType[Bcell]
Cells 20 requested 0
Initproperty refers to symbol 'BCR_affinity' of type CellPropertyLink
Scope: Creating Accessor for symbol 'BCR_affinity' from Scope CellType[Bcell]
Initproperty refers to symbol 'CXCR4' of type CellPropertyLink
Scope: Creating Accessor for symbol 'CXCR4' from Scope CellType[Bcell]
Initializing celltype 'PlasmaCell'
Scope: Creating Accessor for symbol 'cell.center' from Scope root
Scope: Creating Accessor for symbol 'cell.volume' from Scope root
Scope: Creating Accessor for symbol 'cell.surface' from Scope root
Scope: Creating Accessor for symbol 'cell.length' from Scope root
Scope: Creating Accessor for symbol 'cell.type' from Scope root
creating Edge tracker 

 thread_id = 
 thread_id = 
 thread_id = 
 thread_id = 0x20227ec40, register_thread_index = 2, shared_locks_array[cur_index].value = 0x16e6970001, register_thread_index = 0x16ee9f000, register_thread_index = 3, shared_locks_array[cur_index].value = 1
1, shared_locks_array[cur_index].value = 

 thread_id = 
 thread_id = 0x16f6a700010x170ebf000, register_thread_index = 0, shared_locks_array[cur_index].value = 1
, register_thread_index = 
 thread_id = 
0x1716c7000, register_thread_index = 7, shared_locks_array[cur_index].value = 1

 thread_id = 0x16feaf000, register_thread_index = 4, shared_locks_array[cur_index].value = 1
0x16d687000
 thread_id = 0x1706b7000, register_thread_index = 
 thread_id = 8, shared_locks_array[cur_index].value = 1
, register_thread_index = 6, shared_locks_array[cur_index].value = 1
0x16de8f000, register_thread_index = 9, shared_locks_array[cur_index].value = 1
5, shared_locks_array[cur_index].value = 1
EdgeListTracker::init() : Created Tracker with Neighborhood size 8 of size 0.933594 MB
EdgeListTracker::init() : Found 438 initial edges, wherof 438 can be modified.
CPM: InteractionEnergy has 28 neighbors
CPM: InteractionEnergy was initialized with  IA_COLLAPSE 
Scope: Creating Accessor for symbol 'CXCL12' from Scope root
Scope: Creating Accessor for symbol 'CXCL13' from Scope root
Scope: Creating Accessor for symbol 'CXCL12' from Scope root
Creating FwdEulerADSolver
Scope: Creating Accessor for symbol 'CXCL13' from Scope root
Creating FwdEulerADSolver
Scope: Creating Accessor for symbol 'CRC_production' from Scope System
Scope: Creating Accessor for symbol 'FDC_production' from Scope System
System::init: Reordering Initializers ...
Loading Analysis tools [3]
getXMLAttribute: seeking for Gnuplotter->file-numbering .. not found
getXMLAttribute: seeking for Terminal->name: png
getXMLAttribute: seeking for Terminal->size .. not found
getXMLAttribute: seeking for Gnuplotter->time-step: 50
getXMLAttribute: seeking for Cells->value: cell.type
getXMLAttribute: seeking for Cells->value: BCR_affinity
getXMLAttribute: seeking for Cells->value: MYC
getXMLAttribute: seeking for Field->symbol-ref: CXCL12
getXMLAttribute: seeking for Field->coarsening .. not found
getXMLAttribute: seeking for Field->min: 0.0
getXMLAttribute: seeking for Field->max .. not found
getXMLAttribute: seeking for Field->isolines: 5
getXMLAttribute: seeking for Field->surface .. not found
getXMLAttribute: seeking for Cells->value: cell.type
getXMLAttribute: seeking for Input/Symbol[0]->symbol-ref: time
getXMLAttribute: seeking for Input/Symbol[1]->symbol-ref: BCR_affinity
getXMLAttribute: seeking for Input/Symbol[2]->symbol-ref: MYC
getXMLAttribute: seeking for Input/Symbol[3]->symbol-ref: FOXO1
getXMLAttribute: seeking for Input/Symbol[4]->symbol-ref: cRel
getXMLAttribute: seeking for Input/Symbol[5]->symbol-ref: CXCR4
getXMLAttribute: seeking for Input/Symbol[6]->symbol-ref: BLIMP1
getXMLAttribute: seeking for Input/Symbol[7]->symbol-ref: division_count
getXMLAttribute: seeking for Restriction/Slice->value .. not found
getXMLAttribute: seeking for Restriction/Slice->axis .. not found
getXMLAttribute: seeking for Restriction/Celltype->celltype: Bcell
getXMLAttribute: seeking for Restriction/Cells->cell-ids .. not found
getXMLAttribute: seeking for Restriction->domain-only .. not found
getXMLAttribute: seeking for Restriction->condition .. not found
getXMLAttribute: seeking for Input->force-node-granularity .. not found
getXMLAttribute: seeking for Input->include-boundary .. not found
getXMLAttribute: seeking for Restriction->exclude-medium .. not found
getXMLAttribute: seeking for Output/TextOutput->header .. not found
getXMLAttribute: seeking for Output/TextOutput->header-guarding .. not found
getXMLAttribute: seeking for Output/TextOutput->separator .. not found
getXMLAttribute: seeking for Output/TextOutput->file-name .. not found
getXMLAttribute: seeking for Output/TextOutput->file-numbering .. not found
getXMLAttribute: seeking for Output/TextOutput->file-separation .. not found
getXMLAttribute: seeking for Output/TextOutput->file-format: csv
getXMLAttribute: seeking for Plots/Plot[0]->time-step: -1
getXMLAttribute: seeking for Plots/Plot[0]->title .. not found
getXMLAttribute: seeking for Plots/Plot[0]->log-commands .. not found
getXMLAttribute: seeking for Plots/Plot[0]/Terminal->terminal: png
getXMLAttribute: seeking for Plots/Plot[0]/Terminal->plot-size .. not found
getXMLAttribute: seeking for Plots/Plot[0]->file-numbering .. not found
getXMLAttribute: seeking for Plots/Plot[0]/Range/Time->mode .. not found
getXMLAttribute: seeking for Plots/Plot[0]/Range/Time->history .. not found
getXMLAttribute: seeking for Plots/Plot[0]/Range/Data->first-line .. not found
getXMLAttribute: seeking for Plots/Plot[0]/Range/Data->last-line .. not found
getXMLAttribute: seeking for Plots/Plot[0]/Range/Data->increment .. not found
getXMLAttribute: seeking for Plots/Plot[0]/Style->style: lines
getXMLAttribute: seeking for Plots/Plot[0]/Style->decorate .. not found
getXMLAttribute: seeking for Plots/Plot[0]/Style->point-size .. not found
getXMLAttribute: seeking for Plots/Plot[0]/Style->line-width: 2.0
getXMLAttribute: seeking for Plots/Plot[0]/Style->grid .. not found
getXMLAttribute: seeking for Plots/Plot[0]/X-axis/Symbol->symbol-ref: time
getXMLAttribute: seeking for Plots/Plot[0]/X-axis->minimum .. not found
getXMLAttribute: seeking for Plots/Plot[0]/X-axis->maximum .. not found
getXMLAttribute: seeking for Plots/Plot[0]/X-axis->logarithmic .. not found
getXMLAttribute: seeking for Plots/Plot[0]/Y-axis/Symbol[0]->symbol-ref: BCR_affinity
getXMLAttribute: seeking for Plots/Plot[0]/Y-axis/Symbol[1]->symbol-ref .. not found
getXMLAttribute: seeking for Plots/Plot[0]/Y-axis/Symbol[2]->symbol-ref .. not found
getXMLAttribute: seeking for Plots/Plot[0]/Y-axis/Symbol[3]->symbol-ref .. not found
getXMLAttribute: seeking for Plots/Plot[0]/Y-axis/Symbol[4]->symbol-ref .. not found
getXMLAttribute: seeking for Plots/Plot[0]/Y-axis/Symbol[5]->symbol-ref .. not found
getXMLAttribute: seeking for Plots/Plot[0]/Y-axis/Symbol[6]->symbol-ref .. not found
getXMLAttribute: seeking for Plots/Plot[0]/Y-axis/Symbol[7]->symbol-ref .. not found
getXMLAttribute: seeking for Plots/Plot[0]/Y-axis/Symbol[8]->symbol-ref .. not found
getXMLAttribute: seeking for Plots/Plot[0]/Y-axis/Symbol[9]->symbol-ref .. not found
getXMLAttribute: seeking for Plots/Plot[0]/Y-axis->minimum .. not found
getXMLAttribute: seeking for Plots/Plot[0]/Y-axis->maximum .. not found
getXMLAttribute: seeking for Plots/Plot[0]/Y-axis->logarithmic .. not found
getXMLAttribute: seeking for Plots/Plot[0]/Color-bar/Symbol->symbol-ref .. not found
getXMLAttribute: seeking for Plots/Plot[0]/Color-bar->minimum .. not found
getXMLAttribute: seeking for Plots/Plot[0]/Color-bar->maximum .. not found
getXMLAttribute: seeking for Plots/Plot[0]/Color-bar->logarithmic .. not found
getXMLAttribute: seeking for Plots/Plot[0]/Color-bar->palette .. not found
getXMLAttribute: seeking for Plots/Plot[0]/Color-bar->reverse-palette .. not found
getXMLAttribute: seeking for Plots/Plot[1]->time-step: -1
getXMLAttribute: seeking for Plots/Plot[1]->title .. not found
getXMLAttribute: seeking for Plots/Plot[1]->log-commands .. not found
getXMLAttribute: seeking for Plots/Plot[1]/Terminal->terminal: png
getXMLAttribute: seeking for Plots/Plot[1]/Terminal->plot-size .. not found
getXMLAttribute: seeking for Plots/Plot[1]->file-numbering .. not found
getXMLAttribute: seeking for Plots/Plot[1]/Range/Time->mode .. not found
getXMLAttribute: seeking for Plots/Plot[1]/Range/Time->history .. not found
getXMLAttribute: seeking for Plots/Plot[1]/Range/Data->first-line .. not found
getXMLAttribute: seeking for Plots/Plot[1]/Range/Data->last-line .. not found
getXMLAttribute: seeking for Plots/Plot[1]/Range/Data->increment .. not found
getXMLAttribute: seeking for Plots/Plot[1]/Style->style: lines
getXMLAttribute: seeking for Plots/Plot[1]/Style->decorate .. not found
getXMLAttribute: seeking for Plots/Plot[1]/Style->point-size .. not found
getXMLAttribute: seeking for Plots/Plot[1]/Style->line-width: 2.0
getXMLAttribute: seeking for Plots/Plot[1]/Style->grid .. not found
getXMLAttribute: seeking for Plots/Plot[1]/X-axis/Symbol->symbol-ref: time
getXMLAttribute: seeking for Plots/Plot[1]/X-axis->minimum .. not found
getXMLAttribute: seeking for Plots/Plot[1]/X-axis->maximum .. not found
getXMLAttribute: seeking for Plots/Plot[1]/X-axis->logarithmic .. not found
getXMLAttribute: seeking for Plots/Plot[1]/Y-axis/Symbol[0]->symbol-ref: MYC
getXMLAttribute: seeking for Plots/Plot[1]/Y-axis/Symbol[1]->symbol-ref: FOXO1
getXMLAttribute: seeking for Plots/Plot[1]/Y-axis/Symbol[2]->symbol-ref: cRel
getXMLAttribute: seeking for Plots/Plot[1]/Y-axis/Symbol[3]->symbol-ref .. not found
getXMLAttribute: seeking for Plots/Plot[1]/Y-axis/Symbol[4]->symbol-ref .. not found
getXMLAttribute: seeking for Plots/Plot[1]/Y-axis/Symbol[5]->symbol-ref .. not found
getXMLAttribute: seeking for Plots/Plot[1]/Y-axis/Symbol[6]->symbol-ref .. not found
getXMLAttribute: seeking for Plots/Plot[1]/Y-axis/Symbol[7]->symbol-ref .. not found
getXMLAttribute: seeking for Plots/Plot[1]/Y-axis/Symbol[8]->symbol-ref .. not found
getXMLAttribute: seeking for Plots/Plot[1]/Y-axis/Symbol[9]->symbol-ref .. not found
getXMLAttribute: seeking for Plots/Plot[1]/Y-axis->minimum .. not found
getXMLAttribute: seeking for Plots/Plot[1]/Y-axis->maximum .. not found
getXMLAttribute: seeking for Plots/Plot[1]/Y-axis->logarithmic .. not found
getXMLAttribute: seeking for Plots/Plot[1]/Color-bar/Symbol->symbol-ref .. not found
getXMLAttribute: seeking for Plots/Plot[1]/Color-bar->minimum .. not found
getXMLAttribute: seeking for Plots/Plot[1]/Color-bar->maximum .. not found
getXMLAttribute: seeking for Plots/Plot[1]/Color-bar->logarithmic .. not found
getXMLAttribute: seeking for Plots/Plot[1]/Color-bar->palette .. not found
getXMLAttribute: seeking for Plots/Plot[1]/Color-bar->reverse-palette .. not found
getXMLAttribute: seeking for Logger->time-step: 10
getXMLAttribute: seeking for ModelGraph->format: dot
getXMLAttribute: seeking for ModelGraph->reduced: false
getXMLAttribute: seeking for ModelGraph->exclude-symbols .. not found
getXMLAttribute: seeking for ModelGraph->include-tags: #untagged
Scope: Creating Accessor for symbol 'cell.type' from Scope root
Scope: Creating Accessor for symbol 'BCR_affinity' from Scope root
Scope: Creating Accessor for symbol 'MYC' from Scope root
Scope: Creating Accessor for symbol 'cell.type' from Scope root
Scope: Creating Accessor for symbol 'CXCL12' from Scope root
Scope: Creating Accessor for symbol 'time' from Scope root
Scope: Creating Accessor for symbol 'BCR_affinity' from Scope CellType[Bcell]
Scope: Creating Accessor for symbol 'MYC' from Scope CellType[Bcell]
Scope: Creating Accessor for symbol 'FOXO1' from Scope CellType[Bcell]
Scope: Creating Accessor for symbol 'cRel' from Scope CellType[Bcell]
Scope: Creating Accessor for symbol 'CXCR4' from Scope CellType[Bcell]
Scope: Creating Accessor for symbol 'BLIMP1' from Scope CellType[Bcell]
Scope: Creating Accessor for symbol 'division_count' from Scope CellType[Bcell]
Scope: Creating Accessor for symbol 'time' from Scope root
Scope: Creating Accessor for symbol 'BCR_affinity' from Scope CellType[Bcell]
Scope: Creating Accessor for symbol 'MYC' from Scope CellType[Bcell]
Scope: Creating Accessor for symbol 'FOXO1' from Scope CellType[Bcell]
Scope: Creating Accessor for symbol 'cRel' from Scope CellType[Bcell]
Scope: Creating Accessor for symbol 'CXCR4' from Scope CellType[Bcell]
Scope: Creating Accessor for symbol 'BLIMP1' from Scope CellType[Bcell]
Scope: Creating Accessor for symbol 'division_count' from Scope CellType[Bcell]
Plugin Logger: Registered input symbol dependencies time [root] ,BCR_affinity [CellType[Bcell]] ,FOXO1 [CellType[Bcell]] ,cRel [CellType[Bcell]] ,MYC [CellType[Bcell]] ,CXCR4 [CellType[Bcell]] ,BLIMP1 [CellType[Bcell]] ,division_count [CellType[Bcell]] ,
Scope: Creating Accessor for symbol 'time' from Scope root
Scope: Creating Accessor for symbol 'BCR_affinity' from Scope CellType[Bcell]
Scope: Creating Accessor for symbol 'MYC' from Scope CellType[Bcell]
Scope: Creating Accessor for symbol 'FOXO1' from Scope CellType[Bcell]
Scope: Creating Accessor for symbol 'cRel' from Scope CellType[Bcell]
Scope: Creating Accessor for symbol 'CXCR4' from Scope CellType[Bcell]
Scope: Creating Accessor for symbol 'BLIMP1' from Scope CellType[Bcell]
Scope: Creating Accessor for symbol 'division_count' from Scope CellType[Bcell]
Logger range:
-> size 20
-> dataAxes CELL, 
-> data.sizes: 20, 
-> file separation: None
Scope: Creating Accessor for symbol 'time' from Scope root
Scope: Creating Accessor for symbol 'cell.id' from Scope CellType[Bcell]
Scope: Creating Accessor for symbol 'time' from Scope root
Scope: Creating Accessor for symbol 'time' from Scope root
System
NeighborhoodReporter
NeighborhoodReporter
CellDivision
Event
Event
Event
Event
CPM
System
Gnuplotter
Logger
ModelGraph

 TimeStepListener "System" propagates its time step 0.5

 TimeStepListener "CellDivision" propagates its time step 1

 TimeStepListener "Event" propagates its time step 0.5

 TimeStepListener "Event" propagates its time step 1

 TimeStepListener "Event" propagates its time step 1

 TimeStepListener "Event" propagates its time step 1

 TimeStepListener "CPM" propagates its time step 1

 TimeStepListener "System" propagates its time step 1

 TimeStepListener "Gnuplotter" propagates its time step 50

 TimeStepListener "Logger" propagates its time step 10

 TimeStepListener "ModelGraph" propagates its time step 5000
TimeScheduler::init: Ordering instantaneous processes for sequential update ...
Trying to remove unregistered symbol "cell.center" from unresolved_symbols. 
======================================================
 Time Schedule
======================================================
 Time precision patch is 0.0005

=====|    Phase I     |===============================
-----. CPM .------------------------------------
  + 1 => CPM [CXCL12,CXCL13,CXCR4,Vt] -> [cell.center,cell.length,cell.surface,cell.type,cell.volume]
-----. Reactions .------------------------------------
  + 0.5 => System [BCR_affinity,BCR_signal,CD40_signal] -> [AP4,BLIMP1,CXCR4,FOXO1,MYC,RelA,cRel]
  + 1 => System [CRC_production,FDC_production] -> [CXCL12,CXCL13]

=====|    Phase II    |===============================
-----. Reporters and Instantaneous Processes.---------
  + 1 => NeighborhoodReporter [cell.center,cell.type,celltype.FDC.id] -> [BCR_signal]
  + 1 => NeighborhoodReporter [cell.center,cell.type,celltype.Tfh.id] -> [CD40_signal]
  + 1 => CellDivision [MYC,cell.volume,in_cycle] -> [BCR_affinity,Vt,cell.center,division_count,in_cycle]
  + 0.5 => Event [MYC,time] -> [in_cycle]
  + 0.5 => Event [cell.center.x,time] -> [zone]
  + 0.5 => Event [cell.center.x,time] -> [zone]
  + 0.5 => Event [time,zone] -> [death_timer]

=====|    Phase III   |===============================
-----. Analysis .-------------------------------------
  + 50 => Gnuplotter [BCR_affinity,CXCL12,MYC,cell.type] 
  + 10 => Logger [BCR_affinity,BLIMP1,CXCR4,FOXO1,MYC,cRel,division_count,time] 
  + 5000 => ModelGraph [] 
------------------------------------------------------
======================================================

model is up
System::init: Reordering Initializers ...
System::init: Reordering Initializers ...
System::init: Reordering Initializers ...
System::init: Reordering Initializers ...
System::init: Reordering Initializers ...
System::init: Reordering Initializers ...
System::init: Reordering Initializers ...
System::init: Reordering Initializers ...
System::init: Reordering Initializers ...
System::init: Reordering Initializers ...
System::init: Reordering Initializers ...
System::init: Reordering Initializers ...
System::init: Reordering Initializers ...
System::init: Reordering Initializers ...
System::init: Reordering Initializers ...
System::init: Reordering Initializers ...
System::init: Reordering Initializers ...
System::init: Reordering Initializers ...
GnuPlotter: Saving plot_00000.png
Time: 0.00 atu
System::init: Reordering Initializers ...
System::init: Reordering Initializers ...
System::init: Reordering Initializers ...
System::init: Reordering Initializers ...
System::init: Reordering Initializers ...
System::init: Reordering Initializers ...
System::init: Reordering Initializers ...
System::init: Reordering Initializers ...
System::init: Reordering Initializers ...
System::init: Reordering Initializers ...
System::init: Reordering Initializers ...
System::init: Reordering Initializers ...
System::init: Reordering Initializers ...
System::init: Reordering Initializers ...
System::init: Reordering Initializers ...
System::init: Reordering Initializers ...
System::init: Reordering Initializers ...
System::init: Reordering Initializers ...
GnuPlotter: Saving plot_00050.png
Time: 50 
GnuPlotter: Saving plot_00100.png
Time: 100 
GnuPlotter: Saving plot_00150.png
Time: 150 
GnuPlotter: Saving plot_00200.png
Time: 200 
GnuPlotter: Saving plot_00250.png
Time: 250 
GnuPlotter: Saving plot_00300.png
Time: 300 
GnuPlotter: Saving plot_00350.png
Time: 350 
GnuPlotter: Saving plot_00400.png
Time: 400 
GnuPlotter: Saving plot_00450.png
Time: 450 
GnuPlotter: Saving plot_00500.png
Time: 500 
GnuPlotter: Saving plot_00550.png
Time: 550 
GnuPlotter: Saving plot_00600.png
Time: 600 
GnuPlotter: Saving plot_00650.png
Time: 650 
GnuPlotter: Saving plot_00700.png
Time: 700 
GnuPlotter: Saving plot_00750.png
Time: 750 
GnuPlotter: Saving plot_00800.png
Time: 800 
GnuPlotter: Saving plot_00850.png
Time: 850 
GnuPlotter: Saving plot_00900.png
Time: 900 
GnuPlotter: Saving plot_00950.png
Time: 950 
GnuPlotter: Saving plot_01000.png
Time: 1000 
GnuPlotter: Saving plot_01050.png
Time: 1050 
GnuPlotter: Saving plot_01100.png
Time: 1100 
GnuPlotter: Saving plot_01150.png
Time: 1150 
GnuPlotter: Saving plot_01200.png
Time: 1200 
GnuPlotter: Saving plot_01250.png
Time: 1250 
GnuPlotter: Saving plot_01300.png
Time: 1300 
GnuPlotter: Saving plot_01350.png
Time: 1350 
GnuPlotter: Saving plot_01400.png
Time: 1400 
GnuPlotter: Saving plot_01450.png
Time: 1450 
GnuPlotter: Saving plot_01500.png
Time: 1500 
GnuPlotter: Saving plot_01550.png
Time: 1550 
GnuPlotter: Saving plot_01600.png
Time: 1600 
GnuPlotter: Saving plot_01650.png
Time: 1650 
GnuPlotter: Saving plot_01700.png
Time: 1700 
GnuPlotter: Saving plot_01750.png
Time: 1750 
GnuPlotter: Saving plot_01800.png
Time: 1800 
GnuPlotter: Saving plot_01850.png
Time: 1850 
GnuPlotter: Saving plot_01900.png
Time: 1900 
GnuPlotter: Saving plot_01950.png
Time: 1950 
GnuPlotter: Saving plot_02000.png
Time: 2000 
GnuPlotter: Saving plot_02050.png
Time: 2050 
GnuPlotter: Saving plot_02100.png
Time: 2100 
GnuPlotter: Saving plot_02150.png
Time: 2150 
GnuPlotter: Saving plot_02200.png
Time: 2200 
GnuPlotter: Saving plot_02250.png
Time: 2250 
GnuPlotter: Saving plot_02300.png
Time: 2300 
GnuPlotter: Saving plot_02350.png
Time: 2350 
GnuPlotter: Saving plot_02400.png
Time: 2400 
GnuPlotter: Saving plot_02450.png
Time: 2450 
GnuPlotter: Saving plot_02500.png
Time: 2500 
GnuPlotter: Saving plot_02550.png
Time: 2550 
GnuPlotter: Saving plot_02600.png
Time: 2600 
GnuPlotter: Saving plot_02650.png
Time: 2650 
GnuPlotter: Saving plot_02700.png
Time: 2700 
GnuPlotter: Saving plot_02750.png
Time: 2750 
GnuPlotter: Saving plot_02800.png
Time: 2800 
GnuPlotter: Saving plot_02850.png
Time: 2850 
GnuPlotter: Saving plot_02900.png
Time: 2900 
GnuPlotter: Saving plot_02950.png
Time: 2950 
GnuPlotter: Saving plot_03000.png
Time: 3000 
GnuPlotter: Saving plot_03050.png
Time: 3050 
GnuPlotter: Saving plot_03100.png
Time: 3100 
GnuPlotter: Saving plot_03150.png
Time: 3150 
GnuPlotter: Saving plot_03200.png
Time: 3200 
GnuPlotter: Saving plot_03250.png
Time: 3250 
GnuPlotter: Saving plot_03300.png
Time: 3300 
GnuPlotter: Saving plot_03350.png
Time: 3350 
GnuPlotter: Saving plot_03400.png
Time: 3400 
GnuPlotter: Saving plot_03450.png
Time: 3450 
GnuPlotter: Saving plot_03500.png
Time: 3500 
GnuPlotter: Saving plot_03550.png
Time: 3550 
GnuPlotter: Saving plot_03600.png
Time: 3600 
GnuPlotter: Saving plot_03650.png
Time: 3650 
GnuPlotter: Saving plot_03700.png
Time: 3700 
GnuPlotter: Saving plot_03750.png
Time: 3750 
GnuPlotter: Saving plot_03800.png
Time: 3800 
GnuPlotter: Saving plot_03850.png
Time: 3850 
GnuPlotter: Saving plot_03900.png
Time: 3900 
GnuPlotter: Saving plot_03950.png
Time: 3950 
GnuPlotter: Saving plot_04000.png
Time: 4000 
GnuPlotter: Saving plot_04050.png
Time: 4050 
GnuPlotter: Saving plot_04100.png
Time: 4100 
GnuPlotter: Saving plot_04150.png
Time: 4150 
GnuPlotter: Saving plot_04200.png
Time: 4200 
GnuPlotter: Saving plot_04250.png
Time: 4250 
GnuPlotter: Saving plot_04300.png
Time: 4300 
GnuPlotter: Saving plot_04350.png
Time: 4350 
GnuPlotter: Saving plot_04400.png
Time: 4400 
GnuPlotter: Saving plot_04450.png
Time: 4450 
GnuPlotter: Saving plot_04500.png
Time: 4500 
GnuPlotter: Saving plot_04550.png
Time: 4550 
GnuPlotter: Saving plot_04600.png
Time: 4600 
GnuPlotter: Saving plot_04650.png
Time: 4650 
GnuPlotter: Saving plot_04700.png
Time: 4700 
GnuPlotter: Saving plot_04750.png
Time: 4750 
GnuPlotter: Saving plot_04800.png
Time: 4800 
GnuPlotter: Saving plot_04850.png
Time: 4850 
GnuPlotter: Saving plot_04900.png
Time: 4900 
GnuPlotter: Saving plot_04950.png
Time: 4950 
GnuPlotter: Saving plot_05000.png
Time: 5000 
Saving Multiscale Germinal Center Response Model005000.xml.gz
AutoFix: Moved 2 element(s)  matching /MorpheusModel/Global/System/DiffEqn/Reaction to /MorpheusModel/Global/System/DiffEqn/Expression
AutoFix: Moved 2 element(s)  matching /MorpheusModel/Global/System/DiffEqn[(@symbol-ref)]/Diffusion/@text to /MorpheusModel/Global/Field[@symbol=%1]/Diffusion/@rate
AutoFix: Moved 2 element(s)  matching /MorpheusModel/Global/System/DiffEqn/Diffusion to 
AutoFix: Moved 7 element(s)  matching /MorpheusModel/CellTypes/CellType/System/DiffEqn/Reaction to /MorpheusModel/CellTypes/CellType/System/DiffEqn/Expression
saveToXML:: Applied 13 patches to set MorpheusML version  v4!
sampler 1 layer 30

=======================================================
    SCHEDULER PERFORMANCE STATISTICS
=======================================================

    +  62.7% = 27.788s (93.664)  | System [CRC_production,FDC_production -> CXCL12,CXCL13]
           | 11.860s (35.330)  | Diffusion[CXCL12]
           | 11.848s (35.108)  | Diffusion[CXCL13]
           | 4.080s (23.226)  | Reaction
    +  15.3% = 6.782s (2.695)  | Gnuplotter [BCR_affinity,CXCL12,MYC,cell.type]
    +  10.1% = 4.459s (34.705)  | CPM [CXCL12,CXCL13,CXCR4,Vt -> cell.center,cell.length,cell.surface,cell.type,cell.volume]
    +   4.7% = 2.094s (0.029)  | Initialisation []
    +   1.0% = 0.436s (1.199)  | System [BCR_affinity,BCR_signal,CD40_signal -> AP4,BLIMP1,CXCR4,FOXO1,MYC,RelA,cRel]
    +   0.9% = 0.405s (1.178)  | NeighborhoodReporter [cell.center,cell.type,celltype.FDC.id -> BCR_signal]
    +   0.9% = 0.394s (1.100)  | Event [MYC,time -> in_cycle]
    +   0.9% = 0.387s (1.095)  | Event [time,zone -> death_timer]
    +   0.9% = 0.382s (1.075)  | Event [cell.center.x,time -> zone]
    +   0.9% = 0.381s (1.068)  | Event [cell.center.x,time -> zone]
    +   0.8% = 0.377s (1.104)  | NeighborhoodReporter [cell.center,cell.type,celltype.Tfh.id -> CD40_signal]
    +   0.1% = 0.067s (0.066)  | Logger [BCR_affinity,BLIMP1,CXCR4,FOXO1,MYC,cRel,division_count,time]
    +   0.0% = 0.010s (0.010)  | CellDivision [MYC,cell.volume,in_cycle -> BCR_affinity,Vt,cell.center,division_count,in_cycle]
    +   0.0% = 0.001s (0.001)  | ModelGraph []

======================================================

=== Simulation finished ===
Wall Time   = 44s 297ms
CPU Time    = 2m 21s (10 threads)

