Setting output directory /Users/prerana/Desktop/morpheus/20260129_181719_97cfebba
Initializing from file model.xml
AutoFix: Moved 1 element(s)  matching /MorpheusModel/Global/System/DiffEqn/Expression to /MorpheusModel/Global/System/DiffEqn/Reaction
AutoFix: Moved 1 element(s)  matching /MorpheusModel/Global/Field[(@symbol)]/Diffusion[@rate!=~0(?:\.0+)?]/@rate to /MorpheusModel/Global/System/DiffEqn[@symbol-ref=%1]/Diffusion/@text
AutoFix: Moved 1 element(s)  matching /MorpheusModel/Global/Field[(@symbol)]/Diffusion to 
Applied 3 patches to update MorpheusML version to internal v5!
Time/RandomSeed not specified, using arbitray seed (based on time).
Intitalize Thread 8 with seed 2327355873
Intitalize Thread Intitalize Thread 3 with seed 8432273344
Intitalize Thread  with seed 8607691967 with seed 
511574754Intitalize Thread 5 with seed 1209546630

Intitalize Thread 0 with seed 1769707110
Intitalize Thread Intitalize Thread 1 with seed Intitalize Thread 3727107496Intitalize Thread 
9 with seed 581026760
6 with seed 828118261
2 with seed 1344560928
Registering Symbol time of linktype TimeLink in Scope root
Intitalize Thread Intitalize Thread 8 with seed 4226128334
Intitalize Thread Intitalize Thread 4 with seed 1386903166
Intitalize Thread 1 with seed 2256526400
7Intitalize Thread  with seed Intitalize Thread 2 with seed 6 with seed 13209409642342964264
Intitalize Thread 5 with seed 3850189868
256824811
Intitalize Thread 
9Intitalize Thread  with seed 0 with seed 2111863253
3 with seed 4068791613
123
Registering Symbol space of linktype LocationLink in Scope root
Registering Symbol space.x of linktype VectorComponentLink in Scope root
Registering Symbol space.y of linktype VectorComponentLink in Scope root
Registering Symbol space.z of linktype VectorComponentLink in Scope root
Registering Symbol space.phi of linktype VectorComponentLink in Scope root
Registering Symbol space.theta of linktype VectorComponentLink in Scope root
Registering Symbol space.abs of linktype VectorComponentLink in Scope root
Creating lattice
getXMLAttribute: seeking for Lattice->class: square
getXMLAttribute: seeking for Size->value: 300, 300, 0
getXMLAttribute: seeking for Size->symbol: size
Loading [3] Global Plugins
getXMLAttribute: seeking for Field->symbol: S
Registering Symbol S of linktype FieldLink in Scope root
getXMLAttribute: seeking for System->time-step: 1.0
Creating subscope System in scope root
getXMLAttribute: seeking for System->solver: Runge-Kutta [fixed, O(4)]
getXMLAttribute: seeking for System->solver-eps .. not found
getXMLAttribute: seeking for Constant->name .. not found
getXMLAttribute: seeking for Constant->symbol: production_rate
getXMLAttribute: seeking for Constant->value: 0.001
getXMLAttribute: seeking for Constant->notation .. not found
Registering Symbol production_rate of linktype ConstantLink in Scope System
getXMLAttribute: seeking for Constant->name .. not found
getXMLAttribute: seeking for Constant->symbol: decay_rate
getXMLAttribute: seeking for Constant->value: 0.002
getXMLAttribute: seeking for Constant->notation .. not found
Registering Symbol decay_rate of linktype ConstantLink in Scope System
getXMLAttribute: seeking for DiffEqn->symbol-ref: S
getXMLAttribute: seeking for Reaction->text: production_rate - decay_rate * S
getXMLAttribute: seeking for Advection->text .. not found
getXMLAttribute: seeking for Diffusion->text: 0.1
getXMLAttribute: seeking for Diffusion->well-mixed .. not found
getXMLAttribute: seeking for Variable->name .. not found
getXMLAttribute: seeking for Variable->symbol: total_hepatocytes
getXMLAttribute: seeking for Variable->value: 0
getXMLAttribute: seeking for Variable->notation .. not found
Registering Symbol total_hepatocytes of linktype VariableLink in Scope root
Creating subscope CellType[medium] in scope root
Registering Symbol cell.type of linktype PrimitiveConstant in Scope CellType[medium]
Registering Symbol cell.type of linktype CompositeLink in Scope root
Registering Symbol cell.id of linktype CellIDLink in Scope CellType[medium]
Registering Symbol cell.id of linktype CompositeLink in Scope root
Registering Symbol cell.center of linktype CellCenterLink in Scope CellType[medium]
Registering Symbol cell.center of linktype CompositeLink in Scope root
Registering Symbol cell.center.x of linktype VectorComponentLink in Scope root
Registering Symbol cell.center.y of linktype VectorComponentLink in Scope root
Registering Symbol cell.center.z of linktype VectorComponentLink in Scope root
Registering Symbol cell.center.phi of linktype VectorComponentLink in Scope root
Registering Symbol cell.center.theta of linktype VectorComponentLink in Scope root
Registering Symbol cell.center.abs of linktype VectorComponentLink in Scope root
Registering Symbol cell.center.x of linktype VectorComponentLink in Scope CellType[medium]
Registering Symbol cell.center.y of linktype VectorComponentLink in Scope CellType[medium]
Registering Symbol cell.center.z of linktype VectorComponentLink in Scope CellType[medium]
Registering Symbol cell.center.phi of linktype VectorComponentLink in Scope CellType[medium]
Registering Symbol cell.center.theta of linktype VectorComponentLink in Scope CellType[medium]
Registering Symbol cell.center.abs of linktype VectorComponentLink in Scope CellType[medium]
Registering Symbol cell.volume of linktype CellVolumeLink in Scope CellType[medium]
Registering Symbol cell.volume of linktype CompositeLink in Scope root
Registering Symbol celltype.medium.id of linktype PrimitiveConstant in Scope root
Registering Symbol celltype.medium.size of linktype CellPopulationSizeLink in Scope root
Creating subscope CellType[hepatocyte] in scope root
Registering Symbol cell.type of linktype PrimitiveConstant in Scope CellType[hepatocyte]
Registering Symbol cell.id of linktype CellIDLink in Scope CellType[hepatocyte]
Registering Symbol cell.center of linktype CellCenterLink in Scope CellType[hepatocyte]
Registering Symbol cell.center.x of linktype VectorComponentLink in Scope CellType[hepatocyte]
Registering Symbol cell.center.y of linktype VectorComponentLink in Scope CellType[hepatocyte]
Registering Symbol cell.center.z of linktype VectorComponentLink in Scope CellType[hepatocyte]
Registering Symbol cell.center.phi of linktype VectorComponentLink in Scope CellType[hepatocyte]
Registering Symbol cell.center.theta of linktype VectorComponentLink in Scope CellType[hepatocyte]
Registering Symbol cell.center.abs of linktype VectorComponentLink in Scope CellType[hepatocyte]
Registering Symbol cell.volume of linktype CellVolumeLink in Scope CellType[hepatocyte]
Registering Symbol cell.length of linktype CellLengthLink in Scope CellType[hepatocyte]
Registering Symbol cell.length of linktype CompositeLink in Scope root
Registering Symbol cell.surface of linktype CellInterfaceLengthLink in Scope CellType[hepatocyte]
Registering Symbol cell.surface of linktype CompositeLink in Scope root
Registering Symbol cell.orientation of linktype CellOrientationLink in Scope CellType[hepatocyte]
Registering Symbol cell.orientation of linktype CompositeLink in Scope root
Registering Symbol cell.orientation.x of linktype VectorComponentLink in Scope root
Registering Symbol cell.orientation.y of linktype VectorComponentLink in Scope root
Registering Symbol cell.orientation.z of linktype VectorComponentLink in Scope root
Registering Symbol cell.orientation.phi of linktype VectorComponentLink in Scope root
Registering Symbol cell.orientation.theta of linktype VectorComponentLink in Scope root
Registering Symbol cell.orientation.abs of linktype VectorComponentLink in Scope root
Registering Symbol cell.orientation.x of linktype VectorComponentLink in Scope CellType[hepatocyte]
Registering Symbol cell.orientation.y of linktype VectorComponentLink in Scope CellType[hepatocyte]
Registering Symbol cell.orientation.z of linktype VectorComponentLink in Scope CellType[hepatocyte]
Registering Symbol cell.orientation.phi of linktype VectorComponentLink in Scope CellType[hepatocyte]
Registering Symbol cell.orientation.theta of linktype VectorComponentLink in Scope CellType[hepatocyte]
Registering Symbol cell.orientation.abs of linktype VectorComponentLink in Scope CellType[hepatocyte]
Registering Symbol celltype.hepatocyte.id of linktype PrimitiveConstant in Scope root
Registering Symbol celltype.hepatocyte.size of linktype CellPopulationSizeLink in Scope root
Creating subscope CellType[cancer_cell] in scope root
Registering Symbol cell.type of linktype PrimitiveConstant in Scope CellType[cancer_cell]
Registering Symbol cell.id of linktype CellIDLink in Scope CellType[cancer_cell]
Registering Symbol cell.center of linktype CellCenterLink in Scope CellType[cancer_cell]
Registering Symbol cell.center.x of linktype VectorComponentLink in Scope CellType[cancer_cell]
Registering Symbol cell.center.y of linktype VectorComponentLink in Scope CellType[cancer_cell]
Registering Symbol cell.center.z of linktype VectorComponentLink in Scope CellType[cancer_cell]
Registering Symbol cell.center.phi of linktype VectorComponentLink in Scope CellType[cancer_cell]
Registering Symbol cell.center.theta of linktype VectorComponentLink in Scope CellType[cancer_cell]
Registering Symbol cell.center.abs of linktype VectorComponentLink in Scope CellType[cancer_cell]
Registering Symbol cell.volume of linktype CellVolumeLink in Scope CellType[cancer_cell]
Registering Symbol cell.length of linktype CellLengthLink in Scope CellType[cancer_cell]
Registering Symbol cell.surface of linktype CellInterfaceLengthLink in Scope CellType[cancer_cell]
Registering Symbol cell.orientation of linktype CellOrientationLink in Scope CellType[cancer_cell]
Registering Symbol cell.orientation.x of linktype VectorComponentLink in Scope CellType[cancer_cell]
Registering Symbol cell.orientation.y of linktype VectorComponentLink in Scope CellType[cancer_cell]
Registering Symbol cell.orientation.z of linktype VectorComponentLink in Scope CellType[cancer_cell]
Registering Symbol cell.orientation.phi of linktype VectorComponentLink in Scope CellType[cancer_cell]
Registering Symbol cell.orientation.theta of linktype VectorComponentLink in Scope CellType[cancer_cell]
Registering Symbol cell.orientation.abs of linktype VectorComponentLink in Scope CellType[cancer_cell]
Registering Symbol celltype.cancer_cell.id of linktype PrimitiveConstant in Scope root
Registering Symbol celltype.cancer_cell.size of linktype CellPopulationSizeLink in Scope root
getXMLAttribute: seeking for Property->name: Proliferation rate
getXMLAttribute: seeking for Property->symbol: proliferation_rate
getXMLAttribute: seeking for Property->value: 0.00008
getXMLAttribute: seeking for Property->notation .. not found
Registering Symbol proliferation_rate of linktype CellPropertyLink in Scope CellType[hepatocyte]
Registering Symbol proliferation_rate of linktype CompositeLink in Scope root
getXMLAttribute: seeking for Property->name: Number of divisions
getXMLAttribute: seeking for Property->symbol: division_counter
getXMLAttribute: seeking for Property->value: 0
getXMLAttribute: seeking for Property->notation .. not found
Registering Symbol division_counter of linktype CellPropertyLink in Scope CellType[hepatocyte]
Registering Symbol division_counter of linktype CompositeLink in Scope root
getXMLAttribute: seeking for Property->name: Division marker
getXMLAttribute: seeking for Property->symbol: recent_division
getXMLAttribute: seeking for Property->value: 0
getXMLAttribute: seeking for Property->notation .. not found
Registering Symbol recent_division of linktype CellPropertyLink in Scope CellType[hepatocyte]
Registering Symbol recent_division of linktype CompositeLink in Scope root
getXMLAttribute: seeking for Property->name: Local substrate concentration
getXMLAttribute: seeking for Property->symbol: local_substrate
getXMLAttribute: seeking for Property->value: 0
getXMLAttribute: seeking for Property->notation .. not found
Registering Symbol local_substrate of linktype CellPropertyLink in Scope CellType[hepatocyte]
Registering Symbol local_substrate of linktype CompositeLink in Scope root
getXMLAttribute: seeking for VolumeConstraint->target: 250
getXMLAttribute: seeking for VolumeConstraint->strength: 1
getXMLAttribute: seeking for SurfaceConstraint->target: 0.9
getXMLAttribute: seeking for SurfaceConstraint->strength: 1
getXMLAttribute: seeking for SurfaceConstraint->mode: aspherity
getXMLAttribute: seeking for SurfaceConstraint->exponent .. not found
getXMLAttribute: seeking for System->time-step: 1.0
Creating subscope System in scope CellType[hepatocyte]
getXMLAttribute: seeking for System->solver: Euler [fixed, O(1)]
getXMLAttribute: seeking for System->solver-eps .. not found
getXMLAttribute: seeking for Rule->symbol-ref: local_substrate
getXMLAttribute: seeking for Expression->text: S
getXMLAttribute: seeking for Rule->symbol-ref: recent_division
getXMLAttribute: seeking for Expression->text: if(recent_division > 0, recent_division - 1, 0)
getXMLAttribute: seeking for Condition->text: rand_uni(0,1) < proliferation_rate * local_substrate
getXMLAttribute: seeking for CellDivision->division-plane: random
getXMLAttribute: seeking for CellDivision->orientation .. not found
getXMLAttribute: seeking for CellDivision->write-log .. not found
getXMLAttribute: seeking for CellDivision->trigger .. not found
Creating subscope System in scope CellType[hepatocyte]
getXMLAttribute: seeking for Rule->symbol-ref: division_counter
getXMLAttribute: seeking for Expression->text: division_counter + 1
getXMLAttribute: seeking for Rule->symbol-ref: recent_division
getXMLAttribute: seeking for Expression->text: 500
Registering Symbol __daughterID of linktype PrimitiveVariable in Scope System
getXMLAttribute: seeking for Chemotaxis->field: S
getXMLAttribute: seeking for Chemotaxis->strength: 0
getXMLAttribute: seeking for Chemotaxis->saturation .. not found
getXMLAttribute: seeking for Chemotaxis->retraction .. not found
getXMLAttribute: seeking for Chemotaxis->contact-inhibition: true
getXMLAttribute: seeking for Property->name: Cancer proliferation rate
getXMLAttribute: seeking for Property->symbol: proliferation_rate
getXMLAttribute: seeking for Property->value: 0.0002
getXMLAttribute: seeking for Property->notation .. not found
Registering Symbol proliferation_rate of linktype CellPropertyLink in Scope CellType[cancer_cell]
getXMLAttribute: seeking for Property->name: Number of divisions
getXMLAttribute: seeking for Property->symbol: division_counter
getXMLAttribute: seeking for Property->value: 0
getXMLAttribute: seeking for Property->notation .. not found
Registering Symbol division_counter of linktype CellPropertyLink in Scope CellType[cancer_cell]
getXMLAttribute: seeking for Property->name: Division marker
getXMLAttribute: seeking for Property->symbol: recent_division
getXMLAttribute: seeking for Property->value: 0
getXMLAttribute: seeking for Property->notation .. not found
Registering Symbol recent_division of linktype CellPropertyLink in Scope CellType[cancer_cell]
getXMLAttribute: seeking for Property->name: Local substrate concentration
getXMLAttribute: seeking for Property->symbol: local_substrate
getXMLAttribute: seeking for Property->value: 0
getXMLAttribute: seeking for Property->notation .. not found
Registering Symbol local_substrate of linktype CellPropertyLink in Scope CellType[cancer_cell]
getXMLAttribute: seeking for VolumeConstraint->target: 200
getXMLAttribute: seeking for VolumeConstraint->strength: 1
getXMLAttribute: seeking for SurfaceConstraint->target: 0.85
getXMLAttribute: seeking for SurfaceConstraint->strength: 1
getXMLAttribute: seeking for SurfaceConstraint->mode: aspherity
getXMLAttribute: seeking for SurfaceConstraint->exponent .. not found
getXMLAttribute: seeking for System->time-step: 1.0
Creating subscope System in scope CellType[cancer_cell]
getXMLAttribute: seeking for System->solver: Euler [fixed, O(1)]
getXMLAttribute: seeking for System->solver-eps .. not found
getXMLAttribute: seeking for Rule->symbol-ref: local_substrate
getXMLAttribute: seeking for Expression->text: S
getXMLAttribute: seeking for Rule->symbol-ref: recent_division
getXMLAttribute: seeking for Expression->text: if(recent_division > 0, recent_division - 1, 0)
getXMLAttribute: seeking for Condition->text: rand_uni(0,1) < proliferation_rate * local_substrate
getXMLAttribute: seeking for CellDivision->division-plane: random
getXMLAttribute: seeking for CellDivision->orientation .. not found
getXMLAttribute: seeking for CellDivision->write-log .. not found
getXMLAttribute: seeking for CellDivision->trigger .. not found
Creating subscope System in scope CellType[cancer_cell]
getXMLAttribute: seeking for Rule->symbol-ref: division_counter
getXMLAttribute: seeking for Expression->text: division_counter + 1
getXMLAttribute: seeking for Rule->symbol-ref: recent_division
getXMLAttribute: seeking for Expression->text: 500
Registering Symbol __daughterID of linktype PrimitiveVariable in Scope System
getXMLAttribute: seeking for Chemotaxis->field: S
getXMLAttribute: seeking for Chemotaxis->strength: 0
getXMLAttribute: seeking for Chemotaxis->saturation .. not found
getXMLAttribute: seeking for Chemotaxis->retraction .. not found
getXMLAttribute: seeking for Chemotaxis->contact-inhibition: true
CellTypes defined: 'cancer_cell' 'hepatocyte' 'medium' 
getXMLAttribute: seeking for MonteCarloSampler/MCSDuration->value: 1
getXMLAttribute: seeking for MonteCarloSampler->stepper: edgelist
getXMLAttribute: seeking for MonteCarloSampler/MetropolisKinetics->temperature: 2
getXMLAttribute: seeking for MonteCarloSampler/MetropolisKinetics->yield: 0.1
getXMLAttribute: seeking for Contact->value: 12
getXMLAttribute: seeking for Contact->value: 4
getXMLAttribute: seeking for Contact->value: 10
getXMLAttribute: seeking for Contact->value: 3
getXMLAttribute: seeking for Contact->value: 14
Registering Symbol size of linktype PrimitiveConstant in Scope root
Registering Symbol size.x of linktype VectorComponentLink in Scope root
Registering Symbol size.y of linktype VectorComponentLink in Scope root
Registering Symbol size.z of linktype VectorComponentLink in Scope root
Registering Symbol size.phi of linktype VectorComponentLink in Scope root
Registering Symbol size.theta of linktype VectorComponentLink in Scope root
Registering Symbol size.abs of linktype VectorComponentLink in Scope root
Setting boundary neighborhood to order 2
Assigning Shape Neighborhood of size 3 -> 28 neighbors.
Setting boundary neighborhood to order 6
Creating cell layer of size 2.5 MB
with initial state set to CellType 'medium'
getXMLAttribute: seeking for InitCircle->number-of-cells: 30
getXMLAttribute: seeking for InitCircle->mode: random
getXMLAttribute: seeking for Dimensions->center: 150, 150, 0
getXMLAttribute: seeking for Dimensions->radius: 60
getXMLAttribute: seeking for InitCircle->number-of-cells: 5
getXMLAttribute: seeking for InitCircle->mode: random
getXMLAttribute: seeking for Dimensions->center: 150, 150, 0
getXMLAttribute: seeking for Dimensions->radius: 30
Initializing celltype 'medium'
Initializing celltype 'hepatocyte'
Scope: Creating Accessor for symbol 'local_substrate' from Scope CellType[hepatocyte]
Scope: Creating Accessor for symbol 'recent_division' from Scope CellType[hepatocyte]
Scope: Creating Accessor for symbol 'S' from Scope root
System::init: Reordering Initializers ...
Scope: Creating Accessor for symbol 'proliferation_rate' from Scope CellType[hepatocyte]
Scope: Creating Accessor for symbol 'local_substrate' from Scope CellType[hepatocyte]
Plugin CellDivision: Registered input symbol dependencies proliferation_rate [CellType[hepatocyte]] ,local_substrate [CellType[hepatocyte]] ,
Scope: Creating Accessor for symbol 'cell.center' from Scope CellType[hepatocyte]
Scope: Creating Accessor for symbol 'division_counter' from Scope CellType[hepatocyte]
Scope: Creating Accessor for symbol 'recent_division' from Scope CellType[hepatocyte]
System::init: Reordering Initializers ...
Scope: Creating Accessor for symbol '__daughterID' from Scope System
Scope: Creating Accessor for symbol 'S' from Scope root
Plugin Chemotaxis: Registered input symbol dependencies S [root] ,
Cells 30 requested 0
Initializing celltype 'cancer_cell'
Scope: Creating Accessor for symbol 'local_substrate' from Scope CellType[cancer_cell]
Scope: Creating Accessor for symbol 'recent_division' from Scope CellType[cancer_cell]
Scope: Creating Accessor for symbol 'S' from Scope root
System::init: Reordering Initializers ...
Scope: Creating Accessor for symbol 'proliferation_rate' from Scope CellType[cancer_cell]
Scope: Creating Accessor for symbol 'local_substrate' from Scope CellType[cancer_cell]
Plugin CellDivision: Registered input symbol dependencies proliferation_rate [CellType[cancer_cell]] ,local_substrate [CellType[cancer_cell]] ,
Scope: Creating Accessor for symbol 'cell.center' from Scope CellType[cancer_cell]
Scope: Creating Accessor for symbol 'division_counter' from Scope CellType[cancer_cell]
Scope: Creating Accessor for symbol 'recent_division' from Scope CellType[cancer_cell]
System::init: Reordering Initializers ...
Scope: Creating Accessor for symbol '__daughterID' from Scope System
Scope: Creating Accessor for symbol 'S' from Scope root
Plugin Chemotaxis: Registered input symbol dependencies S [root] ,
Cells 5 requested 0
Scope: Creating Accessor for symbol 'cell.center' from Scope root
Scope: Creating Accessor for symbol 'cell.volume' from Scope root
Scope: Creating Accessor for symbol 'cell.surface' from Scope root
Scope: Creating Accessor for symbol 'cell.length' from Scope root
Scope: Creating Accessor for symbol 'cell.type' from Scope root
creating Edge tracker 

 thread_id = 0x171383000
 thread_id = , register_thread_index = 0, shared_locks_array[cur_index].value = 1

 thread_id = 0x20227ec40, register_thread_index = 2, shared_locks_array[cur_index].value = 1

 thread_id = 
 thread_id = 0x16f363000, register_thread_index = 
 thread_id = 6, shared_locks_array[cur_index].value = 1
0x16eb5b000, register_thread_index = 1, shared_locks_array[cur_index].value = 
 thread_id = 
 thread_id = 0x16db4b000, register_thread_index = 1
0x170b7b0000x170373000, register_thread_index = , register_thread_index = 7, shared_locks_array[cur_index].value = 1

 thread_id = 0x16e3530008, shared_locks_array[cur_index].value = 0x171b8b000, register_thread_index = 
 thread_id = 0x16fb6b000, register_thread_index = 9, shared_locks_array[cur_index].value = 1
3, shared_locks_array[cur_index].value = 1
, register_thread_index = 5, shared_locks_array[cur_index].value = 11
4, shared_locks_array[cur_index].value = 1

EdgeListTracker::init() : Created Tracker with Neighborhood size 8 of size 2.08691 MB
EdgeListTracker::init() : Found 280 initial edges, wherof 280 can be modified.
CPM: InteractionEnergy has 28 neighbors
CPM: InteractionEnergy was initialized with  IA_COLLAPSE 
Scope: Creating Accessor for symbol 'S' from Scope root
Scope: Creating Accessor for symbol 'S' from Scope root
Creating FwdEulerADSolver
Scope: Creating Accessor for symbol 'production_rate' from Scope System
Scope: Creating Accessor for symbol 'decay_rate' from Scope System
System::init: Reordering Initializers ...
Loading Analysis tools [3]
getXMLAttribute: seeking for Gnuplotter->file-numbering .. not found
getXMLAttribute: seeking for Terminal->name: png
getXMLAttribute: seeking for Terminal->size .. not found
getXMLAttribute: seeking for Gnuplotter->time-step: 200
getXMLAttribute: seeking for Cells->value: cell.type
getXMLAttribute: seeking for Cells->value: recent_division
getXMLAttribute: seeking for CellLabels->value: division_counter
getXMLAttribute: seeking for Field->symbol-ref: S
getXMLAttribute: seeking for Field->coarsening .. not found
getXMLAttribute: seeking for Field->min: 0
getXMLAttribute: seeking for Field->max: 2
getXMLAttribute: seeking for Field->isolines .. not found
getXMLAttribute: seeking for Field->surface .. not found
getXMLAttribute: seeking for Input/Symbol[0]->symbol-ref: celltype.hepatocyte.size
getXMLAttribute: seeking for Input/Symbol[1]->symbol-ref: celltype.cancer_cell.size
getXMLAttribute: seeking for Input/Symbol[2]->symbol-ref: S
getXMLAttribute: seeking for Restriction/Slice->value .. not found
getXMLAttribute: seeking for Restriction/Slice->axis .. not found
getXMLAttribute: seeking for Restriction/Celltype->celltype .. not found
getXMLAttribute: seeking for Restriction/Cells->cell-ids .. not found
getXMLAttribute: seeking for Restriction->domain-only .. not found
getXMLAttribute: seeking for Restriction->condition .. not found
getXMLAttribute: seeking for Input->force-node-granularity .. not found
getXMLAttribute: seeking for Input->include-boundary .. not found
getXMLAttribute: seeking for Restriction->exclude-medium .. not found
getXMLAttribute: seeking for Output/TextOutput->header .. not found
getXMLAttribute: seeking for Output/TextOutput->header-guarding .. not found
getXMLAttribute: seeking for Output/TextOutput->separator .. not found
getXMLAttribute: seeking for Output/TextOutput->file-name .. not found
getXMLAttribute: seeking for Output/TextOutput->file-numbering .. not found
getXMLAttribute: seeking for Output/TextOutput->file-separation .. not found
getXMLAttribute: seeking for Output/TextOutput->file-format: csv
getXMLAttribute: seeking for Plots/Plot[0]->time-step: 2000
getXMLAttribute: seeking for Plots/Plot[0]->title .. not found
getXMLAttribute: seeking for Plots/Plot[0]->log-commands .. not found
getXMLAttribute: seeking for Plots/Plot[0]/Terminal->terminal: png
getXMLAttribute: seeking for Plots/Plot[0]/Terminal->plot-size .. not found
getXMLAttribute: seeking for Plots/Plot[0]->file-numbering .. not found
getXMLAttribute: seeking for Plots/Plot[0]/Range/Time->mode .. not found
getXMLAttribute: seeking for Plots/Plot[0]/Range/Time->history .. not found
getXMLAttribute: seeking for Plots/Plot[0]/Range/Data->first-line .. not found
getXMLAttribute: seeking for Plots/Plot[0]/Range/Data->last-line .. not found
getXMLAttribute: seeking for Plots/Plot[0]/Range/Data->increment .. not found
getXMLAttribute: seeking for Plots/Plot[0]/Style->style: linespoints
getXMLAttribute: seeking for Plots/Plot[0]/Style->decorate .. not found
getXMLAttribute: seeking for Plots/Plot[0]/Style->point-size: 0.5
getXMLAttribute: seeking for Plots/Plot[0]/Style->line-width .. not found
getXMLAttribute: seeking for Plots/Plot[0]/Style->grid .. not found
getXMLAttribute: seeking for Plots/Plot[0]/X-axis/Symbol->symbol-ref: time
getXMLAttribute: seeking for Plots/Plot[0]/X-axis->minimum: 0
getXMLAttribute: seeking for Plots/Plot[0]/X-axis->maximum: 20000
getXMLAttribute: seeking for Plots/Plot[0]/X-axis->logarithmic .. not found
getXMLAttribute: seeking for Plots/Plot[0]/Y-axis/Symbol[0]->symbol-ref: celltype.hepatocyte.size
getXMLAttribute: seeking for Plots/Plot[0]/Y-axis/Symbol[1]->symbol-ref .. not found
getXMLAttribute: seeking for Plots/Plot[0]/Y-axis/Symbol[2]->symbol-ref .. not found
getXMLAttribute: seeking for Plots/Plot[0]/Y-axis/Symbol[3]->symbol-ref .. not found
getXMLAttribute: seeking for Plots/Plot[0]/Y-axis/Symbol[4]->symbol-ref .. not found
getXMLAttribute: seeking for Plots/Plot[0]/Y-axis/Symbol[5]->symbol-ref .. not found
getXMLAttribute: seeking for Plots/Plot[0]/Y-axis/Symbol[6]->symbol-ref .. not found
getXMLAttribute: seeking for Plots/Plot[0]/Y-axis/Symbol[7]->symbol-ref .. not found
getXMLAttribute: seeking for Plots/Plot[0]/Y-axis/Symbol[8]->symbol-ref .. not found
getXMLAttribute: seeking for Plots/Plot[0]/Y-axis/Symbol[9]->symbol-ref .. not found
getXMLAttribute: seeking for Plots/Plot[0]/Y-axis->minimum: 0
getXMLAttribute: seeking for Plots/Plot[0]/Y-axis->maximum: 200
getXMLAttribute: seeking for Plots/Plot[0]/Y-axis->logarithmic .. not found
getXMLAttribute: seeking for Plots/Plot[0]/Color-bar/Symbol->symbol-ref .. not found
getXMLAttribute: seeking for Plots/Plot[0]/Color-bar->minimum .. not found
getXMLAttribute: seeking for Plots/Plot[0]/Color-bar->maximum .. not found
getXMLAttribute: seeking for Plots/Plot[0]/Color-bar->logarithmic .. not found
getXMLAttribute: seeking for Plots/Plot[0]/Color-bar->palette .. not found
getXMLAttribute: seeking for Plots/Plot[0]/Color-bar->reverse-palette .. not found
getXMLAttribute: seeking for Plots/Plot[1]->time-step: 2000
getXMLAttribute: seeking for Plots/Plot[1]->title .. not found
getXMLAttribute: seeking for Plots/Plot[1]->log-commands .. not found
getXMLAttribute: seeking for Plots/Plot[1]/Terminal->terminal: png
getXMLAttribute: seeking for Plots/Plot[1]/Terminal->plot-size .. not found
getXMLAttribute: seeking for Plots/Plot[1]->file-numbering .. not found
getXMLAttribute: seeking for Plots/Plot[1]/Range/Time->mode .. not found
getXMLAttribute: seeking for Plots/Plot[1]/Range/Time->history .. not found
getXMLAttribute: seeking for Plots/Plot[1]/Range/Data->first-line .. not found
getXMLAttribute: seeking for Plots/Plot[1]/Range/Data->last-line .. not found
getXMLAttribute: seeking for Plots/Plot[1]/Range/Data->increment .. not found
getXMLAttribute: seeking for Plots/Plot[1]/Style->style: linespoints
getXMLAttribute: seeking for Plots/Plot[1]/Style->decorate .. not found
getXMLAttribute: seeking for Plots/Plot[1]/Style->point-size: 0.5
getXMLAttribute: seeking for Plots/Plot[1]/Style->line-width .. not found
getXMLAttribute: seeking for Plots/Plot[1]/Style->grid .. not found
getXMLAttribute: seeking for Plots/Plot[1]/X-axis/Symbol->symbol-ref: time
getXMLAttribute: seeking for Plots/Plot[1]/X-axis->minimum: 0
getXMLAttribute: seeking for Plots/Plot[1]/X-axis->maximum: 20000
getXMLAttribute: seeking for Plots/Plot[1]/X-axis->logarithmic .. not found
getXMLAttribute: seeking for Plots/Plot[1]/Y-axis/Symbol[0]->symbol-ref: celltype.cancer_cell.size
getXMLAttribute: seeking for Plots/Plot[1]/Y-axis/Symbol[1]->symbol-ref .. not found
getXMLAttribute: seeking for Plots/Plot[1]/Y-axis/Symbol[2]->symbol-ref .. not found
getXMLAttribute: seeking for Plots/Plot[1]/Y-axis/Symbol[3]->symbol-ref .. not found
getXMLAttribute: seeking for Plots/Plot[1]/Y-axis/Symbol[4]->symbol-ref .. not found
getXMLAttribute: seeking for Plots/Plot[1]/Y-axis/Symbol[5]->symbol-ref .. not found
getXMLAttribute: seeking for Plots/Plot[1]/Y-axis/Symbol[6]->symbol-ref .. not found
getXMLAttribute: seeking for Plots/Plot[1]/Y-axis/Symbol[7]->symbol-ref .. not found
getXMLAttribute: seeking for Plots/Plot[1]/Y-axis/Symbol[8]->symbol-ref .. not found
getXMLAttribute: seeking for Plots/Plot[1]/Y-axis/Symbol[9]->symbol-ref .. not found
getXMLAttribute: seeking for Plots/Plot[1]/Y-axis->minimum: 0
getXMLAttribute: seeking for Plots/Plot[1]/Y-axis->maximum: 50
getXMLAttribute: seeking for Plots/Plot[1]/Y-axis->logarithmic .. not found
getXMLAttribute: seeking for Plots/Plot[1]/Color-bar/Symbol->symbol-ref .. not found
getXMLAttribute: seeking for Plots/Plot[1]/Color-bar->minimum .. not found
getXMLAttribute: seeking for Plots/Plot[1]/Color-bar->maximum .. not found
getXMLAttribute: seeking for Plots/Plot[1]/Color-bar->logarithmic .. not found
getXMLAttribute: seeking for Plots/Plot[1]/Color-bar->palette .. not found
getXMLAttribute: seeking for Plots/Plot[1]/Color-bar->reverse-palette .. not found
getXMLAttribute: seeking for Logger->time-step: 100
getXMLAttribute: seeking for ModelGraph->format: dot
getXMLAttribute: seeking for ModelGraph->reduced: false
getXMLAttribute: seeking for ModelGraph->exclude-symbols .. not found
getXMLAttribute: seeking for ModelGraph->include-tags: #untagged
Scope: Creating Accessor for symbol 'cell.type' from Scope root
Scope: Creating Accessor for symbol 'recent_division' from Scope root
Scope: Creating Accessor for symbol 'division_counter' from Scope root
Scope: Creating Accessor for symbol 'S' from Scope root
Scope: Creating Accessor for symbol 'celltype.hepatocyte.size' from Scope root
Scope: Creating Accessor for symbol 'celltype.cancer_cell.size' from Scope root
Scope: Creating Accessor for symbol 'S' from Scope root
Plugin Logger: Registered input symbol dependencies S [root] ,celltype.hepatocyte.size [root] ,celltype.cancer_cell.size [root] ,
Scope: Creating Accessor for symbol 'celltype.hepatocyte.size' from Scope root
Scope: Creating Accessor for symbol 'celltype.cancer_cell.size' from Scope root
Scope: Creating Accessor for symbol 'S' from Scope root
Logger range:
-> size 90000
-> dataAxes X, Y, 
-> data.sizes: 300, 300, 
-> file separation: None
Scope: Creating Accessor for symbol 'time' from Scope root
Scope: Creating Accessor for symbol 'space.x' from Scope root
Scope: Creating Accessor for symbol 'space.y' from Scope root
Scope: Creating Accessor for symbol 'time' from Scope root
Scope: Creating Accessor for symbol 'time' from Scope root
System
CellDivision
System
CellDivision
CPM
System
Gnuplotter
Logger
ModelGraph

 TimeStepListener "System" propagates its time step 1

 TimeStepListener "CellDivision" propagates its time step 1

 TimeStepListener "System" propagates its time step 1

 TimeStepListener "CellDivision" propagates its time step 1

 TimeStepListener "CPM" propagates its time step 1

 TimeStepListener "System" propagates its time step 1

 TimeStepListener "Gnuplotter" propagates its time step 200

 TimeStepListener "Logger" propagates its time step 100

 TimeStepListener "ModelGraph" propagates its time step 20000
TimeScheduler::init: Ordering instantaneous processes for sequential update ...
Trying to remove unregistered symbol "cell.center" from unresolved_symbols.Trying to remove unregistered symbol "cell.center" from unresolved_symbols. 
======================================================
 Time Schedule
======================================================
 Time precision patch is 0.001

=====|    Phase I     |===============================
-----. CPM .------------------------------------
  + 1 => CPM [S] -> [cell.center,cell.length,cell.surface,cell.type,cell.volume]
-----. Reactions .------------------------------------
  + 1 => System [S] -> [local_substrate,recent_division]
  + 1 => System [S] -> [local_substrate,recent_division]
  + 1 => System [SubstrateDynamics] [decay_rate,production_rate] -> [S]

=====|    Phase II    |===============================
-----. Reporters and Instantaneous Processes.---------
  + 1 => CellDivision [local_substrate,proliferation_rate] -> [cell.center,division_counter,recent_division]
  + 1 => CellDivision [local_substrate,proliferation_rate] -> [cell.center,division_counter,recent_division]

=====|    Phase III   |===============================
-----. Analysis .-------------------------------------
  + 200 => Gnuplotter [S,cell.type,division_counter,recent_division] 
  + 100 => Logger [S,celltype.cancer_cell.size,celltype.hepatocyte.size,time] 
  + 20000 => ModelGraph [] 
------------------------------------------------------
======================================================

model is up
GnuPlotter: Saving plot_00000.png
Time: 0.00 atu
Requesting position from SymbolFocus, which is not available!
System::init: Reordering Initializers ...
System::init: Reordering Initializers ...
System::init: Reordering Initializers ...
System::init: Reordering Initializers ...
Requesting position from SymbolFocus, which is not available!
Requesting position from SymbolFocus, which is not available!
Requesting position from SymbolFocus, which is not available!
Requesting position from SymbolFocus, which is not available!
Requesting position from SymbolFocus, which is not available!
Requesting position from SymbolFocus, which is not available!
Requesting position from SymbolFocus, which is not available!
Requesting position from SymbolFocus, which is not available!
Requesting position from SymbolFocus, which is not available!
Requesting position from SymbolFocus, which is not available!
Requesting position from SymbolFocus, which is not available!
Requesting position from SymbolFocus, which is not available!
Requesting position from SymbolFocus, which is not available!
Requesting position from SymbolFocus, which is not available!
System::init: Reordering Initializers ...
System::init: Reordering Initializers ...
System::init: Reordering Initializers ...
System::init: Reordering Initializers ...
System::init: Reordering Initializers ...
Requesting position from SymbolFocus, which is not available!
Requesting position from SymbolFocus, which is not available!
Requesting position from SymbolFocus, which is not available!
Requesting position from SymbolFocus, which is not available!
Requesting position from SymbolFocus, which is not available!
Requesting position from SymbolFocus, which is not available!
Requesting position from SymbolFocus, which is not available!Requesting position from SymbolFocus, which is not available!

Requesting position from SymbolFocus, which is not available!
Requesting position from SymbolFocus, which is not available!
Requesting position from SymbolFocus, which is not available!
Requesting position from SymbolFocus, which is not available!
Requesting position from SymbolFocus, which is not available!
Requesting position from SymbolFocus, which is not available!
Requesting position from SymbolFocus, which is not available!
