Setting output directory /Users/prerana/Desktop/morpheus/20260127_124503_b890372c
Initializing from file model.xml
Applied 0 patches to update MorpheusML version to internal v5!
Time/RandomSeed not specified, using arbitray seed (based on time).
Intitalize Thread 8 with seed 2405511905Intitalize Thread Intitalize Thread 9 with seed 1996676028
Intitalize Thread 2 with seed 1538562493

Intitalize Thread Intitalize Thread 0 with seed 1769514303
1 with seed 894663409
4 with seed 3919977420
Intitalize Thread 3 with seed 3748922244
Intitalize Thread 6 with seed 2493232646Intitalize Thread 
Intitalize Thread 5 with seed 3689349599
7 with seed 696649976
Registering Symbol time of linktype TimeLink in Scope root
Intitalize Thread 8 with seed 1052227840
Intitalize Thread 3 with seed 241072906
Intitalize Thread Intitalize Thread 7 with seed Intitalize Thread 17084016961 with seed Intitalize Thread Intitalize Thread 6 with seed 1860559574
Intitalize Thread 2 with seed 3106210472
9 with seed 783940790
2625589116
Intitalize Thread Intitalize Thread 5 with seed 0 with seed 424

 with seed 2317013838
1295391061
Registering Symbol space of linktype LocationLink in Scope root
Registering Symbol space.x of linktype VectorComponentLink in Scope root
Registering Symbol space.y of linktype VectorComponentLink in Scope root
Registering Symbol space.z of linktype VectorComponentLink in Scope root
Registering Symbol space.phi of linktype VectorComponentLink in Scope root
Registering Symbol space.theta of linktype VectorComponentLink in Scope root
Registering Symbol space.abs of linktype VectorComponentLink in Scope root
Creating lattice
getXMLAttribute: seeking for Lattice->class: square
getXMLAttribute: seeking for Size->value: 200, 200, 0
getXMLAttribute: seeking for Size->symbol: size
Loading [1] Global Plugins
getXMLAttribute: seeking for Variable->name .. not found
getXMLAttribute: seeking for Variable->symbol: boundary_length
getXMLAttribute: seeking for Variable->value: 0.0
getXMLAttribute: seeking for Variable->notation .. not found
Registering Symbol boundary_length of linktype VariableLink in Scope root
Creating subscope CellType[neural] in scope root
Registering Symbol cell.type of linktype PrimitiveConstant in Scope CellType[neural]
Registering Symbol cell.type of linktype CompositeLink in Scope root
Registering Symbol cell.id of linktype CellIDLink in Scope CellType[neural]
Registering Symbol cell.id of linktype CompositeLink in Scope root
Registering Symbol cell.center of linktype CellCenterLink in Scope CellType[neural]
Registering Symbol cell.center of linktype CompositeLink in Scope root
Registering Symbol cell.center.x of linktype VectorComponentLink in Scope root
Registering Symbol cell.center.y of linktype VectorComponentLink in Scope root
Registering Symbol cell.center.z of linktype VectorComponentLink in Scope root
Registering Symbol cell.center.phi of linktype VectorComponentLink in Scope root
Registering Symbol cell.center.theta of linktype VectorComponentLink in Scope root
Registering Symbol cell.center.abs of linktype VectorComponentLink in Scope root
Registering Symbol cell.center.x of linktype VectorComponentLink in Scope CellType[neural]
Registering Symbol cell.center.y of linktype VectorComponentLink in Scope CellType[neural]
Registering Symbol cell.center.z of linktype VectorComponentLink in Scope CellType[neural]
Registering Symbol cell.center.phi of linktype VectorComponentLink in Scope CellType[neural]
Registering Symbol cell.center.theta of linktype VectorComponentLink in Scope CellType[neural]
Registering Symbol cell.center.abs of linktype VectorComponentLink in Scope CellType[neural]
Registering Symbol cell.volume of linktype CellVolumeLink in Scope CellType[neural]
Registering Symbol cell.volume of linktype CompositeLink in Scope root
Registering Symbol cell.length of linktype CellLengthLink in Scope CellType[neural]
Registering Symbol cell.length of linktype CompositeLink in Scope root
Registering Symbol cell.surface of linktype CellInterfaceLengthLink in Scope CellType[neural]
Registering Symbol cell.surface of linktype CompositeLink in Scope root
Registering Symbol cell.orientation of linktype CellOrientationLink in Scope CellType[neural]
Registering Symbol cell.orientation of linktype CompositeLink in Scope root
Registering Symbol cell.orientation.x of linktype VectorComponentLink in Scope root
Registering Symbol cell.orientation.y of linktype VectorComponentLink in Scope root
Registering Symbol cell.orientation.z of linktype VectorComponentLink in Scope root
Registering Symbol cell.orientation.phi of linktype VectorComponentLink in Scope root
Registering Symbol cell.orientation.theta of linktype VectorComponentLink in Scope root
Registering Symbol cell.orientation.abs of linktype VectorComponentLink in Scope root
Registering Symbol cell.orientation.x of linktype VectorComponentLink in Scope CellType[neural]
Registering Symbol cell.orientation.y of linktype VectorComponentLink in Scope CellType[neural]
Registering Symbol cell.orientation.z of linktype VectorComponentLink in Scope CellType[neural]
Registering Symbol cell.orientation.phi of linktype VectorComponentLink in Scope CellType[neural]
Registering Symbol cell.orientation.theta of linktype VectorComponentLink in Scope CellType[neural]
Registering Symbol cell.orientation.abs of linktype VectorComponentLink in Scope CellType[neural]
Registering Symbol celltype.neural.id of linktype PrimitiveConstant in Scope root
Registering Symbol celltype.neural.size of linktype CellPopulationSizeLink in Scope root
Creating subscope CellType[mesenchyme] in scope root
Registering Symbol cell.type of linktype PrimitiveConstant in Scope CellType[mesenchyme]
Registering Symbol cell.id of linktype CellIDLink in Scope CellType[mesenchyme]
Registering Symbol cell.center of linktype CellCenterLink in Scope CellType[mesenchyme]
Registering Symbol cell.center.x of linktype VectorComponentLink in Scope CellType[mesenchyme]
Registering Symbol cell.center.y of linktype VectorComponentLink in Scope CellType[mesenchyme]
Registering Symbol cell.center.z of linktype VectorComponentLink in Scope CellType[mesenchyme]
Registering Symbol cell.center.phi of linktype VectorComponentLink in Scope CellType[mesenchyme]
Registering Symbol cell.center.theta of linktype VectorComponentLink in Scope CellType[mesenchyme]
Registering Symbol cell.center.abs of linktype VectorComponentLink in Scope CellType[mesenchyme]
Registering Symbol cell.volume of linktype CellVolumeLink in Scope CellType[mesenchyme]
Registering Symbol cell.length of linktype CellLengthLink in Scope CellType[mesenchyme]
Registering Symbol cell.surface of linktype CellInterfaceLengthLink in Scope CellType[mesenchyme]
Registering Symbol cell.orientation of linktype CellOrientationLink in Scope CellType[mesenchyme]
Registering Symbol cell.orientation.x of linktype VectorComponentLink in Scope CellType[mesenchyme]
Registering Symbol cell.orientation.y of linktype VectorComponentLink in Scope CellType[mesenchyme]
Registering Symbol cell.orientation.z of linktype VectorComponentLink in Scope CellType[mesenchyme]
Registering Symbol cell.orientation.phi of linktype VectorComponentLink in Scope CellType[mesenchyme]
Registering Symbol cell.orientation.theta of linktype VectorComponentLink in Scope CellType[mesenchyme]
Registering Symbol cell.orientation.abs of linktype VectorComponentLink in Scope CellType[mesenchyme]
Registering Symbol celltype.mesenchyme.id of linktype PrimitiveConstant in Scope root
Registering Symbol celltype.mesenchyme.size of linktype CellPopulationSizeLink in Scope root
Creating subscope CellType[medium] in scope root
Registering Symbol cell.type of linktype PrimitiveConstant in Scope CellType[medium]
Registering Symbol cell.id of linktype CellIDLink in Scope CellType[medium]
Registering Symbol cell.center of linktype CellCenterLink in Scope CellType[medium]
Registering Symbol cell.center.x of linktype VectorComponentLink in Scope CellType[medium]
Registering Symbol cell.center.y of linktype VectorComponentLink in Scope CellType[medium]
Registering Symbol cell.center.z of linktype VectorComponentLink in Scope CellType[medium]
Registering Symbol cell.center.phi of linktype VectorComponentLink in Scope CellType[medium]
Registering Symbol cell.center.theta of linktype VectorComponentLink in Scope CellType[medium]
Registering Symbol cell.center.abs of linktype VectorComponentLink in Scope CellType[medium]
Registering Symbol cell.volume of linktype CellVolumeLink in Scope CellType[medium]
Registering Symbol celltype.medium.id of linktype PrimitiveConstant in Scope root
Registering Symbol celltype.medium.size of linktype CellPopulationSizeLink in Scope root
getXMLAttribute: seeking for VolumeConstraint->target: 200
getXMLAttribute: seeking for VolumeConstraint->strength: 1
getXMLAttribute: seeking for Input->scaling: length
getXMLAttribute: seeking for Input->value: cell.type == celltype.mesenchyme.id
getXMLAttribute: seeking for Input->noflux-cell-medium .. not found
getXMLAttribute: seeking for Output[0]->mapping: sum
getXMLAttribute: seeking for Output[0]->symbol-ref: boundary_length
getXMLAttribute: seeking for VolumeConstraint->target: 200
getXMLAttribute: seeking for VolumeConstraint->strength: 1
CellTypes defined: 'medium' 'mesenchyme' 'neural' 
getXMLAttribute: seeking for MonteCarloSampler/MCSDuration->value: 1
getXMLAttribute: seeking for MonteCarloSampler->stepper: edgelist
getXMLAttribute: seeking for MonteCarloSampler/MetropolisKinetics->temperature: 2
getXMLAttribute: seeking for MonteCarloSampler/MetropolisKinetics->yield .. not found
getXMLAttribute: seeking for Contact->value: 12
getXMLAttribute: seeking for Contact->value: 6
getXMLAttribute: seeking for Contact->value: 6
getXMLAttribute: seeking for Contact->value: 6
getXMLAttribute: seeking for Contact->value: 16
Registering Symbol size of linktype PrimitiveConstant in Scope root
Registering Symbol size.x of linktype VectorComponentLink in Scope root
Registering Symbol size.y of linktype VectorComponentLink in Scope root
Registering Symbol size.z of linktype VectorComponentLink in Scope root
Registering Symbol size.phi of linktype VectorComponentLink in Scope root
Registering Symbol size.theta of linktype VectorComponentLink in Scope root
Registering Symbol size.abs of linktype VectorComponentLink in Scope root
Setting boundary neighborhood to order 2
Assigning Shape Neighborhood of size 3 -> 28 neighbors.
Setting boundary neighborhood to order 6
Creating cell layer of size 1.13281 MB
with initial state set to CellType 'medium'
Initializing celltype 'neural'
Scope: Creating Accessor for symbol 'cell.type' from Scope root
Scope: Creating Accessor for symbol 'celltype.mesenchyme.id' from Scope root
Scope: Creating Accessor for symbol 'boundary_length' from Scope root
Plugin NeighborhoodReporter: Registered input symbol dependencies cell.type [root] ,celltype.mesenchyme.id [root] ,
PluginNeighborhoodReporter: Registered output symbol dependencies boundary_length [root] ,
Scope: Creating Accessor for symbol 'cell.center' from Scope CellType[neural]
noflux_cell_medium_interface.isDefined()
Initializing celltype 'mesenchyme'
Initializing celltype 'medium'
Scope: Creating Accessor for symbol 'cell.center' from Scope root
Scope: Creating Accessor for symbol 'cell.volume' from Scope root
Scope: Creating Accessor for symbol 'cell.surface' from Scope root
Scope: Creating Accessor for symbol 'cell.length' from Scope root
Scope: Creating Accessor for symbol 'cell.type' from Scope root
CPM: InteractionEnergy has 28 neighbors
CPM: InteractionEnergy was initialized with  IA_COLLAPSE 
Loading Analysis tools [2]
getXMLAttribute: seeking for Gnuplotter->file-numbering .. not found
getXMLAttribute: seeking for Terminal->name: png
getXMLAttribute: seeking for Terminal->size .. not found
getXMLAttribute: seeking for Gnuplotter->time-step: 250
getXMLAttribute: seeking for Cells->value: cell.type
getXMLAttribute: seeking for Input/Symbol[0]->symbol-ref: celltype.neural.size
getXMLAttribute: seeking for Input/Symbol[1]->symbol-ref: celltype.mesenchyme.size
getXMLAttribute: seeking for Input/Symbol[2]->symbol-ref: boundary_length
getXMLAttribute: seeking for Restriction/Slice->value .. not found
getXMLAttribute: seeking for Restriction/Slice->axis .. not found
getXMLAttribute: seeking for Restriction/Celltype->celltype .. not found
getXMLAttribute: seeking for Restriction/Cells->cell-ids .. not found
getXMLAttribute: seeking for Restriction->domain-only .. not found
getXMLAttribute: seeking for Restriction->condition .. not found
getXMLAttribute: seeking for Input->force-node-granularity .. not found
getXMLAttribute: seeking for Input->include-boundary .. not found
getXMLAttribute: seeking for Restriction->exclude-medium .. not found
getXMLAttribute: seeking for Plots/Plot[0]->time-step: 1000
getXMLAttribute: seeking for Plots/Plot[0]->title .. not found
getXMLAttribute: seeking for Plots/Plot[0]->log-commands .. not found
getXMLAttribute: seeking for Plots/Plot[0]/Terminal->terminal: png
getXMLAttribute: seeking for Plots/Plot[0]/Terminal->plot-size .. not found
getXMLAttribute: seeking for Plots/Plot[0]->file-numbering .. not found
getXMLAttribute: seeking for Plots/Plot[0]/Range/Time->mode .. not found
getXMLAttribute: seeking for Plots/Plot[0]/Range/Time->history .. not found
getXMLAttribute: seeking for Plots/Plot[0]/Range/Data->first-line .. not found
getXMLAttribute: seeking for Plots/Plot[0]/Range/Data->last-line .. not found
getXMLAttribute: seeking for Plots/Plot[0]/Range/Data->increment .. not found
getXMLAttribute: seeking for Plots/Plot[0]/Style->style: linespoints
getXMLAttribute: seeking for Plots/Plot[0]/Style->decorate .. not found
getXMLAttribute: seeking for Plots/Plot[0]/Style->point-size .. not found
getXMLAttribute: seeking for Plots/Plot[0]/Style->line-width .. not found
getXMLAttribute: seeking for Plots/Plot[0]/Style->grid .. not found
getXMLAttribute: seeking for Plots/Plot[0]/X-axis/Symbol->symbol-ref: time
getXMLAttribute: seeking for Plots/Plot[0]/X-axis->minimum .. not found
getXMLAttribute: seeking for Plots/Plot[0]/X-axis->maximum .. not found
getXMLAttribute: seeking for Plots/Plot[0]/X-axis->logarithmic .. not found
getXMLAttribute: seeking for Plots/Plot[0]/Y-axis/Symbol[0]->symbol-ref: boundary_length
getXMLAttribute: seeking for Plots/Plot[0]/Y-axis/Symbol[1]->symbol-ref .. not found
getXMLAttribute: seeking for Plots/Plot[0]/Y-axis/Symbol[2]->symbol-ref .. not found
getXMLAttribute: seeking for Plots/Plot[0]/Y-axis/Symbol[3]->symbol-ref .. not found
getXMLAttribute: seeking for Plots/Plot[0]/Y-axis/Symbol[4]->symbol-ref .. not found
getXMLAttribute: seeking for Plots/Plot[0]/Y-axis/Symbol[5]->symbol-ref .. not found
getXMLAttribute: seeking for Plots/Plot[0]/Y-axis/Symbol[6]->symbol-ref .. not found
getXMLAttribute: seeking for Plots/Plot[0]/Y-axis/Symbol[7]->symbol-ref .. not found
getXMLAttribute: seeking for Plots/Plot[0]/Y-axis/Symbol[8]->symbol-ref .. not found
getXMLAttribute: seeking for Plots/Plot[0]/Y-axis/Symbol[9]->symbol-ref .. not found
getXMLAttribute: seeking for Plots/Plot[0]/Y-axis->minimum .. not found
getXMLAttribute: seeking for Plots/Plot[0]/Y-axis->maximum .. not found
getXMLAttribute: seeking for Plots/Plot[0]/Y-axis->logarithmic .. not found
getXMLAttribute: seeking for Plots/Plot[0]/Color-bar/Symbol->symbol-ref .. not found
getXMLAttribute: seeking for Plots/Plot[0]/Color-bar->minimum .. not found
getXMLAttribute: seeking for Plots/Plot[0]/Color-bar->maximum .. not found
getXMLAttribute: seeking for Plots/Plot[0]/Color-bar->logarithmic .. not found
getXMLAttribute: seeking for Plots/Plot[0]/Color-bar->palette .. not found
getXMLAttribute: seeking for Plots/Plot[0]/Color-bar->reverse-palette .. not found
getXMLAttribute: seeking for Logger->time-step: 100
Scope: Creating Accessor for symbol 'cell.type' from Scope root
Scope: Creating Accessor for symbol 'celltype.neural.size' from Scope root
Scope: Creating Accessor for symbol 'celltype.mesenchyme.size' from Scope root
Scope: Creating Accessor for symbol 'boundary_length' from Scope root
Plugin Logger: Registered input symbol dependencies boundary_length [root] ,celltype.neural.size [root] ,celltype.mesenchyme.size [root] ,
Scope: Creating Accessor for symbol 'celltype.neural.size' from Scope root
Scope: Creating Accessor for symbol 'celltype.mesenchyme.size' from Scope root
Scope: Creating Accessor for symbol 'boundary_length' from Scope root
Logger range:
-> size 1
-> dataAxes 
-> data.sizes: 1, 
-> file separation: None
Scope: Creating Accessor for symbol 'time' from Scope root
Scope: Creating Accessor for symbol 'time' from Scope root
NeighborhoodReporter
CPM
Gnuplotter
Logger

 TimeStepListener "CPM" propagates its time step 1

 TimeStepListener "Gnuplotter" propagates its time step 250

 TimeStepListener "Logger" propagates its time step 100
TimeScheduler::init: Ordering instantaneous processes for sequential update ...
 
======================================================
 Time Schedule
======================================================
 Time precision patch is 0.001

=====|    Phase I     |===============================
-----. CPM .------------------------------------
  + 1 => CPM [] -> [cell.center,cell.length,cell.surface,cell.type,cell.volume]

=====|    Phase II    |===============================
-----. Reporters and Instantaneous Processes.---------
  + 100 => NeighborhoodReporter [cell.center,cell.type,celltype.mesenchyme.id] -> [boundary_length]

=====|    Phase III   |===============================
-----. Analysis .-------------------------------------
  + 250 => Gnuplotter [cell.type] 
  + 100 => Logger [boundary_length,celltype.mesenchyme.size,celltype.neural.size,time] 
------------------------------------------------------
======================================================

model is up
getXMLAttribute: seeking for ModelGraph->format .. not found
getXMLAttribute: seeking for ModelGraph->reduced .. not found
getXMLAttribute: seeking for ModelGraph->exclude-symbols .. not found
getXMLAttribute: seeking for ModelGraph->include-tags .. not found
No support for graph rendering. Falling back to dot output.
Generated symbol dependency graph. Exiting.
