Initializing from file model.xml
Applied 0 patches to update MorpheusML version to internal v5!
Time/RandomSeed not specified, using arbitray seed (based on time).
Intitalize Thread 8 with seed Intitalize Thread 3091841120
0Intitalize Thread 7 with seed 757568173
 with seed 1768060458
Intitalize Thread 9 with seed 695882986
Intitalize Thread 4 with seed 1094282371
Intitalize Thread 6 with seed 3358630034
Intitalize Thread 2 with seed Intitalize Thread 5 with seed 3481606948
Intitalize Thread 3 with seed 3829240473
2066912608
Intitalize Thread 1 with seed 1253669665
Registering Symbol time of linktype TimeLink in Scope root
Intitalize Thread 8 with seed 1052227840
Intitalize Thread 9 with seed Intitalize Thread Intitalize Thread Intitalize Thread 4 with seed Intitalize Thread Intitalize Thread 5 with seed 1295391061
Intitalize Thread 6 with seed 2625589116
7839407902317013838
0
 with seed 42
Intitalize Thread 3 with seed 241072906
Intitalize Thread 1 with seed 1860559574
7 with seed 1708401696
2 with seed 3106210472
Registering Symbol space of linktype LocationLink in Scope root
Registering Symbol space.x of linktype VectorComponentLink in Scope root
Registering Symbol space.y of linktype VectorComponentLink in Scope root
Registering Symbol space.z of linktype VectorComponentLink in Scope root
Registering Symbol space.phi of linktype VectorComponentLink in Scope root
Registering Symbol space.theta of linktype VectorComponentLink in Scope root
Registering Symbol space.abs of linktype VectorComponentLink in Scope root
Creating lattice
getXMLAttribute: seeking for Lattice->class: cubic
getXMLAttribute: seeking for Size->value: 400, 80, 80
getXMLAttribute: seeking for Size->symbol: size
Loading [9] Global Plugins
getXMLAttribute: seeking for Variable->name: Hours post-hatching
getXMLAttribute: seeking for Variable->symbol: time_hph
getXMLAttribute: seeking for Variable->value: 18.5
getXMLAttribute: seeking for Variable->notation .. not found
Registering Symbol time_hph of linktype VariableLink in Scope root
getXMLAttribute: seeking for Variable->name: DTC x-position
getXMLAttribute: seeking for Variable->symbol: DTC_position
getXMLAttribute: seeking for Variable->value: 50
getXMLAttribute: seeking for Variable->notation .. not found
Registering Symbol DTC_position of linktype VariableLink in Scope root
getXMLAttribute: seeking for Constant->name: Distance for meiotic entry
getXMLAttribute: seeking for Constant->symbol: meiotic_threshold
getXMLAttribute: seeking for Constant->value: 70
getXMLAttribute: seeking for Constant->notation .. not found
Registering Symbol meiotic_threshold of linktype ConstantLink in Scope root
getXMLAttribute: seeking for Constant->name: Distance for gamete differentiation
getXMLAttribute: seeking for Constant->symbol: gamete_threshold
getXMLAttribute: seeking for Constant->value: 200
getXMLAttribute: seeking for Constant->notation .. not found
Registering Symbol gamete_threshold of linktype ConstantLink in Scope root
getXMLAttribute: seeking for Constant->name: Sperm production ends (hph)
getXMLAttribute: seeking for Constant->symbol: sperm_cutoff
getXMLAttribute: seeking for Constant->value: 32.5
getXMLAttribute: seeking for Constant->notation .. not found
Registering Symbol sperm_cutoff of linktype ConstantLink in Scope root
getXMLAttribute: seeking for Constant->name: Larval cell cycle (hours)
getXMLAttribute: seeking for Constant->symbol: larval_cycle_time
getXMLAttribute: seeking for Constant->value: 3.0
getXMLAttribute: seeking for Constant->notation .. not found
Registering Symbol larval_cycle_time of linktype ConstantLink in Scope root
getXMLAttribute: seeking for Constant->name: Adult cell cycle (hours)
getXMLAttribute: seeking for Constant->symbol: adult_cycle_time
getXMLAttribute: seeking for Constant->value: 8.0
getXMLAttribute: seeking for Constant->notation .. not found
Registering Symbol adult_cycle_time of linktype ConstantLink in Scope root
getXMLAttribute: seeking for Constant->name: Larval to adult transition (hph)
getXMLAttribute: seeking for Constant->symbol: adult_transition
getXMLAttribute: seeking for Constant->value: 35.5
getXMLAttribute: seeking for Constant->notation .. not found
Registering Symbol adult_transition of linktype ConstantLink in Scope root
getXMLAttribute: seeking for Constant->name: DTC migration speed
getXMLAttribute: seeking for Constant->symbol: DTC_speed
getXMLAttribute: seeking for Constant->value: 10.0
getXMLAttribute: seeking for Constant->notation .. not found
Registering Symbol DTC_speed of linktype ConstantLink in Scope root
Creating subscope CellType[DTC] in scope root
Registering Symbol cell.type of linktype PrimitiveConstant in Scope CellType[DTC]
Registering Symbol cell.type of linktype CompositeLink in Scope root
Registering Symbol cell.id of linktype CellIDLink in Scope CellType[DTC]
Registering Symbol cell.id of linktype CompositeLink in Scope root
Registering Symbol cell.center of linktype CellCenterLink in Scope CellType[DTC]
Registering Symbol cell.center of linktype CompositeLink in Scope root
Registering Symbol cell.center.x of linktype VectorComponentLink in Scope root
Registering Symbol cell.center.y of linktype VectorComponentLink in Scope root
Registering Symbol cell.center.z of linktype VectorComponentLink in Scope root
Registering Symbol cell.center.phi of linktype VectorComponentLink in Scope root
Registering Symbol cell.center.theta of linktype VectorComponentLink in Scope root
Registering Symbol cell.center.abs of linktype VectorComponentLink in Scope root
Registering Symbol cell.center.x of linktype VectorComponentLink in Scope CellType[DTC]
Registering Symbol cell.center.y of linktype VectorComponentLink in Scope CellType[DTC]
Registering Symbol cell.center.z of linktype VectorComponentLink in Scope CellType[DTC]
Registering Symbol cell.center.phi of linktype VectorComponentLink in Scope CellType[DTC]
Registering Symbol cell.center.theta of linktype VectorComponentLink in Scope CellType[DTC]
Registering Symbol cell.center.abs of linktype VectorComponentLink in Scope CellType[DTC]
Registering Symbol cell.volume of linktype CellVolumeLink in Scope CellType[DTC]
Registering Symbol cell.volume of linktype CompositeLink in Scope root
Registering Symbol cell.length of linktype CellLengthLink in Scope CellType[DTC]
Registering Symbol cell.length of linktype CompositeLink in Scope root
Registering Symbol cell.surface of linktype CellInterfaceLengthLink in Scope CellType[DTC]
Registering Symbol cell.surface of linktype CompositeLink in Scope root
Registering Symbol cell.orientation of linktype CellOrientationLink in Scope CellType[DTC]
Registering Symbol cell.orientation of linktype CompositeLink in Scope root
Registering Symbol cell.orientation.x of linktype VectorComponentLink in Scope root
Registering Symbol cell.orientation.y of linktype VectorComponentLink in Scope root
Registering Symbol cell.orientation.z of linktype VectorComponentLink in Scope root
Registering Symbol cell.orientation.phi of linktype VectorComponentLink in Scope root
Registering Symbol cell.orientation.theta of linktype VectorComponentLink in Scope root
Registering Symbol cell.orientation.abs of linktype VectorComponentLink in Scope root
Registering Symbol cell.orientation.x of linktype VectorComponentLink in Scope CellType[DTC]
Registering Symbol cell.orientation.y of linktype VectorComponentLink in Scope CellType[DTC]
Registering Symbol cell.orientation.z of linktype VectorComponentLink in Scope CellType[DTC]
Registering Symbol cell.orientation.phi of linktype VectorComponentLink in Scope CellType[DTC]
Registering Symbol cell.orientation.theta of linktype VectorComponentLink in Scope CellType[DTC]
Registering Symbol cell.orientation.abs of linktype VectorComponentLink in Scope CellType[DTC]
Registering Symbol celltype.DTC.id of linktype PrimitiveConstant in Scope root
Registering Symbol celltype.DTC.size of linktype CellPopulationSizeLink in Scope root
Creating subscope CellType[proliferative] in scope root
Registering Symbol cell.type of linktype PrimitiveConstant in Scope CellType[proliferative]
Registering Symbol cell.id of linktype CellIDLink in Scope CellType[proliferative]
Registering Symbol cell.center of linktype CellCenterLink in Scope CellType[proliferative]
Registering Symbol cell.center.x of linktype VectorComponentLink in Scope CellType[proliferative]
Registering Symbol cell.center.y of linktype VectorComponentLink in Scope CellType[proliferative]
Registering Symbol cell.center.z of linktype VectorComponentLink in Scope CellType[proliferative]
Registering Symbol cell.center.phi of linktype VectorComponentLink in Scope CellType[proliferative]
Registering Symbol cell.center.theta of linktype VectorComponentLink in Scope CellType[proliferative]
Registering Symbol cell.center.abs of linktype VectorComponentLink in Scope CellType[proliferative]
Registering Symbol cell.volume of linktype CellVolumeLink in Scope CellType[proliferative]
Registering Symbol cell.length of linktype CellLengthLink in Scope CellType[proliferative]
Registering Symbol cell.surface of linktype CellInterfaceLengthLink in Scope CellType[proliferative]
Registering Symbol cell.orientation of linktype CellOrientationLink in Scope CellType[proliferative]
Registering Symbol cell.orientation.x of linktype VectorComponentLink in Scope CellType[proliferative]
Registering Symbol cell.orientation.y of linktype VectorComponentLink in Scope CellType[proliferative]
Registering Symbol cell.orientation.z of linktype VectorComponentLink in Scope CellType[proliferative]
Registering Symbol cell.orientation.phi of linktype VectorComponentLink in Scope CellType[proliferative]
Registering Symbol cell.orientation.theta of linktype VectorComponentLink in Scope CellType[proliferative]
Registering Symbol cell.orientation.abs of linktype VectorComponentLink in Scope CellType[proliferative]
Registering Symbol celltype.proliferative.id of linktype PrimitiveConstant in Scope root
Registering Symbol celltype.proliferative.size of linktype CellPopulationSizeLink in Scope root
Creating subscope CellType[meiotic] in scope root
Registering Symbol cell.type of linktype PrimitiveConstant in Scope CellType[meiotic]
Registering Symbol cell.id of linktype CellIDLink in Scope CellType[meiotic]
Registering Symbol cell.center of linktype CellCenterLink in Scope CellType[meiotic]
Registering Symbol cell.center.x of linktype VectorComponentLink in Scope CellType[meiotic]
Registering Symbol cell.center.y of linktype VectorComponentLink in Scope CellType[meiotic]
Registering Symbol cell.center.z of linktype VectorComponentLink in Scope CellType[meiotic]
Registering Symbol cell.center.phi of linktype VectorComponentLink in Scope CellType[meiotic]
Registering Symbol cell.center.theta of linktype VectorComponentLink in Scope CellType[meiotic]
Registering Symbol cell.center.abs of linktype VectorComponentLink in Scope CellType[meiotic]
Registering Symbol cell.volume of linktype CellVolumeLink in Scope CellType[meiotic]
Registering Symbol cell.length of linktype CellLengthLink in Scope CellType[meiotic]
Registering Symbol cell.surface of linktype CellInterfaceLengthLink in Scope CellType[meiotic]
Registering Symbol cell.orientation of linktype CellOrientationLink in Scope CellType[meiotic]
Registering Symbol cell.orientation.x of linktype VectorComponentLink in Scope CellType[meiotic]
Registering Symbol cell.orientation.y of linktype VectorComponentLink in Scope CellType[meiotic]
Registering Symbol cell.orientation.z of linktype VectorComponentLink in Scope CellType[meiotic]
Registering Symbol cell.orientation.phi of linktype VectorComponentLink in Scope CellType[meiotic]
Registering Symbol cell.orientation.theta of linktype VectorComponentLink in Scope CellType[meiotic]
Registering Symbol cell.orientation.abs of linktype VectorComponentLink in Scope CellType[meiotic]
Registering Symbol celltype.meiotic.id of linktype PrimitiveConstant in Scope root
Registering Symbol celltype.meiotic.size of linktype CellPopulationSizeLink in Scope root
Creating subscope CellType[sperm] in scope root
Registering Symbol cell.type of linktype PrimitiveConstant in Scope CellType[sperm]
Registering Symbol cell.id of linktype CellIDLink in Scope CellType[sperm]
Registering Symbol cell.center of linktype CellCenterLink in Scope CellType[sperm]
Registering Symbol cell.center.x of linktype VectorComponentLink in Scope CellType[sperm]
Registering Symbol cell.center.y of linktype VectorComponentLink in Scope CellType[sperm]
Registering Symbol cell.center.z of linktype VectorComponentLink in Scope CellType[sperm]
Registering Symbol cell.center.phi of linktype VectorComponentLink in Scope CellType[sperm]
Registering Symbol cell.center.theta of linktype VectorComponentLink in Scope CellType[sperm]
Registering Symbol cell.center.abs of linktype VectorComponentLink in Scope CellType[sperm]
Registering Symbol cell.volume of linktype CellVolumeLink in Scope CellType[sperm]
Registering Symbol cell.length of linktype CellLengthLink in Scope CellType[sperm]
Registering Symbol cell.surface of linktype CellInterfaceLengthLink in Scope CellType[sperm]
Registering Symbol cell.orientation of linktype CellOrientationLink in Scope CellType[sperm]
Registering Symbol cell.orientation.x of linktype VectorComponentLink in Scope CellType[sperm]
Registering Symbol cell.orientation.y of linktype VectorComponentLink in Scope CellType[sperm]
Registering Symbol cell.orientation.z of linktype VectorComponentLink in Scope CellType[sperm]
Registering Symbol cell.orientation.phi of linktype VectorComponentLink in Scope CellType[sperm]
Registering Symbol cell.orientation.theta of linktype VectorComponentLink in Scope CellType[sperm]
Registering Symbol cell.orientation.abs of linktype VectorComponentLink in Scope CellType[sperm]
Registering Symbol celltype.sperm.id of linktype PrimitiveConstant in Scope root
Registering Symbol celltype.sperm.size of linktype CellPopulationSizeLink in Scope root
Creating subscope CellType[oocyte] in scope root
Registering Symbol cell.type of linktype PrimitiveConstant in Scope CellType[oocyte]
Registering Symbol cell.id of linktype CellIDLink in Scope CellType[oocyte]
Registering Symbol cell.center of linktype CellCenterLink in Scope CellType[oocyte]
Registering Symbol cell.center.x of linktype VectorComponentLink in Scope CellType[oocyte]
Registering Symbol cell.center.y of linktype VectorComponentLink in Scope CellType[oocyte]
Registering Symbol cell.center.z of linktype VectorComponentLink in Scope CellType[oocyte]
Registering Symbol cell.center.phi of linktype VectorComponentLink in Scope CellType[oocyte]
Registering Symbol cell.center.theta of linktype VectorComponentLink in Scope CellType[oocyte]
Registering Symbol cell.center.abs of linktype VectorComponentLink in Scope CellType[oocyte]
Registering Symbol cell.volume of linktype CellVolumeLink in Scope CellType[oocyte]
Registering Symbol cell.length of linktype CellLengthLink in Scope CellType[oocyte]
Registering Symbol cell.surface of linktype CellInterfaceLengthLink in Scope CellType[oocyte]
Registering Symbol cell.orientation of linktype CellOrientationLink in Scope CellType[oocyte]
Registering Symbol cell.orientation.x of linktype VectorComponentLink in Scope CellType[oocyte]
Registering Symbol cell.orientation.y of linktype VectorComponentLink in Scope CellType[oocyte]
Registering Symbol cell.orientation.z of linktype VectorComponentLink in Scope CellType[oocyte]
Registering Symbol cell.orientation.phi of linktype VectorComponentLink in Scope CellType[oocyte]
Registering Symbol cell.orientation.theta of linktype VectorComponentLink in Scope CellType[oocyte]
Registering Symbol cell.orientation.abs of linktype VectorComponentLink in Scope CellType[oocyte]
Registering Symbol celltype.oocyte.id of linktype PrimitiveConstant in Scope root
Registering Symbol celltype.oocyte.size of linktype CellPopulationSizeLink in Scope root
getXMLAttribute: seeking for Property->name .. not found
getXMLAttribute: seeking for Property->symbol: velocity
getXMLAttribute: seeking for Property->value: 10
getXMLAttribute: seeking for Property->notation .. not found
Registering Symbol velocity of linktype CellPropertyLink in Scope CellType[DTC]
Registering Symbol velocity of linktype CompositeLink in Scope root
getXMLAttribute: seeking for VolumeConstraint->target: 500
getXMLAttribute: seeking for VolumeConstraint->strength: 2
getXMLAttribute: seeking for SurfaceConstraint->target: 0.8
getXMLAttribute: seeking for SurfaceConstraint->strength: 1
getXMLAttribute: seeking for SurfaceConstraint->mode: aspherity
getXMLAttribute: seeking for SurfaceConstraint->exponent .. not found
getXMLAttribute: seeking for System->time-step: 0.1
Creating subscope System in scope CellType[DTC]
getXMLAttribute: seeking for System->solver: Euler [fixed, O(1)]
getXMLAttribute: seeking for System->solver-eps .. not found
getXMLAttribute: seeking for Rule->symbol-ref: velocity
getXMLAttribute: seeking for Expression->text: if(time_hph < adult_transition, DTC_speed, 0)
getXMLAttribute: seeking for DirectedMotion->direction: 1, 0, 0
getXMLAttribute: seeking for DirectedMotion->strength: 1
getXMLAttribute: seeking for DirectedMotion->protrusion .. not found
getXMLAttribute: seeking for DirectedMotion->retraction .. not found
getXMLAttribute: seeking for Property->name .. not found
getXMLAttribute: seeking for Property->symbol: dist_DTC
getXMLAttribute: seeking for Property->value: 0
getXMLAttribute: seeking for Property->notation .. not found
Registering Symbol dist_DTC of linktype CellPropertyLink in Scope CellType[proliferative]
Registering Symbol dist_DTC of linktype CompositeLink in Scope root
getXMLAttribute: seeking for Property->name .. not found
getXMLAttribute: seeking for Property->symbol: cycle_time
getXMLAttribute: seeking for Property->value: 0
getXMLAttribute: seeking for Property->notation .. not found
Registering Symbol cycle_time of linktype CellPropertyLink in Scope CellType[proliferative]
Registering Symbol cycle_time of linktype CompositeLink in Scope root
getXMLAttribute: seeking for Property->name .. not found
getXMLAttribute: seeking for Property->symbol: target_cycle
getXMLAttribute: seeking for Property->value: 3.0
getXMLAttribute: seeking for Property->notation .. not found
Registering Symbol target_cycle of linktype CellPropertyLink in Scope CellType[proliferative]
Registering Symbol target_cycle of linktype CompositeLink in Scope root
getXMLAttribute: seeking for Property->name .. not found
getXMLAttribute: seeking for Property->symbol: divisions
getXMLAttribute: seeking for Property->value: 0
getXMLAttribute: seeking for Property->notation .. not found
Registering Symbol divisions of linktype CellPropertyLink in Scope CellType[proliferative]
Registering Symbol divisions of linktype CompositeLink in Scope root
getXMLAttribute: seeking for Property->name .. not found
getXMLAttribute: seeking for Property->symbol: compressed
getXMLAttribute: seeking for Property->value: 0
getXMLAttribute: seeking for Property->notation .. not found
Registering Symbol compressed of linktype CellPropertyLink in Scope CellType[proliferative]
Registering Symbol compressed of linktype CompositeLink in Scope root
getXMLAttribute: seeking for VolumeConstraint->target: 250
getXMLAttribute: seeking for VolumeConstraint->strength: 1
getXMLAttribute: seeking for SurfaceConstraint->target: 0.9
getXMLAttribute: seeking for SurfaceConstraint->strength: 0.5
getXMLAttribute: seeking for SurfaceConstraint->mode: aspherity
getXMLAttribute: seeking for SurfaceConstraint->exponent .. not found
getXMLAttribute: seeking for System->time-step: 0.1
Creating subscope System in scope CellType[proliferative]
getXMLAttribute: seeking for System->solver: Euler [fixed, O(1)]
getXMLAttribute: seeking for System->solver-eps .. not found
getXMLAttribute: seeking for Rule->symbol-ref: dist_DTC
getXMLAttribute: seeking for Expression->text: abs(cell.center.x - DTC_position)
getXMLAttribute: seeking for Rule->symbol-ref: target_cycle
getXMLAttribute: seeking for Expression->text: if(time_hph >= adult_transition, adult_cycle_time, larval_cycle_time)
getXMLAttribute: seeking for Rule->symbol-ref: compressed
getXMLAttribute: seeking for Expression->text: if(time_hph >= adult_transition and cell.volume < 175, 1, 0)
getXMLAttribute: seeking for Rule->symbol-ref: cycle_time
getXMLAttribute: seeking for Expression->text: if(compressed == 0, cycle_time + 0.1, cycle_time)
getXMLAttribute: seeking for Condition->text: cycle_time >= target_cycle
getXMLAttribute: seeking for CellDivision->division-plane: random
getXMLAttribute: seeking for CellDivision->orientation .. not found
getXMLAttribute: seeking for CellDivision->write-log .. not found
getXMLAttribute: seeking for CellDivision->trigger .. not found
Creating subscope System in scope CellType[proliferative]
getXMLAttribute: seeking for Rule->symbol-ref: cycle_time
getXMLAttribute: seeking for Expression->text: 0
getXMLAttribute: seeking for Rule->symbol-ref: divisions
getXMLAttribute: seeking for Expression->text: divisions + 0.5
Registering Symbol __daughterID of linktype PrimitiveVariable in Scope System
getXMLAttribute: seeking for Condition->text: dist_DTC >= meiotic_threshold
getXMLAttribute: seeking for ChangeCellType->newCellType: meiotic
getXMLAttribute: seeking for Property->name .. not found
getXMLAttribute: seeking for Property->symbol: dist_DTC
getXMLAttribute: seeking for Property->value: 0
getXMLAttribute: seeking for Property->notation .. not found
Registering Symbol dist_DTC of linktype CellPropertyLink in Scope CellType[meiotic]
getXMLAttribute: seeking for Property->name .. not found
getXMLAttribute: seeking for Property->symbol: maturation
getXMLAttribute: seeking for Property->value: 0
getXMLAttribute: seeking for Property->notation .. not found
Registering Symbol maturation of linktype CellPropertyLink in Scope CellType[meiotic]
Registering Symbol maturation of linktype CompositeLink in Scope root
getXMLAttribute: seeking for VolumeConstraint->target: 400
getXMLAttribute: seeking for VolumeConstraint->strength: 1
getXMLAttribute: seeking for SurfaceConstraint->target: 0.85
getXMLAttribute: seeking for SurfaceConstraint->strength: 0.5
getXMLAttribute: seeking for SurfaceConstraint->mode: aspherity
getXMLAttribute: seeking for SurfaceConstraint->exponent .. not found
getXMLAttribute: seeking for System->time-step: 0.1
Creating subscope System in scope CellType[meiotic]
getXMLAttribute: seeking for System->solver: Euler [fixed, O(1)]
getXMLAttribute: seeking for System->solver-eps .. not found
getXMLAttribute: seeking for Rule->symbol-ref: dist_DTC
getXMLAttribute: seeking for Expression->text: abs(cell.center.x - DTC_position)
getXMLAttribute: seeking for Rule->symbol-ref: maturation
getXMLAttribute: seeking for Expression->text: maturation + 0.1
getXMLAttribute: seeking for Condition->text: dist_DTC >= gamete_threshold and time_hph < sperm_cutoff and maturation > 5
getXMLAttribute: seeking for ChangeCellType->newCellType: sperm
getXMLAttribute: seeking for Condition->text: dist_DTC >= gamete_threshold and time_hph >= sperm_cutoff and maturation > 5
getXMLAttribute: seeking for ChangeCellType->newCellType: oocyte
getXMLAttribute: seeking for VolumeConstraint->target: 80
getXMLAttribute: seeking for VolumeConstraint->strength: 1
getXMLAttribute: seeking for SurfaceConstraint->target: 0.8
getXMLAttribute: seeking for SurfaceConstraint->strength: 0.3
getXMLAttribute: seeking for SurfaceConstraint->mode: aspherity
getXMLAttribute: seeking for SurfaceConstraint->exponent .. not found
getXMLAttribute: seeking for Property->name .. not found
getXMLAttribute: seeking for Property->symbol: age
getXMLAttribute: seeking for Property->value: 0
getXMLAttribute: seeking for Property->notation .. not found
Registering Symbol age of linktype CellPropertyLink in Scope CellType[oocyte]
Registering Symbol age of linktype CompositeLink in Scope root
getXMLAttribute: seeking for VolumeConstraint->target: 1000
getXMLAttribute: seeking for VolumeConstraint->strength: 1
getXMLAttribute: seeking for SurfaceConstraint->target: 0.8
getXMLAttribute: seeking for SurfaceConstraint->strength: 0.5
getXMLAttribute: seeking for SurfaceConstraint->mode: aspherity
getXMLAttribute: seeking for SurfaceConstraint->exponent .. not found
getXMLAttribute: seeking for System->time-step: 0.1
Creating subscope System in scope CellType[oocyte]
getXMLAttribute: seeking for System->solver: Euler [fixed, O(1)]
getXMLAttribute: seeking for System->solver-eps .. not found
getXMLAttribute: seeking for Rule->symbol-ref: age
getXMLAttribute: seeking for Expression->text: age + 0.1
getXMLAttribute: seeking for Condition->text: age > 20 and rand_uni(0,1) < 0.015
getXMLAttribute: seeking for Shrinkage->target-volume .. not found
getXMLAttribute: seeking for Shrinkage->remove-volume .. not found
getXMLAttribute: seeking for Shrinkage->replace-with .. not found
CellTypes defined: 'DTC' 'meiotic' 'oocyte' 'proliferative' 'sperm' 
Creating subscope CellType[Medium] in scope root
Registering Symbol cell.type of linktype PrimitiveConstant in Scope CellType[Medium]
Registering Symbol cell.id of linktype CellIDLink in Scope CellType[Medium]
Registering Symbol cell.center of linktype CellCenterLink in Scope CellType[Medium]
Registering Symbol cell.center.x of linktype VectorComponentLink in Scope CellType[Medium]
Registering Symbol cell.center.y of linktype VectorComponentLink in Scope CellType[Medium]
Registering Symbol cell.center.z of linktype VectorComponentLink in Scope CellType[Medium]
Registering Symbol cell.center.phi of linktype VectorComponentLink in Scope CellType[Medium]
Registering Symbol cell.center.theta of linktype VectorComponentLink in Scope CellType[Medium]
Registering Symbol cell.center.abs of linktype VectorComponentLink in Scope CellType[Medium]
Registering Symbol cell.volume of linktype CellVolumeLink in Scope CellType[Medium]
getXMLAttribute: seeking for MonteCarloSampler/MCSDuration->value: 1.0
getXMLAttribute: seeking for MonteCarloSampler->stepper: edgelist
getXMLAttribute: seeking for MonteCarloSampler/MetropolisKinetics->temperature: 5
getXMLAttribute: seeking for MonteCarloSampler/MetropolisKinetics->yield: 0.1
getXMLAttribute: seeking for Contact->value: 20
getXMLAttribute: seeking for Contact->value: -8
getXMLAttribute: seeking for Contact->value: 5
getXMLAttribute: seeking for Contact->value: -6
getXMLAttribute: seeking for Contact->value: -4
getXMLAttribute: seeking for Contact->value: -4
getXMLAttribute: seeking for Contact->value: 3
getXMLAttribute: seeking for Contact->value: -3
getXMLAttribute: seeking for Contact->value: -2
getXMLAttribute: seeking for Contact->value: -3
getXMLAttribute: seeking for Contact->value: -1
Registering Symbol size of linktype PrimitiveConstant in Scope root
Registering Symbol size.x of linktype VectorComponentLink in Scope root
Registering Symbol size.y of linktype VectorComponentLink in Scope root
Registering Symbol size.z of linktype VectorComponentLink in Scope root
Registering Symbol size.phi of linktype VectorComponentLink in Scope root
Registering Symbol size.theta of linktype VectorComponentLink in Scope root
Registering Symbol size.abs of linktype VectorComponentLink in Scope root
Setting boundary neighborhood to order 2
Assigning Shape Neighborhood of size 1.73205 -> 26 neighbors.
Setting boundary neighborhood to order 3
Creating cell layer of size 11.4541 MB
with initial state set to CellType 'Medium'
getXMLAttribute: seeking for InitRectangle->number-of-cells: 16
getXMLAttribute: seeking for InitRectangle->mode: random
getXMLAttribute: seeking for InitRectangle->random-offset .. not found
getXMLAttribute: seeking for Dimensions->origin: 70, 10, 10
getXMLAttribute: seeking for Dimensions->size: 40, 60, 60
Initializing celltype 'DTC'
Scope: Creating Accessor for symbol 'velocity' from Scope CellType[DTC]
Scope: Creating Accessor for symbol 'time_hph' from Scope root
Scope: Creating Accessor for symbol 'adult_transition' from Scope root
Scope: Creating Accessor for symbol 'DTC_speed' from Scope root
System::init: Reordering Initializers ...
CellType 'DTC': loading 1 cells from XML
Cells 1 requested 1
Initializing celltype 'proliferative'
Scope: Creating Accessor for symbol 'dist_DTC' from Scope CellType[proliferative]
Scope: Creating Accessor for symbol 'target_cycle' from Scope CellType[proliferative]
Scope: Creating Accessor for symbol 'compressed' from Scope CellType[proliferative]
Scope: Creating Accessor for symbol 'cycle_time' from Scope CellType[proliferative]
Scope: Creating Accessor for symbol 'cell.center.x' from Scope CellType[proliferative]
Scope: Creating Accessor for symbol 'DTC_position' from Scope root
Scope: Creating Accessor for symbol 'time_hph' from Scope root
Scope: Creating Accessor for symbol 'adult_transition' from Scope root
Scope: Creating Accessor for symbol 'adult_cycle_time' from Scope root
Scope: Creating Accessor for symbol 'larval_cycle_time' from Scope root
Scope: Creating Accessor for symbol 'cell.volume' from Scope CellType[proliferative]
System::init: Reordering Initializers ...
Scope: Creating Accessor for symbol 'cycle_time' from Scope CellType[proliferative]
Scope: Creating Accessor for symbol 'target_cycle' from Scope CellType[proliferative]
Plugin CellDivision: Registered input symbol dependencies cycle_time [CellType[proliferative]] ,target_cycle [CellType[proliferative]] ,
Scope: Creating Accessor for symbol 'cell.center' from Scope CellType[proliferative]
Scope: Creating Accessor for symbol 'cycle_time' from Scope CellType[proliferative]
Scope: Creating Accessor for symbol 'divisions' from Scope CellType[proliferative]
System::init: Reordering Initializers ...
Scope: Creating Accessor for symbol '__daughterID' from Scope System
Scope: Creating Accessor for symbol 'dist_DTC' from Scope CellType[proliferative]
Scope: Creating Accessor for symbol 'meiotic_threshold' from Scope root
Plugin ChangeCellType: Registered input symbol dependencies meiotic_threshold [root] ,dist_DTC [CellType[proliferative]] ,
InitRectangle: number of cells = 16, origin = 70, 10, 10, size = 40, 60, 60
successfully created 16 cells.
Cells 16 requested 0
Initproperty refers to symbol 'cycle_time' of type CellPropertyLink
Scope: Creating Accessor for symbol 'cycle_time' from Scope CellType[proliferative]
Scope: Creating Accessor for symbol 'larval_cycle_time' from Scope root
Initializing celltype 'meiotic'
Scope: Creating Accessor for symbol 'dist_DTC' from Scope CellType[meiotic]
Scope: Creating Accessor for symbol 'maturation' from Scope CellType[meiotic]
Scope: Creating Accessor for symbol 'cell.center.x' from Scope CellType[meiotic]
Scope: Creating Accessor for symbol 'DTC_position' from Scope root
System::init: Reordering Initializers ...
Scope: Creating Accessor for symbol 'dist_DTC' from Scope CellType[meiotic]
Scope: Creating Accessor for symbol 'gamete_threshold' from Scope root
Scope: Creating Accessor for symbol 'time_hph' from Scope root
Scope: Creating Accessor for symbol 'sperm_cutoff' from Scope root
Scope: Creating Accessor for symbol 'maturation' from Scope CellType[meiotic]
Plugin ChangeCellType: Registered input symbol dependencies time_hph [root] ,gamete_threshold [root] ,sperm_cutoff [root] ,dist_DTC [CellType[meiotic]] ,maturation [CellType[meiotic]] ,
Scope: Creating Accessor for symbol 'dist_DTC' from Scope CellType[meiotic]
Scope: Creating Accessor for symbol 'gamete_threshold' from Scope root
Scope: Creating Accessor for symbol 'time_hph' from Scope root
Scope: Creating Accessor for symbol 'sperm_cutoff' from Scope root
Scope: Creating Accessor for symbol 'maturation' from Scope CellType[meiotic]
Plugin ChangeCellType: Registered input symbol dependencies time_hph [root] ,gamete_threshold [root] ,sperm_cutoff [root] ,dist_DTC [CellType[meiotic]] ,maturation [CellType[meiotic]] ,
Initializing celltype 'sperm'
Initializing celltype 'oocyte'
Scope: Creating Accessor for symbol 'age' from Scope CellType[oocyte]
System::init: Reordering Initializers ...
Scope: Creating Accessor for symbol 'age' from Scope CellType[oocyte]
Plugin CellDeath: Registered input symbol dependencies age [CellType[oocyte]] ,
Scope: Creating Accessor for symbol 'cell.center' from Scope CellType[oocyte]
Initializing celltype 'Medium'
Scope: Creating Accessor for symbol 'cell.center' from Scope root
Scope: Creating Accessor for symbol 'cell.volume' from Scope root
Scope: Creating Accessor for symbol 'cell.surface' from Scope root
Scope: Creating Accessor for symbol 'cell.length' from Scope root
Scope: Creating Accessor for symbol 'cell.type' from Scope root
creating Edge tracker 

 thread_id = 
 thread_id = 0x17163b000
 thread_id = , register_thread_index = 0, shared_locks_array[cur_index].value = 1

 thread_id = 0x171e430000x16ee13000, register_thread_index = 2, shared_locks_array[cur_index].value = 1
, register_thread_index = 
 thread_id = 3, shared_locks_array[cur_index].value = 1
0x16e60b000
 thread_id = , register_thread_index = 0x16f61b000, register_thread_index = 4, shared_locks_array[cur_index].value = 1

 thread_id = 0x16de03000, register_thread_index = 6, shared_locks_array[cur_index].value = 1

 thread_id = 0x170e33000, register_thread_index = 7, shared_locks_array[cur_index].value = 1
5
 thread_id = 0x16fe23000, register_thread_index = 8, shared_locks_array[cur_index].value = 1
0x20e3ee240, register_thread_index = 1, shared_locks_array[cur_index].value = 1
, shared_locks_array[cur_index].value = 1

 thread_id = 0x17062b000, register_thread_index = 9, shared_locks_array[cur_index].value = 1
EdgeListTracker::init() : Created Tracker with Neighborhood size 26 of size 20.6221 MB
EdgeListTracker::init() : Found 306 initial edges, wherof 306 can be modified.
CPM: InteractionEnergy has 26 neighbors
CPM: InteractionEnergy was initialized with  IA_COLLAPSE 
Loading Analysis tools [5]
getXMLAttribute: seeking for Input->value: cell.center.x
getXMLAttribute: seeking for Polarity->symbol-ref .. not found
getXMLAttribute: seeking for Output[0]->mapping: average
getXMLAttribute: seeking for Output[0]->symbol-ref: DTC_position
getXMLAttribute: seeking for Input->value: 0.1
getXMLAttribute: seeking for Polarity->symbol-ref .. not found
getXMLAttribute: seeking for Output[0]->mapping: sum
getXMLAttribute: seeking for Output[0]->symbol-ref: time_hph
getXMLAttribute: seeking for Gnuplotter->file-numbering .. not found
getXMLAttribute: seeking for Terminal->name: png
getXMLAttribute: seeking for Terminal->size .. not found
getXMLAttribute: seeking for Gnuplotter->time-step: 5
getXMLAttribute: seeking for Cells->value: cell.type
getXMLAttribute: seeking for CellLabels->value: divisions
getXMLAttribute: seeking for Input/Symbol[0]->symbol-ref: time
getXMLAttribute: seeking for Input/Symbol[1]->symbol-ref: time_hph
getXMLAttribute: seeking for Input/Symbol[2]->symbol-ref: DTC_position
getXMLAttribute: seeking for Input/Symbol[3]->symbol-ref: celltype.DTC.size
getXMLAttribute: seeking for Input/Symbol[4]->symbol-ref: celltype.proliferative.size
getXMLAttribute: seeking for Input/Symbol[5]->symbol-ref: celltype.meiotic.size
getXMLAttribute: seeking for Input/Symbol[6]->symbol-ref: celltype.sperm.size
getXMLAttribute: seeking for Input/Symbol[7]->symbol-ref: celltype.oocyte.size
getXMLAttribute: seeking for Restriction/Slice->value .. not found
getXMLAttribute: seeking for Restriction/Slice->axis .. not found
getXMLAttribute: seeking for Restriction/Celltype->celltype .. not found
getXMLAttribute: seeking for Restriction/Cells->cell-ids .. not found
getXMLAttribute: seeking for Restriction->domain-only .. not found
getXMLAttribute: seeking for Restriction->condition .. not found
getXMLAttribute: seeking for Input->force-node-granularity .. not found
getXMLAttribute: seeking for Input->include-boundary .. not found
getXMLAttribute: seeking for Restriction->exclude-medium .. not found
getXMLAttribute: seeking for Plots/Plot[0]->time-step: 10
getXMLAttribute: seeking for Plots/Plot[0]->title .. not found
getXMLAttribute: seeking for Plots/Plot[0]->log-commands .. not found
getXMLAttribute: seeking for Plots/Plot[0]/Terminal->terminal: png
getXMLAttribute: seeking for Plots/Plot[0]/Terminal->plot-size .. not found
getXMLAttribute: seeking for Plots/Plot[0]->file-numbering .. not found
getXMLAttribute: seeking for Plots/Plot[0]/Range/Time->mode .. not found
getXMLAttribute: seeking for Plots/Plot[0]/Range/Time->history .. not found
getXMLAttribute: seeking for Plots/Plot[0]/Range/Data->first-line .. not found
getXMLAttribute: seeking for Plots/Plot[0]/Range/Data->last-line .. not found
getXMLAttribute: seeking for Plots/Plot[0]/Range/Data->increment .. not found
getXMLAttribute: seeking for Plots/Plot[0]/Style->style: lines
getXMLAttribute: seeking for Plots/Plot[0]/Style->decorate .. not found
getXMLAttribute: seeking for Plots/Plot[0]/Style->point-size .. not found
getXMLAttribute: seeking for Plots/Plot[0]/Style->line-width: 2
getXMLAttribute: seeking for Plots/Plot[0]/Style->grid: true
getXMLAttribute: seeking for Plots/Plot[0]/X-axis/Symbol->symbol-ref: time_hph
getXMLAttribute: seeking for Plots/Plot[0]/X-axis->minimum .. not found
getXMLAttribute: seeking for Plots/Plot[0]/X-axis->maximum .. not found
getXMLAttribute: seeking for Plots/Plot[0]/X-axis->logarithmic .. not found
getXMLAttribute: seeking for Plots/Plot[0]/Y-axis/Symbol[0]->symbol-ref: celltype.proliferative.size
getXMLAttribute: seeking for Plots/Plot[0]/Y-axis/Symbol[1]->symbol-ref: celltype.meiotic.size
getXMLAttribute: seeking for Plots/Plot[0]/Y-axis/Symbol[2]->symbol-ref: celltype.sperm.size
getXMLAttribute: seeking for Plots/Plot[0]/Y-axis/Symbol[3]->symbol-ref: celltype.oocyte.size
getXMLAttribute: seeking for Plots/Plot[0]/Y-axis/Symbol[4]->symbol-ref .. not found
getXMLAttribute: seeking for Plots/Plot[0]/Y-axis/Symbol[5]->symbol-ref .. not found
getXMLAttribute: seeking for Plots/Plot[0]/Y-axis/Symbol[6]->symbol-ref .. not found
getXMLAttribute: seeking for Plots/Plot[0]/Y-axis/Symbol[7]->symbol-ref .. not found
getXMLAttribute: seeking for Plots/Plot[0]/Y-axis/Symbol[8]->symbol-ref .. not found
getXMLAttribute: seeking for Plots/Plot[0]/Y-axis/Symbol[9]->symbol-ref .. not found
getXMLAttribute: seeking for Plots/Plot[0]/Y-axis->minimum: 0
getXMLAttribute: seeking for Plots/Plot[0]/Y-axis->maximum: 200
getXMLAttribute: seeking for Plots/Plot[0]/Y-axis->logarithmic .. not found
getXMLAttribute: seeking for Plots/Plot[0]/Color-bar/Symbol->symbol-ref .. not found
getXMLAttribute: seeking for Plots/Plot[0]/Color-bar->minimum .. not found
getXMLAttribute: seeking for Plots/Plot[0]/Color-bar->maximum .. not found
getXMLAttribute: seeking for Plots/Plot[0]/Color-bar->logarithmic .. not found
getXMLAttribute: seeking for Plots/Plot[0]/Color-bar->palette .. not found
getXMLAttribute: seeking for Plots/Plot[0]/Color-bar->reverse-palette .. not found
getXMLAttribute: seeking for Plots/Plot[1]->time-step: 10
getXMLAttribute: seeking for Plots/Plot[1]->title .. not found
getXMLAttribute: seeking for Plots/Plot[1]->log-commands .. not found
getXMLAttribute: seeking for Plots/Plot[1]/Terminal->terminal: png
getXMLAttribute: seeking for Plots/Plot[1]/Terminal->plot-size .. not found
getXMLAttribute: seeking for Plots/Plot[1]->file-numbering .. not found
getXMLAttribute: seeking for Plots/Plot[1]/Range/Time->mode .. not found
getXMLAttribute: seeking for Plots/Plot[1]/Range/Time->history .. not found
getXMLAttribute: seeking for Plots/Plot[1]/Range/Data->first-line .. not found
getXMLAttribute: seeking for Plots/Plot[1]/Range/Data->last-line .. not found
getXMLAttribute: seeking for Plots/Plot[1]/Range/Data->increment .. not found
getXMLAttribute: seeking for Plots/Plot[1]/Style->style: lines
getXMLAttribute: seeking for Plots/Plot[1]/Style->decorate .. not found
getXMLAttribute: seeking for Plots/Plot[1]/Style->point-size .. not found
getXMLAttribute: seeking for Plots/Plot[1]/Style->line-width: 2
getXMLAttribute: seeking for Plots/Plot[1]/Style->grid: true
getXMLAttribute: seeking for Plots/Plot[1]/X-axis/Symbol->symbol-ref: time_hph
getXMLAttribute: seeking for Plots/Plot[1]/X-axis->minimum .. not found
getXMLAttribute: seeking for Plots/Plot[1]/X-axis->maximum .. not found
getXMLAttribute: seeking for Plots/Plot[1]/X-axis->logarithmic .. not found
getXMLAttribute: seeking for Plots/Plot[1]/Y-axis/Symbol[0]->symbol-ref: DTC_position
getXMLAttribute: seeking for Plots/Plot[1]/Y-axis/Symbol[1]->symbol-ref .. not found
getXMLAttribute: seeking for Plots/Plot[1]/Y-axis/Symbol[2]->symbol-ref .. not found
getXMLAttribute: seeking for Plots/Plot[1]/Y-axis/Symbol[3]->symbol-ref .. not found
getXMLAttribute: seeking for Plots/Plot[1]/Y-axis/Symbol[4]->symbol-ref .. not found
getXMLAttribute: seeking for Plots/Plot[1]/Y-axis/Symbol[5]->symbol-ref .. not found
getXMLAttribute: seeking for Plots/Plot[1]/Y-axis/Symbol[6]->symbol-ref .. not found
getXMLAttribute: seeking for Plots/Plot[1]/Y-axis/Symbol[7]->symbol-ref .. not found
getXMLAttribute: seeking for Plots/Plot[1]/Y-axis/Symbol[8]->symbol-ref .. not found
getXMLAttribute: seeking for Plots/Plot[1]/Y-axis/Symbol[9]->symbol-ref .. not found
getXMLAttribute: seeking for Plots/Plot[1]/Y-axis->minimum: 0
getXMLAttribute: seeking for Plots/Plot[1]/Y-axis->maximum: 350
getXMLAttribute: seeking for Plots/Plot[1]/Y-axis->logarithmic .. not found
getXMLAttribute: seeking for Plots/Plot[1]/Color-bar/Symbol->symbol-ref .. not found
getXMLAttribute: seeking for Plots/Plot[1]/Color-bar->minimum .. not found
getXMLAttribute: seeking for Plots/Plot[1]/Color-bar->maximum .. not found
getXMLAttribute: seeking for Plots/Plot[1]/Color-bar->logarithmic .. not found
getXMLAttribute: seeking for Plots/Plot[1]/Color-bar->palette .. not found
getXMLAttribute: seeking for Plots/Plot[1]/Color-bar->reverse-palette .. not found
getXMLAttribute: seeking for Logger->time-step: 1
getXMLAttribute: seeking for ModelGraph->format: svg
getXMLAttribute: seeking for ModelGraph->reduced: false
getXMLAttribute: seeking for ModelGraph->exclude-symbols .. not found
getXMLAttribute: seeking for ModelGraph->include-tags .. not found
Scope: Creating Accessor for symbol 'cell.center.x' from Scope root
Scope: Creating Accessor for symbol 'DTC_position' from Scope root
Plugin Mapper: Registered input symbol dependencies cell.center.x [root] ,
PluginMapper: Registered output symbol dependencies DTC_position [root] ,
Scope: Creating Accessor for symbol 'time_hph' from Scope root
PluginMapper: Registered output symbol dependencies time_hph [root] ,
Scope: Creating Accessor for symbol 'cell.type' from Scope root
Scope: Creating Accessor for symbol 'divisions' from Scope root
Scope: Creating Accessor for symbol 'time' from Scope root
Scope: Creating Accessor for symbol 'time_hph' from Scope root
Scope: Creating Accessor for symbol 'DTC_position' from Scope root
Scope: Creating Accessor for symbol 'celltype.DTC.size' from Scope root
Scope: Creating Accessor for symbol 'celltype.proliferative.size' from Scope root
Scope: Creating Accessor for symbol 'celltype.meiotic.size' from Scope root
Scope: Creating Accessor for symbol 'celltype.sperm.size' from Scope root
Scope: Creating Accessor for symbol 'celltype.oocyte.size' from Scope root
Plugin Logger: Registered input symbol dependencies time_hph [root] ,DTC_position [root] ,celltype.sperm.size [root] ,celltype.oocyte.size [root] ,celltype.DTC.size [root] ,celltype.proliferative.size [root] ,celltype.meiotic.size [root] ,time [root] ,
Scope: Creating Accessor for symbol 'time' from Scope root
Scope: Creating Accessor for symbol 'time_hph' from Scope root
Scope: Creating Accessor for symbol 'DTC_position' from Scope root
Scope: Creating Accessor for symbol 'celltype.DTC.size' from Scope root
Scope: Creating Accessor for symbol 'celltype.proliferative.size' from Scope root
Scope: Creating Accessor for symbol 'celltype.meiotic.size' from Scope root
Scope: Creating Accessor for symbol 'celltype.sperm.size' from Scope root
Scope: Creating Accessor for symbol 'celltype.oocyte.size' from Scope root
Logger range:
-> size 1
-> dataAxes 
-> data.sizes: 1, 
-> file separation: None
Scope: Creating Accessor for symbol 'time' from Scope root
System
System
CellDivision
ChangeCellType
System
ChangeCellType
ChangeCellType
System
CellDeath
CPM
Mapper
Mapper
Gnuplotter
Logger
ModelGraph

 TimeStepListener "System" propagates its time step 0.1

 TimeStepListener "System" propagates its time step 0.1

 TimeStepListener "CellDivision" propagates its time step 1

 TimeStepListener "ChangeCellType" propagates its time step 0.1

 TimeStepListener "System" propagates its time step 0.1

 TimeStepListener "ChangeCellType" propagates its time step 0.1

 TimeStepListener "ChangeCellType" propagates its time step 0.1

 TimeStepListener "System" propagates its time step 0.1

 TimeStepListener "CellDeath" propagates its time step 1

 TimeStepListener "CPM" propagates its time step 1

 TimeStepListener "Mapper" propagates its time step 1

 TimeStepListener "Gnuplotter" propagates its time step 5

 TimeStepListener "Logger" propagates its time step 1

 TimeStepListener "ModelGraph" propagates its time step 100
TimeScheduler::init: Ordering instantaneous processes for sequential update ...
Trying to remove unregistered symbol "cell.center" from unresolved_symbols.Trying to remove unregistered symbol "cell.center" from unresolved_symbols. 
======================================================
 Time Schedule
======================================================
 Time precision patch is 0.0001

=====|    Phase I     |===============================
-----. CPM .------------------------------------
  + 1 => CPM [] -> [cell.center,cell.length,cell.surface,cell.type,cell.volume]
-----. Reactions .------------------------------------
  + 0.1 => System [DTC_speed,adult_transition,time_hph] -> [velocity]
  + 0.1 => System [DTC_position,adult_cycle_time,adult_transition,cell.center.x,cell.volume,larval_cycle_time,time_hph] -> [compressed,cycle_time,dist_DTC,target_cycle]
  + 0.1 => System [DTC_position,cell.center.x] -> [dist_DTC,maturation]
  + 0.1 => System [] -> [age]

=====|    Phase II    |===============================
-----. Reporters and Instantaneous Processes.---------
  + 1 => CellDivision [cycle_time,target_cycle] -> [cell.center,cycle_time,divisions]
  + 0.1 => ChangeCellType [dist_DTC,meiotic_threshold] -> []
  + 1 => CellDeath [age] -> [cell.center]
  + 1 => Mapper [cell.center.x] -> [DTC_position]
  + -1 => Mapper [] -> [time_hph]
  + 0.1 => ChangeCellType [dist_DTC,gamete_threshold,maturation,sperm_cutoff,time_hph] -> []
  + 0.1 => ChangeCellType [dist_DTC,gamete_threshold,maturation,sperm_cutoff,time_hph] -> []

=====|    Phase III   |===============================
-----. Analysis .-------------------------------------
  + 5 => Gnuplotter [cell.type,divisions] 
  + 1 => Logger [DTC_position,celltype.DTC.size,celltype.meiotic.size,celltype.oocyte.size,celltype.proliferative.size,celltype.sperm.size,time,time_hph] 
  + 100 => ModelGraph [] 
------------------------------------------------------
======================================================

model is up
GnuPlotter: Saving plot_00000.png
No support for graph rendering. Falling back to dot output.
Time: 0.00 atu
System::init: Reordering Initializers ...
System::init: Reordering Initializers ...
System::init: Reordering Initializers ...
System::init: Reordering Initializers ...
System::init: Reordering Initializers ...
System::init: Reordering Initializers ...
System::init: Reordering Initializers ...
System::init: Reordering Initializers ...
System::init: Reordering Initializers ...
Time: 1 
Time: 2 
Time: 3 
Time: 4 
GnuPlotter: Saving plot_00005.png
Time: 5 
Time: 6 
Time: 7 
Time: 8 
Time: 9 
GnuPlotter: Saving plot_00010.png
Time: 10 
Time: 11 
Time: 12 
Time: 13 
Time: 14 
GnuPlotter: Saving plot_00015.png
Time: 15 
Time: 16 
Time: 17 
Time: 18 
Time: 19 
GnuPlotter: Saving plot_00020.png
Time: 20 
Time: 21 
Time: 22 
Time: 23 
Time: 24 
GnuPlotter: Saving plot_00025.png
Time: 25 
Time: 26 
Time: 27 
Time: 28 
Time: 29 
GnuPlotter: Saving plot_00030.png
Time: 30 
Time: 31 
Time: 32 
Time: 33 
Time: 34 
GnuPlotter: Saving plot_00035.png
Time: 35 
Time: 36 
Time: 37 
Time: 38 
Time: 39 
GnuPlotter: Saving plot_00040.png
Time: 40 
Time: 41 
Time: 42 
Time: 43 
Time: 44 
GnuPlotter: Saving plot_00045.png
Time: 45 
Time: 46 
Time: 47 
Time: 48 
Time: 49 
GnuPlotter: Saving plot_00050.png
Time: 50 
Time: 51 
Time: 52 
Time: 53 
Time: 54 
GnuPlotter: Saving plot_00055.png
Time: 55 
Time: 56 
Time: 57 
Time: 58 
Time: 59 
GnuPlotter: Saving plot_00060.png
Time: 60 
Time: 61 
Time: 62 
Time: 63 
Time: 64 
GnuPlotter: Saving plot_00065.png
Time: 65 
Time: 66 
Time: 67 
System::init: Reordering Initializers ...
System::init: Reordering Initializers ...
Time: 68 
System::init: Reordering Initializers ...
System::init: Reordering Initializers ...
System::init: Reordering Initializers ...
System::init: Reordering Initializers ...
System::init: Reordering Initializers ...
System::init: Reordering Initializers ...
Time: 69 
System::init: Reordering Initializers ...
GnuPlotter: Saving plot_00070.png
Time: 70 
Time: 71 
Time: 72 
Time: 73 
Time: 74 
GnuPlotter: Saving plot_00075.png
Time: 75 
Time: 76 
Time: 77 
Time: 78 
Time: 79 
GnuPlotter: Saving plot_00080.png
Time: 80 
Time: 81 
Time: 82 
Time: 83 
Time: 84 
GnuPlotter: Saving plot_00085.png
Time: 85 
Time: 86 
Time: 87 
Time: 88 
Time: 89 
GnuPlotter: Saving plot_00090.png
Time: 90 
Time: 91 
Time: 92 
Time: 93 
Time: 94 
GnuPlotter: Saving plot_00095.png
Time: 95 
Time: 96 
Time: 97 
Time: 98 
Time: 99 
GnuPlotter: Saving plot_00100.png
Time: 100 
sampler 1 layer 3967

=======================================================
    SCHEDULER PERFORMANCE STATISTICS
=======================================================

    +  41.9% = 381.65s ( 2.63)  | Gnuplotter [cell.type,divisions]
    +  23.8% = 216.77s (13.45)  | CellDivision [cycle_time,target_cycle -> cell.center,cycle_time,divisions]
    +  13.4% = 122.03s (17.01)  | CPM [cell.center,cell.length,cell.surface,cell.type,cell.volume]
    +  13.1% = 118.78s (194.11)  | System [DTC_position,adult_cycle_time,adult_transition,cell.center.x,cell.volume,larval_cycle_time,time_hph -> compressed,cycle_time,dist_DTC,target_cycle]
    +   6.3% = 56.97s (51.92)  | ChangeCellType [dist_DTC,meiotic_threshold]
    +   0.2% =  1.47s ( 0.17)  | Initialisation []
    +   0.1% =  0.98s ( 6.60)  | Mapper [cell.center.x -> DTC_position]
    +   0.0% =  0.15s ( 0.49)  | System [DTC_position,cell.center.x -> dist_DTC,maturation]
    +   0.0% =  0.12s ( 0.12)  | ChangeCellType [dist_DTC,gamete_threshold,maturation,sperm_cutoff,time_hph]
    +   0.0% =  0.08s ( 0.23)  | System [DTC_speed,adult_transition,time_hph -> velocity]
    +   0.0% =  0.05s ( 0.14)  | System [age]
    +   0.0% =  0.04s ( 0.02)  | Logger [DTC_position,celltype.DTC.size,celltype.meiotic.size,celltype.oocyte.size,celltype.proliferative.size,celltype.sperm.size,time,time_hph]
    +   0.0% =  0.02s ( 0.02)  | ChangeCellType [dist_DTC,gamete_threshold,maturation,sperm_cutoff,time_hph]
    +   0.0% =  0.00s ( 0.00)  | CellDeath [age -> cell.center]
    +   0.0% =  0.00s ( 0.00)  | ModelGraph []
    +   0.0% =  0.00s ( 0.00)  | Mapper [time_hph]

======================================================

=== Simulation finished ===
Wall Time   = 15m 10s
CPU Time    = 32m 30s (10 threads)

