Setting output directory /Users/prerana/Desktop/morpheus/atwell2025_germline
Initializing from file model.xml
AutoFix: Moved 1 element(s)  matching /MorpheusModel/Global/Field[(@symbol)]/Diffusion[@rate!=~0(?:\.0+)?]/@rate to /MorpheusModel/Global/System/DiffEqn[@symbol-ref=%1]/Diffusion/@text
AutoFix: Moved 1 element(s)  matching /MorpheusModel/Global/Field[(@symbol)]/Diffusion to 
AutoFix: Moved 3 element(s)  matching /MorpheusModel/CellTypes/CellType/System/DiffEqn/Expression to /MorpheusModel/CellTypes/CellType/System/DiffEqn/Reaction
Applied 5 patches to update MorpheusML version to internal v5!
Time/RandomSeed not specified, using arbitray seed (based on time).
Intitalize Thread 8 with seed 3115694096
Intitalize Thread Intitalize Thread Intitalize Thread 3Intitalize Thread 1 with seed 2 with seed 1243858778831096840

 with seed Intitalize Thread 4443628350 with seed 1769628660
9 with seed 
3656221773
Intitalize Thread Intitalize Thread 4 with seed 7 with seed 2761092150
Intitalize Thread 2608198540
5 with seed 95391100
Intitalize Thread 6 with seed 3101902049
Registering Symbol time of linktype TimeLink in Scope root
Intitalize Thread Intitalize Thread 8 with seed 1052227840Intitalize Thread 
3 with seed 241072906
Intitalize Thread Intitalize Thread 4 with seed 12317013838
Intitalize Thread 0Intitalize Thread 5 with seed 1295391061
7 with seed 1708401696
Intitalize Thread Intitalize Thread  with seed  with seed 961860559574 with seed 783940790
42Intitalize Thread 2 with seed 3106210472
 with seed 2625589116


Registering Symbol space of linktype LocationLink in Scope root
Registering Symbol space.x of linktype VectorComponentLink in Scope root
Registering Symbol space.y of linktype VectorComponentLink in Scope root
Registering Symbol space.z of linktype VectorComponentLink in Scope root
Registering Symbol space.phi of linktype VectorComponentLink in Scope root
Registering Symbol space.theta of linktype VectorComponentLink in Scope root
Registering Symbol space.abs of linktype VectorComponentLink in Scope root
Creating lattice
getXMLAttribute: seeking for Lattice->class: cubic
getXMLAttribute: seeking for Size->value: 120, 40, 40
getXMLAttribute: seeking for Size->symbol: size
Loading [3] Global Plugins
getXMLAttribute: seeking for Variable->name: Total cell count
getXMLAttribute: seeking for Variable->symbol: total_cells
getXMLAttribute: seeking for Variable->value: 0
getXMLAttribute: seeking for Variable->notation .. not found
Registering Symbol total_cells of linktype VariableLink in Scope root
getXMLAttribute: seeking for Variable->name: Cells in proliferative zone
getXMLAttribute: seeking for Variable->symbol: proliferative_cells
getXMLAttribute: seeking for Variable->value: 0
getXMLAttribute: seeking for Variable->notation .. not found
Registering Symbol proliferative_cells of linktype VariableLink in Scope root
getXMLAttribute: seeking for Variable->name: Cells in meiotic zone
getXMLAttribute: seeking for Variable->symbol: meiotic_cells
getXMLAttribute: seeking for Variable->value: 0
getXMLAttribute: seeking for Variable->notation .. not found
Registering Symbol meiotic_cells of linktype VariableLink in Scope root
Creating subscope CellType[medium] in scope root
Registering Symbol cell.type of linktype PrimitiveConstant in Scope CellType[medium]
Registering Symbol cell.type of linktype CompositeLink in Scope root
Registering Symbol cell.id of linktype CellIDLink in Scope CellType[medium]
Registering Symbol cell.id of linktype CompositeLink in Scope root
Registering Symbol cell.center of linktype CellCenterLink in Scope CellType[medium]
Registering Symbol cell.center of linktype CompositeLink in Scope root
Registering Symbol cell.center.x of linktype VectorComponentLink in Scope root
Registering Symbol cell.center.y of linktype VectorComponentLink in Scope root
Registering Symbol cell.center.z of linktype VectorComponentLink in Scope root
Registering Symbol cell.center.phi of linktype VectorComponentLink in Scope root
Registering Symbol cell.center.theta of linktype VectorComponentLink in Scope root
Registering Symbol cell.center.abs of linktype VectorComponentLink in Scope root
Registering Symbol cell.center.x of linktype VectorComponentLink in Scope CellType[medium]
Registering Symbol cell.center.y of linktype VectorComponentLink in Scope CellType[medium]
Registering Symbol cell.center.z of linktype VectorComponentLink in Scope CellType[medium]
Registering Symbol cell.center.phi of linktype VectorComponentLink in Scope CellType[medium]
Registering Symbol cell.center.theta of linktype VectorComponentLink in Scope CellType[medium]
Registering Symbol cell.center.abs of linktype VectorComponentLink in Scope CellType[medium]
Registering Symbol cell.volume of linktype CellVolumeLink in Scope CellType[medium]
Registering Symbol cell.volume of linktype CompositeLink in Scope root
Registering Symbol celltype.medium.id of linktype PrimitiveConstant in Scope root
Registering Symbol celltype.medium.size of linktype CellPopulationSizeLink in Scope root
Creating subscope CellType[DTC] in scope root
Registering Symbol cell.type of linktype PrimitiveConstant in Scope CellType[DTC]
Registering Symbol cell.id of linktype CellIDLink in Scope CellType[DTC]
Registering Symbol cell.center of linktype CellCenterLink in Scope CellType[DTC]
Registering Symbol cell.center.x of linktype VectorComponentLink in Scope CellType[DTC]
Registering Symbol cell.center.y of linktype VectorComponentLink in Scope CellType[DTC]
Registering Symbol cell.center.z of linktype VectorComponentLink in Scope CellType[DTC]
Registering Symbol cell.center.phi of linktype VectorComponentLink in Scope CellType[DTC]
Registering Symbol cell.center.theta of linktype VectorComponentLink in Scope CellType[DTC]
Registering Symbol cell.center.abs of linktype VectorComponentLink in Scope CellType[DTC]
Registering Symbol cell.volume of linktype CellVolumeLink in Scope CellType[DTC]
Registering Symbol cell.length of linktype CellLengthLink in Scope CellType[DTC]
Registering Symbol cell.length of linktype CompositeLink in Scope root
Registering Symbol cell.surface of linktype CellInterfaceLengthLink in Scope CellType[DTC]
Registering Symbol cell.surface of linktype CompositeLink in Scope root
Registering Symbol cell.orientation of linktype CellOrientationLink in Scope CellType[DTC]
Registering Symbol cell.orientation of linktype CompositeLink in Scope root
Registering Symbol cell.orientation.x of linktype VectorComponentLink in Scope root
Registering Symbol cell.orientation.y of linktype VectorComponentLink in Scope root
Registering Symbol cell.orientation.z of linktype VectorComponentLink in Scope root
Registering Symbol cell.orientation.phi of linktype VectorComponentLink in Scope root
Registering Symbol cell.orientation.theta of linktype VectorComponentLink in Scope root
Registering Symbol cell.orientation.abs of linktype VectorComponentLink in Scope root
Registering Symbol cell.orientation.x of linktype VectorComponentLink in Scope CellType[DTC]
Registering Symbol cell.orientation.y of linktype VectorComponentLink in Scope CellType[DTC]
Registering Symbol cell.orientation.z of linktype VectorComponentLink in Scope CellType[DTC]
Registering Symbol cell.orientation.phi of linktype VectorComponentLink in Scope CellType[DTC]
Registering Symbol cell.orientation.theta of linktype VectorComponentLink in Scope CellType[DTC]
Registering Symbol cell.orientation.abs of linktype VectorComponentLink in Scope CellType[DTC]
Registering Symbol celltype.DTC.id of linktype PrimitiveConstant in Scope root
Registering Symbol celltype.DTC.size of linktype CellPopulationSizeLink in Scope root
Creating subscope CellType[germcell_proliferative] in scope root
Registering Symbol cell.type of linktype PrimitiveConstant in Scope CellType[germcell_proliferative]
Registering Symbol cell.id of linktype CellIDLink in Scope CellType[germcell_proliferative]
Registering Symbol cell.center of linktype CellCenterLink in Scope CellType[germcell_proliferative]
Registering Symbol cell.center.x of linktype VectorComponentLink in Scope CellType[germcell_proliferative]
Registering Symbol cell.center.y of linktype VectorComponentLink in Scope CellType[germcell_proliferative]
Registering Symbol cell.center.z of linktype VectorComponentLink in Scope CellType[germcell_proliferative]
Registering Symbol cell.center.phi of linktype VectorComponentLink in Scope CellType[germcell_proliferative]
Registering Symbol cell.center.theta of linktype VectorComponentLink in Scope CellType[germcell_proliferative]
Registering Symbol cell.center.abs of linktype VectorComponentLink in Scope CellType[germcell_proliferative]
Registering Symbol cell.volume of linktype CellVolumeLink in Scope CellType[germcell_proliferative]
Registering Symbol cell.length of linktype CellLengthLink in Scope CellType[germcell_proliferative]
Registering Symbol cell.surface of linktype CellInterfaceLengthLink in Scope CellType[germcell_proliferative]
Registering Symbol cell.orientation of linktype CellOrientationLink in Scope CellType[germcell_proliferative]
Registering Symbol cell.orientation.x of linktype VectorComponentLink in Scope CellType[germcell_proliferative]
Registering Symbol cell.orientation.y of linktype VectorComponentLink in Scope CellType[germcell_proliferative]
Registering Symbol cell.orientation.z of linktype VectorComponentLink in Scope CellType[germcell_proliferative]
Registering Symbol cell.orientation.phi of linktype VectorComponentLink in Scope CellType[germcell_proliferative]
Registering Symbol cell.orientation.theta of linktype VectorComponentLink in Scope CellType[germcell_proliferative]
Registering Symbol cell.orientation.abs of linktype VectorComponentLink in Scope CellType[germcell_proliferative]
Registering Symbol celltype.germcell_proliferative.id of linktype PrimitiveConstant in Scope root
Registering Symbol celltype.germcell_proliferative.size of linktype CellPopulationSizeLink in Scope root
Creating subscope CellType[germcell_meiotic] in scope root
Registering Symbol cell.type of linktype PrimitiveConstant in Scope CellType[germcell_meiotic]
Registering Symbol cell.id of linktype CellIDLink in Scope CellType[germcell_meiotic]
Registering Symbol cell.center of linktype CellCenterLink in Scope CellType[germcell_meiotic]
Registering Symbol cell.center.x of linktype VectorComponentLink in Scope CellType[germcell_meiotic]
Registering Symbol cell.center.y of linktype VectorComponentLink in Scope CellType[germcell_meiotic]
Registering Symbol cell.center.z of linktype VectorComponentLink in Scope CellType[germcell_meiotic]
Registering Symbol cell.center.phi of linktype VectorComponentLink in Scope CellType[germcell_meiotic]
Registering Symbol cell.center.theta of linktype VectorComponentLink in Scope CellType[germcell_meiotic]
Registering Symbol cell.center.abs of linktype VectorComponentLink in Scope CellType[germcell_meiotic]
Registering Symbol cell.volume of linktype CellVolumeLink in Scope CellType[germcell_meiotic]
Registering Symbol cell.length of linktype CellLengthLink in Scope CellType[germcell_meiotic]
Registering Symbol cell.surface of linktype CellInterfaceLengthLink in Scope CellType[germcell_meiotic]
Registering Symbol cell.orientation of linktype CellOrientationLink in Scope CellType[germcell_meiotic]
Registering Symbol cell.orientation.x of linktype VectorComponentLink in Scope CellType[germcell_meiotic]
Registering Symbol cell.orientation.y of linktype VectorComponentLink in Scope CellType[germcell_meiotic]
Registering Symbol cell.orientation.z of linktype VectorComponentLink in Scope CellType[germcell_meiotic]
Registering Symbol cell.orientation.phi of linktype VectorComponentLink in Scope CellType[germcell_meiotic]
Registering Symbol cell.orientation.theta of linktype VectorComponentLink in Scope CellType[germcell_meiotic]
Registering Symbol cell.orientation.abs of linktype VectorComponentLink in Scope CellType[germcell_meiotic]
Registering Symbol celltype.germcell_meiotic.id of linktype PrimitiveConstant in Scope root
Registering Symbol celltype.germcell_meiotic.size of linktype CellPopulationSizeLink in Scope root
getXMLAttribute: seeking for Property->name: Target Volume
getXMLAttribute: seeking for Property->symbol: Vt
getXMLAttribute: seeking for Property->value: 400
getXMLAttribute: seeking for Property->notation .. not found
Registering Symbol Vt of linktype CellPropertyLink in Scope CellType[DTC]
Registering Symbol Vt of linktype CompositeLink in Scope root
getXMLAttribute: seeking for VolumeConstraint->target: Vt
getXMLAttribute: seeking for VolumeConstraint->strength: 1.0
getXMLAttribute: seeking for SurfaceConstraint->target: 1.0
getXMLAttribute: seeking for SurfaceConstraint->strength: 0.5
getXMLAttribute: seeking for SurfaceConstraint->mode: aspherity
getXMLAttribute: seeking for SurfaceConstraint->exponent .. not found
getXMLAttribute: seeking for Property->name .. not found
getXMLAttribute: seeking for Property->symbol: signal_production
getXMLAttribute: seeking for Property->value: 10.0
getXMLAttribute: seeking for Property->notation .. not found
Registering Symbol signal_production of linktype CellPropertyLink in Scope CellType[DTC]
Registering Symbol signal_production of linktype CompositeLink in Scope root
getXMLAttribute: seeking for System->time-step: 1.0
Creating subscope System in scope CellType[DTC]
getXMLAttribute: seeking for System->solver: Euler [fixed, O(1)]
getXMLAttribute: seeking for System->solver-eps .. not found
getXMLAttribute: seeking for DiffEqn->symbol-ref: GLP1_signal
getXMLAttribute: seeking for Reaction->text: signal_production
getXMLAttribute: seeking for Advection->text .. not found
getXMLAttribute: seeking for Diffusion->text .. not found
getXMLAttribute: seeking for Diffusion->well-mixed .. not found
getXMLAttribute: seeking for Property->name: Target Volume
getXMLAttribute: seeking for Property->symbol: Vt
getXMLAttribute: seeking for Property->value: 300
getXMLAttribute: seeking for Property->notation .. not found
Registering Symbol Vt of linktype CellPropertyLink in Scope CellType[germcell_proliferative]
getXMLAttribute: seeking for Property->name: Division counter
getXMLAttribute: seeking for Property->symbol: divisions
getXMLAttribute: seeking for Property->value: 0
getXMLAttribute: seeking for Property->notation .. not found
Registering Symbol divisions of linktype CellPropertyLink in Scope CellType[germcell_proliferative]
Registering Symbol divisions of linktype CompositeLink in Scope root
getXMLAttribute: seeking for Property->name: Cell cycle phase (0-1)
getXMLAttribute: seeking for Property->symbol: cell_cycle_phase
getXMLAttribute: seeking for Property->value: 0.0
getXMLAttribute: seeking for Property->notation .. not found
Registering Symbol cell_cycle_phase of linktype CellPropertyLink in Scope CellType[germcell_proliferative]
Registering Symbol cell_cycle_phase of linktype CompositeLink in Scope root
getXMLAttribute: seeking for Property->name: Local GLP-1 signal
getXMLAttribute: seeking for Property->symbol: local_signal
getXMLAttribute: seeking for Property->value: 0.0
getXMLAttribute: seeking for Property->notation .. not found
Registering Symbol local_signal of linktype CellPropertyLink in Scope CellType[germcell_proliferative]
Registering Symbol local_signal of linktype CompositeLink in Scope root
getXMLAttribute: seeking for VolumeConstraint->target: Vt
getXMLAttribute: seeking for VolumeConstraint->strength: 1.0
getXMLAttribute: seeking for SurfaceConstraint->target: 1.0
getXMLAttribute: seeking for SurfaceConstraint->strength: 0.8
getXMLAttribute: seeking for SurfaceConstraint->mode: aspherity
getXMLAttribute: seeking for SurfaceConstraint->exponent .. not found
getXMLAttribute: seeking for System->time-step: 0.1
Creating subscope System in scope CellType[germcell_proliferative]
getXMLAttribute: seeking for System->solver: Runge-Kutta [fixed, O(4)]
getXMLAttribute: seeking for System->solver-eps .. not found
getXMLAttribute: seeking for Constant->name: Cell cycle rate
getXMLAttribute: seeking for Constant->symbol: cycle_rate
getXMLAttribute: seeking for Constant->value: 0.002
getXMLAttribute: seeking for Constant->notation .. not found
Registering Symbol cycle_rate of linktype ConstantLink in Scope System
getXMLAttribute: seeking for Constant->name: Signal threshold for proliferation
getXMLAttribute: seeking for Constant->symbol: signal_threshold
getXMLAttribute: seeking for Constant->value: 2.0
getXMLAttribute: seeking for Constant->notation .. not found
Registering Symbol signal_threshold of linktype ConstantLink in Scope System
getXMLAttribute: seeking for DiffEqn->symbol-ref: cell_cycle_phase
getXMLAttribute: seeking for Reaction->text: if(GLP1_signal > signal_threshold, cycle_rate, 0.0)
getXMLAttribute: seeking for Advection->text .. not found
getXMLAttribute: seeking for Diffusion->text .. not found
getXMLAttribute: seeking for Diffusion->well-mixed .. not found
getXMLAttribute: seeking for Rule->symbol-ref: local_signal
getXMLAttribute: seeking for Expression->text: GLP1_signal
getXMLAttribute: seeking for Condition->text: cell_cycle_phase > 1.0 and cell.volume > Vt*0.85
getXMLAttribute: seeking for CellDivision->division-plane: minor
getXMLAttribute: seeking for CellDivision->orientation .. not found
getXMLAttribute: seeking for CellDivision->write-log .. not found
getXMLAttribute: seeking for CellDivision->trigger .. not found
Creating subscope System in scope CellType[germcell_proliferative]
getXMLAttribute: seeking for Rule->symbol-ref: divisions
getXMLAttribute: seeking for Expression->text: divisions + 1
getXMLAttribute: seeking for Rule->symbol-ref: cell_cycle_phase
getXMLAttribute: seeking for Expression->text: 0.0
Registering Symbol __daughterID of linktype PrimitiveVariable in Scope System
getXMLAttribute: seeking for Condition->text: GLP1_signal < 1.5 and cell.center.x > 40
getXMLAttribute: seeking for ChangeCellType->newCellType: germcell_meiotic
getXMLAttribute: seeking for ChangeCellType->time-step: 10
getXMLAttribute: seeking for Property->name: Target Volume
getXMLAttribute: seeking for Property->symbol: Vt
getXMLAttribute: seeking for Property->value: 350
getXMLAttribute: seeking for Property->notation .. not found
Registering Symbol Vt of linktype CellPropertyLink in Scope CellType[germcell_meiotic]
getXMLAttribute: seeking for Property->name: Meiotic progression
getXMLAttribute: seeking for Property->symbol: meiotic_stage
getXMLAttribute: seeking for Property->value: 0.0
getXMLAttribute: seeking for Property->notation .. not found
Registering Symbol meiotic_stage of linktype CellPropertyLink in Scope CellType[germcell_meiotic]
Registering Symbol meiotic_stage of linktype CompositeLink in Scope root
getXMLAttribute: seeking for VolumeConstraint->target: Vt
getXMLAttribute: seeking for VolumeConstraint->strength: 1.0
getXMLAttribute: seeking for SurfaceConstraint->target: 1.2
getXMLAttribute: seeking for SurfaceConstraint->strength: 0.6
getXMLAttribute: seeking for SurfaceConstraint->mode: aspherity
getXMLAttribute: seeking for SurfaceConstraint->exponent .. not found
getXMLAttribute: seeking for System->time-step: 0.1
Creating subscope System in scope CellType[germcell_meiotic]
getXMLAttribute: seeking for System->solver: Euler [fixed, O(1)]
getXMLAttribute: seeking for System->solver-eps .. not found
getXMLAttribute: seeking for Constant->name .. not found
getXMLAttribute: seeking for Constant->symbol: meiotic_rate
getXMLAttribute: seeking for Constant->value: 0.001
getXMLAttribute: seeking for Constant->notation .. not found
Registering Symbol meiotic_rate of linktype ConstantLink in Scope System
getXMLAttribute: seeking for DiffEqn->symbol-ref: meiotic_stage
getXMLAttribute: seeking for Reaction->text: meiotic_rate
getXMLAttribute: seeking for Advection->text .. not found
getXMLAttribute: seeking for Diffusion->text .. not found
getXMLAttribute: seeking for Diffusion->well-mixed .. not found
CellTypes defined: 'DTC' 'germcell_meiotic' 'germcell_proliferative' 'medium' 
getXMLAttribute: seeking for MonteCarloSampler/MCSDuration->value: 1
getXMLAttribute: seeking for MonteCarloSampler->stepper: edgelist
getXMLAttribute: seeking for MonteCarloSampler/MetropolisKinetics->temperature: 2.0
getXMLAttribute: seeking for MonteCarloSampler/MetropolisKinetics->yield .. not found
getXMLAttribute: seeking for Contact->value: 8
getXMLAttribute: seeking for Contact->value: 2
getXMLAttribute: seeking for Contact->value: 4
getXMLAttribute: seeking for Contact->value: 10
getXMLAttribute: seeking for Contact->value: -4
getXMLAttribute: seeking for Contact->value: 0
getXMLAttribute: seeking for Contact->value: 12
getXMLAttribute: seeking for Contact->value: -2
Registering Symbol size of linktype PrimitiveConstant in Scope root
Registering Symbol size.x of linktype VectorComponentLink in Scope root
Registering Symbol size.y of linktype VectorComponentLink in Scope root
Registering Symbol size.z of linktype VectorComponentLink in Scope root
Registering Symbol size.phi of linktype VectorComponentLink in Scope root
Registering Symbol size.theta of linktype VectorComponentLink in Scope root
Registering Symbol size.abs of linktype VectorComponentLink in Scope root
Setting boundary neighborhood to order 2
Assigning Shape Neighborhood of size 2.44949 -> 80 neighbors.
Setting boundary neighborhood to order 6
Creating cell layer of size 1.0166 MB
with initial state set to CellType 'medium'
getXMLAttribute: seeking for InitCellObjects->mode: distance
getXMLAttribute: seeking for InitCircle->number-of-cells: 15
getXMLAttribute: seeking for InitCircle->mode: random
getXMLAttribute: seeking for Dimensions->center: 25, 20, 20
getXMLAttribute: seeking for Dimensions->radius: 12
Initializing celltype 'medium'
Initializing celltype 'DTC'
Scope: Creating Accessor for symbol 'Vt' from Scope CellType[DTC]
Plugin VolumeConstraint: Registered input symbol dependencies Vt [CellType[DTC]] ,
