Initializing from file model.xml
Applied 0 patches to update MorpheusML version to internal v5!
Time/RandomSeed not specified, using arbitray seed (based on time).
Intitalize Thread Intitalize Thread 8 with seed 25588995560
Intitalize Thread Intitalize Thread  with seed Intitalize Thread 6 with seed 4224399515
4 with seed 23571498343 with seed 
1768043054533697933

Intitalize Thread Intitalize Thread 3 with seed Intitalize Thread Intitalize Thread 7 with seed 1294241957
2682874067
5 with seed 2465034070
Intitalize Thread 1 with seed 1668882053
9 with seed 3937388251
Registering Symbol time of linktype TimeLink in Scope root
Intitalize Thread 8 with seed 4226128334
Intitalize Thread 3 with seed Intitalize Thread 9 with seed 2111863253
4068791613
Intitalize Thread 0 with seed 123
Intitalize Thread 1 with seed 2256526400
Intitalize Thread 7 with seed 2342964264
Intitalize Thread Intitalize Thread Intitalize Thread Intitalize Thread 62 with seed 256824811
4 with seed 1386903166
5 with seed 3850189868
 with seed 1320940964
Registering Symbol space of linktype LocationLink in Scope root
Registering Symbol space.x of linktype VectorComponentLink in Scope root
Registering Symbol space.y of linktype VectorComponentLink in Scope root
Registering Symbol space.z of linktype VectorComponentLink in Scope root
Registering Symbol space.phi of linktype VectorComponentLink in Scope root
Registering Symbol space.theta of linktype VectorComponentLink in Scope root
Registering Symbol space.abs of linktype VectorComponentLink in Scope root
Creating lattice
getXMLAttribute: seeking for Lattice->class: linear
getXMLAttribute: seeking for Size->value: 600, 200, 0
getXMLAttribute: seeking for Size->symbol: size
Loading [10] Global Plugins
getXMLAttribute: seeking for Variable->name .. not found
getXMLAttribute: seeking for Variable->symbol: time_hph
getXMLAttribute: seeking for Variable->value: 18.5
getXMLAttribute: seeking for Variable->notation .. not found
Registering Symbol time_hph of linktype VariableLink in Scope root
getXMLAttribute: seeking for Variable->name .. not found
getXMLAttribute: seeking for Variable->symbol: total_cells
getXMLAttribute: seeking for Variable->value: 0
getXMLAttribute: seeking for Variable->notation .. not found
Registering Symbol total_cells of linktype VariableLink in Scope root
getXMLAttribute: seeking for Variable->name .. not found
getXMLAttribute: seeking for Variable->symbol: proliferative_cells
getXMLAttribute: seeking for Variable->value: 0
getXMLAttribute: seeking for Variable->notation .. not found
Registering Symbol proliferative_cells of linktype VariableLink in Scope root
getXMLAttribute: seeking for Constant->name .. not found
getXMLAttribute: seeking for Constant->symbol: DTC_x
getXMLAttribute: seeking for Constant->value: 50
getXMLAttribute: seeking for Constant->notation .. not found
Registering Symbol DTC_x of linktype ConstantLink in Scope root
getXMLAttribute: seeking for Constant->name .. not found
getXMLAttribute: seeking for Constant->symbol: meiotic_entry_dist
getXMLAttribute: seeking for Constant->value: 70
getXMLAttribute: seeking for Constant->notation .. not found
Registering Symbol meiotic_entry_dist of linktype ConstantLink in Scope root
getXMLAttribute: seeking for Constant->name .. not found
getXMLAttribute: seeking for Constant->symbol: sperm_decision_dist
getXMLAttribute: seeking for Constant->value: 200
getXMLAttribute: seeking for Constant->notation .. not found
Registering Symbol sperm_decision_dist of linktype ConstantLink in Scope root
getXMLAttribute: seeking for Constant->name .. not found
getXMLAttribute: seeking for Constant->symbol: sperm_switch_time
getXMLAttribute: seeking for Constant->value: 32.5
getXMLAttribute: seeking for Constant->notation .. not found
Registering Symbol sperm_switch_time of linktype ConstantLink in Scope root
getXMLAttribute: seeking for Constant->name .. not found
getXMLAttribute: seeking for Constant->symbol: larval_cycle
getXMLAttribute: seeking for Constant->value: 3.0
getXMLAttribute: seeking for Constant->notation .. not found
Registering Symbol larval_cycle of linktype ConstantLink in Scope root
getXMLAttribute: seeking for Constant->name .. not found
getXMLAttribute: seeking for Constant->symbol: adult_cycle
getXMLAttribute: seeking for Constant->value: 8.0
getXMLAttribute: seeking for Constant->notation .. not found
Registering Symbol adult_cycle of linktype ConstantLink in Scope root
getXMLAttribute: seeking for Constant->name .. not found
getXMLAttribute: seeking for Constant->symbol: adult_start
getXMLAttribute: seeking for Constant->value: 35.5
getXMLAttribute: seeking for Constant->notation .. not found
Registering Symbol adult_start of linktype ConstantLink in Scope root
Creating subscope CellType[proliferative] in scope root
Registering Symbol cell.type of linktype PrimitiveConstant in Scope CellType[proliferative]
Registering Symbol cell.type of linktype CompositeLink in Scope root
Registering Symbol cell.id of linktype CellIDLink in Scope CellType[proliferative]
Registering Symbol cell.id of linktype CompositeLink in Scope root
Registering Symbol cell.center of linktype CellCenterLink in Scope CellType[proliferative]
Registering Symbol cell.center of linktype CompositeLink in Scope root
Registering Symbol cell.center.x of linktype VectorComponentLink in Scope root
Registering Symbol cell.center.y of linktype VectorComponentLink in Scope root
Registering Symbol cell.center.z of linktype VectorComponentLink in Scope root
Registering Symbol cell.center.phi of linktype VectorComponentLink in Scope root
Registering Symbol cell.center.theta of linktype VectorComponentLink in Scope root
Registering Symbol cell.center.abs of linktype VectorComponentLink in Scope root
Registering Symbol cell.center.x of linktype VectorComponentLink in Scope CellType[proliferative]
Registering Symbol cell.center.y of linktype VectorComponentLink in Scope CellType[proliferative]
Registering Symbol cell.center.z of linktype VectorComponentLink in Scope CellType[proliferative]
Registering Symbol cell.center.phi of linktype VectorComponentLink in Scope CellType[proliferative]
Registering Symbol cell.center.theta of linktype VectorComponentLink in Scope CellType[proliferative]
Registering Symbol cell.center.abs of linktype VectorComponentLink in Scope CellType[proliferative]
Registering Symbol cell.volume of linktype CellVolumeLink in Scope CellType[proliferative]
Registering Symbol cell.volume of linktype CompositeLink in Scope root
Registering Symbol cell.length of linktype CellLengthLink in Scope CellType[proliferative]
Registering Symbol cell.length of linktype CompositeLink in Scope root
Registering Symbol cell.surface of linktype CellInterfaceLengthLink in Scope CellType[proliferative]
Registering Symbol cell.surface of linktype CompositeLink in Scope root
Registering Symbol cell.orientation of linktype CellOrientationLink in Scope CellType[proliferative]
Registering Symbol cell.orientation of linktype CompositeLink in Scope root
Registering Symbol cell.orientation.x of linktype VectorComponentLink in Scope root
Registering Symbol cell.orientation.y of linktype VectorComponentLink in Scope root
Registering Symbol cell.orientation.z of linktype VectorComponentLink in Scope root
Registering Symbol cell.orientation.phi of linktype VectorComponentLink in Scope root
Registering Symbol cell.orientation.theta of linktype VectorComponentLink in Scope root
Registering Symbol cell.orientation.abs of linktype VectorComponentLink in Scope root
Registering Symbol cell.orientation.x of linktype VectorComponentLink in Scope CellType[proliferative]
Registering Symbol cell.orientation.y of linktype VectorComponentLink in Scope CellType[proliferative]
Registering Symbol cell.orientation.z of linktype VectorComponentLink in Scope CellType[proliferative]
Registering Symbol cell.orientation.phi of linktype VectorComponentLink in Scope CellType[proliferative]
Registering Symbol cell.orientation.theta of linktype VectorComponentLink in Scope CellType[proliferative]
Registering Symbol cell.orientation.abs of linktype VectorComponentLink in Scope CellType[proliferative]
Registering Symbol celltype.proliferative.id of linktype PrimitiveConstant in Scope root
Registering Symbol celltype.proliferative.size of linktype CellPopulationSizeLink in Scope root
Creating subscope CellType[meiotic] in scope root
Registering Symbol cell.type of linktype PrimitiveConstant in Scope CellType[meiotic]
Registering Symbol cell.id of linktype CellIDLink in Scope CellType[meiotic]
Registering Symbol cell.center of linktype CellCenterLink in Scope CellType[meiotic]
Registering Symbol cell.center.x of linktype VectorComponentLink in Scope CellType[meiotic]
Registering Symbol cell.center.y of linktype VectorComponentLink in Scope CellType[meiotic]
Registering Symbol cell.center.z of linktype VectorComponentLink in Scope CellType[meiotic]
Registering Symbol cell.center.phi of linktype VectorComponentLink in Scope CellType[meiotic]
Registering Symbol cell.center.theta of linktype VectorComponentLink in Scope CellType[meiotic]
Registering Symbol cell.center.abs of linktype VectorComponentLink in Scope CellType[meiotic]
Registering Symbol cell.volume of linktype CellVolumeLink in Scope CellType[meiotic]
Registering Symbol cell.length of linktype CellLengthLink in Scope CellType[meiotic]
Registering Symbol cell.surface of linktype CellInterfaceLengthLink in Scope CellType[meiotic]
Registering Symbol cell.orientation of linktype CellOrientationLink in Scope CellType[meiotic]
Registering Symbol cell.orientation.x of linktype VectorComponentLink in Scope CellType[meiotic]
Registering Symbol cell.orientation.y of linktype VectorComponentLink in Scope CellType[meiotic]
Registering Symbol cell.orientation.z of linktype VectorComponentLink in Scope CellType[meiotic]
Registering Symbol cell.orientation.phi of linktype VectorComponentLink in Scope CellType[meiotic]
Registering Symbol cell.orientation.theta of linktype VectorComponentLink in Scope CellType[meiotic]
Registering Symbol cell.orientation.abs of linktype VectorComponentLink in Scope CellType[meiotic]
Registering Symbol celltype.meiotic.id of linktype PrimitiveConstant in Scope root
Registering Symbol celltype.meiotic.size of linktype CellPopulationSizeLink in Scope root
Creating subscope CellType[sperm] in scope root
Registering Symbol cell.type of linktype PrimitiveConstant in Scope CellType[sperm]
Registering Symbol cell.id of linktype CellIDLink in Scope CellType[sperm]
Registering Symbol cell.center of linktype CellCenterLink in Scope CellType[sperm]
Registering Symbol cell.center.x of linktype VectorComponentLink in Scope CellType[sperm]
Registering Symbol cell.center.y of linktype VectorComponentLink in Scope CellType[sperm]
Registering Symbol cell.center.z of linktype VectorComponentLink in Scope CellType[sperm]
Registering Symbol cell.center.phi of linktype VectorComponentLink in Scope CellType[sperm]
Registering Symbol cell.center.theta of linktype VectorComponentLink in Scope CellType[sperm]
Registering Symbol cell.center.abs of linktype VectorComponentLink in Scope CellType[sperm]
Registering Symbol cell.volume of linktype CellVolumeLink in Scope CellType[sperm]
Registering Symbol cell.length of linktype CellLengthLink in Scope CellType[sperm]
Registering Symbol cell.surface of linktype CellInterfaceLengthLink in Scope CellType[sperm]
Registering Symbol cell.orientation of linktype CellOrientationLink in Scope CellType[sperm]
Registering Symbol cell.orientation.x of linktype VectorComponentLink in Scope CellType[sperm]
Registering Symbol cell.orientation.y of linktype VectorComponentLink in Scope CellType[sperm]
Registering Symbol cell.orientation.z of linktype VectorComponentLink in Scope CellType[sperm]
Registering Symbol cell.orientation.phi of linktype VectorComponentLink in Scope CellType[sperm]
Registering Symbol cell.orientation.theta of linktype VectorComponentLink in Scope CellType[sperm]
Registering Symbol cell.orientation.abs of linktype VectorComponentLink in Scope CellType[sperm]
Registering Symbol celltype.sperm.id of linktype PrimitiveConstant in Scope root
Registering Symbol celltype.sperm.size of linktype CellPopulationSizeLink in Scope root
Creating subscope CellType[oocyte] in scope root
Registering Symbol cell.type of linktype PrimitiveConstant in Scope CellType[oocyte]
Registering Symbol cell.id of linktype CellIDLink in Scope CellType[oocyte]
Registering Symbol cell.center of linktype CellCenterLink in Scope CellType[oocyte]
Registering Symbol cell.center.x of linktype VectorComponentLink in Scope CellType[oocyte]
Registering Symbol cell.center.y of linktype VectorComponentLink in Scope CellType[oocyte]
Registering Symbol cell.center.z of linktype VectorComponentLink in Scope CellType[oocyte]
Registering Symbol cell.center.phi of linktype VectorComponentLink in Scope CellType[oocyte]
Registering Symbol cell.center.theta of linktype VectorComponentLink in Scope CellType[oocyte]
Registering Symbol cell.center.abs of linktype VectorComponentLink in Scope CellType[oocyte]
Registering Symbol cell.volume of linktype CellVolumeLink in Scope CellType[oocyte]
Registering Symbol cell.length of linktype CellLengthLink in Scope CellType[oocyte]
Registering Symbol cell.surface of linktype CellInterfaceLengthLink in Scope CellType[oocyte]
Registering Symbol cell.orientation of linktype CellOrientationLink in Scope CellType[oocyte]
Registering Symbol cell.orientation.x of linktype VectorComponentLink in Scope CellType[oocyte]
Registering Symbol cell.orientation.y of linktype VectorComponentLink in Scope CellType[oocyte]
Registering Symbol cell.orientation.z of linktype VectorComponentLink in Scope CellType[oocyte]
Registering Symbol cell.orientation.phi of linktype VectorComponentLink in Scope CellType[oocyte]
Registering Symbol cell.orientation.theta of linktype VectorComponentLink in Scope CellType[oocyte]
Registering Symbol cell.orientation.abs of linktype VectorComponentLink in Scope CellType[oocyte]
Registering Symbol celltype.oocyte.id of linktype PrimitiveConstant in Scope root
Registering Symbol celltype.oocyte.size of linktype CellPopulationSizeLink in Scope root
getXMLAttribute: seeking for Property->name .. not found
getXMLAttribute: seeking for Property->symbol: cell_phase
getXMLAttribute: seeking for Property->value: 0
getXMLAttribute: seeking for Property->notation .. not found
Registering Symbol cell_phase of linktype CellPropertyLink in Scope CellType[proliferative]
Registering Symbol cell_phase of linktype CompositeLink in Scope root
getXMLAttribute: seeking for Property->name .. not found
getXMLAttribute: seeking for Property->symbol: phase_time
getXMLAttribute: seeking for Property->value: 0
getXMLAttribute: seeking for Property->notation .. not found
Registering Symbol phase_time of linktype CellPropertyLink in Scope CellType[proliferative]
Registering Symbol phase_time of linktype CompositeLink in Scope root
getXMLAttribute: seeking for Property->name .. not found
getXMLAttribute: seeking for Property->symbol: cycle_length
getXMLAttribute: seeking for Property->value: 3.0
getXMLAttribute: seeking for Property->notation .. not found
Registering Symbol cycle_length of linktype CellPropertyLink in Scope CellType[proliferative]
Registering Symbol cycle_length of linktype CompositeLink in Scope root
getXMLAttribute: seeking for Property->name .. not found
getXMLAttribute: seeking for Property->symbol: dist_from_DTC
getXMLAttribute: seeking for Property->value: 0
getXMLAttribute: seeking for Property->notation .. not found
Registering Symbol dist_from_DTC of linktype CellPropertyLink in Scope CellType[proliferative]
Registering Symbol dist_from_DTC of linktype CompositeLink in Scope root
getXMLAttribute: seeking for Property->name .. not found
getXMLAttribute: seeking for Property->symbol: divisions
getXMLAttribute: seeking for Property->value: 0
getXMLAttribute: seeking for Property->notation .. not found
Registering Symbol divisions of linktype CellPropertyLink in Scope CellType[proliferative]
Registering Symbol divisions of linktype CompositeLink in Scope root
getXMLAttribute: seeking for VolumeConstraint->target: 250
getXMLAttribute: seeking for VolumeConstraint->strength: 1
getXMLAttribute: seeking for SurfaceConstraint->target: 0.9
getXMLAttribute: seeking for SurfaceConstraint->strength: 1
getXMLAttribute: seeking for SurfaceConstraint->mode: aspherity
getXMLAttribute: seeking for SurfaceConstraint->exponent .. not found
getXMLAttribute: seeking for System->time-step: 0.1
Creating subscope System in scope CellType[proliferative]
getXMLAttribute: seeking for System->solver: Euler [fixed, O(1)]
getXMLAttribute: seeking for System->solver-eps .. not found
getXMLAttribute: seeking for Rule->symbol-ref: dist_from_DTC
getXMLAttribute: seeking for Expression->text: abs(cell.center.x - DTC_x)
getXMLAttribute: seeking for Rule->symbol-ref: cycle_length
getXMLAttribute: seeking for Expression->text: if(time_hph >= adult_start, adult_cycle, larval_cycle)
getXMLAttribute: seeking for Rule->symbol-ref: phase_time
getXMLAttribute: seeking for Expression->text: phase_time + 0.1
getXMLAttribute: seeking for Condition->text: phase_time >= cycle_length
getXMLAttribute: seeking for CellDivision->division-plane: random
getXMLAttribute: seeking for CellDivision->orientation .. not found
getXMLAttribute: seeking for CellDivision->write-log .. not found
getXMLAttribute: seeking for CellDivision->trigger .. not found
Creating subscope System in scope CellType[proliferative]
getXMLAttribute: seeking for Rule->symbol-ref: phase_time
getXMLAttribute: seeking for Expression->text: 0
getXMLAttribute: seeking for Rule->symbol-ref: divisions
getXMLAttribute: seeking for Expression->text: divisions + 0.5
Registering Symbol __daughterID of linktype PrimitiveVariable in Scope System
getXMLAttribute: seeking for Condition->text: dist_from_DTC >= meiotic_entry_dist
getXMLAttribute: seeking for ChangeCellType->newCellType: meiotic
getXMLAttribute: seeking for Property->name .. not found
getXMLAttribute: seeking for Property->symbol: dist_from_DTC
getXMLAttribute: seeking for Property->value: 0
getXMLAttribute: seeking for Property->notation .. not found
Registering Symbol dist_from_DTC of linktype CellPropertyLink in Scope CellType[meiotic]
getXMLAttribute: seeking for Property->name .. not found
getXMLAttribute: seeking for Property->symbol: age
getXMLAttribute: seeking for Property->value: 0
getXMLAttribute: seeking for Property->notation .. not found
Registering Symbol age of linktype CellPropertyLink in Scope CellType[meiotic]
Registering Symbol age of linktype CompositeLink in Scope root
getXMLAttribute: seeking for VolumeConstraint->target: 400
getXMLAttribute: seeking for VolumeConstraint->strength: 1
getXMLAttribute: seeking for SurfaceConstraint->target: 0.9
getXMLAttribute: seeking for SurfaceConstraint->strength: 1
getXMLAttribute: seeking for SurfaceConstraint->mode: aspherity
getXMLAttribute: seeking for SurfaceConstraint->exponent .. not found
getXMLAttribute: seeking for System->time-step: 0.1
Creating subscope System in scope CellType[meiotic]
getXMLAttribute: seeking for System->solver: Euler [fixed, O(1)]
getXMLAttribute: seeking for System->solver-eps .. not found
getXMLAttribute: seeking for Rule->symbol-ref: dist_from_DTC
getXMLAttribute: seeking for Expression->text: abs(cell.center.x - DTC_x)
getXMLAttribute: seeking for Rule->symbol-ref: age
getXMLAttribute: seeking for Expression->text: age + 0.1
getXMLAttribute: seeking for Condition->text: dist_from_DTC >= sperm_decision_dist and time_hph < sperm_switch_time
getXMLAttribute: seeking for ChangeCellType->newCellType: sperm
getXMLAttribute: seeking for Condition->text: dist_from_DTC >= sperm_decision_dist and time_hph >= sperm_switch_time
getXMLAttribute: seeking for ChangeCellType->newCellType: oocyte
getXMLAttribute: seeking for VolumeConstraint->target: 50
getXMLAttribute: seeking for VolumeConstraint->strength: 1
getXMLAttribute: seeking for SurfaceConstraint->target: 0.9
getXMLAttribute: seeking for SurfaceConstraint->strength: 1
getXMLAttribute: seeking for SurfaceConstraint->mode: aspherity
getXMLAttribute: seeking for SurfaceConstraint->exponent .. not found
getXMLAttribute: seeking for Property->name .. not found
getXMLAttribute: seeking for Property->symbol: age
getXMLAttribute: seeking for Property->value: 0
getXMLAttribute: seeking for Property->notation .. not found
Registering Symbol age of linktype CellPropertyLink in Scope CellType[oocyte]
getXMLAttribute: seeking for Property->name .. not found
getXMLAttribute: seeking for Property->symbol: mature
getXMLAttribute: seeking for Property->value: 0
getXMLAttribute: seeking for Property->notation .. not found
Registering Symbol mature of linktype CellPropertyLink in Scope CellType[oocyte]
Registering Symbol mature of linktype CompositeLink in Scope root
getXMLAttribute: seeking for VolumeConstraint->target: 800
getXMLAttribute: seeking for VolumeConstraint->strength: 1
getXMLAttribute: seeking for SurfaceConstraint->target: 0.9
getXMLAttribute: seeking for SurfaceConstraint->strength: 1
getXMLAttribute: seeking for SurfaceConstraint->mode: aspherity
getXMLAttribute: seeking for SurfaceConstraint->exponent .. not found
getXMLAttribute: seeking for System->time-step: 0.1
Creating subscope System in scope CellType[oocyte]
getXMLAttribute: seeking for System->solver: Euler [fixed, O(1)]
getXMLAttribute: seeking for System->solver-eps .. not found
getXMLAttribute: seeking for Rule->symbol-ref: age
getXMLAttribute: seeking for Expression->text: age + 0.1
getXMLAttribute: seeking for Rule->symbol-ref: mature
getXMLAttribute: seeking for Expression->text: if(cell.volume >= 700, 1, 0)
getXMLAttribute: seeking for Condition->text: age > 10 and rand_uni(0,1) < 0.025
getXMLAttribute: seeking for Shrinkage->target-volume .. not found
getXMLAttribute: seeking for Shrinkage->remove-volume .. not found
getXMLAttribute: seeking for Shrinkage->replace-with .. not found
CellTypes defined: 'meiotic' 'oocyte' 'proliferative' 'sperm' 
Creating subscope CellType[Medium] in scope root
Registering Symbol cell.type of linktype PrimitiveConstant in Scope CellType[Medium]
Registering Symbol cell.id of linktype CellIDLink in Scope CellType[Medium]
Registering Symbol cell.center of linktype CellCenterLink in Scope CellType[Medium]
Registering Symbol cell.center.x of linktype VectorComponentLink in Scope CellType[Medium]
Registering Symbol cell.center.y of linktype VectorComponentLink in Scope CellType[Medium]
Registering Symbol cell.center.z of linktype VectorComponentLink in Scope CellType[Medium]
Registering Symbol cell.center.phi of linktype VectorComponentLink in Scope CellType[Medium]
Registering Symbol cell.center.theta of linktype VectorComponentLink in Scope CellType[Medium]
Registering Symbol cell.center.abs of linktype VectorComponentLink in Scope CellType[Medium]
Registering Symbol cell.volume of linktype CellVolumeLink in Scope CellType[Medium]
getXMLAttribute: seeking for MonteCarloSampler/MCSDuration->value: 1.0
getXMLAttribute: seeking for MonteCarloSampler->stepper: edgelist
getXMLAttribute: seeking for MonteCarloSampler/MetropolisKinetics->temperature: 5
getXMLAttribute: seeking for MonteCarloSampler/MetropolisKinetics->yield: 0.1
getXMLAttribute: seeking for Contact->value: -5
getXMLAttribute: seeking for Contact->value: -3
getXMLAttribute: seeking for Contact->value: -3
getXMLAttribute: seeking for Contact->value: 5
getXMLAttribute: seeking for Contact->value: -2
getXMLAttribute: seeking for Contact->value: -2
getXMLAttribute: seeking for Contact->value: -1
Registering Symbol size of linktype PrimitiveConstant in Scope root
Registering Symbol size.x of linktype VectorComponentLink in Scope root
Registering Symbol size.y of linktype VectorComponentLink in Scope root
Registering Symbol size.z of linktype VectorComponentLink in Scope root
Registering Symbol size.phi of linktype VectorComponentLink in Scope root
Registering Symbol size.theta of linktype VectorComponentLink in Scope root
Registering Symbol size.abs of linktype VectorComponentLink in Scope root
Setting boundary neighborhood to order 2
Assigning Shape Neighborhood of size 3 -> 6 neighbors.
Setting boundary neighborhood to order 3
Creating cell layer of size 0.112305 MB
with initial state set to CellType 'Medium'
getXMLAttribute: seeking for InitCircle->number-of-cells: 16
getXMLAttribute: seeking for InitCircle->mode: random
getXMLAttribute: seeking for Dimensions->center: 80, 100, 0
getXMLAttribute: seeking for Dimensions->radius: 30
Initializing celltype 'proliferative'
Scope: Creating Accessor for symbol 'dist_from_DTC' from Scope CellType[proliferative]
Scope: Creating Accessor for symbol 'cycle_length' from Scope CellType[proliferative]
Scope: Creating Accessor for symbol 'phase_time' from Scope CellType[proliferative]
Scope: Creating Accessor for symbol 'cell.center.x' from Scope CellType[proliferative]
Scope: Creating Accessor for symbol 'DTC_x' from Scope root
Scope: Creating Accessor for symbol 'time_hph' from Scope root
Scope: Creating Accessor for symbol 'adult_start' from Scope root
Scope: Creating Accessor for symbol 'adult_cycle' from Scope root
Scope: Creating Accessor for symbol 'larval_cycle' from Scope root
System::init: Reordering Initializers ...
Scope: Creating Accessor for symbol 'phase_time' from Scope CellType[proliferative]
Scope: Creating Accessor for symbol 'cycle_length' from Scope CellType[proliferative]
Plugin CellDivision: Registered input symbol dependencies phase_time [CellType[proliferative]] ,cycle_length [CellType[proliferative]] ,
Scope: Creating Accessor for symbol 'cell.center' from Scope CellType[proliferative]
Scope: Creating Accessor for symbol 'phase_time' from Scope CellType[proliferative]
Scope: Creating Accessor for symbol 'divisions' from Scope CellType[proliferative]
System::init: Reordering Initializers ...
Scope: Creating Accessor for symbol '__daughterID' from Scope System
Scope: Creating Accessor for symbol 'dist_from_DTC' from Scope CellType[proliferative]
Scope: Creating Accessor for symbol 'meiotic_entry_dist' from Scope root
Plugin ChangeCellType: Registered input symbol dependencies meiotic_entry_dist [root] ,dist_from_DTC [CellType[proliferative]] ,
Cells 16 requested 0
Initproperty refers to symbol 'phase_time' of type CellPropertyLink
Scope: Creating Accessor for symbol 'phase_time' from Scope CellType[proliferative]
Scope: Creating Accessor for symbol 'larval_cycle' from Scope root
Initializing celltype 'meiotic'
Scope: Creating Accessor for symbol 'dist_from_DTC' from Scope CellType[meiotic]
Scope: Creating Accessor for symbol 'age' from Scope CellType[meiotic]
Scope: Creating Accessor for symbol 'cell.center.x' from Scope CellType[meiotic]
Scope: Creating Accessor for symbol 'DTC_x' from Scope root
System::init: Reordering Initializers ...
Scope: Creating Accessor for symbol 'dist_from_DTC' from Scope CellType[meiotic]
Scope: Creating Accessor for symbol 'sperm_decision_dist' from Scope root
Scope: Creating Accessor for symbol 'time_hph' from Scope root
Scope: Creating Accessor for symbol 'sperm_switch_time' from Scope root
Plugin ChangeCellType: Registered input symbol dependencies time_hph [root] ,sperm_decision_dist [root] ,sperm_switch_time [root] ,dist_from_DTC [CellType[meiotic]] ,
Scope: Creating Accessor for symbol 'dist_from_DTC' from Scope CellType[meiotic]
Scope: Creating Accessor for symbol 'sperm_decision_dist' from Scope root
Scope: Creating Accessor for symbol 'time_hph' from Scope root
Scope: Creating Accessor for symbol 'sperm_switch_time' from Scope root
Plugin ChangeCellType: Registered input symbol dependencies time_hph [root] ,sperm_decision_dist [root] ,sperm_switch_time [root] ,dist_from_DTC [CellType[meiotic]] ,
Initializing celltype 'sperm'
Initializing celltype 'oocyte'
Scope: Creating Accessor for symbol 'age' from Scope CellType[oocyte]
Scope: Creating Accessor for symbol 'mature' from Scope CellType[oocyte]
Scope: Creating Accessor for symbol 'cell.volume' from Scope CellType[oocyte]
System::init: Reordering Initializers ...
Scope: Creating Accessor for symbol 'age' from Scope CellType[oocyte]
Plugin CellDeath: Registered input symbol dependencies age [CellType[oocyte]] ,
Scope: Creating Accessor for symbol 'cell.center' from Scope CellType[oocyte]
Initializing celltype 'Medium'
Scope: Creating Accessor for symbol 'cell.center' from Scope root
Scope: Creating Accessor for symbol 'cell.volume' from Scope root
Scope: Creating Accessor for symbol 'cell.surface' from Scope root
Scope: Creating Accessor for symbol 'cell.length' from Scope root
Scope: Creating Accessor for symbol 'cell.type' from Scope root
creating Edge tracker 

 thread_id = 0x20e3ee240, register_thread_index = 0, shared_locks_array[cur_index].value = 1

 thread_id = 0x17174b000, register_thread_index = 1, shared_locks_array[cur_index].value = 1

 thread_id = 0x16f72b000, register_thread_index = 2, shared_locks_array[cur_index].value = 1

 thread_id = 0x16ef23000, register_thread_index = 3, shared_locks_array[cur_index].value = 1

 thread_id = 0x16e71b000, register_thread_index = 4, shared_locks_array[cur_index].value = 1

 thread_id = 0x16df13000, register_thread_index = 5, shared_locks_array[cur_index].value = 1

 thread_id = 0x171f53000, register_thread_index = 6, shared_locks_array[cur_index].value = 1

 thread_id = 0x170f43000, register_thread_index = 7, shared_locks_array[cur_index].value = 1

 thread_id = 0x17073b000, register_thread_index = 8, shared_locks_array[cur_index].value = 1

 thread_id = 0x16ff33000, register_thread_index = 9, shared_locks_array[cur_index].value = 1
EdgeListTracker::init() : Created Tracker with Neighborhood size 2 of size 0.0410156 MB
EdgeListTracker::init() : Found 56 initial edges, wherof 56 can be modified.
CPM: InteractionEnergy has 6 neighbors
CPM: InteractionEnergy was initialized with  IA_COLLAPSE 
Loading Analysis tools [6]
getXMLAttribute: seeking for Input->value: 1
getXMLAttribute: seeking for Polarity->symbol-ref .. not found
getXMLAttribute: seeking for Output[0]->mapping: sum
getXMLAttribute: seeking for Output[0]->symbol-ref: time_hph
getXMLAttribute: seeking for Input->value: 1
getXMLAttribute: seeking for Polarity->symbol-ref .. not found
getXMLAttribute: seeking for Output[0]->mapping: sum
getXMLAttribute: seeking for Output[0]->symbol-ref: total_cells
getXMLAttribute: seeking for Input->value: 1
getXMLAttribute: seeking for Polarity->symbol-ref .. not found
getXMLAttribute: seeking for Output[0]->mapping: sum
getXMLAttribute: seeking for Output[0]->symbol-ref: proliferative_cells
getXMLAttribute: seeking for Gnuplotter->file-numbering .. not found
getXMLAttribute: seeking for Terminal->name: png
getXMLAttribute: seeking for Terminal->size .. not found
getXMLAttribute: seeking for Gnuplotter->time-step: 10
getXMLAttribute: seeking for Cells->value: cell.type
getXMLAttribute: seeking for CellLabels->value: divisions
getXMLAttribute: seeking for Input/Symbol[0]->symbol-ref: time_hph
getXMLAttribute: seeking for Input/Symbol[1]->symbol-ref: total_cells
getXMLAttribute: seeking for Input/Symbol[2]->symbol-ref: proliferative_cells
getXMLAttribute: seeking for Restriction/Slice->value .. not found
getXMLAttribute: seeking for Restriction/Slice->axis .. not found
getXMLAttribute: seeking for Restriction/Celltype->celltype .. not found
getXMLAttribute: seeking for Restriction/Cells->cell-ids .. not found
getXMLAttribute: seeking for Restriction->domain-only .. not found
getXMLAttribute: seeking for Restriction->condition .. not found
getXMLAttribute: seeking for Input->force-node-granularity .. not found
getXMLAttribute: seeking for Input->include-boundary .. not found
getXMLAttribute: seeking for Restriction->exclude-medium .. not found
getXMLAttribute: seeking for Output/TextOutput->header .. not found
getXMLAttribute: seeking for Output/TextOutput->header-guarding .. not found
getXMLAttribute: seeking for Output/TextOutput->separator .. not found
getXMLAttribute: seeking for Output/TextOutput->file-name .. not found
getXMLAttribute: seeking for Output/TextOutput->file-numbering .. not found
getXMLAttribute: seeking for Output/TextOutput->file-separation .. not found
getXMLAttribute: seeking for Output/TextOutput->file-format: csv
getXMLAttribute: seeking for Plots/Plot[0]->time-step: 20
getXMLAttribute: seeking for Plots/Plot[0]->title .. not found
getXMLAttribute: seeking for Plots/Plot[0]->log-commands .. not found
getXMLAttribute: seeking for Plots/Plot[0]/Terminal->terminal: png
getXMLAttribute: seeking for Plots/Plot[0]/Terminal->plot-size .. not found
getXMLAttribute: seeking for Plots/Plot[0]->file-numbering .. not found
getXMLAttribute: seeking for Plots/Plot[0]/Range/Time->mode .. not found
getXMLAttribute: seeking for Plots/Plot[0]/Range/Time->history .. not found
getXMLAttribute: seeking for Plots/Plot[0]/Range/Data->first-line .. not found
getXMLAttribute: seeking for Plots/Plot[0]/Range/Data->last-line .. not found
getXMLAttribute: seeking for Plots/Plot[0]/Range/Data->increment .. not found
getXMLAttribute: seeking for Plots/Plot[0]/Style->style: lines
getXMLAttribute: seeking for Plots/Plot[0]/Style->decorate .. not found
getXMLAttribute: seeking for Plots/Plot[0]/Style->point-size .. not found
getXMLAttribute: seeking for Plots/Plot[0]/Style->line-width: 2
getXMLAttribute: seeking for Plots/Plot[0]/Style->grid .. not found
getXMLAttribute: seeking for Plots/Plot[0]/X-axis/Symbol->symbol-ref: time_hph
getXMLAttribute: seeking for Plots/Plot[0]/X-axis->minimum .. not found
getXMLAttribute: seeking for Plots/Plot[0]/X-axis->maximum .. not found
getXMLAttribute: seeking for Plots/Plot[0]/X-axis->logarithmic .. not found
getXMLAttribute: seeking for Plots/Plot[0]/Y-axis/Symbol[0]->symbol-ref: total_cells
getXMLAttribute: seeking for Plots/Plot[0]/Y-axis/Symbol[1]->symbol-ref: proliferative_cells
getXMLAttribute: seeking for Plots/Plot[0]/Y-axis/Symbol[2]->symbol-ref .. not found
getXMLAttribute: seeking for Plots/Plot[0]/Y-axis/Symbol[3]->symbol-ref .. not found
getXMLAttribute: seeking for Plots/Plot[0]/Y-axis/Symbol[4]->symbol-ref .. not found
getXMLAttribute: seeking for Plots/Plot[0]/Y-axis/Symbol[5]->symbol-ref .. not found
getXMLAttribute: seeking for Plots/Plot[0]/Y-axis/Symbol[6]->symbol-ref .. not found
getXMLAttribute: seeking for Plots/Plot[0]/Y-axis/Symbol[7]->symbol-ref .. not found
getXMLAttribute: seeking for Plots/Plot[0]/Y-axis/Symbol[8]->symbol-ref .. not found
getXMLAttribute: seeking for Plots/Plot[0]/Y-axis/Symbol[9]->symbol-ref .. not found
getXMLAttribute: seeking for Plots/Plot[0]/Y-axis->minimum: 0
getXMLAttribute: seeking for Plots/Plot[0]/Y-axis->maximum: 500
getXMLAttribute: seeking for Plots/Plot[0]/Y-axis->logarithmic .. not found
getXMLAttribute: seeking for Plots/Plot[0]/Color-bar/Symbol->symbol-ref .. not found
getXMLAttribute: seeking for Plots/Plot[0]/Color-bar->minimum .. not found
getXMLAttribute: seeking for Plots/Plot[0]/Color-bar->maximum .. not found
getXMLAttribute: seeking for Plots/Plot[0]/Color-bar->logarithmic .. not found
getXMLAttribute: seeking for Plots/Plot[0]/Color-bar->palette .. not found
getXMLAttribute: seeking for Plots/Plot[0]/Color-bar->reverse-palette .. not found
getXMLAttribute: seeking for Logger->time-step: 1
getXMLAttribute: seeking for ModelGraph->format: svg
getXMLAttribute: seeking for ModelGraph->reduced: false
getXMLAttribute: seeking for ModelGraph->exclude-symbols .. not found
getXMLAttribute: seeking for ModelGraph->include-tags .. not found
Scope: Creating Accessor for symbol 'time_hph' from Scope root
PluginMapper: Registered output symbol dependencies time_hph [root] ,
Scope: Creating Accessor for symbol 'total_cells' from Scope root
PluginMapper: Registered output symbol dependencies total_cells [root] ,
Scope: Creating Accessor for symbol 'proliferative_cells' from Scope root
PluginMapper: Registered output symbol dependencies proliferative_cells [root] ,
Scope: Creating Accessor for symbol 'cell.type' from Scope root
Scope: Creating Accessor for symbol 'divisions' from Scope root
Scope: Creating Accessor for symbol 'time_hph' from Scope root
Scope: Creating Accessor for symbol 'total_cells' from Scope root
Scope: Creating Accessor for symbol 'proliferative_cells' from Scope root
Plugin Logger: Registered input symbol dependencies time_hph [root] ,total_cells [root] ,proliferative_cells [root] ,
Scope: Creating Accessor for symbol 'time_hph' from Scope root
Scope: Creating Accessor for symbol 'total_cells' from Scope root
Scope: Creating Accessor for symbol 'proliferative_cells' from Scope root
Logger range:
-> size 1
-> dataAxes 
-> data.sizes: 1, 
-> file separation: None
Scope: Creating Accessor for symbol 'time' from Scope root
System
CellDivision
ChangeCellType
System
ChangeCellType
ChangeCellType
System
CellDeath
CPM
Mapper
Mapper
Mapper
Gnuplotter
Logger
ModelGraph

 TimeStepListener "System" propagates its time step 0.1

 TimeStepListener "CellDivision" propagates its time step 1

 TimeStepListener "ChangeCellType" propagates its time step 0.1

 TimeStepListener "System" propagates its time step 0.1

 TimeStepListener "ChangeCellType" propagates its time step 0.1

 TimeStepListener "ChangeCellType" propagates its time step 0.1

 TimeStepListener "System" propagates its time step 0.1

 TimeStepListener "CellDeath" propagates its time step 1

 TimeStepListener "CPM" propagates its time step 1

 TimeStepListener "Gnuplotter" propagates its time step 10

 TimeStepListener "Logger" propagates its time step 1

 TimeStepListener "ModelGraph" propagates its time step 100
TimeScheduler::init: Ordering instantaneous processes for sequential update ...
Trying to remove unregistered symbol "cell.center" from unresolved_symbols.Trying to remove unregistered symbol "cell.center" from unresolved_symbols. 
======================================================
 Time Schedule
======================================================
 Time precision patch is 0.0001

=====|    Phase I     |===============================
-----. CPM .------------------------------------
  + 1 => CPM [] -> [cell.center,cell.length,cell.surface,cell.type,cell.volume]
-----. Reactions .------------------------------------
  + 0.1 => System [DTC_x,adult_cycle,adult_start,cell.center.x,larval_cycle,time_hph] -> [cycle_length,dist_from_DTC,phase_time]
  + 0.1 => System [DTC_x,cell.center.x] -> [age,dist_from_DTC]
  + 0.1 => System [cell.volume] -> [age,mature]

=====|    Phase II    |===============================
-----. Reporters and Instantaneous Processes.---------
  + 1 => CellDivision [cycle_length,phase_time] -> [cell.center,divisions,phase_time]
  + 0.1 => ChangeCellType [dist_from_DTC,meiotic_entry_dist] -> []
  + 1 => CellDeath [age] -> [cell.center]
  + -1 => Mapper [] -> [time_hph]
  + 0.1 => ChangeCellType [dist_from_DTC,sperm_decision_dist,sperm_switch_time,time_hph] -> []
  + 0.1 => ChangeCellType [dist_from_DTC,sperm_decision_dist,sperm_switch_time,time_hph] -> []
  + -1 => Mapper [] -> [total_cells]
  + -1 => Mapper [] -> [proliferative_cells]

=====|    Phase III   |===============================
-----. Analysis .-------------------------------------
  + 10 => Gnuplotter [cell.type,divisions] 
  + 1 => Logger [proliferative_cells,time_hph,total_cells] 
  + 100 => ModelGraph [] 
------------------------------------------------------
======================================================

model is up
GnuPlotter: Saving plot_00000.png
No support for graph rendering. Falling back to dot output.
Time: 0.00 atu
System::init: Reordering Initializers ...
System::init: Reordering Initializers ...
System::init: Reordering Initializers ...
System::init: Reordering Initializers ...
System::init: Reordering Initializers ...
System::init: Reordering Initializers ...
System::init: Reordering Initializers ...
System::init: Reordering Initializers ...
System::init: Reordering Initializers ...
Time: 1 
Time: 2 
Time: 3 
Time: 4 
Time: 5 
Time: 6 
Time: 7 
Time: 8 
Time: 9 
GnuPlotter: Saving plot_00010.png
Time: 10 
Time: 11 
Time: 12 
Time: 13 
Time: 14 
Time: 15 
Time: 16 
Time: 17 
Time: 18 
Time: 19 
GnuPlotter: Saving plot_00020.png
Time: 20 
Time: 21 
Time: 22 
Time: 23 
Time: 24 
Time: 25 
Time: 26 
Time: 27 
Time: 28 
Time: 29 
GnuPlotter: Saving plot_00030.png
Time: 30 
Time: 31 
Time: 32 
Time: 33 
Time: 34 
Time: 35 
Time: 36 
Time: 37 
Time: 38 
Time: 39 
GnuPlotter: Saving plot_00040.png
Time: 40 
Time: 41 
Time: 42 
Time: 43 
Time: 44 
Time: 45 
Time: 46 
Time: 47 
Time: 48 
Time: 49 
GnuPlotter: Saving plot_00050.png
Time: 50 
Time: 51 
Time: 52 
Time: 53 
Time: 54 
Time: 55 
Time: 56 
Time: 57 
Time: 58 
Time: 59 
GnuPlotter: Saving plot_00060.png
Time: 60 
Time: 61 
Time: 62 
Time: 63 
Time: 64 
Time: 65 
Time: 66 
Time: 67 
Time: 68 
Time: 69 
GnuPlotter: Saving plot_00070.png
Time: 70 
Time: 71 
Time: 72 
Time: 73 
Time: 74 
Time: 75 
Time: 76 
Time: 77 
Time: 78 
Time: 79 
GnuPlotter: Saving plot_00080.png
Time: 80 
Time: 81 
Time: 82 
Time: 83 
Time: 84 
Time: 85 
Time: 86 
Time: 87 
Time: 88 
Time: 89 
GnuPlotter: Saving plot_00090.png
Time: 90 
Time: 91 
Time: 92 
Time: 93 
Time: 94 
Time: 95 
Time: 96 
Time: 97 
Time: 98 
Time: 99 
GnuPlotter: Saving plot_00100.png
Time: 100 
sampler 1 layer 13

=======================================================
    SCHEDULER PERFORMANCE STATISTICS
=======================================================

    +  71.1% = 1155.1ms ( 16.2)  | Initialisation []
    +   5.3% =  86.2ms (  8.0)  | Gnuplotter [cell.type,divisions]
    +   3.4% =  55.0ms (120.3)  | System [DTC_x,adult_cycle,adult_start,cell.center.x,larval_cycle,time_hph -> cycle_length,dist_from_DTC,phase_time]
    +   2.7% =  43.5ms ( 89.1)  | System [DTC_x,cell.center.x -> age,dist_from_DTC]
    +   2.6% =  43.1ms ( 89.2)  | System [cell.volume -> age,mature]
    +   0.7% =  11.0ms ( 36.2)  | CPM [cell.center,cell.length,cell.surface,cell.type,cell.volume]
    +   0.3% =   5.2ms (  4.9)  | Logger [proliferative_cells,time_hph,total_cells]
    +   0.2% =   2.9ms (  2.7)  | ChangeCellType [dist_from_DTC,meiotic_entry_dist]
    +   0.1% =   1.3ms (  1.3)  | CellDivision [cycle_length,phase_time -> cell.center,divisions,phase_time]
    +   0.1% =   1.1ms (  0.7)  | ChangeCellType [dist_from_DTC,sperm_decision_dist,sperm_switch_time,time_hph]
    +   0.1% =   1.1ms (  0.8)  | ChangeCellType [dist_from_DTC,sperm_decision_dist,sperm_switch_time,time_hph]
    +   0.0% =   0.2ms (  0.2)  | ModelGraph []
    +   0.0% =   0.2ms (  0.2)  | CellDeath [age -> cell.center]
    +   0.0% =   0.0ms (  0.0)  | Mapper [time_hph]
    +   0.0% =   0.0ms (  0.0)  | Mapper [total_cells]
    +   0.0% =   0.0ms (  0.0)  | Mapper [proliferative_cells]

======================================================

=== Simulation finished ===
Wall Time   = 1s 624ms
CPU Time    = 0s 380ms (10 threads)

