Setting output directory /Users/prerana/Desktop/morpheus/run_20250124_005524_Berkemeier2023
Initializing from file model.xml
Applied 0 patches to update MorpheusML version to internal v5!
Time/RandomSeed not specified, using arbitray seed (based on time).
Intitalize Thread 0 with seed 1769688536
Intitalize Thread Intitalize Thread 5 with seed 2354336069
Intitalize Thread 4 with seed 14406108126 with seed 
Intitalize Thread 3 with seed 2849640583
Intitalize Thread 8 with seed 1974087748
3511628904
Intitalize Thread 9 with seed Intitalize Thread 2 with seed 3133203318
44610540
Intitalize Thread Intitalize Thread 1 with seed 22620951327 with seed 4010530416

Registering Symbol t of linktype TimeLink in Scope root
Intitalize Thread 8 with seed 4226128334
Intitalize Thread Intitalize Thread 7 with seed 2342964264
Intitalize Thread 4Intitalize Thread Intitalize Thread 5 with seed 38501898680Intitalize Thread  with seed Intitalize Thread 6Intitalize Thread 3 with seed 4068791613
 with seed 1320940964
 with seed 1386903166

Intitalize Thread 2 with seed 256824811
1 with seed 2256526400
9 with seed 2111863253
123
Registering Symbol l of linktype LocationLink in Scope root
Registering Symbol l.x of linktype VectorComponentLink in Scope root
Registering Symbol l.y of linktype VectorComponentLink in Scope root
Registering Symbol l.z of linktype VectorComponentLink in Scope root
Registering Symbol l.phi of linktype VectorComponentLink in Scope root
Registering Symbol l.theta of linktype VectorComponentLink in Scope root
Registering Symbol l.abs of linktype VectorComponentLink in Scope root
Creating lattice
getXMLAttribute: seeking for Lattice->class: square
getXMLAttribute: seeking for Size->value: 200, 200, 0
getXMLAttribute: seeking for Size->symbol: size
Loading [4] Global Plugins
getXMLAttribute: seeking for Constant->name: Basal production rate
getXMLAttribute: seeking for Constant->symbol: rho
getXMLAttribute: seeking for Constant->value: 0.5
getXMLAttribute: seeking for Constant->notation .. not found
Registering Symbol rho of linktype ConstantLink in Scope root
getXMLAttribute: seeking for Constant->name: Degradation rate
getXMLAttribute: seeking for Constant->symbol: mu
getXMLAttribute: seeking for Constant->value: 0.1
getXMLAttribute: seeking for Constant->notation .. not found
Registering Symbol mu of linktype ConstantLink in Scope root
getXMLAttribute: seeking for Constant->name: Activation strength
getXMLAttribute: seeking for Constant->symbol: alpha
getXMLAttribute: seeking for Constant->value: 2.0
getXMLAttribute: seeking for Constant->notation .. not found
Registering Symbol alpha of linktype ConstantLink in Scope root
getXMLAttribute: seeking for Constant->name: Inhibition strength
getXMLAttribute: seeking for Constant->symbol: beta
getXMLAttribute: seeking for Constant->value: 1.5
getXMLAttribute: seeking for Constant->notation .. not found
Registering Symbol beta of linktype ConstantLink in Scope root
Creating subscope CellType[medium] in scope root
Registering Symbol cell.type of linktype PrimitiveConstant in Scope CellType[medium]
Registering Symbol cell.type of linktype CompositeLink in Scope root
Registering Symbol cell.id of linktype CellIDLink in Scope CellType[medium]
Registering Symbol cell.id of linktype CompositeLink in Scope root
Registering Symbol cell.center of linktype CellCenterLink in Scope CellType[medium]
Registering Symbol cell.center of linktype CompositeLink in Scope root
Registering Symbol cell.center.x of linktype VectorComponentLink in Scope root
Registering Symbol cell.center.y of linktype VectorComponentLink in Scope root
Registering Symbol cell.center.z of linktype VectorComponentLink in Scope root
Registering Symbol cell.center.phi of linktype VectorComponentLink in Scope root
Registering Symbol cell.center.theta of linktype VectorComponentLink in Scope root
Registering Symbol cell.center.abs of linktype VectorComponentLink in Scope root
Registering Symbol cell.center.x of linktype VectorComponentLink in Scope CellType[medium]
Registering Symbol cell.center.y of linktype VectorComponentLink in Scope CellType[medium]
Registering Symbol cell.center.z of linktype VectorComponentLink in Scope CellType[medium]
Registering Symbol cell.center.phi of linktype VectorComponentLink in Scope CellType[medium]
Registering Symbol cell.center.theta of linktype VectorComponentLink in Scope CellType[medium]
Registering Symbol cell.center.abs of linktype VectorComponentLink in Scope CellType[medium]
Registering Symbol cell.volume of linktype CellVolumeLink in Scope CellType[medium]
Registering Symbol cell.volume of linktype CompositeLink in Scope root
Registering Symbol celltype.medium.id of linktype PrimitiveConstant in Scope root
Registering Symbol celltype.medium.size of linktype CellPopulationSizeLink in Scope root
Creating subscope CellType[cells] in scope root
Registering Symbol cell.type of linktype PrimitiveConstant in Scope CellType[cells]
Registering Symbol cell.id of linktype CellIDLink in Scope CellType[cells]
Registering Symbol cell.center of linktype CellCenterLink in Scope CellType[cells]
Registering Symbol cell.center.x of linktype VectorComponentLink in Scope CellType[cells]
Registering Symbol cell.center.y of linktype VectorComponentLink in Scope CellType[cells]
Registering Symbol cell.center.z of linktype VectorComponentLink in Scope CellType[cells]
Registering Symbol cell.center.phi of linktype VectorComponentLink in Scope CellType[cells]
Registering Symbol cell.center.theta of linktype VectorComponentLink in Scope CellType[cells]
Registering Symbol cell.center.abs of linktype VectorComponentLink in Scope CellType[cells]
Registering Symbol cell.volume of linktype CellVolumeLink in Scope CellType[cells]
Registering Symbol cell.length of linktype CellLengthLink in Scope CellType[cells]
Registering Symbol cell.length of linktype CompositeLink in Scope root
Registering Symbol cell.surface of linktype CellInterfaceLengthLink in Scope CellType[cells]
Registering Symbol cell.surface of linktype CompositeLink in Scope root
Registering Symbol cell.orientation of linktype CellOrientationLink in Scope CellType[cells]
Registering Symbol cell.orientation of linktype CompositeLink in Scope root
Registering Symbol cell.orientation.x of linktype VectorComponentLink in Scope root
Registering Symbol cell.orientation.y of linktype VectorComponentLink in Scope root
Registering Symbol cell.orientation.z of linktype VectorComponentLink in Scope root
Registering Symbol cell.orientation.phi of linktype VectorComponentLink in Scope root
Registering Symbol cell.orientation.theta of linktype VectorComponentLink in Scope root
Registering Symbol cell.orientation.abs of linktype VectorComponentLink in Scope root
Registering Symbol cell.orientation.x of linktype VectorComponentLink in Scope CellType[cells]
Registering Symbol cell.orientation.y of linktype VectorComponentLink in Scope CellType[cells]
Registering Symbol cell.orientation.z of linktype VectorComponentLink in Scope CellType[cells]
Registering Symbol cell.orientation.phi of linktype VectorComponentLink in Scope CellType[cells]
Registering Symbol cell.orientation.theta of linktype VectorComponentLink in Scope CellType[cells]
Registering Symbol cell.orientation.abs of linktype VectorComponentLink in Scope CellType[cells]
Registering Symbol celltype.cells.id of linktype PrimitiveConstant in Scope root
Registering Symbol celltype.cells.size of linktype CellPopulationSizeLink in Scope root
getXMLAttribute: seeking for Property->name: Delta ligand
getXMLAttribute: seeking for Property->symbol: delta
getXMLAttribute: seeking for Property->value: rand_uni(0.4, 0.6)
getXMLAttribute: seeking for Property->notation .. not found
Registering Symbol delta of linktype CellPropertyLink in Scope CellType[cells]
Registering Symbol delta of linktype CompositeLink in Scope root
getXMLAttribute: seeking for Property->name: Notch receptor
getXMLAttribute: seeking for Property->symbol: notch
getXMLAttribute: seeking for Property->value: rand_uni(0.4, 0.6)
getXMLAttribute: seeking for Property->notation .. not found
Registering Symbol notch of linktype CellPropertyLink in Scope CellType[cells]
Registering Symbol notch of linktype CompositeLink in Scope root
getXMLAttribute: seeking for System->time-step: 0.1
Creating subscope System in scope CellType[cells]
getXMLAttribute: seeking for System->solver: Dormand-Prince [adaptive, O(5)]
getXMLAttribute: seeking for System->solver-eps .. not found
getXMLAttribute: seeking for Constant->name: Delta coupling
getXMLAttribute: seeking for Constant->symbol: D_delta
getXMLAttribute: seeking for Constant->value: 0.8
getXMLAttribute: seeking for Constant->notation .. not found
Registering Symbol D_delta of linktype ConstantLink in Scope System
getXMLAttribute: seeking for Constant->name: Notch coupling
getXMLAttribute: seeking for Constant->symbol: D_notch
getXMLAttribute: seeking for Constant->value: 5.0
getXMLAttribute: seeking for Constant->notation .. not found
Registering Symbol D_notch of linktype ConstantLink in Scope System
getXMLAttribute: seeking for DiffEqn->symbol-ref: delta
getXMLAttribute: seeking for Reaction->text: rho + alpha*delta*delta/(1.0 + beta*notch) - mu*delta
getXMLAttribute: seeking for Advection->text .. not found
getXMLAttribute: seeking for Diffusion->text .. not found
getXMLAttribute: seeking for Diffusion->well-mixed .. not found
getXMLAttribute: seeking for DiffEqn->symbol-ref: notch
getXMLAttribute: seeking for Reaction->text: rho + alpha*notch*notch/(1.0 + beta*delta) - mu*notch
getXMLAttribute: seeking for Advection->text .. not found
getXMLAttribute: seeking for Diffusion->text .. not found
getXMLAttribute: seeking for Diffusion->well-mixed .. not found
getXMLAttribute: seeking for VolumeConstraint->target: 100
getXMLAttribute: seeking for VolumeConstraint->strength: 1
getXMLAttribute: seeking for SurfaceConstraint->target: 1
getXMLAttribute: seeking for SurfaceConstraint->strength: 1
getXMLAttribute: seeking for SurfaceConstraint->mode: aspherity
getXMLAttribute: seeking for SurfaceConstraint->exponent .. not found
CellTypes defined: 'cells' 'medium' 
getXMLAttribute: seeking for MonteCarloSampler/MCSDuration->value: 1
getXMLAttribute: seeking for MonteCarloSampler->stepper: edgelist
getXMLAttribute: seeking for MonteCarloSampler/MetropolisKinetics->temperature: 2
getXMLAttribute: seeking for MonteCarloSampler/MetropolisKinetics->yield .. not found
getXMLAttribute: seeking for Contact->value: 12
getXMLAttribute: seeking for Contact->value: 6
Registering Symbol size of linktype PrimitiveConstant in Scope root
Registering Symbol size.x of linktype VectorComponentLink in Scope root
Registering Symbol size.y of linktype VectorComponentLink in Scope root
Registering Symbol size.z of linktype VectorComponentLink in Scope root
Registering Symbol size.phi of linktype VectorComponentLink in Scope root
Registering Symbol size.theta of linktype VectorComponentLink in Scope root
Registering Symbol size.abs of linktype VectorComponentLink in Scope root
Setting boundary neighborhood to order 2
Assigning Shape Neighborhood of size 1.41421 -> 8 neighbors.
Setting boundary neighborhood to order 2
Creating cell layer of size 1.13281 MB
with initial state set to CellType 'medium'
getXMLAttribute: seeking for InitCellObjects->mode: distance
Initializing celltype 'medium'
Initializing celltype 'cells'
Scope: Creating Accessor for symbol 'delta' from Scope CellType[cells]
Scope: Creating Accessor for symbol 'notch' from Scope CellType[cells]
Scope: Creating Accessor for symbol 'rho' from Scope root
Scope: Creating Accessor for symbol 'alpha' from Scope root
Scope: Creating Accessor for symbol 'beta' from Scope root
Scope: Creating Accessor for symbol 'mu' from Scope root
System::init: Reordering Initializers ...
getXMLAttribute: seeking for Arrangement->repetitions: 12, 12, 1
getXMLAttribute: seeking for Arrangement->displacements: 15, 15, 1
getXMLAttribute: seeking for Arrangement->random_displacement .. not found
InitCellObjects: Arrange: displacement: 15, 15, 1, repetitions: 12, 12, 1
getXMLAttribute: seeking for Sphere->center: 50, 50, 0
getXMLAttribute: seeking for Sphere->radius: 6
InitCellObjects: Arranged 144 objects.
InitCellObject: Added 144 cell(s), occupying 16272 nodes
Cells 144 requested 0
Scope: Creating Accessor for symbol 'cell.center' from Scope root
Scope: Creating Accessor for symbol 'cell.volume' from Scope root
Scope: Creating Accessor for symbol 'cell.surface' from Scope root
Scope: Creating Accessor for symbol 'cell.length' from Scope root
Scope: Creating Accessor for symbol 'cell.type' from Scope root
creating Edge tracker 

 thread_id = 0x20227ec40
 thread_id = 
 thread_id = , register_thread_index = 0x16cb330000, register_thread_index = , shared_locks_array[cur_index].value = 2, shared_locks_array[cur_index].value = 1
1

 thread_id = 
 thread_id = 0x16fb630000x16f35b000, register_thread_index = 0x16d33b000, register_thread_index = , register_thread_index = 5, shared_locks_array[cur_index].value = 1
1, shared_locks_array[cur_index].value = 1

 thread_id = 
 thread_id = 0x16c32b0000x16db43000, register_thread_index = 9, shared_locks_array[cur_index].value = 1
, register_thread_index = 4, shared_locks_array[cur_index].value = 1

 thread_id = 
 thread_id = 0x16eb53000, register_thread_index = 6, shared_locks_array[cur_index].value = 1
0x16e34b0003
 thread_id = 0x16bb23000, register_thread_index = 7, shared_locks_array[cur_index].value = 1
, register_thread_index = 8, shared_locks_array[cur_index].value = 1
, shared_locks_array[cur_index].value = 1
EdgeListTracker::init() : Created Tracker with Neighborhood size 8 of size 0.933594 MB
EdgeListTracker::init() : Found 17280 initial edges, wherof 17280 can be modified.
CPM: InteractionEnergy has 8 neighbors
CPM: InteractionEnergy was initialized with  IA_COLLAPSE 
Loading Analysis tools [5]
getXMLAttribute: seeking for Gnuplotter->file-numbering .. not found
getXMLAttribute: seeking for Terminal->name: png
getXMLAttribute: seeking for Terminal->size .. not found
getXMLAttribute: seeking for Gnuplotter->time-step: 10
getXMLAttribute: seeking for Cells->value: delta
getXMLAttribute: seeking for Gnuplotter->file-numbering .. not found
getXMLAttribute: seeking for Terminal->name: png
getXMLAttribute: seeking for Terminal->size .. not found
getXMLAttribute: seeking for Gnuplotter->time-step: 10
getXMLAttribute: seeking for Cells->value: notch
getXMLAttribute: seeking for Gnuplotter->file-numbering .. not found
getXMLAttribute: seeking for Terminal->name: png
getXMLAttribute: seeking for Terminal->size .. not found
getXMLAttribute: seeking for Gnuplotter->time-step: 10
getXMLAttribute: seeking for Cells->value: cell.type
getXMLAttribute: seeking for Input/Symbol[0]->symbol-ref: delta
getXMLAttribute: seeking for Input/Symbol[1]->symbol-ref: notch
getXMLAttribute: seeking for Restriction/Slice->value .. not found
getXMLAttribute: seeking for Restriction/Slice->axis .. not found
getXMLAttribute: seeking for Restriction/Celltype->celltype: cells
getXMLAttribute: seeking for Restriction/Cells->cell-ids .. not found
getXMLAttribute: seeking for Restriction->domain-only .. not found
getXMLAttribute: seeking for Restriction->condition .. not found
getXMLAttribute: seeking for Input->force-node-granularity .. not found
getXMLAttribute: seeking for Input->include-boundary .. not found
getXMLAttribute: seeking for Restriction->exclude-medium .. not found
getXMLAttribute: seeking for Output/TextOutput->header .. not found
getXMLAttribute: seeking for Output/TextOutput->header-guarding .. not found
getXMLAttribute: seeking for Output/TextOutput->separator .. not found
getXMLAttribute: seeking for Output/TextOutput->file-name .. not found
getXMLAttribute: seeking for Output/TextOutput->file-numbering .. not found
getXMLAttribute: seeking for Output/TextOutput->file-separation .. not found
getXMLAttribute: seeking for Output/TextOutput->file-format .. not found
getXMLAttribute: seeking for Logger->time-step: 10
getXMLAttribute: seeking for ModelGraph->format: dot
getXMLAttribute: seeking for ModelGraph->reduced: false
getXMLAttribute: seeking for ModelGraph->exclude-symbols .. not found
getXMLAttribute: seeking for ModelGraph->include-tags: #untagged
Scope: Creating Accessor for symbol 'delta' from Scope root
Scope: Creating Accessor for symbol 'notch' from Scope root
Scope: Creating Accessor for symbol 'cell.type' from Scope root
Scope: Creating Accessor for symbol 'delta' from Scope CellType[cells]
Scope: Creating Accessor for symbol 'notch' from Scope CellType[cells]
Scope: Creating Accessor for symbol 'delta' from Scope CellType[cells]
Scope: Creating Accessor for symbol 'notch' from Scope CellType[cells]
Plugin Logger: Registered input symbol dependencies delta [CellType[cells]] ,notch [CellType[cells]] ,
Scope: Creating Accessor for symbol 'delta' from Scope CellType[cells]
Scope: Creating Accessor for symbol 'notch' from Scope CellType[cells]
Logger range:
-> size 144
-> dataAxes CELL, 
-> data.sizes: 144, 
-> file separation: None
Scope: Creating Accessor for symbol 't' from Scope root
Scope: Creating Accessor for symbol 'cell.id' from Scope CellType[cells]
System
CPM
Gnuplotter
Gnuplotter
Gnuplotter
Logger
ModelGraph

 TimeStepListener "System" propagates its time step 0.1

 TimeStepListener "CPM" propagates its time step 1

 TimeStepListener "Gnuplotter" propagates its time step 10

 TimeStepListener "Gnuplotter" propagates its time step 10

 TimeStepListener "Gnuplotter" propagates its time step 10

 TimeStepListener "Logger" propagates its time step 10

 TimeStepListener "ModelGraph" propagates its time step 500
TimeScheduler::init: Ordering instantaneous processes for sequential update ...
 
======================================================
 Time Schedule
======================================================
 Time precision patch is 0.0001

=====|    Phase I     |===============================
-----. CPM .------------------------------------
  + 1 => CPM [] -> [cell.center,cell.length,cell.surface,cell.type,cell.volume]
-----. Reactions .------------------------------------
  + 0.1 => System [alpha,beta,mu,rho] -> [delta,notch]

=====|    Phase II    |===============================
-----. Reporters and Instantaneous Processes.---------

=====|    Phase III   |===============================
-----. Analysis .-------------------------------------
  + 10 => Gnuplotter [delta] 
  + 10 => Gnuplotter [notch] 
  + 10 => Gnuplotter [cell.type] 
  + 10 => Logger [delta,notch] 
  + 500 => ModelGraph [] 
------------------------------------------------------
======================================================

model is up
GnuPlotter: Saving plot-1_00000.png
GnuPlotter: Saving plot-2_00000.png
GnuPlotter: Saving plot-3_00000.png
Time: 0.00 atu
System::init: Reordering Initializers ...
System::init: Reordering Initializers ...
System::init: Reordering Initializers ...
System::init: Reordering Initializers ...
System::init: Reordering Initializers ...
System::init: Reordering Initializers ...
System::init: Reordering Initializers ...
System::init: Reordering Initializers ...
System::init: Reordering Initializers ...
