Setting output directory /Users/prerana/Desktop/morpheus/20260129_183548_03941a64
Initializing from file model.xml
Applied 0 patches to update MorpheusML version to internal v5!
Time/RandomSeed not specified, using arbitray seed (based on time).
Intitalize Thread 0 with seed 1769708218
Intitalize Thread Intitalize Thread 5 with seed 13787654014 with seed 
1633201985Intitalize Thread 8 with seed 1792843999
Intitalize Thread 3 with seed 1503442624

Intitalize Thread 7 with seed 1562892054
Intitalize Thread 6 with seed 2718535216
Intitalize Thread 2 with seed 2986331068
Intitalize Thread Intitalize Thread 9 with seed 2307955389
1 with seed 830552163
Registering Symbol time of linktype TimeLink in Scope root
Intitalize Thread 8Intitalize Thread  with seed 3891735340
Intitalize Thread Intitalize Thread 1 with seed 3793882298
Intitalize Thread 3 with seed 40153274856Intitalize Thread  with seed 24062371250
Intitalize Thread 24 with seed Intitalize Thread 7 with seed 3934633528
1337836834 with seed 

Intitalize Thread  with seed 12345
5 with seed 3604679076
Intitalize Thread 9 with seed 3925872341
553599097
Registering Symbol space of linktype LocationLink in Scope root
Registering Symbol space.x of linktype VectorComponentLink in Scope root
Registering Symbol space.y of linktype VectorComponentLink in Scope root
Registering Symbol space.z of linktype VectorComponentLink in Scope root
Registering Symbol space.phi of linktype VectorComponentLink in Scope root
Registering Symbol space.theta of linktype VectorComponentLink in Scope root
Registering Symbol space.abs of linktype VectorComponentLink in Scope root
Creating lattice
getXMLAttribute: seeking for Lattice->class: square
getXMLAttribute: seeking for Size->value: 300, 300, 0
getXMLAttribute: seeking for Size->symbol: size
Loading [6] Global Plugins
getXMLAttribute: seeking for Variable->name: Total number of cells
getXMLAttribute: seeking for Variable->symbol: total_cells
getXMLAttribute: seeking for Variable->value: 0.0
getXMLAttribute: seeking for Variable->notation .. not found
Registering Symbol total_cells of linktype VariableLink in Scope root
getXMLAttribute: seeking for Variable->name: Average cell area
getXMLAttribute: seeking for Variable->symbol: avg_area
getXMLAttribute: seeking for Variable->value: 0.0
getXMLAttribute: seeking for Variable->notation .. not found
Registering Symbol avg_area of linktype VariableLink in Scope root
getXMLAttribute: seeking for Constant->name: Growth rate
getXMLAttribute: seeking for Constant->symbol: G
getXMLAttribute: seeking for Constant->value: 0.5
getXMLAttribute: seeking for Constant->notation .. not found
Registering Symbol G of linktype ConstantLink in Scope root
getXMLAttribute: seeking for Constant->name: Contact inhibition sensitivity
getXMLAttribute: seeking for Constant->symbol: k
getXMLAttribute: seeking for Constant->value: 0.001
getXMLAttribute: seeking for Constant->notation .. not found
Registering Symbol k of linktype ConstantLink in Scope root
getXMLAttribute: seeking for Constant->name: G1/S threshold area
getXMLAttribute: seeking for Constant->symbol: A_S
getXMLAttribute: seeking for Constant->value: 250
getXMLAttribute: seeking for Constant->notation .. not found
Registering Symbol A_S of linktype ConstantLink in Scope root
getXMLAttribute: seeking for Constant->name: S/G2/M phase duration
getXMLAttribute: seeking for Constant->symbol: t0
getXMLAttribute: seeking for Constant->value: 500
getXMLAttribute: seeking for Constant->notation .. not found
Registering Symbol t0 of linktype ConstantLink in Scope root
Creating subscope CellType[medium] in scope root
Registering Symbol cell.type of linktype PrimitiveConstant in Scope CellType[medium]
Registering Symbol cell.type of linktype CompositeLink in Scope root
Registering Symbol cell.id of linktype CellIDLink in Scope CellType[medium]
Registering Symbol cell.id of linktype CompositeLink in Scope root
Registering Symbol cell.center of linktype CellCenterLink in Scope CellType[medium]
Registering Symbol cell.center of linktype CompositeLink in Scope root
Registering Symbol cell.center.x of linktype VectorComponentLink in Scope root
Registering Symbol cell.center.y of linktype VectorComponentLink in Scope root
Registering Symbol cell.center.z of linktype VectorComponentLink in Scope root
Registering Symbol cell.center.phi of linktype VectorComponentLink in Scope root
Registering Symbol cell.center.theta of linktype VectorComponentLink in Scope root
Registering Symbol cell.center.abs of linktype VectorComponentLink in Scope root
Registering Symbol cell.center.x of linktype VectorComponentLink in Scope CellType[medium]
Registering Symbol cell.center.y of linktype VectorComponentLink in Scope CellType[medium]
Registering Symbol cell.center.z of linktype VectorComponentLink in Scope CellType[medium]
Registering Symbol cell.center.phi of linktype VectorComponentLink in Scope CellType[medium]
Registering Symbol cell.center.theta of linktype VectorComponentLink in Scope CellType[medium]
Registering Symbol cell.center.abs of linktype VectorComponentLink in Scope CellType[medium]
Registering Symbol cell.volume of linktype CellVolumeLink in Scope CellType[medium]
Registering Symbol cell.volume of linktype CompositeLink in Scope root
Registering Symbol celltype.medium.id of linktype PrimitiveConstant in Scope root
Registering Symbol celltype.medium.size of linktype CellPopulationSizeLink in Scope root
Creating subscope CellType[epithelial] in scope root
Registering Symbol cell.type of linktype PrimitiveConstant in Scope CellType[epithelial]
Registering Symbol cell.id of linktype CellIDLink in Scope CellType[epithelial]
Registering Symbol cell.center of linktype CellCenterLink in Scope CellType[epithelial]
Registering Symbol cell.center.x of linktype VectorComponentLink in Scope CellType[epithelial]
Registering Symbol cell.center.y of linktype VectorComponentLink in Scope CellType[epithelial]
Registering Symbol cell.center.z of linktype VectorComponentLink in Scope CellType[epithelial]
Registering Symbol cell.center.phi of linktype VectorComponentLink in Scope CellType[epithelial]
Registering Symbol cell.center.theta of linktype VectorComponentLink in Scope CellType[epithelial]
Registering Symbol cell.center.abs of linktype VectorComponentLink in Scope CellType[epithelial]
Registering Symbol cell.volume of linktype CellVolumeLink in Scope CellType[epithelial]
Registering Symbol cell.length of linktype CellLengthLink in Scope CellType[epithelial]
Registering Symbol cell.length of linktype CompositeLink in Scope root
Registering Symbol cell.surface of linktype CellInterfaceLengthLink in Scope CellType[epithelial]
Registering Symbol cell.surface of linktype CompositeLink in Scope root
Registering Symbol cell.orientation of linktype CellOrientationLink in Scope CellType[epithelial]
Registering Symbol cell.orientation of linktype CompositeLink in Scope root
Registering Symbol cell.orientation.x of linktype VectorComponentLink in Scope root
Registering Symbol cell.orientation.y of linktype VectorComponentLink in Scope root
Registering Symbol cell.orientation.z of linktype VectorComponentLink in Scope root
Registering Symbol cell.orientation.phi of linktype VectorComponentLink in Scope root
Registering Symbol cell.orientation.theta of linktype VectorComponentLink in Scope root
Registering Symbol cell.orientation.abs of linktype VectorComponentLink in Scope root
Registering Symbol cell.orientation.x of linktype VectorComponentLink in Scope CellType[epithelial]
Registering Symbol cell.orientation.y of linktype VectorComponentLink in Scope CellType[epithelial]
Registering Symbol cell.orientation.z of linktype VectorComponentLink in Scope CellType[epithelial]
Registering Symbol cell.orientation.phi of linktype VectorComponentLink in Scope CellType[epithelial]
Registering Symbol cell.orientation.theta of linktype VectorComponentLink in Scope CellType[epithelial]
Registering Symbol cell.orientation.abs of linktype VectorComponentLink in Scope CellType[epithelial]
Registering Symbol celltype.epithelial.id of linktype PrimitiveConstant in Scope root
Registering Symbol celltype.epithelial.size of linktype CellPopulationSizeLink in Scope root
getXMLAttribute: seeking for VolumeConstraint->target: 200
getXMLAttribute: seeking for VolumeConstraint->strength: 1.0
getXMLAttribute: seeking for SurfaceConstraint->target: 180
getXMLAttribute: seeking for SurfaceConstraint->strength: 0.5
getXMLAttribute: seeking for SurfaceConstraint->mode: aspherity
getXMLAttribute: seeking for SurfaceConstraint->exponent .. not found
getXMLAttribute: seeking for Property->name: Target area for growth
getXMLAttribute: seeking for Property->symbol: target_area
getXMLAttribute: seeking for Property->value: 200
getXMLAttribute: seeking for Property->notation .. not found
Registering Symbol target_area of linktype CellPropertyLink in Scope CellType[epithelial]
Registering Symbol target_area of linktype CompositeLink in Scope root
getXMLAttribute: seeking for Property->name: Cell cycle phase: 0=G1, 1=S/G2/M
getXMLAttribute: seeking for Property->symbol: phase
getXMLAttribute: seeking for Property->value: 0
getXMLAttribute: seeking for Property->notation .. not found
Registering Symbol phase of linktype CellPropertyLink in Scope CellType[epithelial]
Registering Symbol phase of linktype CompositeLink in Scope root
getXMLAttribute: seeking for Property->name: Time in S/G2/M phase
getXMLAttribute: seeking for Property->symbol: timer
getXMLAttribute: seeking for Property->value: 0
getXMLAttribute: seeking for Property->notation .. not found
Registering Symbol timer of linktype CellPropertyLink in Scope CellType[epithelial]
Registering Symbol timer of linktype CompositeLink in Scope root
getXMLAttribute: seeking for Property->name: Local cell density
getXMLAttribute: seeking for Property->symbol: local_density
getXMLAttribute: seeking for Property->value: 0
getXMLAttribute: seeking for Property->notation .. not found
Registering Symbol local_density of linktype CellPropertyLink in Scope CellType[epithelial]
Registering Symbol local_density of linktype CompositeLink in Scope root
getXMLAttribute: seeking for System->time-step: 1.0
Creating subscope System in scope CellType[epithelial]
getXMLAttribute: seeking for System->solver: Euler [fixed, O(1)]
getXMLAttribute: seeking for System->solver-eps .. not found
getXMLAttribute: seeking for Rule->symbol-ref: target_area
getXMLAttribute: seeking for Expression->text: if(phase == 0, target_area + G * exp(-k * (cell.volume - target_area)^2), target_area)
getXMLAttribute: seeking for Rule->symbol-ref: timer
getXMLAttribute: seeking for Expression->text: if(phase == 1, timer + 1, 0)
getXMLAttribute: seeking for Rule->symbol-ref: phase
getXMLAttribute: seeking for Expression->text: if(phase == 0 and cell.volume > A_S, 1, phase)
getXMLAttribute: seeking for Condition->text: phase == 1 and timer > t0
getXMLAttribute: seeking for CellDivision->division-plane: random
getXMLAttribute: seeking for CellDivision->orientation .. not found
getXMLAttribute: seeking for CellDivision->write-log .. not found
getXMLAttribute: seeking for CellDivision->trigger .. not found
Creating subscope System in scope CellType[epithelial]
getXMLAttribute: seeking for Rule->symbol-ref: target_area
getXMLAttribute: seeking for Expression->text: cell.volume / 2
getXMLAttribute: seeking for Rule->symbol-ref: phase
getXMLAttribute: seeking for Expression->text: 0
getXMLAttribute: seeking for Rule->symbol-ref: timer
getXMLAttribute: seeking for Expression->text: 0
Registering Symbol __daughterID of linktype PrimitiveVariable in Scope System
getXMLAttribute: seeking for Input->scaling: cell
getXMLAttribute: seeking for Input->value: 1
getXMLAttribute: seeking for Input->noflux-cell-medium .. not found
getXMLAttribute: seeking for Output[0]->mapping: sum
getXMLAttribute: seeking for Output[0]->symbol-ref: local_density
getXMLAttribute: seeking for Condition->text: rand_uni(0,1) < 0.0001 * local_density
getXMLAttribute: seeking for Shrinkage->target-volume .. not found
getXMLAttribute: seeking for Shrinkage->remove-volume .. not found
getXMLAttribute: seeking for Shrinkage->replace-with .. not found
CellTypes defined: 'epithelial' 'medium' 
getXMLAttribute: seeking for MonteCarloSampler/MCSDuration->value: 1
getXMLAttribute: seeking for MonteCarloSampler->stepper: edgelist
getXMLAttribute: seeking for MonteCarloSampler/MetropolisKinetics->temperature: 3
getXMLAttribute: seeking for MonteCarloSampler/MetropolisKinetics->yield: 0.1
getXMLAttribute: seeking for Contact->value: 16
getXMLAttribute: seeking for Contact->value: 6
Registering Symbol size of linktype PrimitiveConstant in Scope root
Registering Symbol size.x of linktype VectorComponentLink in Scope root
Registering Symbol size.y of linktype VectorComponentLink in Scope root
Registering Symbol size.z of linktype VectorComponentLink in Scope root
Registering Symbol size.phi of linktype VectorComponentLink in Scope root
Registering Symbol size.theta of linktype VectorComponentLink in Scope root
Registering Symbol size.abs of linktype VectorComponentLink in Scope root
Setting boundary neighborhood to order 2
Assigning Shape Neighborhood of size 3 -> 28 neighbors.
Setting boundary neighborhood to order 6
Creating cell layer of size 2.5 MB
with initial state set to CellType 'medium'
getXMLAttribute: seeking for InitCircle->number-of-cells: 30
getXMLAttribute: seeking for InitCircle->mode: random
getXMLAttribute: seeking for Dimensions->center: 150, 150, 0
getXMLAttribute: seeking for Dimensions->radius: 60
Initializing celltype 'medium'
Initializing celltype 'epithelial'
Scope: Creating Accessor for symbol 'target_area' from Scope CellType[epithelial]
Scope: Creating Accessor for symbol 'timer' from Scope CellType[epithelial]
Scope: Creating Accessor for symbol 'phase' from Scope CellType[epithelial]
Scope: Creating Accessor for symbol 'G' from Scope root
Scope: Creating Accessor for symbol 'k' from Scope root
Scope: Creating Accessor for symbol 'cell.volume' from Scope CellType[epithelial]
Scope: Creating Accessor for symbol 'A_S' from Scope root
System::init: Reordering Initializers ...
Scope: Creating Accessor for symbol 'phase' from Scope CellType[epithelial]
Scope: Creating Accessor for symbol 'timer' from Scope CellType[epithelial]
Scope: Creating Accessor for symbol 't0' from Scope root
Plugin CellDivision: Registered input symbol dependencies phase [CellType[epithelial]] ,timer [CellType[epithelial]] ,t0 [root] ,
Scope: Creating Accessor for symbol 'cell.center' from Scope CellType[epithelial]
Scope: Creating Accessor for symbol 'target_area' from Scope CellType[epithelial]
Scope: Creating Accessor for symbol 'phase' from Scope CellType[epithelial]
Scope: Creating Accessor for symbol 'timer' from Scope CellType[epithelial]
Scope: Creating Accessor for symbol 'cell.volume' from Scope CellType[epithelial]
System::init: Reordering Initializers ...
Scope: Creating Accessor for symbol '__daughterID' from Scope System
Scope: Creating Accessor for symbol 'local_density' from Scope CellType[epithelial]
PluginNeighborhoodReporter: Registered output symbol dependencies local_density [CellType[epithelial]] ,
Scope: Creating Accessor for symbol 'cell.center' from Scope CellType[epithelial]
noflux_cell_medium_interface.isDefined()
Scope: Creating Accessor for symbol 'local_density' from Scope CellType[epithelial]
Plugin CellDeath: Registered input symbol dependencies local_density [CellType[epithelial]] ,
Scope: Creating Accessor for symbol 'cell.center' from Scope CellType[epithelial]
Cells 30 requested 0
Scope: Creating Accessor for symbol 'cell.center' from Scope root
Scope: Creating Accessor for symbol 'cell.volume' from Scope root
Scope: Creating Accessor for symbol 'cell.surface' from Scope root
Scope: Creating Accessor for symbol 'cell.length' from Scope root
Scope: Creating Accessor for symbol 'cell.type' from Scope root
creating Edge tracker 

 thread_id = 
 thread_id = 
 thread_id = 0x16ef73000, register_thread_index = 0, shared_locks_array[cur_index].value = 0x16c74b0001

 thread_id = 
 thread_id = 0x16d75b000, register_thread_index = 4, shared_locks_array[cur_index].value = 1
0x16f77b0000x20227ec40, register_thread_index = , register_thread_index = 5, shared_locks_array[cur_index].value = 21

 thread_id = 0x16cf53000, register_thread_index = 3, shared_locks_array[cur_index].value = 1

 thread_id = 0x16bf43000, register_thread_index = 6, shared_locks_array[cur_index].value = 1

 thread_id = 0x16e76b000, register_thread_index = 7, shared_locks_array[cur_index].value = 1

 thread_id = , register_thread_index = 1, shared_locks_array[cur_index].value = 1
, shared_locks_array[cur_index].value = 1
0x16df63000, register_thread_index = 
 thread_id = 9, shared_locks_array[cur_index].value = 10x16b73b000, register_thread_index = 
8, shared_locks_array[cur_index].value = 1
EdgeListTracker::init() : Created Tracker with Neighborhood size 8 of size 2.08691 MB
EdgeListTracker::init() : Found 240 initial edges, wherof 240 can be modified.
CPM: InteractionEnergy has 28 neighbors
CPM: InteractionEnergy was initialized with  IA_COLLAPSE 
Loading Analysis tools [3]
getXMLAttribute: seeking for Gnuplotter->file-numbering .. not found
getXMLAttribute: seeking for Terminal->name: png
getXMLAttribute: seeking for Terminal->size .. not found
getXMLAttribute: seeking for Gnuplotter->time-step: 100
getXMLAttribute: seeking for Cells->value: phase
getXMLAttribute: seeking for Cells->value: cell.volume
getXMLAttribute: seeking for Cells->value: local_density
getXMLAttribute: seeking for Input/Symbol[0]->symbol-ref: celltype.epithelial.size
getXMLAttribute: seeking for Input/Symbol[1]->symbol-ref: phase
getXMLAttribute: seeking for Input/Symbol[2]->symbol-ref: local_density
getXMLAttribute: seeking for Restriction/Slice->value .. not found
getXMLAttribute: seeking for Restriction/Slice->axis .. not found
getXMLAttribute: seeking for Restriction/Celltype->celltype .. not found
getXMLAttribute: seeking for Restriction/Cells->cell-ids .. not found
getXMLAttribute: seeking for Restriction->domain-only .. not found
getXMLAttribute: seeking for Restriction->condition .. not found
getXMLAttribute: seeking for Input->force-node-granularity .. not found
getXMLAttribute: seeking for Input->include-boundary .. not found
getXMLAttribute: seeking for Restriction->exclude-medium .. not found
getXMLAttribute: seeking for Output/TextOutput->header .. not found
getXMLAttribute: seeking for Output/TextOutput->header-guarding .. not found
getXMLAttribute: seeking for Output/TextOutput->separator .. not found
getXMLAttribute: seeking for Output/TextOutput->file-name .. not found
getXMLAttribute: seeking for Output/TextOutput->file-numbering .. not found
getXMLAttribute: seeking for Output/TextOutput->file-separation .. not found
getXMLAttribute: seeking for Output/TextOutput->file-format .. not found
getXMLAttribute: seeking for Plots/Plot[0]->time-step: 500
getXMLAttribute: seeking for Plots/Plot[0]->title .. not found
getXMLAttribute: seeking for Plots/Plot[0]->log-commands .. not found
getXMLAttribute: seeking for Plots/Plot[0]/Terminal->terminal: png
getXMLAttribute: seeking for Plots/Plot[0]/Terminal->plot-size .. not found
getXMLAttribute: seeking for Plots/Plot[0]->file-numbering .. not found
getXMLAttribute: seeking for Plots/Plot[0]/Range/Time->mode .. not found
getXMLAttribute: seeking for Plots/Plot[0]/Range/Time->history .. not found
getXMLAttribute: seeking for Plots/Plot[0]/Range/Data->first-line .. not found
getXMLAttribute: seeking for Plots/Plot[0]/Range/Data->last-line .. not found
getXMLAttribute: seeking for Plots/Plot[0]/Range/Data->increment .. not found
getXMLAttribute: seeking for Plots/Plot[0]/Style->style: linespoints
getXMLAttribute: seeking for Plots/Plot[0]/Style->decorate .. not found
getXMLAttribute: seeking for Plots/Plot[0]/Style->point-size: 0.5
getXMLAttribute: seeking for Plots/Plot[0]/Style->line-width .. not found
getXMLAttribute: seeking for Plots/Plot[0]/Style->grid .. not found
getXMLAttribute: seeking for Plots/Plot[0]/X-axis/Symbol->symbol-ref: time
getXMLAttribute: seeking for Plots/Plot[0]/X-axis->minimum .. not found
getXMLAttribute: seeking for Plots/Plot[0]/X-axis->maximum .. not found
getXMLAttribute: seeking for Plots/Plot[0]/X-axis->logarithmic .. not found
getXMLAttribute: seeking for Plots/Plot[0]/Y-axis/Symbol[0]->symbol-ref: celltype.epithelial.size
getXMLAttribute: seeking for Plots/Plot[0]/Y-axis/Symbol[1]->symbol-ref .. not found
getXMLAttribute: seeking for Plots/Plot[0]/Y-axis/Symbol[2]->symbol-ref .. not found
getXMLAttribute: seeking for Plots/Plot[0]/Y-axis/Symbol[3]->symbol-ref .. not found
getXMLAttribute: seeking for Plots/Plot[0]/Y-axis/Symbol[4]->symbol-ref .. not found
getXMLAttribute: seeking for Plots/Plot[0]/Y-axis/Symbol[5]->symbol-ref .. not found
getXMLAttribute: seeking for Plots/Plot[0]/Y-axis/Symbol[6]->symbol-ref .. not found
getXMLAttribute: seeking for Plots/Plot[0]/Y-axis/Symbol[7]->symbol-ref .. not found
getXMLAttribute: seeking for Plots/Plot[0]/Y-axis/Symbol[8]->symbol-ref .. not found
getXMLAttribute: seeking for Plots/Plot[0]/Y-axis/Symbol[9]->symbol-ref .. not found
getXMLAttribute: seeking for Plots/Plot[0]/Y-axis->minimum .. not found
getXMLAttribute: seeking for Plots/Plot[0]/Y-axis->maximum .. not found
getXMLAttribute: seeking for Plots/Plot[0]/Y-axis->logarithmic .. not found
getXMLAttribute: seeking for Plots/Plot[0]/Color-bar/Symbol->symbol-ref .. not found
getXMLAttribute: seeking for Plots/Plot[0]/Color-bar->minimum .. not found
getXMLAttribute: seeking for Plots/Plot[0]/Color-bar->maximum .. not found
getXMLAttribute: seeking for Plots/Plot[0]/Color-bar->logarithmic .. not found
getXMLAttribute: seeking for Plots/Plot[0]/Color-bar->palette .. not found
getXMLAttribute: seeking for Plots/Plot[0]/Color-bar->reverse-palette .. not found
getXMLAttribute: seeking for Logger->time-step: 50
getXMLAttribute: seeking for ModelGraph->format: dot
getXMLAttribute: seeking for ModelGraph->reduced: false
getXMLAttribute: seeking for ModelGraph->exclude-symbols .. not found
getXMLAttribute: seeking for ModelGraph->include-tags: #untagged
Scope: Creating Accessor for symbol 'phase' from Scope root
Scope: Creating Accessor for symbol 'cell.volume' from Scope root
Scope: Creating Accessor for symbol 'local_density' from Scope root
Scope: Creating Accessor for symbol 'celltype.epithelial.size' from Scope root
Scope: Creating Accessor for symbol 'phase' from Scope root
Scope: Creating Accessor for symbol 'local_density' from Scope root
Plugin Logger: Registered input symbol dependencies celltype.epithelial.size [root] ,phase [root] ,local_density [root] ,
Logger range:
-> size 30
-> dataAxes CELL, 
-> data.sizes: 30, 
-> file separation: None
Scope: Creating Accessor for symbol 'time' from Scope root
Scope: Creating Accessor for symbol 'cell.id' from Scope CellType[epithelial]
Scope: Creating Accessor for symbol 'time' from Scope root
System
CellDivision
NeighborhoodReporter
CellDeath
CPM
Gnuplotter
Logger
ModelGraph

 TimeStepListener "System" propagates its time step 1

 TimeStepListener "CellDivision" propagates its time step 1

 TimeStepListener "CellDeath" propagates its time step 1

 TimeStepListener "CPM" propagates its time step 1

 TimeStepListener "Gnuplotter" propagates its time step 100

 TimeStepListener "Logger" propagates its time step 50

 TimeStepListener "ModelGraph" propagates its time step 5000
TimeScheduler::init: Ordering instantaneous processes for sequential update ...
Trying to remove unregistered symbol "cell.center" from unresolved_symbols.Trying to remove unregistered symbol "cell.center" from unresolved_symbols. 
======================================================
 Time Schedule
======================================================
 Time precision patch is 0.001

=====|    Phase I     |===============================
-----. CPM .------------------------------------
  + 1 => CPM [] -> [cell.center,cell.length,cell.surface,cell.type,cell.volume]
-----. Reactions .------------------------------------
  + 1 => System [A_S,G,cell.volume,k] -> [phase,target_area,timer]

=====|    Phase II    |===============================
-----. Reporters and Instantaneous Processes.---------
  + 1 => CellDivision [phase,t0,timer] -> [cell.center,phase,target_area,timer]
  + 1 => NeighborhoodReporter [cell.center] -> [local_density]
  + 1 => CellDeath [local_density] -> [cell.center]

=====|    Phase III   |===============================
-----. Analysis .-------------------------------------
  + 100 => Gnuplotter [cell.volume,local_density,phase] 
  + 50 => Logger [celltype.epithelial.size,local_density,phase,time] 
  + 5000 => ModelGraph [] 
------------------------------------------------------
======================================================

model is up
GnuPlotter: Saving plot_00000.png
Time: 0.00 atu
System::init: Reordering Initializers ...
System::init: Reordering Initializers ...
System::init: Reordering Initializers ...
System::init: Reordering Initializers ...
System::init: Reordering Initializers ...
System::init: Reordering Initializers ...
System::init: Reordering Initializers ...
System::init: Reordering Initializers ...
System::init: Reordering Initializers ...
Time: 50 
GnuPlotter: Saving plot_00100.png
Time: 100 
Time: 150 
GnuPlotter: Saving plot_00200.png
Time: 200 
Time: 250 
GnuPlotter: Saving plot_00300.png
Time: 300 
Time: 350 
GnuPlotter: Saving plot_00400.png
Time: 400 
Time: 450 
GnuPlotter: Saving plot_00500.png
Time: 500 
Time: 550 
GnuPlotter: Saving plot_00600.png
Time: 600 
Time: 650 
GnuPlotter: Saving plot_00700.png
Time: 700 
Time: 750 
GnuPlotter: Saving plot_00800.png
Time: 800 
Time: 850 
GnuPlotter: Saving plot_00900.png
Time: 900 
Time: 950 
GnuPlotter: Saving plot_01000.png
Time: 1000 
Time: 1050 
GnuPlotter: Saving plot_01100.png
Time: 1100 
Time: 1150 
GnuPlotter: Saving plot_01200.png
Time: 1200 
Time: 1250 
GnuPlotter: Saving plot_01300.png
Time: 1300 
Time: 1350 
GnuPlotter: Saving plot_01400.png
Time: 1400 
Time: 1450 
GnuPlotter: Saving plot_01500.png
Time: 1500 
Time: 1550 
GnuPlotter: Saving plot_01600.png
Time: 1600 
Time: 1650 
GnuPlotter: Saving plot_01700.png
Time: 1700 
Time: 1750 
GnuPlotter: Saving plot_01800.png
Time: 1800 
Time: 1850 
GnuPlotter: Saving plot_01900.png
Time: 1900 
Time: 1950 
GnuPlotter: Saving plot_02000.png
Time: 2000 
Time: 2050 
GnuPlotter: Saving plot_02100.png
Time: 2100 
Time: 2150 
GnuPlotter: Saving plot_02200.png
Time: 2200 
Time: 2250 
GnuPlotter: Saving plot_02300.png
Time: 2300 
Time: 2350 
GnuPlotter: Saving plot_02400.png
Time: 2400 
Time: 2450 
GnuPlotter: Saving plot_02500.png
Time: 2500 
Time: 2550 
GnuPlotter: Saving plot_02600.png
Time: 2600 
Time: 2650 
GnuPlotter: Saving plot_02700.png
Time: 2700 
Time: 2750 
GnuPlotter: Saving plot_02800.png
Time: 2800 
Time: 2850 
GnuPlotter: Saving plot_02900.png
Time: 2900 
Time: 2950 
GnuPlotter: Saving plot_03000.png
Time: 3000 
Time: 3050 
GnuPlotter: Saving plot_03100.png
Time: 3100 
Time: 3150 
GnuPlotter: Saving plot_03200.png
Time: 3200 
Time: 3250 
GnuPlotter: Saving plot_03300.png
Time: 3300 
Time: 3350 
GnuPlotter: Saving plot_03400.png
Time: 3400 
Time: 3450 
GnuPlotter: Saving plot_03500.png
Time: 3500 
Time: 3550 
GnuPlotter: Saving plot_03600.png
Time: 3600 
Time: 3650 
GnuPlotter: Saving plot_03700.png
Time: 3700 
Time: 3750 
GnuPlotter: Saving plot_03800.png
Time: 3800 
Time: 3850 
GnuPlotter: Saving plot_03900.png
Time: 3900 
Time: 3950 
GnuPlotter: Saving plot_04000.png
Time: 4000 
Time: 4050 
GnuPlotter: Saving plot_04100.png
Time: 4100 
Time: 4150 
GnuPlotter: Saving plot_04200.png
Time: 4200 
Time: 4250 
GnuPlotter: Saving plot_04300.png
Time: 4300 
Time: 4350 
GnuPlotter: Saving plot_04400.png
Time: 4400 
Time: 4450 
GnuPlotter: Saving plot_04500.png
Time: 4500 
Time: 4550 
GnuPlotter: Saving plot_04600.png
Time: 4600 
Time: 4650 
GnuPlotter: Saving plot_04700.png
Time: 4700 
Time: 4750 
GnuPlotter: Saving plot_04800.png
Time: 4800 
Time: 4850 
GnuPlotter: Saving plot_04900.png
Time: 4900 
Time: 4950 
GnuPlotter: Saving plot_05000.png
Time: 5000 
sampler 1 layer 26

=======================================================
    SCHEDULER PERFORMANCE STATISTICS
=======================================================

    +  55.6% = 1.5825s (0.0180)  | Initialisation []
    +  12.9% = 0.3675s (0.8407)  | NeighborhoodReporter [cell.center -> local_density]
    +  10.6% = 0.3013s (0.7650)  | CPM [cell.center,cell.length,cell.surface,cell.type,cell.volume]
    +   7.4% = 0.2119s (0.4988)  | System [A_S,G,cell.volume,k -> phase,target_area,timer]
    +   0.5% = 0.0127s (0.0130)  | CellDeath [local_density -> cell.center]
    +   0.4% = 0.0114s (0.0115)  | Gnuplotter [cell.volume,local_density,phase]
    +   0.3% = 0.0084s (0.0083)  | Logger [celltype.epithelial.size,local_density,phase,time]
    +   0.1% = 0.0040s (0.0032)  | CellDivision [phase,t0,timer -> cell.center,phase,target_area,timer]
    +   0.0% = 0.0006s (0.0005)  | ModelGraph []

======================================================

=== Simulation finished ===
Wall Time   = 2s 847ms
CPU Time    = 2s 190ms (10 threads)

