Setting output directory /Users/prerana/Desktop/morpheus/run_2gv3j7d
Initializing from file model.xml
AutoFix: Moved 1 element(s)  matching /MorpheusModel/Global/System/DiffEqn/Expression to /MorpheusModel/Global/System/DiffEqn/Reaction
AutoFix: Moved 1 element(s)  matching /MorpheusModel/Global/Field[(@symbol)]/Diffusion[@rate!=~0(?:\.0+)?]/@rate to /MorpheusModel/Global/System/DiffEqn[@symbol-ref=%1]/Diffusion/@text
AutoFix: Moved 1 element(s)  matching /MorpheusModel/Global/Field[(@symbol)]/Diffusion to 
Applied 3 patches to update MorpheusML version to internal v5!
Time/RandomSeed not specified, using arbitray seed (based on time).
Intitalize Thread Intitalize Thread 8 with seed 2025838819
Intitalize Thread Intitalize Thread 4 with seed 31673632438 with seed Intitalize Thread 5 with seed 2758261535
Intitalize Thread 0 with seed 1769628832

9Intitalize Thread 6 with seed Intitalize Thread 3083359259
1 with seed  with seed 937177342
Intitalize Thread Intitalize Thread 27 with seed 3278028303
73917959
 with seed 1858454505
1001063497
Registering Symbol time of linktype TimeLink in Scope root
Intitalize Thread Intitalize Thread 8 with seed 0 with seed 1166165736
Intitalize Thread 3 with seed Intitalize Thread Intitalize Thread 5 with seed 990324140
4029868217
4 with seed 3471047918Intitalize Thread 
Intitalize Thread 1 with seed 3410091070
0
9 with seed 1868579686
Intitalize Thread Intitalize Thread 6 with seed 2 with seed 4250921454
1044445579
Intitalize Thread 7 with seed 69919023
Registering Symbol space of linktype LocationLink in Scope root
Registering Symbol space.x of linktype VectorComponentLink in Scope root
Registering Symbol space.y of linktype VectorComponentLink in Scope root
Registering Symbol space.z of linktype VectorComponentLink in Scope root
Registering Symbol space.phi of linktype VectorComponentLink in Scope root
Registering Symbol space.theta of linktype VectorComponentLink in Scope root
Registering Symbol space.abs of linktype VectorComponentLink in Scope root
Creating lattice
getXMLAttribute: seeking for Lattice->class: square
getXMLAttribute: seeking for Size->value: 400, 400, 0
getXMLAttribute: seeking for Size->symbol: size
Loading [3] Global Plugins
getXMLAttribute: seeking for Field->symbol: csf1
Registering Symbol csf1 of linktype FieldLink in Scope root
getXMLAttribute: seeking for System->time-step: 1.0
Creating subscope System in scope root
getXMLAttribute: seeking for System->solver: Euler [fixed, O(1)]
getXMLAttribute: seeking for System->solver-eps .. not found
getXMLAttribute: seeking for DiffEqn->symbol-ref: csf1
getXMLAttribute: seeking for Reaction->text: csf1_production - decay_csf1*csf1
getXMLAttribute: seeking for Advection->text .. not found
getXMLAttribute: seeking for Diffusion->text: 1.0
getXMLAttribute: seeking for Diffusion->well-mixed .. not found
getXMLAttribute: seeking for Constant->name: CSF1 decay rate
getXMLAttribute: seeking for Constant->symbol: decay_csf1
getXMLAttribute: seeking for Constant->value: 0.05
getXMLAttribute: seeking for Constant->notation .. not found
Registering Symbol decay_csf1 of linktype ConstantLink in Scope System
getXMLAttribute: seeking for Constant->name: CSF1 production rate
getXMLAttribute: seeking for Constant->symbol: csf1_production
getXMLAttribute: seeking for Constant->value: 0.1
getXMLAttribute: seeking for Constant->notation .. not found
Registering Symbol csf1_production of linktype ConstantLink in Scope root
Creating subscope CellType[medium] in scope root
Registering Symbol cell.type of linktype PrimitiveConstant in Scope CellType[medium]
Registering Symbol cell.type of linktype CompositeLink in Scope root
Registering Symbol cell.id of linktype CellIDLink in Scope CellType[medium]
Registering Symbol cell.id of linktype CompositeLink in Scope root
Registering Symbol cell.center of linktype CellCenterLink in Scope CellType[medium]
Registering Symbol cell.center of linktype CompositeLink in Scope root
Registering Symbol cell.center.x of linktype VectorComponentLink in Scope root
Registering Symbol cell.center.y of linktype VectorComponentLink in Scope root
Registering Symbol cell.center.z of linktype VectorComponentLink in Scope root
Registering Symbol cell.center.phi of linktype VectorComponentLink in Scope root
Registering Symbol cell.center.theta of linktype VectorComponentLink in Scope root
Registering Symbol cell.center.abs of linktype VectorComponentLink in Scope root
Registering Symbol cell.center.x of linktype VectorComponentLink in Scope CellType[medium]
Registering Symbol cell.center.y of linktype VectorComponentLink in Scope CellType[medium]
Registering Symbol cell.center.z of linktype VectorComponentLink in Scope CellType[medium]
Registering Symbol cell.center.phi of linktype VectorComponentLink in Scope CellType[medium]
Registering Symbol cell.center.theta of linktype VectorComponentLink in Scope CellType[medium]
Registering Symbol cell.center.abs of linktype VectorComponentLink in Scope CellType[medium]
Registering Symbol cell.volume of linktype CellVolumeLink in Scope CellType[medium]
Registering Symbol cell.volume of linktype CompositeLink in Scope root
Registering Symbol celltype.medium.id of linktype PrimitiveConstant in Scope root
Registering Symbol celltype.medium.size of linktype CellPopulationSizeLink in Scope root
Creating subscope CellType[ND_cells] in scope root
Registering Symbol cell.type of linktype PrimitiveConstant in Scope CellType[ND_cells]
Registering Symbol cell.id of linktype CellIDLink in Scope CellType[ND_cells]
Registering Symbol cell.center of linktype CellCenterLink in Scope CellType[ND_cells]
Registering Symbol cell.center.x of linktype VectorComponentLink in Scope CellType[ND_cells]
Registering Symbol cell.center.y of linktype VectorComponentLink in Scope CellType[ND_cells]
Registering Symbol cell.center.z of linktype VectorComponentLink in Scope CellType[ND_cells]
Registering Symbol cell.center.phi of linktype VectorComponentLink in Scope CellType[ND_cells]
Registering Symbol cell.center.theta of linktype VectorComponentLink in Scope CellType[ND_cells]
Registering Symbol cell.center.abs of linktype VectorComponentLink in Scope CellType[ND_cells]
Registering Symbol cell.volume of linktype CellVolumeLink in Scope CellType[ND_cells]
Registering Symbol cell.length of linktype CellLengthLink in Scope CellType[ND_cells]
Registering Symbol cell.length of linktype CompositeLink in Scope root
Registering Symbol cell.surface of linktype CellInterfaceLengthLink in Scope CellType[ND_cells]
Registering Symbol cell.surface of linktype CompositeLink in Scope root
Registering Symbol cell.orientation of linktype CellOrientationLink in Scope CellType[ND_cells]
Registering Symbol cell.orientation of linktype CompositeLink in Scope root
Registering Symbol cell.orientation.x of linktype VectorComponentLink in Scope root
Registering Symbol cell.orientation.y of linktype VectorComponentLink in Scope root
Registering Symbol cell.orientation.z of linktype VectorComponentLink in Scope root
Registering Symbol cell.orientation.phi of linktype VectorComponentLink in Scope root
Registering Symbol cell.orientation.theta of linktype VectorComponentLink in Scope root
Registering Symbol cell.orientation.abs of linktype VectorComponentLink in Scope root
Registering Symbol cell.orientation.x of linktype VectorComponentLink in Scope CellType[ND_cells]
Registering Symbol cell.orientation.y of linktype VectorComponentLink in Scope CellType[ND_cells]
Registering Symbol cell.orientation.z of linktype VectorComponentLink in Scope CellType[ND_cells]
Registering Symbol cell.orientation.phi of linktype VectorComponentLink in Scope CellType[ND_cells]
Registering Symbol cell.orientation.theta of linktype VectorComponentLink in Scope CellType[ND_cells]
Registering Symbol cell.orientation.abs of linktype VectorComponentLink in Scope CellType[ND_cells]
Registering Symbol celltype.ND_cells.id of linktype PrimitiveConstant in Scope root
Registering Symbol celltype.ND_cells.size of linktype CellPopulationSizeLink in Scope root
Creating subscope CellType[LC_cells] in scope root
Registering Symbol cell.type of linktype PrimitiveConstant in Scope CellType[LC_cells]
Registering Symbol cell.id of linktype CellIDLink in Scope CellType[LC_cells]
Registering Symbol cell.center of linktype CellCenterLink in Scope CellType[LC_cells]
Registering Symbol cell.center.x of linktype VectorComponentLink in Scope CellType[LC_cells]
Registering Symbol cell.center.y of linktype VectorComponentLink in Scope CellType[LC_cells]
Registering Symbol cell.center.z of linktype VectorComponentLink in Scope CellType[LC_cells]
Registering Symbol cell.center.phi of linktype VectorComponentLink in Scope CellType[LC_cells]
Registering Symbol cell.center.theta of linktype VectorComponentLink in Scope CellType[LC_cells]
Registering Symbol cell.center.abs of linktype VectorComponentLink in Scope CellType[LC_cells]
Registering Symbol cell.volume of linktype CellVolumeLink in Scope CellType[LC_cells]
Registering Symbol cell.length of linktype CellLengthLink in Scope CellType[LC_cells]
Registering Symbol cell.surface of linktype CellInterfaceLengthLink in Scope CellType[LC_cells]
Registering Symbol cell.orientation of linktype CellOrientationLink in Scope CellType[LC_cells]
Registering Symbol cell.orientation.x of linktype VectorComponentLink in Scope CellType[LC_cells]
Registering Symbol cell.orientation.y of linktype VectorComponentLink in Scope CellType[LC_cells]
Registering Symbol cell.orientation.z of linktype VectorComponentLink in Scope CellType[LC_cells]
Registering Symbol cell.orientation.phi of linktype VectorComponentLink in Scope CellType[LC_cells]
Registering Symbol cell.orientation.theta of linktype VectorComponentLink in Scope CellType[LC_cells]
Registering Symbol cell.orientation.abs of linktype VectorComponentLink in Scope CellType[LC_cells]
Registering Symbol celltype.LC_cells.id of linktype PrimitiveConstant in Scope root
Registering Symbol celltype.LC_cells.size of linktype CellPopulationSizeLink in Scope root
Creating subscope CellType[TAM] in scope root
Registering Symbol cell.type of linktype PrimitiveConstant in Scope CellType[TAM]
Registering Symbol cell.id of linktype CellIDLink in Scope CellType[TAM]
Registering Symbol cell.center of linktype CellCenterLink in Scope CellType[TAM]
Registering Symbol cell.center.x of linktype VectorComponentLink in Scope CellType[TAM]
Registering Symbol cell.center.y of linktype VectorComponentLink in Scope CellType[TAM]
Registering Symbol cell.center.z of linktype VectorComponentLink in Scope CellType[TAM]
Registering Symbol cell.center.phi of linktype VectorComponentLink in Scope CellType[TAM]
Registering Symbol cell.center.theta of linktype VectorComponentLink in Scope CellType[TAM]
Registering Symbol cell.center.abs of linktype VectorComponentLink in Scope CellType[TAM]
Registering Symbol cell.volume of linktype CellVolumeLink in Scope CellType[TAM]
Registering Symbol cell.length of linktype CellLengthLink in Scope CellType[TAM]
Registering Symbol cell.surface of linktype CellInterfaceLengthLink in Scope CellType[TAM]
Registering Symbol cell.orientation of linktype CellOrientationLink in Scope CellType[TAM]
Registering Symbol cell.orientation.x of linktype VectorComponentLink in Scope CellType[TAM]
Registering Symbol cell.orientation.y of linktype VectorComponentLink in Scope CellType[TAM]
Registering Symbol cell.orientation.z of linktype VectorComponentLink in Scope CellType[TAM]
Registering Symbol cell.orientation.phi of linktype VectorComponentLink in Scope CellType[TAM]
Registering Symbol cell.orientation.theta of linktype VectorComponentLink in Scope CellType[TAM]
Registering Symbol cell.orientation.abs of linktype VectorComponentLink in Scope CellType[TAM]
Registering Symbol celltype.TAM.id of linktype PrimitiveConstant in Scope root
Registering Symbol celltype.TAM.size of linktype CellPopulationSizeLink in Scope root
getXMLAttribute: seeking for Constant->name .. not found
getXMLAttribute: seeking for Constant->symbol: csf1_production
getXMLAttribute: seeking for Constant->value: 0.0
getXMLAttribute: seeking for Constant->notation .. not found
Registering Symbol csf1_production of linktype ConstantLink in Scope CellType[medium]
Registering Symbol csf1_production of linktype CompositeLink in Scope root
getXMLAttribute: seeking for Property->name: CSF1 production
getXMLAttribute: seeking for Property->symbol: csf1_production
getXMLAttribute: seeking for Property->value: 0.05
getXMLAttribute: seeking for Property->notation .. not found
Registering Symbol csf1_production of linktype CellPropertyLink in Scope CellType[ND_cells]
getXMLAttribute: seeking for Property->name: neighbor_TAM
getXMLAttribute: seeking for Property->symbol: neighbor_TAM
getXMLAttribute: seeking for Property->value: 0
getXMLAttribute: seeking for Property->notation .. not found
Registering Symbol neighbor_TAM of linktype CellPropertyLink in Scope CellType[ND_cells]
Registering Symbol neighbor_TAM of linktype CompositeLink in Scope root
getXMLAttribute: seeking for VolumeConstraint->target: 150
getXMLAttribute: seeking for VolumeConstraint->strength: 1
getXMLAttribute: seeking for SurfaceConstraint->target: 1.0
getXMLAttribute: seeking for SurfaceConstraint->strength: 1
getXMLAttribute: seeking for SurfaceConstraint->mode: aspherity
getXMLAttribute: seeking for SurfaceConstraint->exponent .. not found
getXMLAttribute: seeking for Input->scaling: cell
getXMLAttribute: seeking for Input->value: cell.type == celltype.TAM.id
getXMLAttribute: seeking for Input->noflux-cell-medium .. not found
getXMLAttribute: seeking for Output[0]->mapping: sum
getXMLAttribute: seeking for Output[0]->symbol-ref: neighbor_TAM
getXMLAttribute: seeking for Property->name: motility
getXMLAttribute: seeking for Property->symbol: motility
getXMLAttribute: seeking for Property->value: 2.0
getXMLAttribute: seeking for Property->notation .. not found
Registering Symbol motility of linktype CellPropertyLink in Scope CellType[ND_cells]
Registering Symbol motility of linktype CompositeLink in Scope root
getXMLAttribute: seeking for DirectedMotion->direction: rand_uni(-1,1), rand_uni(-1,1), 0
getXMLAttribute: seeking for DirectedMotion->strength: motility
getXMLAttribute: seeking for DirectedMotion->protrusion .. not found
getXMLAttribute: seeking for DirectedMotion->retraction .. not found
getXMLAttribute: seeking for Property->name: CSF1 production
getXMLAttribute: seeking for Property->symbol: csf1_production
getXMLAttribute: seeking for Property->value: 0.08
getXMLAttribute: seeking for Property->notation .. not found
Registering Symbol csf1_production of linktype CellPropertyLink in Scope CellType[LC_cells]
getXMLAttribute: seeking for Property->name: neighbor_TAM
getXMLAttribute: seeking for Property->symbol: neighbor_TAM
getXMLAttribute: seeking for Property->value: 0
getXMLAttribute: seeking for Property->notation .. not found
Registering Symbol neighbor_TAM of linktype CellPropertyLink in Scope CellType[LC_cells]
getXMLAttribute: seeking for VolumeConstraint->target: 150
getXMLAttribute: seeking for VolumeConstraint->strength: 1
getXMLAttribute: seeking for SurfaceConstraint->target: 0.9
getXMLAttribute: seeking for SurfaceConstraint->strength: 1
getXMLAttribute: seeking for SurfaceConstraint->mode: aspherity
getXMLAttribute: seeking for SurfaceConstraint->exponent .. not found
getXMLAttribute: seeking for Input->scaling: cell
getXMLAttribute: seeking for Input->value: cell.type == celltype.TAM.id
getXMLAttribute: seeking for Input->noflux-cell-medium .. not found
getXMLAttribute: seeking for Output[0]->mapping: sum
getXMLAttribute: seeking for Output[0]->symbol-ref: neighbor_TAM
getXMLAttribute: seeking for Property->name: motility
getXMLAttribute: seeking for Property->symbol: motility
getXMLAttribute: seeking for Property->value: 10.0
getXMLAttribute: seeking for Property->notation .. not found
Registering Symbol motility of linktype CellPropertyLink in Scope CellType[LC_cells]
getXMLAttribute: seeking for DirectedMotion->direction: rand_uni(-1,1), rand_uni(-1,1), 0
getXMLAttribute: seeking for DirectedMotion->strength: motility
getXMLAttribute: seeking for DirectedMotion->protrusion .. not found
getXMLAttribute: seeking for DirectedMotion->retraction .. not found
getXMLAttribute: seeking for Property->name: chemotactic strength
getXMLAttribute: seeking for Property->symbol: chemotax_strength
getXMLAttribute: seeking for Property->value: 50.0
getXMLAttribute: seeking for Property->notation .. not found
Registering Symbol chemotax_strength of linktype CellPropertyLink in Scope CellType[TAM]
Registering Symbol chemotax_strength of linktype CompositeLink in Scope root
getXMLAttribute: seeking for Constant->name .. not found
getXMLAttribute: seeking for Constant->symbol: csf1_production
getXMLAttribute: seeking for Constant->value: 0.0
getXMLAttribute: seeking for Constant->notation .. not found
Registering Symbol csf1_production of linktype ConstantLink in Scope CellType[TAM]
getXMLAttribute: seeking for VolumeConstraint->target: 120
getXMLAttribute: seeking for VolumeConstraint->strength: 1
getXMLAttribute: seeking for SurfaceConstraint->target: 0.95
getXMLAttribute: seeking for SurfaceConstraint->strength: 1
getXMLAttribute: seeking for SurfaceConstraint->mode: aspherity
getXMLAttribute: seeking for SurfaceConstraint->exponent .. not found
getXMLAttribute: seeking for Chemotaxis->field: csf1
getXMLAttribute: seeking for Chemotaxis->strength: chemotax_strength
getXMLAttribute: seeking for Chemotaxis->saturation .. not found
getXMLAttribute: seeking for Chemotaxis->retraction: true
getXMLAttribute: seeking for Chemotaxis->contact-inhibition: false
CellTypes defined: 'LC_cells' 'ND_cells' 'TAM' 'medium' 
getXMLAttribute: seeking for MonteCarloSampler/MCSDuration->value: 1.0
getXMLAttribute: seeking for MonteCarloSampler->stepper: edgelist
getXMLAttribute: seeking for MonteCarloSampler/MetropolisKinetics->temperature: 5.0
getXMLAttribute: seeking for MonteCarloSampler/MetropolisKinetics->yield .. not found
getXMLAttribute: seeking for Contact->value: 10
getXMLAttribute: seeking for Contact->value: 2
getXMLAttribute: seeking for Contact->value: 4
getXMLAttribute: seeking for Contact->value: 5
getXMLAttribute: seeking for Contact->value: 3
getXMLAttribute: seeking for Contact->value: 12
getXMLAttribute: seeking for Contact->value: 6
getXMLAttribute: seeking for Contact->value: 1
getXMLAttribute: seeking for Contact->value: 0
Registering Symbol size of linktype PrimitiveConstant in Scope root
Registering Symbol size.x of linktype VectorComponentLink in Scope root
Registering Symbol size.y of linktype VectorComponentLink in Scope root
Registering Symbol size.z of linktype VectorComponentLink in Scope root
Registering Symbol size.phi of linktype VectorComponentLink in Scope root
Registering Symbol size.theta of linktype VectorComponentLink in Scope root
Registering Symbol size.abs of linktype VectorComponentLink in Scope root
Setting boundary neighborhood to order 4
Assigning Shape Neighborhood of size 2.23607 -> 20 neighbors.
Setting boundary neighborhood to order 4
Creating cell layer of size 4.40137 MB
with initial state set to CellType 'medium'
getXMLAttribute: seeking for InitCircle->number-of-cells: 30
getXMLAttribute: seeking for InitCircle->mode: random
getXMLAttribute: seeking for Dimensions->center .. not found
