Setting output directory /Users/prerana/Desktop/morpheus/20260129_161929_315e7116
Initializing from file model.xml
AutoFix: Moved 6 element(s)  matching /MorpheusModel/Global/System/DiffEqn/Expression to /MorpheusModel/Global/System/DiffEqn/Reaction
AutoFix: Moved 6 element(s)  matching /MorpheusModel/Global/Field[(@symbol)]/Diffusion[@rate!=~0(?:\.0+)?]/@rate to /MorpheusModel/Global/System/DiffEqn[@symbol-ref=%1]/Diffusion/@text
AutoFix: Moved 6 element(s)  matching /MorpheusModel/Global/Field[(@symbol)]/Diffusion to 
Applied 18 patches to update MorpheusML version to internal v5!
Time/RandomSeed not specified, using arbitray seed (based on time).
Intitalize Thread 0 with seed Intitalize Thread 1769700035
Intitalize Thread Intitalize Thread Intitalize Thread 4Intitalize Thread  with seed 1 with seed 3042329129
Intitalize Thread 6Intitalize Thread 28 with seed 31922125027
 with seed 340927216
940428001
Intitalize Thread 9 with seed 1692032001 with seed  with seed 25069265962479070695
5 with seed 482170293


Intitalize Thread 3 with seed 2195470953
Registering Symbol time of linktype TimeLink in Scope root
Intitalize Thread 8Intitalize Thread 0 with seed  with seed 1
468798217Intitalize Thread Intitalize Thread Intitalize Thread 7 with seed 2438713780
Intitalize Thread 
6 with seed 31134454499Intitalize Thread Intitalize Thread 3 with seed 2061911450
Intitalize Thread 4 with seed 2033565838
 with seed 169373721612 with seed 588839502
Intitalize Thread 
5 with seed 3144183656

 with seed 3975964472
Registering Symbol space of linktype LocationLink in Scope root
Registering Symbol space.x of linktype VectorComponentLink in Scope root
Registering Symbol space.y of linktype VectorComponentLink in Scope root
Registering Symbol space.z of linktype VectorComponentLink in Scope root
Registering Symbol space.phi of linktype VectorComponentLink in Scope root
Registering Symbol space.theta of linktype VectorComponentLink in Scope root
Registering Symbol space.abs of linktype VectorComponentLink in Scope root
Creating lattice
getXMLAttribute: seeking for Lattice->class: linear
getXMLAttribute: seeking for Size->value: 200, 1, 0
getXMLAttribute: seeking for Size->symbol: size
Loading [7] Global Plugins
getXMLAttribute: seeking for Field->symbol: s
Registering Symbol s of linktype FieldLink in Scope root
getXMLAttribute: seeking for Field->symbol: h
Registering Symbol h of linktype FieldLink in Scope root
getXMLAttribute: seeking for Field->symbol: d
Registering Symbol d of linktype FieldLink in Scope root
getXMLAttribute: seeking for Field->symbol: uh
Registering Symbol uh of linktype FieldLink in Scope root
getXMLAttribute: seeking for Field->symbol: ud
Registering Symbol ud of linktype FieldLink in Scope root
getXMLAttribute: seeking for Field->symbol: w
Registering Symbol w of linktype FieldLink in Scope root
getXMLAttribute: seeking for System->time-step: 0.01
Creating subscope System in scope root
getXMLAttribute: seeking for System->solver: Runge-Kutta [fixed, O(4)]
getXMLAttribute: seeking for System->solver-eps .. not found
getXMLAttribute: seeking for Constant->name .. not found
getXMLAttribute: seeking for Constant->symbol: ps
getXMLAttribute: seeking for Constant->value: 200
getXMLAttribute: seeking for Constant->notation .. not found
Registering Symbol ps of linktype ConstantLink in Scope System
getXMLAttribute: seeking for Constant->name .. not found
getXMLAttribute: seeking for Constant->symbol: eta_s
getXMLAttribute: seeking for Constant->value: 100
getXMLAttribute: seeking for Constant->notation .. not found
Registering Symbol eta_s of linktype ConstantLink in Scope System
getXMLAttribute: seeking for Constant->name .. not found
getXMLAttribute: seeking for Constant->symbol: ph
getXMLAttribute: seeking for Constant->value: 1
getXMLAttribute: seeking for Constant->notation .. not found
Registering Symbol ph of linktype ConstantLink in Scope System
getXMLAttribute: seeking for Constant->name .. not found
getXMLAttribute: seeking for Constant->symbol: pd
getXMLAttribute: seeking for Constant->value: 1
getXMLAttribute: seeking for Constant->notation .. not found
Registering Symbol pd of linktype ConstantLink in Scope System
getXMLAttribute: seeking for Constant->name .. not found
getXMLAttribute: seeking for Constant->symbol: eta_h
getXMLAttribute: seeking for Constant->value: 1
getXMLAttribute: seeking for Constant->notation .. not found
Registering Symbol eta_h of linktype ConstantLink in Scope System
getXMLAttribute: seeking for Constant->name .. not found
getXMLAttribute: seeking for Constant->symbol: eta_d
getXMLAttribute: seeking for Constant->value: 1
getXMLAttribute: seeking for Constant->notation .. not found
Registering Symbol eta_d of linktype ConstantLink in Scope System
getXMLAttribute: seeking for Constant->name .. not found
getXMLAttribute: seeking for Constant->symbol: r0
getXMLAttribute: seeking for Constant->value: 18
getXMLAttribute: seeking for Constant->notation .. not found
Registering Symbol r0 of linktype ConstantLink in Scope System
getXMLAttribute: seeking for Constant->name .. not found
getXMLAttribute: seeking for Constant->symbol: r1
getXMLAttribute: seeking for Constant->value: 12
getXMLAttribute: seeking for Constant->notation .. not found
Registering Symbol r1 of linktype ConstantLink in Scope System
getXMLAttribute: seeking for Constant->name .. not found
getXMLAttribute: seeking for Constant->symbol: r2
getXMLAttribute: seeking for Constant->value: 6
getXMLAttribute: seeking for Constant->notation .. not found
Registering Symbol r2 of linktype ConstantLink in Scope System
getXMLAttribute: seeking for Constant->name .. not found
getXMLAttribute: seeking for Constant->symbol: r3
getXMLAttribute: seeking for Constant->value: 6
getXMLAttribute: seeking for Constant->notation .. not found
Registering Symbol r3 of linktype ConstantLink in Scope System
getXMLAttribute: seeking for Constant->name .. not found
getXMLAttribute: seeking for Constant->symbol: pw
getXMLAttribute: seeking for Constant->value: 10
getXMLAttribute: seeking for Constant->notation .. not found
Registering Symbol pw of linktype ConstantLink in Scope System
getXMLAttribute: seeking for DiffEqn->symbol-ref: s
getXMLAttribute: seeking for Reaction->text: ps*s/(1+s) - eta_s*s - ph*uh*s - pd*ud*s
getXMLAttribute: seeking for Advection->text .. not found
getXMLAttribute: seeking for Diffusion->text: 1
getXMLAttribute: seeking for Diffusion->well-mixed .. not found
getXMLAttribute: seeking for DiffEqn->symbol-ref: h
getXMLAttribute: seeking for Reaction->text: ph*uh*s - eta_h*h
getXMLAttribute: seeking for Advection->text .. not found
getXMLAttribute: seeking for Diffusion->text: 0.001
getXMLAttribute: seeking for Diffusion->well-mixed .. not found
getXMLAttribute: seeking for DiffEqn->symbol-ref: d
getXMLAttribute: seeking for Reaction->text: pd*ud*s - eta_d*d
getXMLAttribute: seeking for Advection->text .. not found
getXMLAttribute: seeking for Diffusion->text: 0.001
getXMLAttribute: seeking for Diffusion->well-mixed .. not found
getXMLAttribute: seeking for DiffEqn->symbol-ref: uh
getXMLAttribute: seeking for Reaction->text: h*h*(r0 - r1*uh) - r2*uh*d - r3*uh
getXMLAttribute: seeking for Advection->text .. not found
getXMLAttribute: seeking for Diffusion->text: 0.01
getXMLAttribute: seeking for Diffusion->well-mixed .. not found
getXMLAttribute: seeking for DiffEqn->symbol-ref: ud
getXMLAttribute: seeking for Reaction->text: d*d*(r0 - r1*ud) - r2*ud*h - r3*ud
getXMLAttribute: seeking for Advection->text .. not found
getXMLAttribute: seeking for Diffusion->text: 0.01
getXMLAttribute: seeking for Diffusion->well-mixed .. not found
getXMLAttribute: seeking for DiffEqn->symbol-ref: w
getXMLAttribute: seeking for Reaction->text: -pw*h*w + pw*d*(1-w)
getXMLAttribute: seeking for Advection->text .. not found
getXMLAttribute: seeking for Diffusion->text: 1
getXMLAttribute: seeking for Diffusion->well-mixed .. not found
Registering Symbol size of linktype PrimitiveConstant in Scope root
Registering Symbol size.x of linktype VectorComponentLink in Scope root
Registering Symbol size.y of linktype VectorComponentLink in Scope root
Registering Symbol size.z of linktype VectorComponentLink in Scope root
Registering Symbol size.phi of linktype VectorComponentLink in Scope root
Registering Symbol size.theta of linktype VectorComponentLink in Scope root
Registering Symbol size.abs of linktype VectorComponentLink in Scope root
Setting boundary neighborhood to order 1
Scope: Creating Accessor for symbol 's' from Scope root
Scope: Creating Accessor for symbol 'h' from Scope root
Scope: Creating Accessor for symbol 'd' from Scope root
Scope: Creating Accessor for symbol 'uh' from Scope root
Scope: Creating Accessor for symbol 'ud' from Scope root
Scope: Creating Accessor for symbol 'w' from Scope root
Scope: Creating Accessor for symbol 's' from Scope root
Creating FwdEulerADSolver
Scope: Creating Accessor for symbol 'h' from Scope root
Creating FwdEulerADSolver
Scope: Creating Accessor for symbol 'd' from Scope root
Creating FwdEulerADSolver
Scope: Creating Accessor for symbol 'uh' from Scope root
Creating FwdEulerADSolver
Scope: Creating Accessor for symbol 'ud' from Scope root
Creating FwdEulerADSolver
Scope: Creating Accessor for symbol 'w' from Scope root
Creating FwdEulerADSolver
Scope: Creating Accessor for symbol 'ps' from Scope System
Scope: Creating Accessor for symbol 'eta_s' from Scope System
Scope: Creating Accessor for symbol 'ph' from Scope System
Scope: Creating Accessor for symbol 'pd' from Scope System
Scope: Creating Accessor for symbol 'eta_h' from Scope System
Scope: Creating Accessor for symbol 'eta_d' from Scope System
Scope: Creating Accessor for symbol 'r0' from Scope System
Scope: Creating Accessor for symbol 'r1' from Scope System
Scope: Creating Accessor for symbol 'r2' from Scope System
Scope: Creating Accessor for symbol 'r3' from Scope System
Scope: Creating Accessor for symbol 'pw' from Scope System
System::init: Reordering Initializers ...
Loading Analysis tools [7]
getXMLAttribute: seeking for Gnuplotter->file-numbering .. not found
getXMLAttribute: seeking for Terminal->name: png
getXMLAttribute: seeking for Terminal->size .. not found
getXMLAttribute: seeking for Gnuplotter->time-step: 2
getXMLAttribute: seeking for Field->symbol-ref: s
getXMLAttribute: seeking for Field->coarsening .. not found
getXMLAttribute: seeking for Field->min: 0
getXMLAttribute: seeking for Field->max: 150
getXMLAttribute: seeking for Field->isolines .. not found
getXMLAttribute: seeking for Field->surface .. not found
getXMLAttribute: seeking for Gnuplotter->file-numbering .. not found
getXMLAttribute: seeking for Terminal->name: png
getXMLAttribute: seeking for Terminal->size .. not found
getXMLAttribute: seeking for Gnuplotter->time-step: 2
getXMLAttribute: seeking for Field->symbol-ref: h
getXMLAttribute: seeking for Field->coarsening .. not found
getXMLAttribute: seeking for Field->min: 0
getXMLAttribute: seeking for Field->max: 1
getXMLAttribute: seeking for Field->isolines .. not found
getXMLAttribute: seeking for Field->surface .. not found
getXMLAttribute: seeking for Gnuplotter->file-numbering .. not found
getXMLAttribute: seeking for Terminal->name: png
getXMLAttribute: seeking for Terminal->size .. not found
getXMLAttribute: seeking for Gnuplotter->time-step: 2
getXMLAttribute: seeking for Field->symbol-ref: d
getXMLAttribute: seeking for Field->coarsening .. not found
getXMLAttribute: seeking for Field->min: 0
getXMLAttribute: seeking for Field->max: 1
getXMLAttribute: seeking for Field->isolines .. not found
getXMLAttribute: seeking for Field->surface .. not found
getXMLAttribute: seeking for Gnuplotter->file-numbering .. not found
getXMLAttribute: seeking for Terminal->name: png
getXMLAttribute: seeking for Terminal->size .. not found
getXMLAttribute: seeking for Gnuplotter->time-step: 2
getXMLAttribute: seeking for Field->symbol-ref: w
getXMLAttribute: seeking for Field->coarsening .. not found
getXMLAttribute: seeking for Field->min: 0
getXMLAttribute: seeking for Field->max: 1
getXMLAttribute: seeking for Field->isolines .. not found
getXMLAttribute: seeking for Field->surface .. not found
getXMLAttribute: seeking for Input/Symbol[0]->symbol-ref: s
getXMLAttribute: seeking for Input/Symbol[1]->symbol-ref: h
getXMLAttribute: seeking for Input/Symbol[2]->symbol-ref: d
getXMLAttribute: seeking for Input/Symbol[3]->symbol-ref: w
getXMLAttribute: seeking for Input/Symbol[4]->symbol-ref: uh
getXMLAttribute: seeking for Input/Symbol[5]->symbol-ref: ud
getXMLAttribute: seeking for Restriction/Slice->value .. not found
getXMLAttribute: seeking for Restriction/Slice->axis .. not found
getXMLAttribute: seeking for Restriction/Celltype->celltype .. not found
getXMLAttribute: seeking for Restriction/Cells->cell-ids .. not found
getXMLAttribute: seeking for Restriction->domain-only .. not found
getXMLAttribute: seeking for Restriction->condition .. not found
getXMLAttribute: seeking for Input->force-node-granularity .. not found
getXMLAttribute: seeking for Input->include-boundary .. not found
getXMLAttribute: seeking for Restriction->exclude-medium .. not found
getXMLAttribute: seeking for Output/TextOutput->header .. not found
getXMLAttribute: seeking for Output/TextOutput->header-guarding .. not found
getXMLAttribute: seeking for Output/TextOutput->separator .. not found
getXMLAttribute: seeking for Output/TextOutput->file-name .. not found
getXMLAttribute: seeking for Output/TextOutput->file-numbering .. not found
getXMLAttribute: seeking for Output/TextOutput->file-separation .. not found
getXMLAttribute: seeking for Output/TextOutput->file-format: csv
getXMLAttribute: seeking for Logger->time-step: 1
getXMLAttribute: seeking for Input/Symbol[0]->symbol-ref: h
getXMLAttribute: seeking for Input/Symbol[1]->symbol-ref: d
getXMLAttribute: seeking for Restriction/Slice->value .. not found
getXMLAttribute: seeking for Restriction/Slice->axis .. not found
getXMLAttribute: seeking for Restriction/Celltype->celltype .. not found
getXMLAttribute: seeking for Restriction/Cells->cell-ids .. not found
getXMLAttribute: seeking for Restriction->domain-only .. not found
getXMLAttribute: seeking for Restriction->condition .. not found
getXMLAttribute: seeking for Input->force-node-granularity .. not found
getXMLAttribute: seeking for Input->include-boundary .. not found
getXMLAttribute: seeking for Restriction->exclude-medium .. not found
getXMLAttribute: seeking for Output/TextOutput->header .. not found
getXMLAttribute: seeking for Output/TextOutput->header-guarding .. not found
getXMLAttribute: seeking for Output/TextOutput->separator .. not found
getXMLAttribute: seeking for Output/TextOutput->file-name .. not found
getXMLAttribute: seeking for Output/TextOutput->file-numbering .. not found
getXMLAttribute: seeking for Output/TextOutput->file-separation .. not found
getXMLAttribute: seeking for Output/TextOutput->file-format: csv
getXMLAttribute: seeking for Plots/Plot[0]->time-step: 10
getXMLAttribute: seeking for Plots/Plot[0]->title .. not found
getXMLAttribute: seeking for Plots/Plot[0]->log-commands .. not found
getXMLAttribute: seeking for Plots/Plot[0]/Terminal->terminal: png
getXMLAttribute: seeking for Plots/Plot[0]/Terminal->plot-size .. not found
getXMLAttribute: seeking for Plots/Plot[0]->file-numbering .. not found
getXMLAttribute: seeking for Plots/Plot[0]/Range/Time->mode .. not found
getXMLAttribute: seeking for Plots/Plot[0]/Range/Time->history .. not found
getXMLAttribute: seeking for Plots/Plot[0]/Range/Data->first-line .. not found
getXMLAttribute: seeking for Plots/Plot[0]/Range/Data->last-line .. not found
getXMLAttribute: seeking for Plots/Plot[0]/Range/Data->increment .. not found
getXMLAttribute: seeking for Plots/Plot[0]/Style->style: lines
getXMLAttribute: seeking for Plots/Plot[0]/Style->decorate .. not found
getXMLAttribute: seeking for Plots/Plot[0]/Style->point-size .. not found
getXMLAttribute: seeking for Plots/Plot[0]/Style->line-width: 2.0
getXMLAttribute: seeking for Plots/Plot[0]/Style->grid .. not found
getXMLAttribute: seeking for Plots/Plot[0]/X-axis/Symbol->symbol-ref: space.x
getXMLAttribute: seeking for Plots/Plot[0]/X-axis->minimum .. not found
getXMLAttribute: seeking for Plots/Plot[0]/X-axis->maximum .. not found
getXMLAttribute: seeking for Plots/Plot[0]/X-axis->logarithmic .. not found
getXMLAttribute: seeking for Plots/Plot[0]/Y-axis/Symbol[0]->symbol-ref: h
getXMLAttribute: seeking for Plots/Plot[0]/Y-axis/Symbol[1]->symbol-ref: d
getXMLAttribute: seeking for Plots/Plot[0]/Y-axis/Symbol[2]->symbol-ref .. not found
getXMLAttribute: seeking for Plots/Plot[0]/Y-axis/Symbol[3]->symbol-ref .. not found
getXMLAttribute: seeking for Plots/Plot[0]/Y-axis/Symbol[4]->symbol-ref .. not found
getXMLAttribute: seeking for Plots/Plot[0]/Y-axis/Symbol[5]->symbol-ref .. not found
getXMLAttribute: seeking for Plots/Plot[0]/Y-axis/Symbol[6]->symbol-ref .. not found
getXMLAttribute: seeking for Plots/Plot[0]/Y-axis/Symbol[7]->symbol-ref .. not found
getXMLAttribute: seeking for Plots/Plot[0]/Y-axis/Symbol[8]->symbol-ref .. not found
getXMLAttribute: seeking for Plots/Plot[0]/Y-axis/Symbol[9]->symbol-ref .. not found
getXMLAttribute: seeking for Plots/Plot[0]/Y-axis->minimum: 0
getXMLAttribute: seeking for Plots/Plot[0]/Y-axis->maximum: 1
getXMLAttribute: seeking for Plots/Plot[0]/Y-axis->logarithmic .. not found
getXMLAttribute: seeking for Plots/Plot[0]/Color-bar/Symbol->symbol-ref .. not found
getXMLAttribute: seeking for Plots/Plot[0]/Color-bar->minimum .. not found
getXMLAttribute: seeking for Plots/Plot[0]/Color-bar->maximum .. not found
getXMLAttribute: seeking for Plots/Plot[0]/Color-bar->logarithmic .. not found
getXMLAttribute: seeking for Plots/Plot[0]/Color-bar->palette .. not found
getXMLAttribute: seeking for Plots/Plot[0]/Color-bar->reverse-palette .. not found
getXMLAttribute: seeking for Logger->time-step: 2
getXMLAttribute: seeking for ModelGraph->format: dot
getXMLAttribute: seeking for ModelGraph->reduced: false
getXMLAttribute: seeking for ModelGraph->exclude-symbols .. not found
getXMLAttribute: seeking for ModelGraph->include-tags: #untagged
Scope: Creating Accessor for symbol 's' from Scope root
Scope: Creating Accessor for symbol 'h' from Scope root
Scope: Creating Accessor for symbol 'd' from Scope root
Scope: Creating Accessor for symbol 'w' from Scope root
Scope: Creating Accessor for symbol 's' from Scope root
Scope: Creating Accessor for symbol 'h' from Scope root
Scope: Creating Accessor for symbol 'd' from Scope root
Scope: Creating Accessor for symbol 'w' from Scope root
Scope: Creating Accessor for symbol 'uh' from Scope root
Scope: Creating Accessor for symbol 'ud' from Scope root
Plugin Logger: Registered input symbol dependencies s [root] ,h [root] ,d [root] ,uh [root] ,ud [root] ,w [root] ,
Scope: Creating Accessor for symbol 's' from Scope root
Scope: Creating Accessor for symbol 'h' from Scope root
Scope: Creating Accessor for symbol 'd' from Scope root
Scope: Creating Accessor for symbol 'w' from Scope root
Scope: Creating Accessor for symbol 'uh' from Scope root
Scope: Creating Accessor for symbol 'ud' from Scope root
Logger range:
-> size 200
-> dataAxes X, 
-> data.sizes: 200, 
-> file separation: None
Scope: Creating Accessor for symbol 'time' from Scope root
Scope: Creating Accessor for symbol 'space.x' from Scope root
Scope: Creating Accessor for symbol 'h' from Scope root
Scope: Creating Accessor for symbol 'd' from Scope root
Plugin Logger: Registered input symbol dependencies h [root] ,d [root] ,
Scope: Creating Accessor for symbol 'h' from Scope root
Scope: Creating Accessor for symbol 'd' from Scope root
Logger range:
-> size 200
-> dataAxes X, 
-> data.sizes: 200, 
-> file separation: None
Scope: Creating Accessor for symbol 'time' from Scope root
Scope: Creating Accessor for symbol 'space.x' from Scope root
System
Gnuplotter
Gnuplotter
Gnuplotter
Gnuplotter
Logger
Logger
ModelGraph

 TimeStepListener "System" propagates its time step 0.01

 TimeStepListener "Gnuplotter" propagates its time step 2

 TimeStepListener "Gnuplotter" propagates its time step 2

 TimeStepListener "Gnuplotter" propagates its time step 2

 TimeStepListener "Gnuplotter" propagates its time step 2

 TimeStepListener "Logger" propagates its time step 1

 TimeStepListener "Logger" propagates its time step 2

 TimeStepListener "ModelGraph" propagates its time step 100
TimeScheduler::init: Ordering instantaneous processes for sequential update ...
 
======================================================
 Time Schedule
======================================================
 Time precision patch is 1e-05

=====|    Phase I     |===============================
-----. Reactions .------------------------------------
  + 0.01 => System [PlanarianRegeneration] [eta_d,eta_h,eta_s,pd,ph,ps,pw,r0,r1,r2,r3] -> [d,h,s,ud,uh,w]

=====|    Phase II    |===============================
-----. Reporters and Instantaneous Processes.---------

=====|    Phase III   |===============================
-----. Analysis .-------------------------------------
  + 2 => Gnuplotter [s] 
  + 2 => Gnuplotter [h] 
  + 2 => Gnuplotter [d] 
  + 2 => Gnuplotter [w] 
  + 1 => Logger [d,h,s,ud,uh,w] 
  + 2 => Logger [d,h] 
  + 100 => ModelGraph [] 
------------------------------------------------------
======================================================

model is up
GnuPlotter: Saving plot-1_00000.png
GnuPlotter: Saving plot-2_00000.png
GnuPlotter: Saving plot-3_00000.png
GnuPlotter: Saving plot-4_00000.png
Time: 0.00 atu
System::init: Reordering Initializers ...
System::init: Reordering Initializers ...
System::init: Reordering Initializers ...
System::init: Reordering Initializers ...
System::init: Reordering Initializers ...
System::init: Reordering Initializers ...
System::init: Reordering Initializers ...
System::init: Reordering Initializers ...
System::init: Reordering Initializers ...
Time: 1 
GnuPlotter: Saving plot-1_00002.png
GnuPlotter: Saving plot-2_00002.png
GnuPlotter: Saving plot-3_00002.png
GnuPlotter: Saving plot-4_00002.png
Time: 2 
Time: 3 
GnuPlotter: Saving plot-1_00004.png
GnuPlotter: Saving plot-2_00004.png
GnuPlotter: Saving plot-3_00004.png
GnuPlotter: Saving plot-4_00004.png
Time: 4 
Time: 5 
GnuPlotter: Saving plot-1_00006.png
GnuPlotter: Saving plot-2_00006.png
GnuPlotter: Saving plot-3_00006.png
GnuPlotter: Saving plot-4_00006.png
Time: 6 
Time: 7 
GnuPlotter: Saving plot-1_00008.png
GnuPlotter: Saving plot-2_00008.png
GnuPlotter: Saving plot-3_00008.png
GnuPlotter: Saving plot-4_00008.png
Time: 8 
Time: 9 
GnuPlotter: Saving plot-1_00010.png
GnuPlotter: Saving plot-2_00010.png
GnuPlotter: Saving plot-3_00010.png
GnuPlotter: Saving plot-4_00010.png
Time: 10 
Time: 11 
GnuPlotter: Saving plot-1_00012.png
GnuPlotter: Saving plot-2_00012.png
GnuPlotter: Saving plot-3_00012.png
GnuPlotter: Saving plot-4_00012.png
Time: 12 
Time: 13 
GnuPlotter: Saving plot-1_00014.png
GnuPlotter: Saving plot-2_00014.png
GnuPlotter: Saving plot-3_00014.png
GnuPlotter: Saving plot-4_00014.png
Time: 14 
Time: 15 
GnuPlotter: Saving plot-1_00016.png
GnuPlotter: Saving plot-2_00016.png
GnuPlotter: Saving plot-3_00016.png
GnuPlotter: Saving plot-4_00016.png
Time: 16 
Time: 17 
GnuPlotter: Saving plot-1_00018.png
GnuPlotter: Saving plot-2_00018.png
GnuPlotter: Saving plot-3_00018.png
GnuPlotter: Saving plot-4_00018.png
Time: 18 
Time: 19 
GnuPlotter: Saving plot-1_00020.png
GnuPlotter: Saving plot-2_00020.png
GnuPlotter: Saving plot-3_00020.png
GnuPlotter: Saving plot-4_00020.png
Time: 20 
Time: 21 
GnuPlotter: Saving plot-1_00022.png
GnuPlotter: Saving plot-2_00022.png
GnuPlotter: Saving plot-3_00022.png
GnuPlotter: Saving plot-4_00022.png
Time: 22 
Time: 23 
GnuPlotter: Saving plot-1_00024.png
GnuPlotter: Saving plot-2_00024.png
GnuPlotter: Saving plot-3_00024.png
GnuPlotter: Saving plot-4_00024.png
Time: 24 
Time: 25 
GnuPlotter: Saving plot-1_00026.png
GnuPlotter: Saving plot-2_00026.png
GnuPlotter: Saving plot-3_00026.png
GnuPlotter: Saving plot-4_00026.png
Time: 26 
Time: 27 
GnuPlotter: Saving plot-1_00028.png
GnuPlotter: Saving plot-2_00028.png
GnuPlotter: Saving plot-3_00028.png
GnuPlotter: Saving plot-4_00028.png
Time: 28 
Time: 29 
GnuPlotter: Saving plot-1_00030.png
GnuPlotter: Saving plot-2_00030.png
GnuPlotter: Saving plot-3_00030.png
GnuPlotter: Saving plot-4_00030.png
Time: 30 
Time: 31 
GnuPlotter: Saving plot-1_00032.png
GnuPlotter: Saving plot-2_00032.png
GnuPlotter: Saving plot-3_00032.png
GnuPlotter: Saving plot-4_00032.png
Time: 32 
Time: 33 
GnuPlotter: Saving plot-1_00034.png
GnuPlotter: Saving plot-2_00034.png
GnuPlotter: Saving plot-3_00034.png
GnuPlotter: Saving plot-4_00034.png
Time: 34 
Time: 35 
GnuPlotter: Saving plot-1_00036.png
GnuPlotter: Saving plot-2_00036.png
GnuPlotter: Saving plot-3_00036.png
GnuPlotter: Saving plot-4_00036.png
Time: 36 
Time: 37 
GnuPlotter: Saving plot-1_00038.png
GnuPlotter: Saving plot-2_00038.png
GnuPlotter: Saving plot-3_00038.png
GnuPlotter: Saving plot-4_00038.png
Time: 38 
Time: 39 
GnuPlotter: Saving plot-1_00040.png
GnuPlotter: Saving plot-2_00040.png
GnuPlotter: Saving plot-3_00040.png
GnuPlotter: Saving plot-4_00040.png
Time: 40 
Time: 41 
GnuPlotter: Saving plot-1_00042.png
GnuPlotter: Saving plot-2_00042.png
GnuPlotter: Saving plot-3_00042.png
GnuPlotter: Saving plot-4_00042.png
Time: 42 
Time: 43 
GnuPlotter: Saving plot-1_00044.png
GnuPlotter: Saving plot-2_00044.png
GnuPlotter: Saving plot-3_00044.png
GnuPlotter: Saving plot-4_00044.png
Time: 44 
Time: 45 
GnuPlotter: Saving plot-1_00046.png
GnuPlotter: Saving plot-2_00046.png
GnuPlotter: Saving plot-3_00046.png
GnuPlotter: Saving plot-4_00046.png
Time: 46 
Time: 47 
GnuPlotter: Saving plot-1_00048.png
GnuPlotter: Saving plot-2_00048.png
GnuPlotter: Saving plot-3_00048.png
GnuPlotter: Saving plot-4_00048.png
Time: 48 
Time: 49 
GnuPlotter: Saving plot-1_00050.png
GnuPlotter: Saving plot-2_00050.png
GnuPlotter: Saving plot-3_00050.png
GnuPlotter: Saving plot-4_00050.png
Time: 50 
Time: 51 
GnuPlotter: Saving plot-1_00052.png
GnuPlotter: Saving plot-2_00052.png
GnuPlotter: Saving plot-3_00052.png
GnuPlotter: Saving plot-4_00052.png
Time: 52 
Time: 53 
GnuPlotter: Saving plot-1_00054.png
GnuPlotter: Saving plot-2_00054.png
GnuPlotter: Saving plot-3_00054.png
GnuPlotter: Saving plot-4_00054.png
Time: 54 
Time: 55 
GnuPlotter: Saving plot-1_00056.png
GnuPlotter: Saving plot-2_00056.png
GnuPlotter: Saving plot-3_00056.png
GnuPlotter: Saving plot-4_00056.png
Time: 56 
Time: 57 
GnuPlotter: Saving plot-1_00058.png
GnuPlotter: Saving plot-2_00058.png
GnuPlotter: Saving plot-3_00058.png
GnuPlotter: Saving plot-4_00058.png
Time: 58 
Time: 59 
GnuPlotter: Saving plot-1_00060.png
GnuPlotter: Saving plot-2_00060.png
GnuPlotter: Saving plot-3_00060.png
GnuPlotter: Saving plot-4_00060.png
Time: 60 
Time: 61 
GnuPlotter: Saving plot-1_00062.png
GnuPlotter: Saving plot-2_00062.png
GnuPlotter: Saving plot-3_00062.png
GnuPlotter: Saving plot-4_00062.png
Time: 62 
Time: 63 
GnuPlotter: Saving plot-1_00064.png
GnuPlotter: Saving plot-2_00064.png
GnuPlotter: Saving plot-3_00064.png
GnuPlotter: Saving plot-4_00064.png
Time: 64 
Time: 65 
GnuPlotter: Saving plot-1_00066.png
GnuPlotter: Saving plot-2_00066.png
GnuPlotter: Saving plot-3_00066.png
GnuPlotter: Saving plot-4_00066.png
Time: 66 
Time: 67 
GnuPlotter: Saving plot-1_00068.png
GnuPlotter: Saving plot-2_00068.png
GnuPlotter: Saving plot-3_00068.png
GnuPlotter: Saving plot-4_00068.png
Time: 68 
Time: 69 
GnuPlotter: Saving plot-1_00070.png
GnuPlotter: Saving plot-2_00070.png
GnuPlotter: Saving plot-3_00070.png
GnuPlotter: Saving plot-4_00070.png
Time: 70 
Time: 71 
GnuPlotter: Saving plot-1_00072.png
GnuPlotter: Saving plot-2_00072.png
GnuPlotter: Saving plot-3_00072.png
GnuPlotter: Saving plot-4_00072.png
Time: 72 
Time: 73 
GnuPlotter: Saving plot-1_00074.png
GnuPlotter: Saving plot-2_00074.png
GnuPlotter: Saving plot-3_00074.png
GnuPlotter: Saving plot-4_00074.png
Time: 74 
Time: 75 
GnuPlotter: Saving plot-1_00076.png
GnuPlotter: Saving plot-2_00076.png
GnuPlotter: Saving plot-3_00076.png
GnuPlotter: Saving plot-4_00076.png
Time: 76 
Time: 77 
GnuPlotter: Saving plot-1_00078.png
GnuPlotter: Saving plot-2_00078.png
GnuPlotter: Saving plot-3_00078.png
GnuPlotter: Saving plot-4_00078.png
Time: 78 
Time: 79 
GnuPlotter: Saving plot-1_00080.png
GnuPlotter: Saving plot-2_00080.png
GnuPlotter: Saving plot-3_00080.png
GnuPlotter: Saving plot-4_00080.png
Time: 80 
Time: 81 
GnuPlotter: Saving plot-1_00082.png
GnuPlotter: Saving plot-2_00082.png
GnuPlotter: Saving plot-3_00082.png
GnuPlotter: Saving plot-4_00082.png
Time: 82 
Time: 83 
GnuPlotter: Saving plot-1_00084.png
GnuPlotter: Saving plot-2_00084.png
GnuPlotter: Saving plot-3_00084.png
GnuPlotter: Saving plot-4_00084.png
Time: 84 
Time: 85 
GnuPlotter: Saving plot-1_00086.png
GnuPlotter: Saving plot-2_00086.png
GnuPlotter: Saving plot-3_00086.png
GnuPlotter: Saving plot-4_00086.png
Time: 86 
Time: 87 
GnuPlotter: Saving plot-1_00088.png
GnuPlotter: Saving plot-2_00088.png
GnuPlotter: Saving plot-3_00088.png
GnuPlotter: Saving plot-4_00088.png
Time: 88 
Time: 89 
GnuPlotter: Saving plot-1_00090.png
GnuPlotter: Saving plot-2_00090.png
GnuPlotter: Saving plot-3_00090.png
GnuPlotter: Saving plot-4_00090.png
Time: 90 
Time: 91 
GnuPlotter: Saving plot-1_00092.png
GnuPlotter: Saving plot-2_00092.png
GnuPlotter: Saving plot-3_00092.png
GnuPlotter: Saving plot-4_00092.png
Time: 92 
Time: 93 
GnuPlotter: Saving plot-1_00094.png
GnuPlotter: Saving plot-2_00094.png
GnuPlotter: Saving plot-3_00094.png
GnuPlotter: Saving plot-4_00094.png
Time: 94 
Time: 95 
GnuPlotter: Saving plot-1_00096.png
GnuPlotter: Saving plot-2_00096.png
GnuPlotter: Saving plot-3_00096.png
GnuPlotter: Saving plot-4_00096.png
Time: 96 
Time: 97 
GnuPlotter: Saving plot-1_00098.png
GnuPlotter: Saving plot-2_00098.png
GnuPlotter: Saving plot-3_00098.png
GnuPlotter: Saving plot-4_00098.png
Time: 98 
Time: 99 
GnuPlotter: Saving plot-1_00100.png
GnuPlotter: Saving plot-2_00100.png
GnuPlotter: Saving plot-3_00100.png
GnuPlotter: Saving plot-4_00100.png
Time: 100 
Saving Planarian Regeneration - Scheel 2021000100.xml.gz
AutoFix: Moved 6 element(s)  matching /MorpheusModel/Global/System/DiffEqn/Reaction to /MorpheusModel/Global/System/DiffEqn/Expression
AutoFix: Moved 6 element(s)  matching /MorpheusModel/Global/System/DiffEqn[(@symbol-ref)]/Diffusion/@text to /MorpheusModel/Global/Field[@symbol=%1]/Diffusion/@rate
AutoFix: Moved 6 element(s)  matching /MorpheusModel/Global/System/DiffEqn/Diffusion to 
saveToXML:: Applied 18 patches to set MorpheusML version  v4!
sampler 0 layer 0

=======================================================
    SCHEDULER PERFORMANCE STATISTICS
=======================================================

    +  57.9% = 3.3804s (9.1391)  | System [eta_d,eta_h,eta_s,pd,ph,ps,pw,r0,r1,r2,r3 -> d,h,s,ud,uh,w]
           | 0.4137s (1.0873)  | Diffusion[d]
           | 0.4071s (1.0704)  | Diffusion[h]
           | 0.4399s (1.0750)  | Diffusion[s]
           | 0.4213s (1.0594)  | Diffusion[ud]
           | 0.4067s (1.0815)  | Diffusion[uh]
           | 0.4375s (1.1187)  | Diffusion[w]
           | 0.8542s (2.6468)  | Reaction
    +  39.7% = 2.3221s (0.0180)  | Initialisation []
    +   0.7% = 0.0398s (0.0390)  | Logger [d,h,s,ud,uh,w]
    +   0.2% = 0.0125s (0.0122)  | Logger [d,h]
    +   0.1% = 0.0051s (0.0050)  | Gnuplotter [s]
    +   0.1% = 0.0045s (0.0045)  | Gnuplotter [w]
    +   0.1% = 0.0040s (0.0040)  | Gnuplotter [h]
    +   0.1% = 0.0039s (0.0039)  | Gnuplotter [d]
    +   0.0% = 0.0006s (0.0006)  | ModelGraph []

======================================================

=== Simulation finished ===
Wall Time   = 5s 842ms
CPU Time    = 9s 249ms (10 threads)

