Initializing from file model.xml
AutoFix: Moved 2 element(s)  matching /MorpheusModel/CellTypes/CellType/System/DiffEqn/Expression to /MorpheusModel/CellTypes/CellType/System/DiffEqn/Reaction
Applied 2 patches to update MorpheusML version to internal v5!
Time/RandomSeed not specified, using arbitray seed (based on time).
Intitalize Thread 8 with seed 4088464888Intitalize Thread 0 with seed 1768041265

Intitalize Thread 4 with seed 1679097153
Intitalize Thread Intitalize Thread 3 with seed 1 with seed 2727010509
2128924409Intitalize Thread 7 with seed 3942034622
Intitalize Thread 5 with seed 145268068
Intitalize Thread 9 with seed 2283454749

Intitalize Thread 6 with seed 3884418997
Intitalize Thread 2 with seed 3966291283
Registering Symbol time of linktype TimeLink in Scope root
Intitalize Thread 8 with seed 1052227840
Intitalize Thread Intitalize Thread 2 with seed 3106210472
0Intitalize Thread Intitalize Thread 1 with seed 1860559574
 with seed 42
Intitalize Thread Intitalize Thread 3 with seed 5 with seed Intitalize Thread 1295391061241072906
Intitalize Thread 9 with seed 783940790

6 with seed Intitalize Thread 2625589116
47 with seed 1708401696
 with seed 2317013838
Registering Symbol space of linktype LocationLink in Scope root
Registering Symbol space.x of linktype VectorComponentLink in Scope root
Registering Symbol space.y of linktype VectorComponentLink in Scope root
Registering Symbol space.z of linktype VectorComponentLink in Scope root
Registering Symbol space.phi of linktype VectorComponentLink in Scope root
Registering Symbol space.theta of linktype VectorComponentLink in Scope root
Registering Symbol space.abs of linktype VectorComponentLink in Scope root
Creating lattice
getXMLAttribute: seeking for Lattice->class: hexagonal
getXMLAttribute: seeking for Size->value: 14, 14, 0
getXMLAttribute: seeking for Size->symbol: size
Loading [8] Global Plugins
getXMLAttribute: seeking for Constant->name: Long-range signalling weight
getXMLAttribute: seeking for Constant->symbol: epsilon
getXMLAttribute: seeking for Constant->value: 0.6
getXMLAttribute: seeking for Constant->notation .. not found
Registering Symbol epsilon of linktype ConstantLink in Scope root
getXMLAttribute: seeking for Constant->name: Hill coefficient for Notch inhibition
getXMLAttribute: seeking for Constant->symbol: h
getXMLAttribute: seeking for Constant->value: 6
getXMLAttribute: seeking for Constant->notation .. not found
Registering Symbol h of linktype ConstantLink in Scope root
getXMLAttribute: seeking for Constant->name: Hill coefficient for Delta activation
getXMLAttribute: seeking for Constant->symbol: k
getXMLAttribute: seeking for Constant->value: 6
getXMLAttribute: seeking for Constant->notation .. not found
Registering Symbol k of linktype ConstantLink in Scope root
getXMLAttribute: seeking for Constant->name: Half-maximal Notch activation
getXMLAttribute: seeking for Constant->symbol: a
getXMLAttribute: seeking for Constant->value: 1e-8
getXMLAttribute: seeking for Constant->notation .. not found
Registering Symbol a of linktype ConstantLink in Scope root
getXMLAttribute: seeking for Constant->name: Notch inhibition strength
getXMLAttribute: seeking for Constant->symbol: b
getXMLAttribute: seeking for Constant->value: 100
getXMLAttribute: seeking for Constant->notation .. not found
Registering Symbol b of linktype ConstantLink in Scope root
getXMLAttribute: seeking for Constant->name: Delta/Notch decay rate ratio
getXMLAttribute: seeking for Constant->symbol: nu
getXMLAttribute: seeking for Constant->value: 1.0
getXMLAttribute: seeking for Constant->notation .. not found
Registering Symbol nu of linktype ConstantLink in Scope root
getXMLAttribute: seeking for Variable->name: Homogeneous steady state Notch
getXMLAttribute: seeking for Variable->symbol: N_steady
getXMLAttribute: seeking for Variable->value: 0.744
getXMLAttribute: seeking for Variable->notation .. not found
Registering Symbol N_steady of linktype VariableLink in Scope root
getXMLAttribute: seeking for Variable->name: Homogeneous steady state Delta
getXMLAttribute: seeking for Variable->symbol: D_steady
getXMLAttribute: seeking for Variable->value: 0.055
getXMLAttribute: seeking for Variable->notation .. not found
Registering Symbol D_steady of linktype VariableLink in Scope root
Creating subscope CellType[epithelial] in scope root
Registering Symbol cell.type of linktype PrimitiveConstant in Scope CellType[epithelial]
Registering Symbol cell.type of linktype CompositeLink in Scope root
Registering Symbol cell.id of linktype CellIDLink in Scope CellType[epithelial]
Registering Symbol cell.id of linktype CompositeLink in Scope root
Registering Symbol cell.center of linktype CellCenterLink in Scope CellType[epithelial]
Registering Symbol cell.center of linktype CompositeLink in Scope root
Registering Symbol cell.center.x of linktype VectorComponentLink in Scope root
Registering Symbol cell.center.y of linktype VectorComponentLink in Scope root
Registering Symbol cell.center.z of linktype VectorComponentLink in Scope root
Registering Symbol cell.center.phi of linktype VectorComponentLink in Scope root
Registering Symbol cell.center.theta of linktype VectorComponentLink in Scope root
Registering Symbol cell.center.abs of linktype VectorComponentLink in Scope root
Registering Symbol cell.center.x of linktype VectorComponentLink in Scope CellType[epithelial]
Registering Symbol cell.center.y of linktype VectorComponentLink in Scope CellType[epithelial]
Registering Symbol cell.center.z of linktype VectorComponentLink in Scope CellType[epithelial]
Registering Symbol cell.center.phi of linktype VectorComponentLink in Scope CellType[epithelial]
Registering Symbol cell.center.theta of linktype VectorComponentLink in Scope CellType[epithelial]
Registering Symbol cell.center.abs of linktype VectorComponentLink in Scope CellType[epithelial]
Registering Symbol cell.volume of linktype CellVolumeLink in Scope CellType[epithelial]
Registering Symbol cell.volume of linktype CompositeLink in Scope root
Registering Symbol cell.length of linktype CellLengthLink in Scope CellType[epithelial]
Registering Symbol cell.length of linktype CompositeLink in Scope root
Registering Symbol cell.surface of linktype CellInterfaceLengthLink in Scope CellType[epithelial]
Registering Symbol cell.surface of linktype CompositeLink in Scope root
Registering Symbol cell.orientation of linktype CellOrientationLink in Scope CellType[epithelial]
Registering Symbol cell.orientation of linktype CompositeLink in Scope root
Registering Symbol cell.orientation.x of linktype VectorComponentLink in Scope root
Registering Symbol cell.orientation.y of linktype VectorComponentLink in Scope root
Registering Symbol cell.orientation.z of linktype VectorComponentLink in Scope root
Registering Symbol cell.orientation.phi of linktype VectorComponentLink in Scope root
Registering Symbol cell.orientation.theta of linktype VectorComponentLink in Scope root
Registering Symbol cell.orientation.abs of linktype VectorComponentLink in Scope root
Registering Symbol cell.orientation.x of linktype VectorComponentLink in Scope CellType[epithelial]
Registering Symbol cell.orientation.y of linktype VectorComponentLink in Scope CellType[epithelial]
Registering Symbol cell.orientation.z of linktype VectorComponentLink in Scope CellType[epithelial]
Registering Symbol cell.orientation.phi of linktype VectorComponentLink in Scope CellType[epithelial]
Registering Symbol cell.orientation.theta of linktype VectorComponentLink in Scope CellType[epithelial]
Registering Symbol cell.orientation.abs of linktype VectorComponentLink in Scope CellType[epithelial]
Registering Symbol celltype.epithelial.id of linktype PrimitiveConstant in Scope root
Registering Symbol celltype.epithelial.size of linktype CellPopulationSizeLink in Scope root
getXMLAttribute: seeking for Property->name: Notch activity
getXMLAttribute: seeking for Property->symbol: N
getXMLAttribute: seeking for Property->value: 0.744
getXMLAttribute: seeking for Property->notation .. not found
Registering Symbol N of linktype CellPropertyLink in Scope CellType[epithelial]
Registering Symbol N of linktype CompositeLink in Scope root
getXMLAttribute: seeking for Property->name: Delta activity
getXMLAttribute: seeking for Property->symbol: D
getXMLAttribute: seeking for Property->value: 0.055
getXMLAttribute: seeking for Property->notation .. not found
Registering Symbol D of linktype CellPropertyLink in Scope CellType[epithelial]
Registering Symbol D of linktype CompositeLink in Scope root
getXMLAttribute: seeking for Property->name: Delta from nearest neighbors
getXMLAttribute: seeking for Property->symbol: D_nn
getXMLAttribute: seeking for Property->value: 0.0
getXMLAttribute: seeking for Property->notation .. not found
Registering Symbol D_nn of linktype CellPropertyLink in Scope CellType[epithelial]
Registering Symbol D_nn of linktype CompositeLink in Scope root
getXMLAttribute: seeking for Property->name: Delta from all neighbors (order 2)
getXMLAttribute: seeking for Property->symbol: D_all
getXMLAttribute: seeking for Property->value: 0.0
getXMLAttribute: seeking for Property->notation .. not found
Registering Symbol D_all of linktype CellPropertyLink in Scope CellType[epithelial]
Registering Symbol D_all of linktype CompositeLink in Scope root
getXMLAttribute: seeking for Property->name: Delta from second neighbors only
getXMLAttribute: seeking for Property->symbol: D_2nn
getXMLAttribute: seeking for Property->value: 0.0
getXMLAttribute: seeking for Property->notation .. not found
Registering Symbol D_2nn of linktype CellPropertyLink in Scope CellType[epithelial]
Registering Symbol D_2nn of linktype CompositeLink in Scope root
getXMLAttribute: seeking for Property->name: Epsilon-weighted Delta coupling
getXMLAttribute: seeking for Property->symbol: D_coupled
getXMLAttribute: seeking for Property->value: 0.0
getXMLAttribute: seeking for Property->notation .. not found
Registering Symbol D_coupled of linktype CellPropertyLink in Scope CellType[epithelial]
Registering Symbol D_coupled of linktype CompositeLink in Scope root
getXMLAttribute: seeking for Input->scaling: cell
getXMLAttribute: seeking for Input->value: D
getXMLAttribute: seeking for Input->noflux-cell-medium .. not found
getXMLAttribute: seeking for Output[0]->mapping: average
getXMLAttribute: seeking for Output[0]->symbol-ref: D_nn
getXMLAttribute: seeking for Input->scaling: cell
getXMLAttribute: seeking for Input->value: D
getXMLAttribute: seeking for Input->noflux-cell-medium .. not found
getXMLAttribute: seeking for Output[0]->mapping: average
getXMLAttribute: seeking for Output[0]->symbol-ref: D_all
getXMLAttribute: seeking for System->time-step: 0.02
Creating subscope System in scope CellType[epithelial]
getXMLAttribute: seeking for System->solver: Runge-Kutta [fixed, O(4)]
getXMLAttribute: seeking for System->solver-eps .. not found
getXMLAttribute: seeking for Rule->symbol-ref: D_2nn
getXMLAttribute: seeking for Expression->text: (18.0 * D_all - 6.0 * D_nn) / 12.0
getXMLAttribute: seeking for Rule->symbol-ref: D_coupled
getXMLAttribute: seeking for Expression->text: (1.0 - epsilon) * D_nn + epsilon * D_2nn
getXMLAttribute: seeking for DiffEqn->symbol-ref: N
getXMLAttribute: seeking for Reaction->text: (D_coupled^k) / (a + D_coupled^k) - N
getXMLAttribute: seeking for Advection->text .. not found
getXMLAttribute: seeking for Diffusion->text .. not found
getXMLAttribute: seeking for Diffusion->well-mixed .. not found
getXMLAttribute: seeking for DiffEqn->symbol-ref: D
getXMLAttribute: seeking for Reaction->text: nu * (1.0 / (1.0 + b * N^h) - D)
getXMLAttribute: seeking for Advection->text .. not found
getXMLAttribute: seeking for Diffusion->text .. not found
getXMLAttribute: seeking for Diffusion->well-mixed .. not found
CellTypes defined: 'epithelial' 
Creating subscope CellType[Medium] in scope root
Registering Symbol cell.type of linktype PrimitiveConstant in Scope CellType[Medium]
Registering Symbol cell.id of linktype CellIDLink in Scope CellType[Medium]
Registering Symbol cell.center of linktype CellCenterLink in Scope CellType[Medium]
Registering Symbol cell.center.x of linktype VectorComponentLink in Scope CellType[Medium]
Registering Symbol cell.center.y of linktype VectorComponentLink in Scope CellType[Medium]
Registering Symbol cell.center.z of linktype VectorComponentLink in Scope CellType[Medium]
Registering Symbol cell.center.phi of linktype VectorComponentLink in Scope CellType[Medium]
Registering Symbol cell.center.theta of linktype VectorComponentLink in Scope CellType[Medium]
Registering Symbol cell.center.abs of linktype VectorComponentLink in Scope CellType[Medium]
Registering Symbol cell.volume of linktype CellVolumeLink in Scope CellType[Medium]
Registering Symbol size of linktype PrimitiveConstant in Scope root
Registering Symbol size.x of linktype VectorComponentLink in Scope root
Registering Symbol size.y of linktype VectorComponentLink in Scope root
Registering Symbol size.z of linktype VectorComponentLink in Scope root
Registering Symbol size.phi of linktype VectorComponentLink in Scope root
Registering Symbol size.theta of linktype VectorComponentLink in Scope root
Registering Symbol size.abs of linktype VectorComponentLink in Scope root
Setting boundary neighborhood to order 2
Creating cell layer of size 0.00976562 MB
with initial state set to CellType 'Medium'
Initializing celltype 'epithelial'
Scope: Creating Accessor for symbol 'D' from Scope root
EvaluatorCache::registerSymbol(): Symbol D is not defined in all spatial scopes (CellTypes) of scope root!
