Setting output directory /Users/prerana/Desktop/morpheus/20260203_225124_d87b04a3
Initializing from file model.xml
Applied 0 patches to update MorpheusML version to internal v5!
Time/RandomSeed not specified, using arbitray seed (based on time).
Intitalize Thread 0 with seed Intitalize Thread 3 with seed 3083112879
Intitalize Thread 5 with seed 2228952944
1770155563
Intitalize Thread 8 with seed 3115389438
Intitalize Thread 4 with seed 4079179641
Intitalize Thread 7 with seed 3665492599
Intitalize Thread Intitalize Thread 9 with seed 1450432059
Intitalize Thread 1 with seed 6685460309 with seed Intitalize Thread 22187773653

 with seed 1797223203
Registering Symbol time of linktype TimeLink in Scope root
Intitalize Thread Intitalize Thread 3 with seed 4029868217
Intitalize Thread Intitalize Thread Intitalize Thread 1 with seed 3410091070
0 with seed 0
Intitalize Thread 2Intitalize Thread 9 with seed 1868579686
 with seed 1044445579
7 with seed 6 with seed 4250921454
Intitalize Thread 4 with seed 3471047918
Intitalize Thread 5 with seed 990324140
69919023
Intitalize Thread 8 with seed 1166165736
Registering Symbol space of linktype LocationLink in Scope root
Registering Symbol space.x of linktype VectorComponentLink in Scope root
Registering Symbol space.y of linktype VectorComponentLink in Scope root
Registering Symbol space.z of linktype VectorComponentLink in Scope root
Registering Symbol space.phi of linktype VectorComponentLink in Scope root
Registering Symbol space.theta of linktype VectorComponentLink in Scope root
Registering Symbol space.abs of linktype VectorComponentLink in Scope root
Creating lattice
getXMLAttribute: seeking for Lattice->class: square
getXMLAttribute: seeking for Size->value: 400, 400, 0
getXMLAttribute: seeking for Size->symbol: size
Loading [3] Global Plugins
getXMLAttribute: seeking for Variable->name: Total number of cancer cells
getXMLAttribute: seeking for Variable->symbol: total_cancer_cells
getXMLAttribute: seeking for Variable->value: 0.0
getXMLAttribute: seeking for Variable->notation .. not found
Registering Symbol total_cancer_cells of linktype VariableLink in Scope root
getXMLAttribute: seeking for Variable->name: Total number of senescent mesothelia
getXMLAttribute: seeking for Variable->symbol: total_senescent
getXMLAttribute: seeking for Variable->value: 0.0
getXMLAttribute: seeking for Variable->notation .. not found
Registering Symbol total_senescent of linktype VariableLink in Scope root
getXMLAttribute: seeking for Variable->name: Total number of non-senescent mesothelia
getXMLAttribute: seeking for Variable->symbol: total_nonsenescent
getXMLAttribute: seeking for Variable->value: 0.0
getXMLAttribute: seeking for Variable->notation .. not found
Registering Symbol total_nonsenescent of linktype VariableLink in Scope root
Creating subscope CellType[medium] in scope root
Registering Symbol cell.type of linktype PrimitiveConstant in Scope CellType[medium]
Registering Symbol cell.type of linktype CompositeLink in Scope root
Registering Symbol cell.id of linktype CellIDLink in Scope CellType[medium]
Registering Symbol cell.id of linktype CompositeLink in Scope root
Registering Symbol cell.center of linktype CellCenterLink in Scope CellType[medium]
Registering Symbol cell.center of linktype CompositeLink in Scope root
Registering Symbol cell.center.x of linktype VectorComponentLink in Scope root
Registering Symbol cell.center.y of linktype VectorComponentLink in Scope root
Registering Symbol cell.center.z of linktype VectorComponentLink in Scope root
Registering Symbol cell.center.phi of linktype VectorComponentLink in Scope root
Registering Symbol cell.center.theta of linktype VectorComponentLink in Scope root
Registering Symbol cell.center.abs of linktype VectorComponentLink in Scope root
Registering Symbol cell.center.x of linktype VectorComponentLink in Scope CellType[medium]
Registering Symbol cell.center.y of linktype VectorComponentLink in Scope CellType[medium]
Registering Symbol cell.center.z of linktype VectorComponentLink in Scope CellType[medium]
Registering Symbol cell.center.phi of linktype VectorComponentLink in Scope CellType[medium]
Registering Symbol cell.center.theta of linktype VectorComponentLink in Scope CellType[medium]
Registering Symbol cell.center.abs of linktype VectorComponentLink in Scope CellType[medium]
Registering Symbol cell.volume of linktype CellVolumeLink in Scope CellType[medium]
Registering Symbol cell.volume of linktype CompositeLink in Scope root
Registering Symbol celltype.medium.id of linktype PrimitiveConstant in Scope root
Registering Symbol celltype.medium.size of linktype CellPopulationSizeLink in Scope root
Creating subscope CellType[nonsenescent_mesothelia] in scope root
Registering Symbol cell.type of linktype PrimitiveConstant in Scope CellType[nonsenescent_mesothelia]
Registering Symbol cell.id of linktype CellIDLink in Scope CellType[nonsenescent_mesothelia]
Registering Symbol cell.center of linktype CellCenterLink in Scope CellType[nonsenescent_mesothelia]
Registering Symbol cell.center.x of linktype VectorComponentLink in Scope CellType[nonsenescent_mesothelia]
Registering Symbol cell.center.y of linktype VectorComponentLink in Scope CellType[nonsenescent_mesothelia]
Registering Symbol cell.center.z of linktype VectorComponentLink in Scope CellType[nonsenescent_mesothelia]
Registering Symbol cell.center.phi of linktype VectorComponentLink in Scope CellType[nonsenescent_mesothelia]
Registering Symbol cell.center.theta of linktype VectorComponentLink in Scope CellType[nonsenescent_mesothelia]
Registering Symbol cell.center.abs of linktype VectorComponentLink in Scope CellType[nonsenescent_mesothelia]
Registering Symbol cell.volume of linktype CellVolumeLink in Scope CellType[nonsenescent_mesothelia]
Registering Symbol cell.length of linktype CellLengthLink in Scope CellType[nonsenescent_mesothelia]
Registering Symbol cell.length of linktype CompositeLink in Scope root
Registering Symbol cell.surface of linktype CellInterfaceLengthLink in Scope CellType[nonsenescent_mesothelia]
Registering Symbol cell.surface of linktype CompositeLink in Scope root
Registering Symbol cell.orientation of linktype CellOrientationLink in Scope CellType[nonsenescent_mesothelia]
Registering Symbol cell.orientation of linktype CompositeLink in Scope root
Registering Symbol cell.orientation.x of linktype VectorComponentLink in Scope root
Registering Symbol cell.orientation.y of linktype VectorComponentLink in Scope root
Registering Symbol cell.orientation.z of linktype VectorComponentLink in Scope root
Registering Symbol cell.orientation.phi of linktype VectorComponentLink in Scope root
Registering Symbol cell.orientation.theta of linktype VectorComponentLink in Scope root
Registering Symbol cell.orientation.abs of linktype VectorComponentLink in Scope root
Registering Symbol cell.orientation.x of linktype VectorComponentLink in Scope CellType[nonsenescent_mesothelia]
Registering Symbol cell.orientation.y of linktype VectorComponentLink in Scope CellType[nonsenescent_mesothelia]
Registering Symbol cell.orientation.z of linktype VectorComponentLink in Scope CellType[nonsenescent_mesothelia]
Registering Symbol cell.orientation.phi of linktype VectorComponentLink in Scope CellType[nonsenescent_mesothelia]
Registering Symbol cell.orientation.theta of linktype VectorComponentLink in Scope CellType[nonsenescent_mesothelia]
Registering Symbol cell.orientation.abs of linktype VectorComponentLink in Scope CellType[nonsenescent_mesothelia]
Registering Symbol celltype.nonsenescent_mesothelia.id of linktype PrimitiveConstant in Scope root
Registering Symbol celltype.nonsenescent_mesothelia.size of linktype CellPopulationSizeLink in Scope root
Creating subscope CellType[senescent_mesothelia] in scope root
Registering Symbol cell.type of linktype PrimitiveConstant in Scope CellType[senescent_mesothelia]
Registering Symbol cell.id of linktype CellIDLink in Scope CellType[senescent_mesothelia]
Registering Symbol cell.center of linktype CellCenterLink in Scope CellType[senescent_mesothelia]
Registering Symbol cell.center.x of linktype VectorComponentLink in Scope CellType[senescent_mesothelia]
Registering Symbol cell.center.y of linktype VectorComponentLink in Scope CellType[senescent_mesothelia]
Registering Symbol cell.center.z of linktype VectorComponentLink in Scope CellType[senescent_mesothelia]
Registering Symbol cell.center.phi of linktype VectorComponentLink in Scope CellType[senescent_mesothelia]
Registering Symbol cell.center.theta of linktype VectorComponentLink in Scope CellType[senescent_mesothelia]
Registering Symbol cell.center.abs of linktype VectorComponentLink in Scope CellType[senescent_mesothelia]
Registering Symbol cell.volume of linktype CellVolumeLink in Scope CellType[senescent_mesothelia]
Registering Symbol cell.length of linktype CellLengthLink in Scope CellType[senescent_mesothelia]
Registering Symbol cell.surface of linktype CellInterfaceLengthLink in Scope CellType[senescent_mesothelia]
Registering Symbol cell.orientation of linktype CellOrientationLink in Scope CellType[senescent_mesothelia]
Registering Symbol cell.orientation.x of linktype VectorComponentLink in Scope CellType[senescent_mesothelia]
Registering Symbol cell.orientation.y of linktype VectorComponentLink in Scope CellType[senescent_mesothelia]
Registering Symbol cell.orientation.z of linktype VectorComponentLink in Scope CellType[senescent_mesothelia]
Registering Symbol cell.orientation.phi of linktype VectorComponentLink in Scope CellType[senescent_mesothelia]
Registering Symbol cell.orientation.theta of linktype VectorComponentLink in Scope CellType[senescent_mesothelia]
Registering Symbol cell.orientation.abs of linktype VectorComponentLink in Scope CellType[senescent_mesothelia]
Registering Symbol celltype.senescent_mesothelia.id of linktype PrimitiveConstant in Scope root
Registering Symbol celltype.senescent_mesothelia.size of linktype CellPopulationSizeLink in Scope root
Creating subscope CellType[cancer_cells] in scope root
Registering Symbol cell.type of linktype PrimitiveConstant in Scope CellType[cancer_cells]
Registering Symbol cell.id of linktype CellIDLink in Scope CellType[cancer_cells]
Registering Symbol cell.center of linktype CellCenterLink in Scope CellType[cancer_cells]
Registering Symbol cell.center.x of linktype VectorComponentLink in Scope CellType[cancer_cells]
Registering Symbol cell.center.y of linktype VectorComponentLink in Scope CellType[cancer_cells]
Registering Symbol cell.center.z of linktype VectorComponentLink in Scope CellType[cancer_cells]
Registering Symbol cell.center.phi of linktype VectorComponentLink in Scope CellType[cancer_cells]
Registering Symbol cell.center.theta of linktype VectorComponentLink in Scope CellType[cancer_cells]
Registering Symbol cell.center.abs of linktype VectorComponentLink in Scope CellType[cancer_cells]
Registering Symbol cell.volume of linktype CellVolumeLink in Scope CellType[cancer_cells]
Registering Symbol cell.length of linktype CellLengthLink in Scope CellType[cancer_cells]
Registering Symbol cell.surface of linktype CellInterfaceLengthLink in Scope CellType[cancer_cells]
Registering Symbol cell.orientation of linktype CellOrientationLink in Scope CellType[cancer_cells]
Registering Symbol cell.orientation.x of linktype VectorComponentLink in Scope CellType[cancer_cells]
Registering Symbol cell.orientation.y of linktype VectorComponentLink in Scope CellType[cancer_cells]
Registering Symbol cell.orientation.z of linktype VectorComponentLink in Scope CellType[cancer_cells]
Registering Symbol cell.orientation.phi of linktype VectorComponentLink in Scope CellType[cancer_cells]
Registering Symbol cell.orientation.theta of linktype VectorComponentLink in Scope CellType[cancer_cells]
Registering Symbol cell.orientation.abs of linktype VectorComponentLink in Scope CellType[cancer_cells]
Registering Symbol celltype.cancer_cells.id of linktype PrimitiveConstant in Scope root
Registering Symbol celltype.cancer_cells.size of linktype CellPopulationSizeLink in Scope root
getXMLAttribute: seeking for VolumeConstraint->target: 150
getXMLAttribute: seeking for VolumeConstraint->strength: 1
getXMLAttribute: seeking for SurfaceConstraint->target: 0.9
getXMLAttribute: seeking for SurfaceConstraint->strength: 1
getXMLAttribute: seeking for SurfaceConstraint->mode: aspherity
getXMLAttribute: seeking for SurfaceConstraint->exponent .. not found
getXMLAttribute: seeking for Property->name .. not found
getXMLAttribute: seeking for Property->symbol: cell_age
getXMLAttribute: seeking for Property->value: 0
getXMLAttribute: seeking for Property->notation .. not found
Registering Symbol cell_age of linktype CellPropertyLink in Scope CellType[nonsenescent_mesothelia]
Registering Symbol cell_age of linktype CompositeLink in Scope root
getXMLAttribute: seeking for VolumeConstraint->target: 250
getXMLAttribute: seeking for VolumeConstraint->strength: 1
getXMLAttribute: seeking for SurfaceConstraint->target: 0.85
getXMLAttribute: seeking for SurfaceConstraint->strength: 1
getXMLAttribute: seeking for SurfaceConstraint->mode: aspherity
getXMLAttribute: seeking for SurfaceConstraint->exponent .. not found
getXMLAttribute: seeking for Property->name .. not found
getXMLAttribute: seeking for Property->symbol: cell_age
getXMLAttribute: seeking for Property->value: 0
getXMLAttribute: seeking for Property->notation .. not found
Registering Symbol cell_age of linktype CellPropertyLink in Scope CellType[senescent_mesothelia]
getXMLAttribute: seeking for VolumeConstraint->target: 180
getXMLAttribute: seeking for VolumeConstraint->strength: 1
getXMLAttribute: seeking for SurfaceConstraint->target: 0.92
getXMLAttribute: seeking for SurfaceConstraint->strength: 1
getXMLAttribute: seeking for SurfaceConstraint->mode: aspherity
getXMLAttribute: seeking for SurfaceConstraint->exponent .. not found
getXMLAttribute: seeking for Property->name: proliferation rate
getXMLAttribute: seeking for Property->symbol: p
getXMLAttribute: seeking for Property->value: 8e-5
getXMLAttribute: seeking for Property->notation .. not found
Registering Symbol p of linktype CellPropertyLink in Scope CellType[cancer_cells]
Registering Symbol p of linktype CompositeLink in Scope root
getXMLAttribute: seeking for Property->name: number of divisions
getXMLAttribute: seeking for Property->symbol: divisions
getXMLAttribute: seeking for Property->value: 0
getXMLAttribute: seeking for Property->notation .. not found
Registering Symbol divisions of linktype CellPropertyLink in Scope CellType[cancer_cells]
Registering Symbol divisions of linktype CompositeLink in Scope root
getXMLAttribute: seeking for Property->name: marker for recent division
getXMLAttribute: seeking for Property->symbol: color_marker
getXMLAttribute: seeking for Property->value: 0
getXMLAttribute: seeking for Property->notation .. not found
Registering Symbol color_marker of linktype CellPropertyLink in Scope CellType[cancer_cells]
Registering Symbol color_marker of linktype CompositeLink in Scope root
getXMLAttribute: seeking for System->time-step: 1.0
Creating subscope System in scope CellType[cancer_cells]
getXMLAttribute: seeking for System->solver: Euler [fixed, O(1)]
getXMLAttribute: seeking for System->solver-eps .. not found
getXMLAttribute: seeking for Rule->symbol-ref: color_marker
getXMLAttribute: seeking for Expression->text: if(color_marker > 0, color_marker - 1, 0)
getXMLAttribute: seeking for Condition->text: rand_uni(0,1) < p
getXMLAttribute: seeking for CellDivision->division-plane: random
getXMLAttribute: seeking for CellDivision->orientation .. not found
getXMLAttribute: seeking for CellDivision->write-log .. not found
getXMLAttribute: seeking for CellDivision->trigger .. not found
Creating subscope System in scope CellType[cancer_cells]
getXMLAttribute: seeking for Rule->symbol-ref: divisions
getXMLAttribute: seeking for Expression->text: divisions + 1
getXMLAttribute: seeking for Rule->symbol-ref: color_marker
getXMLAttribute: seeking for Expression->text: 500
Registering Symbol __daughterID of linktype PrimitiveVariable in Scope System
CellTypes defined: 'cancer_cells' 'medium' 'nonsenescent_mesothelia' 'senescent_mesothelia' 
getXMLAttribute: seeking for MonteCarloSampler/MCSDuration->value: 1
getXMLAttribute: seeking for MonteCarloSampler->stepper: edgelist
getXMLAttribute: seeking for MonteCarloSampler/MetropolisKinetics->temperature: 3
getXMLAttribute: seeking for MonteCarloSampler/MetropolisKinetics->yield: 0.1
getXMLAttribute: seeking for Contact->value: 10
getXMLAttribute: seeking for Contact->value: 10
getXMLAttribute: seeking for Contact->value: 12
getXMLAttribute: seeking for Contact->value: 5
getXMLAttribute: seeking for Contact->value: 5
getXMLAttribute: seeking for Contact->value: 6
getXMLAttribute: seeking for Contact->value: 4
getXMLAttribute: seeking for Contact->value: 18
getXMLAttribute: seeking for Contact->value: 8
Registering Symbol size of linktype PrimitiveConstant in Scope root
Registering Symbol size.x of linktype VectorComponentLink in Scope root
Registering Symbol size.y of linktype VectorComponentLink in Scope root
Registering Symbol size.z of linktype VectorComponentLink in Scope root
Registering Symbol size.phi of linktype VectorComponentLink in Scope root
Registering Symbol size.theta of linktype VectorComponentLink in Scope root
Registering Symbol size.abs of linktype VectorComponentLink in Scope root
Setting boundary neighborhood to order 2
Assigning Shape Neighborhood of size 3 -> 28 neighbors.
Setting boundary neighborhood to order 6
Creating cell layer of size 4.40137 MB
with initial state set to CellType 'medium'
getXMLAttribute: seeking for InitCircle->number-of-cells: 40
getXMLAttribute: seeking for InitCircle->mode: random
getXMLAttribute: seeking for Dimensions->center: 100, 200, 0
getXMLAttribute: seeking for Dimensions->radius: 80
getXMLAttribute: seeking for InitCircle->number-of-cells: 30
getXMLAttribute: seeking for InitCircle->mode: random
getXMLAttribute: seeking for Dimensions->center: 300, 200, 0
getXMLAttribute: seeking for Dimensions->radius: 80
getXMLAttribute: seeking for InitCircle->number-of-cells: 15
getXMLAttribute: seeking for InitCircle->mode: random
getXMLAttribute: seeking for Dimensions->center: 200, 200, 0
getXMLAttribute: seeking for Dimensions->radius: 60
Initializing celltype 'medium'
Initializing celltype 'nonsenescent_mesothelia'
Cells 40 requested 0
Initializing celltype 'senescent_mesothelia'
Cells 30 requested 0
Initializing celltype 'cancer_cells'
Scope: Creating Accessor for symbol 'color_marker' from Scope CellType[cancer_cells]
System::init: Reordering Initializers ...
Scope: Creating Accessor for symbol 'p' from Scope CellType[cancer_cells]
Plugin CellDivision: Registered input symbol dependencies p [CellType[cancer_cells]] ,
Scope: Creating Accessor for symbol 'cell.center' from Scope CellType[cancer_cells]
Scope: Creating Accessor for symbol 'divisions' from Scope CellType[cancer_cells]
Scope: Creating Accessor for symbol 'color_marker' from Scope CellType[cancer_cells]
System::init: Reordering Initializers ...
Scope: Creating Accessor for symbol '__daughterID' from Scope System
Cells 15 requested 0
Scope: Creating Accessor for symbol 'cell.center' from Scope root
Scope: Creating Accessor for symbol 'cell.volume' from Scope root
Scope: Creating Accessor for symbol 'cell.surface' from Scope root
Scope: Creating Accessor for symbol 'cell.length' from Scope root
Scope: Creating Accessor for symbol 'cell.type' from Scope root
creating Edge tracker 

 thread_id = 
 thread_id = 0x16fcdf000, register_thread_index = 
 thread_id = 0, shared_locks_array[cur_index].value = 1
0x16d4b7000, register_thread_index = 
 thread_id = 2, shared_locks_array[cur_index].value = 1
0x16f4d7000
 thread_id = 
 thread_id = 0x16eccf000, register_thread_index = 0x16e4c7000, register_thread_index = 5, shared_locks_array[cur_index].value = 6, shared_locks_array[cur_index].value = 1
1

 thread_id = 0x20227ec40, register_thread_index = , register_thread_index = 1, shared_locks_array[cur_index].value = 1

 thread_id = 0x16c4a7000, register_thread_index = 8, shared_locks_array[cur_index].value = 1
 thread_id = 
4, shared_locks_array[cur_index].value = 1

 thread_id = 0x16dcbf000, register_thread_index = 3, shared_locks_array[cur_index].value = 1
0x1704e7000, register_thread_index = 9, shared_locks_array[cur_index].value = 1
0x16ccaf000, register_thread_index = 7, shared_locks_array[cur_index].value = 1
EdgeListTracker::init() : Created Tracker with Neighborhood size 8 of size 3.69824 MB
EdgeListTracker::init() : Found 679 initial edges, wherof 679 can be modified.
CPM: InteractionEnergy has 28 neighbors
CPM: InteractionEnergy was initialized with  IA_COLLAPSE 
Loading Analysis tools [3]
getXMLAttribute: seeking for Gnuplotter->file-numbering .. not found
getXMLAttribute: seeking for Terminal->name: png
getXMLAttribute: seeking for Terminal->size .. not found
getXMLAttribute: seeking for Gnuplotter->time-step: 200
getXMLAttribute: seeking for Cells->value: cell.type
getXMLAttribute: seeking for Cells->value: divisions
getXMLAttribute: seeking for CellLabels->value: divisions
getXMLAttribute: seeking for Input/Symbol[0]->symbol-ref: celltype.cancer_cells.size
getXMLAttribute: seeking for Input/Symbol[1]->symbol-ref: celltype.senescent_mesothelia.size
getXMLAttribute: seeking for Input/Symbol[2]->symbol-ref: celltype.nonsenescent_mesothelia.size
getXMLAttribute: seeking for Restriction/Slice->value .. not found
getXMLAttribute: seeking for Restriction/Slice->axis .. not found
getXMLAttribute: seeking for Restriction/Celltype->celltype .. not found
getXMLAttribute: seeking for Restriction/Cells->cell-ids .. not found
getXMLAttribute: seeking for Restriction->domain-only .. not found
getXMLAttribute: seeking for Restriction->condition .. not found
getXMLAttribute: seeking for Input->force-node-granularity .. not found
getXMLAttribute: seeking for Input->include-boundary .. not found
getXMLAttribute: seeking for Restriction->exclude-medium .. not found
getXMLAttribute: seeking for Output/TextOutput->header .. not found
getXMLAttribute: seeking for Output/TextOutput->header-guarding .. not found
getXMLAttribute: seeking for Output/TextOutput->separator .. not found
getXMLAttribute: seeking for Output/TextOutput->file-name .. not found
getXMLAttribute: seeking for Output/TextOutput->file-numbering .. not found
getXMLAttribute: seeking for Output/TextOutput->file-separation .. not found
getXMLAttribute: seeking for Output/TextOutput->file-format .. not found
getXMLAttribute: seeking for Plots/Plot[0]->time-step: 2000
getXMLAttribute: seeking for Plots/Plot[0]->title .. not found
getXMLAttribute: seeking for Plots/Plot[0]->log-commands .. not found
getXMLAttribute: seeking for Plots/Plot[0]/Terminal->terminal: png
getXMLAttribute: seeking for Plots/Plot[0]/Terminal->plot-size .. not found
getXMLAttribute: seeking for Plots/Plot[0]->file-numbering .. not found
getXMLAttribute: seeking for Plots/Plot[0]/Range/Time->mode .. not found
getXMLAttribute: seeking for Plots/Plot[0]/Range/Time->history .. not found
getXMLAttribute: seeking for Plots/Plot[0]/Range/Data->first-line .. not found
getXMLAttribute: seeking for Plots/Plot[0]/Range/Data->last-line .. not found
getXMLAttribute: seeking for Plots/Plot[0]/Range/Data->increment .. not found
getXMLAttribute: seeking for Plots/Plot[0]/Style->style: linespoints
getXMLAttribute: seeking for Plots/Plot[0]/Style->decorate .. not found
getXMLAttribute: seeking for Plots/Plot[0]/Style->point-size: 0.5
getXMLAttribute: seeking for Plots/Plot[0]/Style->line-width .. not found
getXMLAttribute: seeking for Plots/Plot[0]/Style->grid: true
getXMLAttribute: seeking for Plots/Plot[0]/X-axis/Symbol->symbol-ref: time
getXMLAttribute: seeking for Plots/Plot[0]/X-axis->minimum: 0
getXMLAttribute: seeking for Plots/Plot[0]/X-axis->maximum: 50000
getXMLAttribute: seeking for Plots/Plot[0]/X-axis->logarithmic .. not found
getXMLAttribute: seeking for Plots/Plot[0]/Y-axis/Symbol[0]->symbol-ref: celltype.cancer_cells.size
getXMLAttribute: seeking for Plots/Plot[0]/Y-axis/Symbol[1]->symbol-ref: celltype.senescent_mesothelia.size
getXMLAttribute: seeking for Plots/Plot[0]/Y-axis/Symbol[2]->symbol-ref: celltype.nonsenescent_mesothelia.size
getXMLAttribute: seeking for Plots/Plot[0]/Y-axis/Symbol[3]->symbol-ref .. not found
getXMLAttribute: seeking for Plots/Plot[0]/Y-axis/Symbol[4]->symbol-ref .. not found
getXMLAttribute: seeking for Plots/Plot[0]/Y-axis/Symbol[5]->symbol-ref .. not found
getXMLAttribute: seeking for Plots/Plot[0]/Y-axis/Symbol[6]->symbol-ref .. not found
getXMLAttribute: seeking for Plots/Plot[0]/Y-axis/Symbol[7]->symbol-ref .. not found
getXMLAttribute: seeking for Plots/Plot[0]/Y-axis/Symbol[8]->symbol-ref .. not found
getXMLAttribute: seeking for Plots/Plot[0]/Y-axis/Symbol[9]->symbol-ref .. not found
getXMLAttribute: seeking for Plots/Plot[0]/Y-axis->minimum: 0
getXMLAttribute: seeking for Plots/Plot[0]/Y-axis->maximum: 150
getXMLAttribute: seeking for Plots/Plot[0]/Y-axis->logarithmic .. not found
getXMLAttribute: seeking for Plots/Plot[0]/Color-bar/Symbol->symbol-ref .. not found
getXMLAttribute: seeking for Plots/Plot[0]/Color-bar->minimum .. not found
getXMLAttribute: seeking for Plots/Plot[0]/Color-bar->maximum .. not found
getXMLAttribute: seeking for Plots/Plot[0]/Color-bar->logarithmic .. not found
getXMLAttribute: seeking for Plots/Plot[0]/Color-bar->palette .. not found
getXMLAttribute: seeking for Plots/Plot[0]/Color-bar->reverse-palette .. not found
getXMLAttribute: seeking for Logger->time-step: 100
getXMLAttribute: seeking for ModelGraph->format: dot
getXMLAttribute: seeking for ModelGraph->reduced: false
getXMLAttribute: seeking for ModelGraph->exclude-symbols .. not found
getXMLAttribute: seeking for ModelGraph->include-tags: #untagged
Scope: Creating Accessor for symbol 'cell.type' from Scope root
Scope: Creating Accessor for symbol 'divisions' from Scope root
Scope: Creating Accessor for symbol 'divisions' from Scope root
Scope: Creating Accessor for symbol 'celltype.cancer_cells.size' from Scope root
Scope: Creating Accessor for symbol 'celltype.senescent_mesothelia.size' from Scope root
Scope: Creating Accessor for symbol 'celltype.nonsenescent_mesothelia.size' from Scope root
Plugin Logger: Registered input symbol dependencies celltype.nonsenescent_mesothelia.size [root] ,celltype.senescent_mesothelia.size [root] ,celltype.cancer_cells.size [root] ,
Scope: Creating Accessor for symbol 'celltype.cancer_cells.size' from Scope root
Scope: Creating Accessor for symbol 'celltype.senescent_mesothelia.size' from Scope root
Scope: Creating Accessor for symbol 'celltype.nonsenescent_mesothelia.size' from Scope root
Logger range:
-> size 1
-> dataAxes 
-> data.sizes: 1, 
-> file separation: None
Scope: Creating Accessor for symbol 'time' from Scope root
Scope: Creating Accessor for symbol 'time' from Scope root
System
CellDivision
CPM
Gnuplotter
Logger
ModelGraph

 TimeStepListener "System" propagates its time step 1

 TimeStepListener "CellDivision" propagates its time step 1

 TimeStepListener "CPM" propagates its time step 1

 TimeStepListener "Gnuplotter" propagates its time step 200

 TimeStepListener "Logger" propagates its time step 100

 TimeStepListener "ModelGraph" propagates its time step 50000
TimeScheduler::init: Ordering instantaneous processes for sequential update ...
Trying to remove unregistered symbol "cell.center" from unresolved_symbols. 
======================================================
 Time Schedule
======================================================
 Time precision patch is 0.001

=====|    Phase I     |===============================
-----. CPM .------------------------------------
  + 1 => CPM [] -> [cell.center,cell.length,cell.surface,cell.type,cell.volume]
-----. Reactions .------------------------------------
  + 1 => System [] -> [color_marker]

=====|    Phase II    |===============================
-----. Reporters and Instantaneous Processes.---------
  + 1 => CellDivision [p] -> [cell.center,color_marker,divisions]

=====|    Phase III   |===============================
-----. Analysis .-------------------------------------
  + 200 => Gnuplotter [cell.type,divisions] 
  + 100 => Logger [celltype.cancer_cells.size,celltype.nonsenescent_mesothelia.size,celltype.senescent_mesothelia.size,time] 
  + 50000 => ModelGraph [] 
------------------------------------------------------
======================================================

model is up
GnuPlotter: Saving plot_00000.png
Time: 0.00 atu
System::init: Reordering Initializers ...
System::init: Reordering Initializers ...
System::init: Reordering Initializers ...
System::init: Reordering Initializers ...
System::init: Reordering Initializers ...
System::init: Reordering Initializers ...
System::init: Reordering Initializers ...
System::init: Reordering Initializers ...
System::init: Reordering Initializers ...
GnuPlotter: Saving plot_00200.png
GnuPlotter: Saving plot_00400.png
Time: 500 
GnuPlotter: Saving plot_00600.png
GnuPlotter: Saving plot_00800.png
GnuPlotter: Saving plot_01000.png
Time: 1000 
GnuPlotter: Saving plot_01200.png
GnuPlotter: Saving plot_01400.png
Time: 1500 
GnuPlotter: Saving plot_01600.png
GnuPlotter: Saving plot_01800.png
GnuPlotter: Saving plot_02000.png
Time: 2000 
GnuPlotter: Saving plot_02200.png
GnuPlotter: Saving plot_02400.png
Time: 2500 
GnuPlotter: Saving plot_02600.png
GnuPlotter: Saving plot_02800.png
GnuPlotter: Saving plot_03000.png
Time: 3000 
GnuPlotter: Saving plot_03200.png
GnuPlotter: Saving plot_03400.png
Time: 3500 
GnuPlotter: Saving plot_03600.png
GnuPlotter: Saving plot_03800.png
GnuPlotter: Saving plot_04000.png
Time: 4000 
GnuPlotter: Saving plot_04200.png
GnuPlotter: Saving plot_04400.png
Time: 4500 
GnuPlotter: Saving plot_04600.png
GnuPlotter: Saving plot_04800.png
GnuPlotter: Saving plot_05000.png
Time: 5000 
GnuPlotter: Saving plot_05200.png
GnuPlotter: Saving plot_05400.png
Time: 5500 
GnuPlotter: Saving plot_05600.png
GnuPlotter: Saving plot_05800.png
GnuPlotter: Saving plot_06000.png
Time: 6000 
GnuPlotter: Saving plot_06200.png
GnuPlotter: Saving plot_06400.png
Time: 6500 
GnuPlotter: Saving plot_06600.png
GnuPlotter: Saving plot_06800.png
GnuPlotter: Saving plot_07000.png
Time: 7000 
GnuPlotter: Saving plot_07200.png
GnuPlotter: Saving plot_07400.png
Time: 7500 
GnuPlotter: Saving plot_07600.png
GnuPlotter: Saving plot_07800.png
GnuPlotter: Saving plot_08000.png
Time: 8000 
GnuPlotter: Saving plot_08200.png
GnuPlotter: Saving plot_08400.png
Time: 8500 
GnuPlotter: Saving plot_08600.png
GnuPlotter: Saving plot_08800.png
GnuPlotter: Saving plot_09000.png
Time: 9000 
GnuPlotter: Saving plot_09200.png
GnuPlotter: Saving plot_09400.png
Time: 9500 
GnuPlotter: Saving plot_09600.png
GnuPlotter: Saving plot_09800.png
GnuPlotter: Saving plot_10000.png
Time: 10000 
GnuPlotter: Saving plot_10200.png
GnuPlotter: Saving plot_10400.png
Time: 10500 
GnuPlotter: Saving plot_10600.png
GnuPlotter: Saving plot_10800.png
GnuPlotter: Saving plot_11000.png
Time: 11000 
GnuPlotter: Saving plot_11200.png
GnuPlotter: Saving plot_11400.png
Time: 11500 
GnuPlotter: Saving plot_11600.png
GnuPlotter: Saving plot_11800.png
GnuPlotter: Saving plot_12000.png
Time: 12000 
GnuPlotter: Saving plot_12200.png
GnuPlotter: Saving plot_12400.png
Time: 12500 
GnuPlotter: Saving plot_12600.png
GnuPlotter: Saving plot_12800.png
GnuPlotter: Saving plot_13000.png
Time: 13000 
GnuPlotter: Saving plot_13200.png
GnuPlotter: Saving plot_13400.png
Time: 13500 
GnuPlotter: Saving plot_13600.png
GnuPlotter: Saving plot_13800.png
GnuPlotter: Saving plot_14000.png
Time: 14000 
GnuPlotter: Saving plot_14200.png
GnuPlotter: Saving plot_14400.png
Time: 14500 
GnuPlotter: Saving plot_14600.png
GnuPlotter: Saving plot_14800.png
GnuPlotter: Saving plot_15000.png
Time: 15000 
GnuPlotter: Saving plot_15200.png
GnuPlotter: Saving plot_15400.png
Time: 15500 
GnuPlotter: Saving plot_15600.png
GnuPlotter: Saving plot_15800.png
GnuPlotter: Saving plot_16000.png
Time: 16000 
GnuPlotter: Saving plot_16200.png
GnuPlotter: Saving plot_16400.png
Time: 16500 
GnuPlotter: Saving plot_16600.png
GnuPlotter: Saving plot_16800.png
GnuPlotter: Saving plot_17000.png
Time: 17000 
GnuPlotter: Saving plot_17200.png
GnuPlotter: Saving plot_17400.png
Time: 17500 
GnuPlotter: Saving plot_17600.png
GnuPlotter: Saving plot_17800.png
GnuPlotter: Saving plot_18000.png
Time: 18000 
GnuPlotter: Saving plot_18200.png
GnuPlotter: Saving plot_18400.png
Time: 18500 
GnuPlotter: Saving plot_18600.png
GnuPlotter: Saving plot_18800.png
GnuPlotter: Saving plot_19000.png
Time: 19000 
GnuPlotter: Saving plot_19200.png
GnuPlotter: Saving plot_19400.png
Time: 19500 
GnuPlotter: Saving plot_19600.png
GnuPlotter: Saving plot_19800.png
GnuPlotter: Saving plot_20000.png
Time: 20000 
GnuPlotter: Saving plot_20200.png
GnuPlotter: Saving plot_20400.png
Time: 20500 
GnuPlotter: Saving plot_20600.png
GnuPlotter: Saving plot_20800.png
GnuPlotter: Saving plot_21000.png
Time: 21000 
GnuPlotter: Saving plot_21200.png
GnuPlotter: Saving plot_21400.png
Time: 21500 
GnuPlotter: Saving plot_21600.png
GnuPlotter: Saving plot_21800.png
GnuPlotter: Saving plot_22000.png
Time: 22000 
GnuPlotter: Saving plot_22200.png
GnuPlotter: Saving plot_22400.png
Time: 22500 
GnuPlotter: Saving plot_22600.png
GnuPlotter: Saving plot_22800.png
GnuPlotter: Saving plot_23000.png
Time: 23000 
GnuPlotter: Saving plot_23200.png
GnuPlotter: Saving plot_23400.png
Time: 23500 
GnuPlotter: Saving plot_23600.png
GnuPlotter: Saving plot_23800.png
GnuPlotter: Saving plot_24000.png
Time: 24000 
GnuPlotter: Saving plot_24200.png
GnuPlotter: Saving plot_24400.png
Time: 24500 
GnuPlotter: Saving plot_24600.png
GnuPlotter: Saving plot_24800.png
GnuPlotter: Saving plot_25000.png
Time: 25000 
GnuPlotter: Saving plot_25200.png
GnuPlotter: Saving plot_25400.png
Time: 25500 
GnuPlotter: Saving plot_25600.png
GnuPlotter: Saving plot_25800.png
GnuPlotter: Saving plot_26000.png
Time: 26000 
GnuPlotter: Saving plot_26200.png
GnuPlotter: Saving plot_26400.png
Time: 26500 
GnuPlotter: Saving plot_26600.png
GnuPlotter: Saving plot_26800.png
GnuPlotter: Saving plot_27000.png
Time: 27000 
GnuPlotter: Saving plot_27200.png
GnuPlotter: Saving plot_27400.png
Time: 27500 
GnuPlotter: Saving plot_27600.png
GnuPlotter: Saving plot_27800.png
GnuPlotter: Saving plot_28000.png
Time: 28000 
GnuPlotter: Saving plot_28200.png
GnuPlotter: Saving plot_28400.png
Time: 28500 
GnuPlotter: Saving plot_28600.png
GnuPlotter: Saving plot_28800.png
GnuPlotter: Saving plot_29000.png
Time: 29000 
GnuPlotter: Saving plot_29200.png
GnuPlotter: Saving plot_29400.png
Time: 29500 
GnuPlotter: Saving plot_29600.png
GnuPlotter: Saving plot_29800.png
GnuPlotter: Saving plot_30000.png
Time: 30000 
GnuPlotter: Saving plot_30200.png
GnuPlotter: Saving plot_30400.png
Time: 30500 
GnuPlotter: Saving plot_30600.png
GnuPlotter: Saving plot_30800.png
GnuPlotter: Saving plot_31000.png
Time: 31000 
GnuPlotter: Saving plot_31200.png
GnuPlotter: Saving plot_31400.png
Time: 31500 
GnuPlotter: Saving plot_31600.png
GnuPlotter: Saving plot_31800.png
GnuPlotter: Saving plot_32000.png
Time: 32000 
GnuPlotter: Saving plot_32200.png
GnuPlotter: Saving plot_32400.png
Time: 32500 
GnuPlotter: Saving plot_32600.png
GnuPlotter: Saving plot_32800.png
GnuPlotter: Saving plot_33000.png
Time: 33000 
GnuPlotter: Saving plot_33200.png
GnuPlotter: Saving plot_33400.png
Time: 33500 
GnuPlotter: Saving plot_33600.png
GnuPlotter: Saving plot_33800.png
GnuPlotter: Saving plot_34000.png
Time: 34000 
GnuPlotter: Saving plot_34200.png
GnuPlotter: Saving plot_34400.png
Time: 34500 
GnuPlotter: Saving plot_34600.png
GnuPlotter: Saving plot_34800.png
GnuPlotter: Saving plot_35000.png
Time: 35000 
GnuPlotter: Saving plot_35200.png
GnuPlotter: Saving plot_35400.png
Time: 35500 
GnuPlotter: Saving plot_35600.png
GnuPlotter: Saving plot_35800.png
GnuPlotter: Saving plot_36000.png
Time: 36000 
GnuPlotter: Saving plot_36200.png
GnuPlotter: Saving plot_36400.png
Time: 36500 
GnuPlotter: Saving plot_36600.png
GnuPlotter: Saving plot_36800.png
GnuPlotter: Saving plot_37000.png
Time: 37000 
GnuPlotter: Saving plot_37200.png
GnuPlotter: Saving plot_37400.png
Time: 37500 
GnuPlotter: Saving plot_37600.png
GnuPlotter: Saving plot_37800.png
GnuPlotter: Saving plot_38000.png
Time: 38000 
GnuPlotter: Saving plot_38200.png
GnuPlotter: Saving plot_38400.png
Time: 38500 
GnuPlotter: Saving plot_38600.png
GnuPlotter: Saving plot_38800.png
GnuPlotter: Saving plot_39000.png
Time: 39000 
GnuPlotter: Saving plot_39200.png
GnuPlotter: Saving plot_39400.png
Time: 39500 
GnuPlotter: Saving plot_39600.png
GnuPlotter: Saving plot_39800.png
GnuPlotter: Saving plot_40000.png
Time: 40000 
GnuPlotter: Saving plot_40200.png
GnuPlotter: Saving plot_40400.png
Time: 40500 
GnuPlotter: Saving plot_40600.png
GnuPlotter: Saving plot_40800.png
GnuPlotter: Saving plot_41000.png
Time: 41000 
GnuPlotter: Saving plot_41200.png
GnuPlotter: Saving plot_41400.png
Time: 41500 
GnuPlotter: Saving plot_41600.png
GnuPlotter: Saving plot_41800.png
GnuPlotter: Saving plot_42000.png
Time: 42000 
GnuPlotter: Saving plot_42200.png
GnuPlotter: Saving plot_42400.png
Time: 42500 
GnuPlotter: Saving plot_42600.png
GnuPlotter: Saving plot_42800.png
GnuPlotter: Saving plot_43000.png
Time: 43000 
GnuPlotter: Saving plot_43200.png
GnuPlotter: Saving plot_43400.png
Time: 43500 
GnuPlotter: Saving plot_43600.png
GnuPlotter: Saving plot_43800.png
GnuPlotter: Saving plot_44000.png
Time: 44000 
GnuPlotter: Saving plot_44200.png
GnuPlotter: Saving plot_44400.png
Time: 44500 
GnuPlotter: Saving plot_44600.png
GnuPlotter: Saving plot_44800.png
GnuPlotter: Saving plot_45000.png
Time: 45000 
GnuPlotter: Saving plot_45200.png
GnuPlotter: Saving plot_45400.png
Time: 45500 
GnuPlotter: Saving plot_45600.png
GnuPlotter: Saving plot_45800.png
GnuPlotter: Saving plot_46000.png
Time: 46000 
GnuPlotter: Saving plot_46200.png
GnuPlotter: Saving plot_46400.png
Time: 46500 
GnuPlotter: Saving plot_46600.png
GnuPlotter: Saving plot_46800.png
GnuPlotter: Saving plot_47000.png
Time: 47000 
GnuPlotter: Saving plot_47200.png
GnuPlotter: Saving plot_47400.png
Time: 47500 
GnuPlotter: Saving plot_47600.png
GnuPlotter: Saving plot_47800.png
GnuPlotter: Saving plot_48000.png
Time: 48000 
GnuPlotter: Saving plot_48200.png
GnuPlotter: Saving plot_48400.png
Time: 48500 
GnuPlotter: Saving plot_48600.png
GnuPlotter: Saving plot_48800.png
GnuPlotter: Saving plot_49000.png
Time: 49000 
GnuPlotter: Saving plot_49200.png
GnuPlotter: Saving plot_49400.png
Time: 49500 
GnuPlotter: Saving plot_49600.png
GnuPlotter: Saving plot_49800.png
GnuPlotter: Saving plot_50000.png
Time: 50000 
sampler 1 layer 10

=======================================================
    SCHEDULER PERFORMANCE STATISTICS
=======================================================

    +  90.6% = 484.23s (2507.09)  | CPM [cell.center,cell.length,cell.surface,cell.type,cell.volume]
    +   8.1% = 43.12s (17.00)  | Gnuplotter [cell.type,divisions]
    +   0.7% =  3.65s (11.73)  | System [color_marker]
    +   0.2% =  1.34s ( 0.02)  | Initialisation []
    +   0.2% =  0.88s ( 0.87)  | CellDivision [p -> cell.center,color_marker,divisions]
    +   0.0% =  0.07s ( 0.07)  | Logger [celltype.cancer_cells.size,celltype.nonsenescent_mesothelia.size,celltype.senescent_mesothelia.size,time]
    +   0.0% =  0.00s ( 0.00)  | ModelGraph []

======================================================

=== Simulation finished ===
Wall Time   = 8m 54s
CPU Time    = 1h 05m 8s  (10 threads)

